#
# There is insufficient memory for the Java Runtime Environment to continue.
# Native memory allocation (mmap) failed to map 65536 bytes for Failed to commit metaspace.
# Possible reasons:
#   The system is out of physical RAM or swap space
#   The process is running with CompressedOops enabled, and the Java Heap may be blocking the growth of the native heap
# Possible solutions:
#   Reduce memory load on the system
#   Increase physical memory or swap space
#   Check if swap backing store is full
#   Decrease Java heap size (-Xmx/-Xms)
#   Decrease number of Java threads
#   Decrease Java thread stack sizes (-Xss)
#   Set larger code cache with -XX:ReservedCodeCacheSize=
#   JVM is running with Unscaled Compressed Oops mode in which the Java heap is
#     placed in the first 4GB address space. The Java Heap base address is the
#     maximum limit for the native heap growth. Please use -XX:HeapBaseMinAddress
#     to set the Java Heap base and to place the Java Heap above 4GB virtual address.
# This output file may be truncated or incomplete.
#
#  Out of Memory Error (virtualSpaceNode.cpp:110), pid=9496, tid=15192
#
# JRE version: OpenJDK Runtime Environment Temurin-17.0.5+8 (17.0.5+8) (build 17.0.5+8)
# Java VM: OpenJDK 64-Bit Server VM Temurin-17.0.5+8 (17.0.5+8, mixed mode, emulated-client, tiered, compressed oops, compressed class ptrs, g1 gc, windows-amd64)
# No core dump will be written. Minidumps are not enabled by default on client versions of Windows
#

---------------  S U M M A R Y ------------

Command Line: -XX:+HeapDumpOnOutOfMemoryError -Xmx1024m -Dsts.lsp.client=vscode -Dsts.log.file=/dev/null -XX:TieredStopAtLevel=1 -Xlog:jni+resolve=off -Dspring.config.location=file:c:\Users\yassi\.vscode\extensions\vmware.vscode-spring-boot-1.44.0\language-server\BOOT-INF\classes\application.properties org.springframework.ide.vscode.boot.app.BootLanguageServerBootApp

Host: Intel(R) Core(TM) i3-8130U CPU @ 2.20GHz, 4 cores, 3G,  Windows 10 , 64 bit Build 19041 (10.0.19041.2364)
Time: Mon Feb 13 23:36:16 2023 Greenwich elapsed time: 12.406204 seconds (0d 0h 0m 12s)

---------------  T H R E A D  ---------------

Current thread (0x000001c06d9252c0):  JavaThread "main" [_thread_in_vm, id=15192, stack(0x0000001675700000,0x0000001675800000)]

Stack: [0x0000001675700000,0x0000001675800000]
Native frames: (J=compiled Java code, j=interpreted, Vv=VM code, C=native code)
V  [jvm.dll+0x676b3a]
V  [jvm.dll+0x831444]
V  [jvm.dll+0x832bee]
V  [jvm.dll+0x833253]
V  [jvm.dll+0x244ce5]
V  [jvm.dll+0x82d4db]
V  [jvm.dll+0x61b2f6]
V  [jvm.dll+0x61b35a]
V  [jvm.dll+0x61db7a]
V  [jvm.dll+0x61bc96]
V  [jvm.dll+0x62cab9]
V  [jvm.dll+0x625e04]
V  [jvm.dll+0x37edb1]
C  0x000001c0705bc294

Java frames: (J=compiled Java code, j=interpreted, Vv=VM code)
j  java.util.stream.MatchOps$1MatchSink.<init>(Ljava/util/stream/MatchOps$MatchKind;Ljava/util/function/Predicate;)V+0 java.base@17.0.5
j  java.util.stream.MatchOps.lambda$makeRef$0(Ljava/util/stream/MatchOps$MatchKind;Ljava/util/function/Predicate;)Ljava/util/stream/MatchOps$BooleanTerminalSink;+6 java.base@17.0.5
j  java.util.stream.MatchOps$$Lambda$44+0x00000001000ab9d8.get()Ljava/lang/Object;+8 java.base@17.0.5
j  java.util.stream.MatchOps$MatchOp.evaluateSequential(Ljava/util/stream/PipelineHelper;Ljava/util/Spliterator;)Ljava/lang/Boolean;+5 java.base@17.0.5
j  java.util.stream.MatchOps$MatchOp.evaluateSequential(Ljava/util/stream/PipelineHelper;Ljava/util/Spliterator;)Ljava/lang/Object;+3 java.base@17.0.5
j  java.util.stream.AbstractPipeline.evaluate(Ljava/util/stream/TerminalOp;)Ljava/lang/Object;+88 java.base@17.0.5
j  java.util.stream.ReferencePipeline.noneMatch(Ljava/util/function/Predicate;)Z+8 java.base@17.0.5
j  ch.qos.logback.core.joran.spi.SimpleRuleStore.removeTransparentPathParts(Lch/qos/logback/core/joran/spi/ElementPath;)Lch/qos/logback/core/joran/spi/ElementPath;+59
j  ch.qos.logback.core.joran.spi.SimpleRuleStore.matchActions(Lch/qos/logback/core/joran/spi/ElementPath;)Ljava/util/function/Supplier;+14
j  ch.qos.logback.core.joran.spi.SaxEventInterpreter.getApplicableAction(Lch/qos/logback/core/joran/spi/ElementPath;Lorg/xml/sax/Attributes;)Lch/qos/logback/core/joran/action/Action;+5
j  ch.qos.logback.core.joran.spi.SaxEventInterpreter.startElement(Ljava/lang/String;Ljava/lang/String;Ljava/lang/String;Lorg/xml/sax/Attributes;)V+36
j  ch.qos.logback.core.joran.spi.SaxEventInterpreter.startElement(Lch/qos/logback/core/joran/event/StartEvent;)V+25
j  ch.qos.logback.core.joran.spi.EventPlayer.play()V+53
j  ch.qos.logback.core.joran.GenericXMLConfigurator.playSaxEvents()V+7
j  ch.qos.logback.core.joran.GenericXMLConfigurator.buildModelFromSaxEventList(Ljava/util/List;)Lch/qos/logback/core/model/Model;+6
j  ch.qos.logback.core.joran.GenericXMLConfigurator.doConfigure(Lorg/xml/sax/InputSource;)V+17
j  ch.qos.logback.core.joran.GenericXMLConfigurator.doConfigure(Ljava/io/InputStream;Ljava/lang/String;)V+16
j  ch.qos.logback.core.joran.GenericXMLConfigurator.doConfigure(Ljava/net/URL;)V+31
j  ch.qos.logback.classic.util.DefaultJoranConfigurator.configureByResource(Ljava/net/URL;)V+46
j  ch.qos.logback.classic.util.DefaultJoranConfigurator.configure(Lch/qos/logback/classic/LoggerContext;)Lch/qos/logback/classic/spi/Configurator$ExecutionStatus;+12
j  ch.qos.logback.classic.util.ContextInitializer.autoConfig(Ljava/lang/ClassLoader;)V+115
j  ch.qos.logback.classic.util.ContextInitializer.autoConfig()V+6
j  ch.qos.logback.classic.spi.LogbackServiceProvider.initializeLoggerContext()V+11
j  ch.qos.logback.classic.spi.LogbackServiceProvider.initialize()V+21
j  org.slf4j.LoggerFactory.bind()V+37
j  org.slf4j.LoggerFactory.performInitialization()V+0
j  org.slf4j.LoggerFactory.getProvider()Lorg/slf4j/spi/SLF4JServiceProvider;+21
j  org.slf4j.LoggerFactory.getILoggerFactory()Lorg/slf4j/ILoggerFactory;+0
j  org.slf4j.LoggerFactory.getLogger(Ljava/lang/String;)Lorg/slf4j/Logger;+0
j  reactor.util.Loggers$Slf4JLoggerFactory.apply(Ljava/lang/String;)Lreactor/util/Logger;+5
j  reactor.util.Loggers$Slf4JLoggerFactory.apply(Ljava/lang/Object;)Ljava/lang/Object;+5
j  reactor.util.Loggers.useSl4jLoggers()V+21
j  reactor.util.Loggers.resetLoggerFactory()V+0
j  reactor.util.Loggers.<clinit>()V+0
v  ~StubRoutines::call_stub
j  reactor.core.publisher.Hooks.<clinit>()V+19
v  ~StubRoutines::call_stub
j  org.springframework.ide.vscode.boot.app.BootLanguageServerBootApp.main([Ljava/lang/String;)V+0
v  ~StubRoutines::call_stub

---------------  P R O C E S S  ---------------

Threads class SMR info:
_java_thread_list=0x000001c078ab5570, length=11, elements={
0x000001c06d9252c0, 0x000001c077e4e440, 0x000001c077e52930, 0x000001c077e81b20,
0x000001c077e8c850, 0x000001c077e8e210, 0x000001c077e8ebc0, 0x000001c077e8f620,
0x000001c077e90010, 0x000001c078adff60, 0x000001c078afee10
}

Java Threads: ( => current thread )
=>0x000001c06d9252c0 JavaThread "main" [_thread_in_vm, id=15192, stack(0x0000001675700000,0x0000001675800000)]
  0x000001c077e4e440 JavaThread "Reference Handler" daemon [_thread_blocked, id=13840, stack(0x0000001675e00000,0x0000001675f00000)]
  0x000001c077e52930 JavaThread "Finalizer" daemon [_thread_blocked, id=13292, stack(0x0000001675f00000,0x0000001676000000)]
  0x000001c077e81b20 JavaThread "Signal Dispatcher" daemon [_thread_blocked, id=15784, stack(0x0000001676000000,0x0000001676100000)]
  0x000001c077e8c850 JavaThread "Attach Listener" daemon [_thread_blocked, id=10504, stack(0x0000001676100000,0x0000001676200000)]
  0x000001c077e8e210 JavaThread "Service Thread" daemon [_thread_blocked, id=8052, stack(0x0000001676200000,0x0000001676300000)]
  0x000001c077e8ebc0 JavaThread "Monitor Deflation Thread" daemon [_thread_blocked, id=6192, stack(0x0000001676300000,0x0000001676400000)]
  0x000001c077e8f620 JavaThread "C1 CompilerThread0" daemon [_thread_blocked, id=17044, stack(0x0000001676400000,0x0000001676500000)]
  0x000001c077e90010 JavaThread "Sweeper thread" daemon [_thread_blocked, id=13696, stack(0x0000001676500000,0x0000001676600000)]
  0x000001c078adff60 JavaThread "Notification Thread" daemon [_thread_blocked, id=17848, stack(0x0000001676600000,0x0000001676700000)]
  0x000001c078afee10 JavaThread "Common-Cleaner" daemon [_thread_blocked, id=17616, stack(0x0000001676800000,0x0000001676900000)]

Other Threads:
  0x000001c077e3d670 VMThread "VM Thread" [stack: 0x0000001675d00000,0x0000001675e00000] [id=16968]
  0x000001c078ae0430 WatcherThread [stack: 0x0000001676700000,0x0000001676800000] [id=17096]
  0x000001c06d964eb0 GCTaskThread "GC Thread#0" [stack: 0x0000001675800000,0x0000001675900000] [id=17916]
  0x000001c078ea5b70 GCTaskThread "GC Thread#1" [stack: 0x0000001676900000,0x0000001676a00000] [id=15900]
  0x000001c078a53180 GCTaskThread "GC Thread#2" [stack: 0x0000001676a00000,0x0000001676b00000] [id=17996]
  0x000001c06d96ddf0 ConcurrentGCThread "G1 Main Marker" [stack: 0x0000001675900000,0x0000001675a00000] [id=9516]
  0x000001c06d96e800 ConcurrentGCThread "G1 Conc#0" [stack: 0x0000001675a00000,0x0000001675b00000] [id=17700]
  0x000001c06d9aa320 ConcurrentGCThread "G1 Refine#0" [stack: 0x0000001675b00000,0x0000001675c00000] [id=15848]
  0x000001c06d9aad40 ConcurrentGCThread "G1 Service" [stack: 0x0000001675c00000,0x0000001675d00000] [id=8540]

Threads with active compile tasks:

VM state: not at safepoint (normal execution)

VM Mutex/Monitor currently owned by a thread:  ([mutex/lock_event])
[0x000001c06b768e60] Metaspace_lock - owner thread: 0x000001c06d9252c0

Heap address: 0x00000000c0000000, size: 1024 MB, Compressed Oops mode: 32-bit

CDS archive(s) not mapped
Compressed class space mapped at: 0x0000000100000000-0x0000000140000000, reserved size: 1073741824
Narrow klass base: 0x0000000000000000, Narrow klass shift: 3, Narrow klass range: 0x140000000

GC Precious Log:
 CPUs: 4 total, 4 available
 Memory: 3718M
 Large Page Support: Disabled
 NUMA Support: Disabled
 Compressed Oops: Enabled (32-bit)
 Heap Region Size: 1M
 Heap Min Capacity: 8M
 Heap Initial Capacity: 60M
 Heap Max Capacity: 1G
 Pre-touch: Disabled
 Parallel Workers: 4
 Concurrent Workers: 1
 Concurrent Refinement Workers: 4
 Periodic GC: Disabled

Heap:
 garbage-first heap   total 61440K, used 11952K [0x00000000c0000000, 0x0000000100000000)
  region size 1024K, 8 young (8192K), 2 survivors (2048K)
 Metaspace       used 8159K, committed 8256K, reserved 1056768K
  class space    used 902K, committed 960K, reserved 1048576K

Heap Regions: E=young(eden), S=young(survivor), O=old, HS=humongous(starts), HC=humongous(continues), CS=collection set, F=free, OA=open archive, CA=closed archive, TAMS=top-at-mark-start (previous, next)
|   0|0x00000000c0000000, 0x00000000c0100000, 0x00000000c0100000|100%| O|  |TAMS 0x00000000c0000000, 0x00000000c0000000| Untracked 
|   1|0x00000000c0100000, 0x00000000c0200000, 0x00000000c0200000|100%| O|  |TAMS 0x00000000c0100000, 0x00000000c0100000| Untracked 
|   2|0x00000000c0200000, 0x00000000c0300000, 0x00000000c0300000|100%| O|  |TAMS 0x00000000c0200000, 0x00000000c0200000| Untracked 
|   3|0x00000000c0300000, 0x00000000c0400000, 0x00000000c0400000|100%| O|  |TAMS 0x00000000c0300000, 0x00000000c0300000| Untracked 
|   4|0x00000000c0400000, 0x00000000c04ac200, 0x00000000c0500000| 67%| O|  |TAMS 0x00000000c0400000, 0x00000000c0400000| Untracked 
|   5|0x00000000c0500000, 0x00000000c0500000, 0x00000000c0600000|  0%| F|  |TAMS 0x00000000c0500000, 0x00000000c0500000| Untracked 
|   6|0x00000000c0600000, 0x00000000c0600000, 0x00000000c0700000|  0%| F|  |TAMS 0x00000000c0600000, 0x00000000c0600000| Untracked 
|   7|0x00000000c0700000, 0x00000000c0700000, 0x00000000c0800000|  0%| F|  |TAMS 0x00000000c0700000, 0x00000000c0700000| Untracked 
|   8|0x00000000c0800000, 0x00000000c0800000, 0x00000000c0900000|  0%| F|  |TAMS 0x00000000c0800000, 0x00000000c0800000| Untracked 
|   9|0x00000000c0900000, 0x00000000c0900000, 0x00000000c0a00000|  0%| F|  |TAMS 0x00000000c0900000, 0x00000000c0900000| Untracked 
|  10|0x00000000c0a00000, 0x00000000c0a00000, 0x00000000c0b00000|  0%| F|  |TAMS 0x00000000c0a00000, 0x00000000c0a00000| Untracked 
|  11|0x00000000c0b00000, 0x00000000c0b00000, 0x00000000c0c00000|  0%| F|  |TAMS 0x00000000c0b00000, 0x00000000c0b00000| Untracked 
|  12|0x00000000c0c00000, 0x00000000c0c00000, 0x00000000c0d00000|  0%| F|  |TAMS 0x00000000c0c00000, 0x00000000c0c00000| Untracked 
|  13|0x00000000c0d00000, 0x00000000c0d00000, 0x00000000c0e00000|  0%| F|  |TAMS 0x00000000c0d00000, 0x00000000c0d00000| Untracked 
|  14|0x00000000c0e00000, 0x00000000c0e00000, 0x00000000c0f00000|  0%| F|  |TAMS 0x00000000c0e00000, 0x00000000c0e00000| Untracked 
|  15|0x00000000c0f00000, 0x00000000c0f00000, 0x00000000c1000000|  0%| F|  |TAMS 0x00000000c0f00000, 0x00000000c0f00000| Untracked 
|  16|0x00000000c1000000, 0x00000000c1000000, 0x00000000c1100000|  0%| F|  |TAMS 0x00000000c1000000, 0x00000000c1000000| Untracked 
|  17|0x00000000c1100000, 0x00000000c1100000, 0x00000000c1200000|  0%| F|  |TAMS 0x00000000c1100000, 0x00000000c1100000| Untracked 
|  18|0x00000000c1200000, 0x00000000c1200000, 0x00000000c1300000|  0%| F|  |TAMS 0x00000000c1200000, 0x00000000c1200000| Untracked 
|  19|0x00000000c1300000, 0x00000000c1300000, 0x00000000c1400000|  0%| F|  |TAMS 0x00000000c1300000, 0x00000000c1300000| Untracked 
|  20|0x00000000c1400000, 0x00000000c1400000, 0x00000000c1500000|  0%| F|  |TAMS 0x00000000c1400000, 0x00000000c1400000| Untracked 
|  21|0x00000000c1500000, 0x00000000c1500000, 0x00000000c1600000|  0%| F|  |TAMS 0x00000000c1500000, 0x00000000c1500000| Untracked 
|  22|0x00000000c1600000, 0x00000000c1600000, 0x00000000c1700000|  0%| F|  |TAMS 0x00000000c1600000, 0x00000000c1600000| Untracked 
|  23|0x00000000c1700000, 0x00000000c1700000, 0x00000000c1800000|  0%| F|  |TAMS 0x00000000c1700000, 0x00000000c1700000| Untracked 
|  24|0x00000000c1800000, 0x00000000c1800000, 0x00000000c1900000|  0%| F|  |TAMS 0x00000000c1800000, 0x00000000c1800000| Untracked 
|  25|0x00000000c1900000, 0x00000000c1900000, 0x00000000c1a00000|  0%| F|  |TAMS 0x00000000c1900000, 0x00000000c1900000| Untracked 
|  26|0x00000000c1a00000, 0x00000000c1a00000, 0x00000000c1b00000|  0%| F|  |TAMS 0x00000000c1a00000, 0x00000000c1a00000| Untracked 
|  27|0x00000000c1b00000, 0x00000000c1b00000, 0x00000000c1c00000|  0%| F|  |TAMS 0x00000000c1b00000, 0x00000000c1b00000| Untracked 
|  28|0x00000000c1c00000, 0x00000000c1c00000, 0x00000000c1d00000|  0%| F|  |TAMS 0x00000000c1c00000, 0x00000000c1c00000| Untracked 
|  29|0x00000000c1d00000, 0x00000000c1d00000, 0x00000000c1e00000|  0%| F|  |TAMS 0x00000000c1d00000, 0x00000000c1d00000| Untracked 
|  30|0x00000000c1e00000, 0x00000000c1e00000, 0x00000000c1f00000|  0%| F|  |TAMS 0x00000000c1e00000, 0x00000000c1e00000| Untracked 
|  31|0x00000000c1f00000, 0x00000000c1f00000, 0x00000000c2000000|  0%| F|  |TAMS 0x00000000c1f00000, 0x00000000c1f00000| Untracked 
|  32|0x00000000c2000000, 0x00000000c2000000, 0x00000000c2100000|  0%| F|  |TAMS 0x00000000c2000000, 0x00000000c2000000| Untracked 
|  33|0x00000000c2100000, 0x00000000c2100000, 0x00000000c2200000|  0%| F|  |TAMS 0x00000000c2100000, 0x00000000c2100000| Untracked 
|  34|0x00000000c2200000, 0x00000000c2200000, 0x00000000c2300000|  0%| F|  |TAMS 0x00000000c2200000, 0x00000000c2200000| Untracked 
|  35|0x00000000c2300000, 0x00000000c2300000, 0x00000000c2400000|  0%| F|  |TAMS 0x00000000c2300000, 0x00000000c2300000| Untracked 
|  36|0x00000000c2400000, 0x00000000c2400000, 0x00000000c2500000|  0%| F|  |TAMS 0x00000000c2400000, 0x00000000c2400000| Untracked 
|  37|0x00000000c2500000, 0x00000000c2500000, 0x00000000c2600000|  0%| F|  |TAMS 0x00000000c2500000, 0x00000000c2500000| Untracked 
|  38|0x00000000c2600000, 0x00000000c2600000, 0x00000000c2700000|  0%| F|  |TAMS 0x00000000c2600000, 0x00000000c2600000| Untracked 
|  39|0x00000000c2700000, 0x00000000c2700000, 0x00000000c2800000|  0%| F|  |TAMS 0x00000000c2700000, 0x00000000c2700000| Untracked 
|  40|0x00000000c2800000, 0x00000000c2800000, 0x00000000c2900000|  0%| F|  |TAMS 0x00000000c2800000, 0x00000000c2800000| Untracked 
|  41|0x00000000c2900000, 0x00000000c2900000, 0x00000000c2a00000|  0%| F|  |TAMS 0x00000000c2900000, 0x00000000c2900000| Untracked 
|  42|0x00000000c2a00000, 0x00000000c2a00000, 0x00000000c2b00000|  0%| F|  |TAMS 0x00000000c2a00000, 0x00000000c2a00000| Untracked 
|  43|0x00000000c2b00000, 0x00000000c2b00000, 0x00000000c2c00000|  0%| F|  |TAMS 0x00000000c2b00000, 0x00000000c2b00000| Untracked 
|  44|0x00000000c2c00000, 0x00000000c2c00000, 0x00000000c2d00000|  0%| F|  |TAMS 0x00000000c2c00000, 0x00000000c2c00000| Untracked 
|  45|0x00000000c2d00000, 0x00000000c2e00000, 0x00000000c2e00000|100%| S|CS|TAMS 0x00000000c2d00000, 0x00000000c2d00000| Complete 
|  46|0x00000000c2e00000, 0x00000000c2f00000, 0x00000000c2f00000|100%| S|CS|TAMS 0x00000000c2e00000, 0x00000000c2e00000| Complete 
|  47|0x00000000c2f00000, 0x00000000c2f00000, 0x00000000c3000000|  0%| F|  |TAMS 0x00000000c2f00000, 0x00000000c2f00000| Untracked 
|  48|0x00000000c3000000, 0x00000000c3000000, 0x00000000c3100000|  0%| F|  |TAMS 0x00000000c3000000, 0x00000000c3000000| Untracked 
|  49|0x00000000c3100000, 0x00000000c3100000, 0x00000000c3200000|  0%| F|  |TAMS 0x00000000c3100000, 0x00000000c3100000| Untracked 
|  50|0x00000000c3200000, 0x00000000c3200000, 0x00000000c3300000|  0%| F|  |TAMS 0x00000000c3200000, 0x00000000c3200000| Untracked 
|  51|0x00000000c3300000, 0x00000000c3300000, 0x00000000c3400000|  0%| F|  |TAMS 0x00000000c3300000, 0x00000000c3300000| Untracked 
|  52|0x00000000c3400000, 0x00000000c3400000, 0x00000000c3500000|  0%| F|  |TAMS 0x00000000c3400000, 0x00000000c3400000| Untracked 
|  53|0x00000000c3500000, 0x00000000c3500000, 0x00000000c3600000|  0%| F|  |TAMS 0x00000000c3500000, 0x00000000c3500000| Untracked 
|  54|0x00000000c3600000, 0x00000000c3666620, 0x00000000c3700000| 39%| E|  |TAMS 0x00000000c3600000, 0x00000000c3600000| Complete 
|  55|0x00000000c3700000, 0x00000000c3800000, 0x00000000c3800000|100%| E|CS|TAMS 0x00000000c3700000, 0x00000000c3700000| Complete 
|  56|0x00000000c3800000, 0x00000000c3900000, 0x00000000c3900000|100%| E|CS|TAMS 0x00000000c3800000, 0x00000000c3800000| Complete 
|  57|0x00000000c3900000, 0x00000000c3a00000, 0x00000000c3a00000|100%| E|CS|TAMS 0x00000000c3900000, 0x00000000c3900000| Complete 
|  58|0x00000000c3a00000, 0x00000000c3b00000, 0x00000000c3b00000|100%| E|CS|TAMS 0x00000000c3a00000, 0x00000000c3a00000| Complete 
|  59|0x00000000c3b00000, 0x00000000c3c00000, 0x00000000c3c00000|100%| E|CS|TAMS 0x00000000c3b00000, 0x00000000c3b00000| Complete 

Card table byte_map: [0x000001c0735b0000,0x000001c0737b0000] _byte_map_base: 0x000001c072fb0000

Marking Bits (Prev, Next): (CMBitMap*) 0x000001c06d9654c0, (CMBitMap*) 0x000001c06d965500
 Prev Bits: [0x000001c0739b0000, 0x000001c0749b0000)
 Next Bits: [0x000001c0749b0000, 0x000001c0759b0000)

Polling page: 0x000001c06b860000

Metaspace:

Usage:
  Non-class:      7.09 MB used.
      Class:    902.14 KB used.
       Both:      7.97 MB used.

Virtual space:
  Non-class space:        8.00 MB reserved,       7.12 MB ( 89%) committed,  1 nodes.
      Class space:        1.00 GB reserved,     960.00 KB ( <1%) committed,  1 nodes.
             Both:        1.01 GB reserved,       8.06 MB ( <1%) committed. 

Chunk freelists:
   Non-Class:  80.00 KB
       Class:  3.02 MB
        Both:  3.09 MB

MaxMetaspaceSize: unlimited
CompressedClassSpaceSize: 1.00 GB
Initial GC threshold: 21.00 MB
Current GC threshold: 21.00 MB
CDS: off
MetaspaceReclaimPolicy: balanced
 - commit_granule_bytes: 65536.
 - commit_granule_words: 8192.
 - virtual_space_node_default_size: 1048576.
 - enlarge_chunks_in_place: 1.
 - new_chunks_are_fully_committed: 0.
 - uncommit_free_chunks: 1.
 - use_allocation_guard: 0.
 - handle_deallocations: 1.


Internal statistics:

num_allocs_failed_limit: 0.
num_arena_births: 56.
num_arena_deaths: 0.
num_vsnodes_births: 2.
num_vsnodes_deaths: 0.
num_space_committed: 129.
num_space_uncommitted: 0.
num_chunks_returned_to_freelist: 0.
num_chunks_taken_from_freelist: 140.
num_chunk_merges: 0.
num_chunk_splits: 94.
num_chunks_enlarged: 74.
num_purges: 0.
num_inconsistent_stats: 0.

CodeCache: size=49152Kb used=2190Kb max_used=2190Kb free=46961Kb
 bounds [0x000001c0705b0000, 0x000001c070820000, 0x000001c0735b0000]
 total_blobs=1104 nmethods=726 adapters=306
 compilation: enabled
              stopped_count=0, restarted_count=0
 full_count=0

Compilation events (20 events):
Event: 12.379 Thread 0x000001c077e8f620 nmethod 708 0x000001c0707cdb10 code [0x000001c0707cdda0, 0x000001c0707ce508]
Event: 12.383 Thread 0x000001c077e8f620  709       1       jdk.internal.org.objectweb.asm.MethodWriter::hasAsmInstructions (5 bytes)
Event: 12.383 Thread 0x000001c077e8f620 nmethod 709 0x000001c0707ceb10 code [0x000001c0707ceca0, 0x000001c0707ced78]
Event: 12.383 Thread 0x000001c077e8f620  710       1       jdk.internal.org.objectweb.asm.Handler::getExceptionTableSize (10 bytes)
Event: 12.383 Thread 0x000001c077e8f620 nmethod 710 0x000001c0707cee10 code [0x000001c0707cefa0, 0x000001c0707cf078]
Event: 12.393 Thread 0x000001c077e8f620  716       1       ch.qos.logback.core.joran.spi.ElementPath::get (12 bytes)
Event: 12.394 Thread 0x000001c077e8f620 nmethod 716 0x000001c0707d0090 code [0x000001c0707d0240, 0x000001c0707d03c8]
Event: 12.395 Thread 0x000001c077e8f620  717       1       java.util.HashMap$HashIterator::hasNext (13 bytes)
Event: 12.395 Thread 0x000001c077e8f620 nmethod 717 0x000001c0707d0590 code [0x000001c0707d0720, 0x000001c0707d07f8]
Event: 12.395 Thread 0x000001c077e8f620  718       1       ch.qos.logback.core.joran.spi.ElementPath::size (8 bytes)
Event: 12.395 Thread 0x000001c077e8f620 nmethod 718 0x000001c0707d0890 code [0x000001c0707d0a20, 0x000001c0707d0af8]
Event: 12.395 Thread 0x000001c077e8f620  719       1       java.util.HashMap$HashIterator::nextNode (100 bytes)
Event: 12.396 Thread 0x000001c077e8f620 nmethod 719 0x000001c0707d0b90 code [0x000001c0707d0d60, 0x000001c0707d10b8]
Event: 12.396 Thread 0x000001c077e8f620  721       1       java.lang.invoke.LambdaForm$BasicType::basicType (187 bytes)
Event: 12.396 Thread 0x000001c077e8f620 nmethod 721 0x000001c0707d1590 code [0x000001c0707d17c0, 0x000001c0707d1d28]
Event: 12.398 Thread 0x000001c077e8f620  723       1       java.lang.invoke.MethodTypeForm::canonicalizeAll (63 bytes)
Event: 12.399 Thread 0x000001c077e8f620 nmethod 723 0x000001c0707d2210 code [0x000001c0707d23c0, 0x000001c0707d2678]
Event: 12.399 Thread 0x000001c077e8f620  722       1       java.lang.invoke.MethodTypeForm::canonicalize (59 bytes)
Event: 12.399 Thread 0x000001c077e8f620 nmethod 722 0x000001c0707d2810 code [0x000001c0707d29c0, 0x000001c0707d2b68]
Event: 12.399 Thread 0x000001c077e8f620  724       1       java.lang.invoke.MethodType$ConcurrentWeakInternSet::add (66 bytes)

GC Heap History (2 events):
Event: 12.118 GC heap before
{Heap before GC invocations=0 (full 0):
 garbage-first heap   total 61440K, used 12288K [0x00000000c0000000, 0x0000000100000000)
  region size 1024K, 13 young (13312K), 0 survivors (0K)
 Metaspace       used 6635K, committed 6720K, reserved 1056768K
  class space    used 673K, committed 704K, reserved 1048576K
}
Event: 12.128 GC heap after
{Heap after GC invocations=1 (full 0):
 garbage-first heap   total 61440K, used 6832K [0x00000000c0000000, 0x0000000100000000)
  region size 1024K, 2 young (2048K), 2 survivors (2048K)
 Metaspace       used 6635K, committed 6720K, reserved 1056768K
  class space    used 673K, committed 704K, reserved 1048576K
}

Dll operation events (6 events):
Event: 0.027 Loaded shared library c:\Users\yassi\.vscode\extensions\redhat.java-1.14.0-win32-x64\jre\17.0.5-win32-x86_64\bin\java.dll
Event: 0.600 Loaded shared library C:\Users\yassi\.vscode\extensions\redhat.java-1.14.0-win32-x64\jre\17.0.5-win32-x86_64\bin\net.dll
Event: 0.604 Loaded shared library C:\Users\yassi\.vscode\extensions\redhat.java-1.14.0-win32-x64\jre\17.0.5-win32-x86_64\bin\nio.dll
Event: 1.150 Loaded shared library C:\Users\yassi\.vscode\extensions\redhat.java-1.14.0-win32-x64\jre\17.0.5-win32-x86_64\bin\zip.dll
Event: 10.889 Loaded shared library C:\Users\yassi\.vscode\extensions\redhat.java-1.14.0-win32-x64\jre\17.0.5-win32-x86_64\bin\jimage.dll
Event: 12.164 Loaded shared library c:\Users\yassi\.vscode\extensions\redhat.java-1.14.0-win32-x64\jre\17.0.5-win32-x86_64\bin\verify.dll

Deoptimization events (0 events):
No events

Classes unloaded (0 events):
No events

Classes redefined (0 events):
No events

Internal exceptions (2 events):
Event: 12.064 Thread 0x000001c06d9252c0 Exception <a 'java/lang/ClassNotFoundException'{0x00000000c2f397c8}: javax/smartcardio/CardPermission> (0x00000000c2f397c8) 
thrown [s\src\hotspot\share\classfile\systemDictionary.cpp, line 256]
Event: 12.076 Thread 0x000001c06d9252c0 Exception <a 'java/io/FileNotFoundException'{0x00000000c2f47d88}> (0x00000000c2f47d88) 
thrown [s\src\hotspot\share\prims\jni.cpp, line 516]

VM Operations (20 events):
Event: 2.160 Executing VM operation: Cleanup
Event: 2.160 Executing VM operation: Cleanup done
Event: 4.174 Executing VM operation: Cleanup
Event: 4.174 Executing VM operation: Cleanup done
Event: 5.182 Executing VM operation: Cleanup
Event: 5.182 Executing VM operation: Cleanup done
Event: 8.204 Executing VM operation: Cleanup
Event: 8.204 Executing VM operation: Cleanup done
Event: 9.218 Executing VM operation: Cleanup
Event: 9.218 Executing VM operation: Cleanup done
Event: 10.864 Executing VM operation: HandshakeAllThreads
Event: 10.864 Executing VM operation: HandshakeAllThreads done
Event: 10.864 Executing VM operation: Cleanup
Event: 10.864 Executing VM operation: Cleanup done
Event: 11.875 Executing VM operation: Cleanup
Event: 11.875 Executing VM operation: Cleanup done
Event: 11.996 Executing VM operation: HandshakeAllThreads
Event: 11.996 Executing VM operation: HandshakeAllThreads done
Event: 12.117 Executing VM operation: G1CollectForAllocation
Event: 12.129 Executing VM operation: G1CollectForAllocation done

Events (20 events):
Event: 12.395 loading class java/util/ArrayList$ArrayListSpliterator
Event: 12.395 loading class java/util/ArrayList$ArrayListSpliterator done
Event: 12.395 loading class java/util/function/Predicate
Event: 12.395 loading class java/util/function/Predicate done
Event: 12.396 loading class java/util/stream/MatchOps$MatchKind
Event: 12.397 loading class java/util/stream/MatchOps$MatchKind done
Event: 12.397 loading class java/util/stream/MatchOps
Event: 12.397 loading class java/util/stream/MatchOps done
Event: 12.397 loading class java/util/stream/MatchOps$MatchOp
Event: 12.397 loading class java/util/stream/TerminalOp
Event: 12.397 loading class java/util/stream/TerminalOp done
Event: 12.397 loading class java/util/stream/MatchOps$MatchOp done
Event: 12.397 loading class java/util/stream/StreamShape
Event: 12.397 loading class java/util/stream/StreamShape done
Event: 12.398 loading class java/util/stream/MatchOps$BooleanTerminalSink
Event: 12.398 loading class java/util/stream/Sink
Event: 12.398 loading class java/util/stream/Sink done
Event: 12.398 loading class java/util/stream/MatchOps$BooleanTerminalSink done
Event: 12.399 loading class java/util/stream/MatchOps$1MatchSink
Event: 12.399 loading class java/util/stream/MatchOps$1MatchSink done


Dynamic libraries:
0x00007ff61fd50000 - 0x00007ff61fd5e000 	c:\Users\yassi\.vscode\extensions\redhat.java-1.14.0-win32-x64\jre\17.0.5-win32-x86_64\bin\java.exe
0x00007ffd84e30000 - 0x00007ffd85028000 	C:\Windows\SYSTEM32\ntdll.dll
0x00007ffd835d0000 - 0x00007ffd8368f000 	C:\Windows\System32\KERNEL32.DLL
0x00007ffd826f0000 - 0x00007ffd829c2000 	C:\Windows\System32\KERNELBASE.dll
0x00007ffd82a20000 - 0x00007ffd82b20000 	C:\Windows\System32\ucrtbase.dll
0x00007ffd06150000 - 0x00007ffd06167000 	c:\Users\yassi\.vscode\extensions\redhat.java-1.14.0-win32-x64\jre\17.0.5-win32-x86_64\bin\jli.dll
0x00007ffd03940000 - 0x00007ffd03959000 	c:\Users\yassi\.vscode\extensions\redhat.java-1.14.0-win32-x64\jre\17.0.5-win32-x86_64\bin\VCRUNTIME140.dll
0x00007ffd83bc0000 - 0x00007ffd83d61000 	C:\Windows\System32\USER32.dll
0x00007ffd825b0000 - 0x00007ffd825d2000 	C:\Windows\System32\win32u.dll
0x00007ffd70ba0000 - 0x00007ffd70e3a000 	C:\Windows\WinSxS\amd64_microsoft.windows.common-controls_6595b64144ccf1df_6.0.19041.1110_none_60b5254171f9507e\COMCTL32.dll
0x00007ffd82f90000 - 0x00007ffd82fbb000 	C:\Windows\System32\GDI32.dll
0x00007ffd83ed0000 - 0x00007ffd83f6e000 	C:\Windows\System32\msvcrt.dll
0x00007ffd82c00000 - 0x00007ffd82d0f000 	C:\Windows\System32\gdi32full.dll
0x00007ffd825e0000 - 0x00007ffd8267d000 	C:\Windows\System32\msvcp_win.dll
0x00007ffd82fc0000 - 0x00007ffd82ff2000 	C:\Windows\System32\IMM32.DLL
0x00007ffd3e910000 - 0x00007ffd3e91c000 	c:\Users\yassi\.vscode\extensions\redhat.java-1.14.0-win32-x64\jre\17.0.5-win32-x86_64\bin\vcruntime140_1.dll
0x00007ffd038a0000 - 0x00007ffd03931000 	c:\Users\yassi\.vscode\extensions\redhat.java-1.14.0-win32-x64\jre\17.0.5-win32-x86_64\bin\msvcp140.dll
0x00007ffccc5f0000 - 0x00007ffccd234000 	c:\Users\yassi\.vscode\extensions\redhat.java-1.14.0-win32-x64\jre\17.0.5-win32-x86_64\bin\server\jvm.dll
0x00007ffd83d70000 - 0x00007ffd83e1e000 	C:\Windows\System32\ADVAPI32.dll
0x00007ffd83b20000 - 0x00007ffd83bbc000 	C:\Windows\System32\sechost.dll
0x00007ffd84020000 - 0x00007ffd84145000 	C:\Windows\System32\RPCRT4.dll
0x00007ffd63640000 - 0x00007ffd63649000 	C:\Windows\SYSTEM32\WSOCK32.dll
0x00007ffd83690000 - 0x00007ffd836fb000 	C:\Windows\System32\WS2_32.dll
0x00007ffd71100000 - 0x00007ffd71127000 	C:\Windows\SYSTEM32\WINMM.dll
0x00007ffd78ca0000 - 0x00007ffd78caa000 	C:\Windows\SYSTEM32\VERSION.dll
0x00007ffd80d30000 - 0x00007ffd80d42000 	C:\Windows\SYSTEM32\kernel.appcore.dll
0x00007ffd33340000 - 0x00007ffd3334a000 	c:\Users\yassi\.vscode\extensions\redhat.java-1.14.0-win32-x64\jre\17.0.5-win32-x86_64\bin\jimage.dll
0x00007ffd802b0000 - 0x00007ffd80494000 	C:\Windows\SYSTEM32\DBGHELP.DLL
0x00007ffd66530000 - 0x00007ffd66565000 	C:\Windows\SYSTEM32\dbgcore.DLL
0x00007ffd82520000 - 0x00007ffd825a2000 	C:\Windows\System32\bcryptPrimitives.dll
0x00007ffd03530000 - 0x00007ffd03555000 	c:\Users\yassi\.vscode\extensions\redhat.java-1.14.0-win32-x64\jre\17.0.5-win32-x86_64\bin\java.dll
0x00007ffd03880000 - 0x00007ffd03898000 	c:\Users\yassi\.vscode\extensions\redhat.java-1.14.0-win32-x64\jre\17.0.5-win32-x86_64\bin\zip.dll
0x00007ffd845c0000 - 0x00007ffd84d04000 	C:\Windows\System32\SHELL32.dll
0x00007ffd80580000 - 0x00007ffd80d12000 	C:\Windows\SYSTEM32\windows.storage.dll
0x00007ffd83060000 - 0x00007ffd833b5000 	C:\Windows\System32\combase.dll
0x00007ffd81dc0000 - 0x00007ffd81df0000 	C:\Windows\SYSTEM32\Wldp.dll
0x00007ffd82ee0000 - 0x00007ffd82f8d000 	C:\Windows\System32\SHCORE.dll
0x00007ffd84d10000 - 0x00007ffd84d65000 	C:\Windows\System32\shlwapi.dll
0x00007ffd82460000 - 0x00007ffd8247f000 	C:\Windows\SYSTEM32\profapi.dll
0x00007ffd03510000 - 0x00007ffd03529000 	C:\Users\yassi\.vscode\extensions\redhat.java-1.14.0-win32-x64\jre\17.0.5-win32-x86_64\bin\net.dll
0x00007ffd72f10000 - 0x00007ffd7301c000 	C:\Windows\SYSTEM32\WINHTTP.dll
0x00007ffd81ba0000 - 0x00007ffd81c0a000 	C:\Windows\system32\mswsock.dll
0x00007ffd034f0000 - 0x00007ffd03505000 	C:\Users\yassi\.vscode\extensions\redhat.java-1.14.0-win32-x64\jre\17.0.5-win32-x86_64\bin\nio.dll
0x00007ffd27c90000 - 0x00007ffd27ca0000 	c:\Users\yassi\.vscode\extensions\redhat.java-1.14.0-win32-x64\jre\17.0.5-win32-x86_64\bin\verify.dll

dbghelp: loaded successfully - version: 4.0.5 - missing functions: none
symbol engine: initialized successfully - sym options: 0x614 - pdb path: .;c:\Users\yassi\.vscode\extensions\redhat.java-1.14.0-win32-x64\jre\17.0.5-win32-x86_64\bin;C:\Windows\SYSTEM32;C:\Windows\WinSxS\amd64_microsoft.windows.common-controls_6595b64144ccf1df_6.0.19041.1110_none_60b5254171f9507e;c:\Users\yassi\.vscode\extensions\redhat.java-1.14.0-win32-x64\jre\17.0.5-win32-x86_64\bin\server

VM Arguments:
jvm_args: -XX:+HeapDumpOnOutOfMemoryError -Xmx1024m -Dsts.lsp.client=vscode -Dsts.log.file=/dev/null -XX:TieredStopAtLevel=1 -Xlog:jni+resolve=off -Dspring.config.location=file:c:\Users\yassi\.vscode\extensions\vmware.vscode-spring-boot-1.44.0\language-server\BOOT-INF\classes\application.properties 
java_command: org.springframework.ide.vscode.boot.app.BootLanguageServerBootApp
java_class_path (initial): c:\Users\yassi\.vscode\extensions\vmware.vscode-spring-boot-1.44.0\language-server\BOOT-INF\classes;c:\Users\yassi\.vscode\extensions\vmware.vscode-spring-boot-1.44.0\language-server\BOOT-INF\lib\annotations-24.0.0.jar;c:\Users\yassi\.vscode\extensions\vmware.vscode-spring-boot-1.44.0\language-server\BOOT-INF\lib\ant-1.10.13.jar;c:\Users\yassi\.vscode\extensions\vmware.vscode-spring-boot-1.44.0\language-server\BOOT-INF\lib\ant-launcher-1.10.13.jar;c:\Users\yassi\.vscode\extensions\vmware.vscode-spring-boot-1.44.0\language-server\BOOT-INF\lib\antlr-runtime-3.5.2.jar;c:\Users\yassi\.vscode\extensions\vmware.vscode-spring-boot-1.44.0\language-server\BOOT-INF\lib\antlr4-4.9.3.jar;c:\Users\yassi\.vscode\extensions\vmware.vscode-spring-boot-1.44.0\language-server\BOOT-INF\lib\antlr4-runtime-4.9.3.jar;c:\Users\yassi\.vscode\extensions\vmware.vscode-spring-boot-1.44.0\language-server\BOOT-INF\lib\apiguardian-api-1.1.2.jar;c:\Users\yassi\.vscode\extensions\vmware.vscode-spring-boot-1.44.0\language-server\BOOT-INF\lib\asm-9.4.jar;c:\Users\yassi\.vscode\extensions\vmware.vscode-spring-boot-1.44.0\language-server\BOOT-INF\lib\asm-analysis-9.4.jar;c:\Users\yassi\.vscode\extensions\vmware.vscode-spring-boot-1.44.0\language-server\BOOT-INF\lib\asm-tree-9.4.jar;c:\Users\yassi\.vscode\extensions\vmware.vscode-spring-boot-1.44.0\language-server\BOOT-INF\lib\asm-util-9.4.jar;c:\Users\yassi\.vscode\extensions\vmware.vscode-spring-boot-1.44.0\language-server\BOOT-INF\lib\caffeine-3.1.2.jar;c:\Users\yassi\.vscode\extensions\vmware.vscode-spring-boot-1.44.0\language-server\BOOT-INF\lib\checker-qual-3.12.0.jar;c:\Users\yassi\.vscode\extensions\vmware.vscode-spring-boot-1.44.0\language-server\BOOT-INF\lib\ci-environment-9.1.0.jar;c:\Users\yassi\.vscode\extensions\vmware.vscode-spring-boot-1.44.0\language-server\BOOT-INF\lib\classgraph-4.8.149.jar;c:\Users\yassi\.vscode\extensions\vmware.vscode-spring-boot-1.44.0\language-server\BOOT-INF\lib\commons-codec-1.15.ja
Launcher Type: SUN_STANDARD

[Global flags]
     intx CICompilerCount                          = 3                                         {product} {ergonomic}
     uint ConcGCThreads                            = 1                                         {product} {ergonomic}
     uint G1ConcRefinementThreads                  = 4                                         {product} {ergonomic}
   size_t G1HeapRegionSize                         = 1048576                                   {product} {ergonomic}
    uintx GCDrainStackTargetSize                   = 64                                        {product} {ergonomic}
     bool HeapDumpOnOutOfMemoryError               = true                                   {manageable} {command line}
   size_t InitialHeapSize                          = 62914560                                  {product} {ergonomic}
   size_t MarkStackSize                            = 4194304                                   {product} {ergonomic}
   size_t MaxHeapSize                              = 1073741824                                {product} {command line}
   size_t MaxNewSize                               = 643825664                                 {product} {ergonomic}
   size_t MinHeapDeltaBytes                        = 1048576                                   {product} {ergonomic}
   size_t MinHeapSize                              = 8388608                                   {product} {ergonomic}
    uintx NonProfiledCodeHeapSize                  = 0                                      {pd product} {ergonomic}
     bool ProfileInterpreter                       = false                                  {pd product} {command line}
    uintx ProfiledCodeHeapSize                     = 0                                      {pd product} {ergonomic}
   size_t SoftMaxHeapSize                          = 1073741824                             {manageable} {ergonomic}
     intx TieredStopAtLevel                        = 1                                         {product} {command line}
     bool UseCompressedClassPointers               = true                           {product lp64_product} {ergonomic}
     bool UseCompressedOops                        = true                           {product lp64_product} {ergonomic}
     bool UseG1GC                                  = true                                      {product} {ergonomic}
     bool UseLargePagesIndividualAllocation        = false                                  {pd product} {ergonomic}

Logging:
Log output configuration:
 #0: stdout all=warning,jni+resolve=off uptime,level,tags
 #1: stderr all=off uptime,level,tags

Environment Variables:
JAVA_HOME=C:\Program Files\BellSoft\LibericaJDK-17\
PATH=C:\Program Files\BellSoft\LibericaJDK-17\bin\;C:\Windows\system32;C:\Windows;C:\Windows\System32\Wbem;C:\Windows\System32\WindowsPowerShell\v1.0\;C:\Windows\System32\OpenSSH\;C:\Program Files\Intel\WiFi\bin\;C:\Program Files\Common Files\Intel\WirelessCommon\;C:\Program Files\Git\cmd;C:\Program Files\Microsoft SQL Server\150\Tools\Binn\;C:\Program Files\Microsoft SQL Server\Client SDK\ODBC\170\Tools\Binn\;C:\Program Files\dotnet\;C:\Program Files\Azure Data Studio\bin;C:\Program Files\Docker\Docker\resources\bin;C:\Program Files (x86)\Microsoft SQL Server\150\Tools\Binn\;C:\Program Files\Microsoft SQL Server\150\DTS\Binn\;C:\Program Files (x86)\Microsoft SQL Server\150\DTS\Binn\;C:\Program Files (x86)\Microsoft SQL Server\160\DTS\Binn\;C:\Users\yassi\AppData\Local\Programs\Python\Python311\Scripts\;C:\Users\yassi\AppData\Local\Programs\Python\Python311\;C:\Users\yassi\AppData\Local\Microsoft\WindowsApps;C:\Program Files\JetBrains\IntelliJ IDEA Community Edition 2022.2\bin;;C:\src\flutter\flutter\bin;C:\Users\yassi\.dotnet\tools;C:\Program Files\JetBrains\PyCharm Community Edition 2022.2\bin;;C:\dart-sdk\bin;C:\Program Files\Azure Data Studio\bin;C:\Users\yassi\AppData\Local\Programs\Microsoft VS Code\bin;C:\Maven\apache-maven-4.0.0-alpha-4\bin;
USERNAME=yassi
OS=Windows_NT
PROCESSOR_IDENTIFIER=Intel64 Family 6 Model 142 Stepping 10, GenuineIntel
TMP=C:\Users\yassi\AppData\Local\Temp
TEMP=C:\Users\yassi\AppData\Local\Temp



---------------  S Y S T E M  ---------------

OS:
 Windows 10 , 64 bit Build 19041 (10.0.19041.2364)
OS uptime: 0 days 0:13 hours
Hyper-V role detected

CPU: total 4 (initial active 4) (2 cores per cpu, 2 threads per core) family 6 model 142 stepping 10 microcode 0xb4, cx8, cmov, fxsr, ht, mmx, 3dnowpref, sse, sse2, sse3, ssse3, sse4.1, sse4.2, popcnt, lzcnt, tsc, tscinvbit, avx, avx2, aes, erms, clmul, bmi1, bmi2, adx, fma, vzeroupper, clflush, clflushopt, hv

Memory: 4k page, system-wide physical 3718M (83M free)
TotalPageFile size 14982M (AvailPageFile size 0M)
current process WorkingSet (physical memory assigned to process): 58M, peak: 58M
current process commit charge ("private bytes"): 132M, peak: 132M

vm_info: OpenJDK 64-Bit Server VM (17.0.5+8) for windows-amd64 JRE (17.0.5+8), built on Oct 19 2022 04:48:13 by "temurin" with MS VC++ 16.7 (VS2019)

END.
