#
# There is insufficient memory for the Java Runtime Environment to continue.
# Native memory allocation (mmap) failed to map 269484032 bytes for G1 virtual space
# Possible reasons:
#   The system is out of physical RAM or swap space
#   The process is running with CompressedOops enabled, and the Java Heap may be blocking the growth of the native heap
# Possible solutions:
#   Reduce memory load on the system
#   Increase physical memory or swap space
#   Check if swap backing store is full
#   Decrease Java heap size (-Xmx/-Xms)
#   Decrease number of Java threads
#   Decrease Java thread stack sizes (-Xss)
#   Set larger code cache with -XX:ReservedCodeCacheSize=
#   JVM is running with Unscaled Compressed Oops mode in which the Java heap is
#     placed in the first 4GB address space. The Java Heap base address is the
#     maximum limit for the native heap growth. Please use -XX:HeapBaseMinAddress
#     to set the Java Heap base and to place the Java Heap above 4GB virtual address.
# This output file may be truncated or incomplete.
#
#  Out of Memory Error (os_windows.cpp:3548), pid=18016, tid=15008
#
# JRE version: OpenJDK Runtime Environment Temurin-17.0.5+8 (17.0.5+8) (build 17.0.5+8)
# Java VM: OpenJDK 64-Bit Server VM Temurin-17.0.5+8 (17.0.5+8, mixed mode, emulated-client, tiered, compressed oops, compressed class ptrs, g1 gc, windows-amd64)
# No core dump will be written. Minidumps are not enabled by default on client versions of Windows
#

---------------  S U M M A R Y ------------

Command Line: -XX:+HeapDumpOnOutOfMemoryError -Xmx1024m -Dsts.lsp.client=vscode -Dsts.log.file=/dev/null -XX:TieredStopAtLevel=1 -Xlog:jni+resolve=off -Dspring.config.location=file:c:\Users\yassi\.vscode\extensions\vmware.vscode-spring-boot-1.44.0\language-server\BOOT-INF\classes\application.properties org.springframework.ide.vscode.boot.app.BootLanguageServerBootApp

Host: Intel(R) Core(TM) i3-8130U CPU @ 2.20GHz, 4 cores, 3G,  Windows 10 , 64 bit Build 19041 (10.0.19041.2364)
Time: Mon Feb 13 23:37:30 2023 Greenwich elapsed time: 15.805234 seconds (0d 0h 0m 15s)

---------------  T H R E A D  ---------------

Current thread (0x000001b9c726bf00):  VMThread "VM Thread" [stack: 0x0000001cf9600000,0x0000001cf9700000] [id=15008]

Stack: [0x0000001cf9600000,0x0000001cf9700000]
Native frames: (J=compiled Java code, j=interpreted, Vv=VM code, C=native code)
V  [jvm.dll+0x676b3a]
V  [jvm.dll+0x831444]
V  [jvm.dll+0x832bee]
V  [jvm.dll+0x833253]
V  [jvm.dll+0x244ce5]
V  [jvm.dll+0x673a49]
V  [jvm.dll+0x66811a]
V  [jvm.dll+0x303ceb]
V  [jvm.dll+0x30b1e6]
V  [jvm.dll+0x35adbe]
V  [jvm.dll+0x35afef]
V  [jvm.dll+0x2dab88]
V  [jvm.dll+0x2d8e3c]
V  [jvm.dll+0x2d840c]
V  [jvm.dll+0x31c31b]
V  [jvm.dll+0x8376fb]
V  [jvm.dll+0x838434]
V  [jvm.dll+0x83894c]
V  [jvm.dll+0x838d24]
V  [jvm.dll+0x838df0]
V  [jvm.dll+0x7e17ea]
V  [jvm.dll+0x6759e5]
C  [ucrtbase.dll+0x21bb2]
C  [KERNEL32.DLL+0x17614]
C  [ntdll.dll+0x526a1]

VM_Operation (0x0000001cfb0fe360): G1CollectForAllocation, mode: safepoint, requested by thread 0x000001b9c92a8060


---------------  P R O C E S S  ---------------

Threads class SMR info:
_java_thread_list=0x000001b9c7e7e200, length=27, elements={
0x000001b9c7272ba0, 0x000001b9c7273920, 0x000001b9c72a1820, 0x000001b9c72a43b0,
0x000001b9c72b7010, 0x000001b9c72b78d0, 0x000001b9c72b8190, 0x000001b9c72dbdd0,
0x000001b9c7ed0b70, 0x000001b9c7f04230, 0x000001b9bade7640, 0x000001b9c92bd3a0,
0x000001b9c93324a0, 0x000001b9c9332970, 0x000001b9c926b050, 0x000001b9bade6a30,
0x000001b9c9017030, 0x000001b9c942e560, 0x000001b9c942ee30, 0x000001b9c86fad30,
0x000001b9c87b2130, 0x000001b9c7dc1020, 0x000001b9c92a8060, 0x000001b9c92a8ed0,
0x000001b9c92a8530, 0x000001b9c92a8a00, 0x000001b9c92a93a0
}

Java Threads: ( => current thread )
  0x000001b9c7272ba0 JavaThread "Reference Handler" daemon [_thread_blocked, id=17992, stack(0x0000001cf9700000,0x0000001cf9800000)]
  0x000001b9c7273920 JavaThread "Finalizer" daemon [_thread_blocked, id=9344, stack(0x0000001cf9800000,0x0000001cf9900000)]
  0x000001b9c72a1820 JavaThread "Signal Dispatcher" daemon [_thread_blocked, id=2224, stack(0x0000001cf9900000,0x0000001cf9a00000)]
  0x000001b9c72a43b0 JavaThread "Attach Listener" daemon [_thread_blocked, id=16740, stack(0x0000001cf9a00000,0x0000001cf9b00000)]
  0x000001b9c72b7010 JavaThread "Service Thread" daemon [_thread_blocked, id=1568, stack(0x0000001cf9b00000,0x0000001cf9c00000)]
  0x000001b9c72b78d0 JavaThread "Monitor Deflation Thread" daemon [_thread_blocked, id=4740, stack(0x0000001cf9c00000,0x0000001cf9d00000)]
  0x000001b9c72b8190 JavaThread "C1 CompilerThread0" daemon [_thread_blocked, id=18364, stack(0x0000001cf9d00000,0x0000001cf9e00000)]
  0x000001b9c72dbdd0 JavaThread "Sweeper thread" daemon [_thread_blocked, id=8020, stack(0x0000001cf9e00000,0x0000001cf9f00000)]
  0x000001b9c7ed0b70 JavaThread "Notification Thread" daemon [_thread_blocked, id=16148, stack(0x0000001cf9f00000,0x0000001cfa000000)]
  0x000001b9c7f04230 JavaThread "Common-Cleaner" daemon [_thread_blocked, id=3808, stack(0x0000001cfa100000,0x0000001cfa200000)]
  0x000001b9bade7640 JavaThread "C1 CompilerThread1" daemon [_thread_blocked, id=17712, stack(0x0000001cfa200000,0x0000001cfa300000)]
  0x000001b9c92bd3a0 JavaThread "boundedElastic-evictor-1" daemon [_thread_blocked, id=18224, stack(0x0000001cfa600000,0x0000001cfa700000)]
  0x000001b9c93324a0 JavaThread "boundedElastic-evictor-2" daemon [_thread_blocked, id=17548, stack(0x0000001cfa700000,0x0000001cfa800000)]
  0x000001b9c9332970 JavaThread "pool-10-thread-1" [_thread_blocked, id=12688, stack(0x0000001cfa800000,0x0000001cfa900000)]
  0x000001b9c926b050 JavaThread "LanguageServerApp-lifecycle" [_thread_blocked, id=10392, stack(0x0000001cfa900000,0x0000001cfaa00000)]
  0x000001b9bade6a30 JavaThread "DestroyJavaVM" [_thread_blocked, id=16968, stack(0x0000001cf8f00000,0x0000001cf9000000)]
  0x000001b9c9017030 JavaThread "pool-11-thread-1" [_thread_in_native, id=17672, stack(0x0000001cfaa00000,0x0000001cfab00000)]
  0x000001b9c942e560 JavaThread "Simple-Language-Server main thread" daemon [_thread_blocked, id=2032, stack(0x0000001cfab00000,0x0000001cfac00000)]
  0x000001b9c942ee30 JavaThread "ForkJoinPool.commonPool-worker-1" daemon [_thread_blocked, id=11000, stack(0x0000001cfac00000,0x0000001cfad00000)]
  0x000001b9c86fad30 JavaThread "ClassGraph-worker-0" daemon [_thread_blocked, id=14168, stack(0x0000001cfad00000,0x0000001cfae00000)]
  0x000001b9c87b2130 JavaThread "ClassGraph-worker-1" daemon [_thread_blocked, id=8152, stack(0x0000001cfae00000,0x0000001cfaf00000)]
  0x000001b9c7dc1020 JavaThread "ClassGraph-worker-2" daemon [_thread_blocked, id=13812, stack(0x0000001cfaf00000,0x0000001cfb000000)]
  0x000001b9c92a8060 JavaThread "ClassGraph-worker-3" daemon [_thread_blocked, id=5956, stack(0x0000001cfb000000,0x0000001cfb100000)]
  0x000001b9c92a8ed0 JavaThread "ClassGraph-worker-4" daemon [_thread_blocked, id=8980, stack(0x0000001cfb100000,0x0000001cfb200000)]
  0x000001b9c92a8530 JavaThread "ClassGraph-worker-5" daemon [_thread_blocked, id=5840, stack(0x0000001cfb200000,0x0000001cfb300000)]
  0x000001b9c92a8a00 JavaThread "ClassGraph-worker-6" daemon [_thread_blocked, id=15308, stack(0x0000001cfb300000,0x0000001cfb400000)]
  0x000001b9c92a93a0 JavaThread "ClassGraph-worker-7" daemon [_thread_blocked, id=16996, stack(0x0000001cfb400000,0x0000001cfb500000)]

Other Threads:
=>0x000001b9c726bf00 VMThread "VM Thread" [stack: 0x0000001cf9600000,0x0000001cf9700000] [id=15008]
  0x000001b9c726f1c0 WatcherThread [stack: 0x0000001cfa000000,0x0000001cfa100000] [id=15364]
  0x000001b9bae25e50 GCTaskThread "GC Thread#0" [stack: 0x0000001cf9100000,0x0000001cf9200000] [id=15644]
  0x000001b9c86ac7f0 GCTaskThread "GC Thread#1" [stack: 0x0000001cfa300000,0x0000001cfa400000] [id=16428]
  0x000001b9c86bda90 GCTaskThread "GC Thread#2" [stack: 0x0000001cfa400000,0x0000001cfa500000] [id=15596]
  0x000001b9c88886b0 GCTaskThread "GC Thread#3" [stack: 0x0000001cfa500000,0x0000001cfa600000] [id=12276]
  0x000001b9bae2eca0 ConcurrentGCThread "G1 Main Marker" [stack: 0x0000001cf9200000,0x0000001cf9300000] [id=15588]
  0x000001b9bae2f5c0 ConcurrentGCThread "G1 Conc#0" [stack: 0x0000001cf9300000,0x0000001cf9400000] [id=9116]
  0x000001b9bae6b0f0 ConcurrentGCThread "G1 Refine#0" [stack: 0x0000001cf9400000,0x0000001cf9500000] [id=18092]
  0x000001b9c96b6930 ConcurrentGCThread "G1 Refine#1" [stack: 0x0000001cfb500000,0x0000001cfb600000] [id=14548]
  0x000001b9cb8ca680 ConcurrentGCThread "G1 Refine#2" [stack: 0x0000001cfb600000,0x0000001cfb700000] [id=16948]
  0x000001b9bae6ba20 ConcurrentGCThread "G1 Service" [stack: 0x0000001cf9500000,0x0000001cf9600000] [id=18356]

Threads with active compile tasks:

VM state: at safepoint (normal execution)

VM Mutex/Monitor currently owned by a thread:  ([mutex/lock_event])
[0x000001b9baceabe0] Threads_lock - owner thread: 0x000001b9c726bf00
[0x000001b9bade3910] Heap_lock - owner thread: 0x000001b9c92a8060

Heap address: 0x00000000c0000000, size: 1024 MB, Compressed Oops mode: 32-bit

CDS archive(s) not mapped
Compressed class space mapped at: 0x0000000100000000-0x0000000140000000, reserved size: 1073741824
Narrow klass base: 0x0000000000000000, Narrow klass shift: 3, Narrow klass range: 0x140000000

GC Precious Log:
 CPUs: 4 total, 4 available
 Memory: 3718M
 Large Page Support: Disabled
 NUMA Support: Disabled
 Compressed Oops: Enabled (32-bit)
 Heap Region Size: 1M
 Heap Min Capacity: 8M
 Heap Initial Capacity: 60M
 Heap Max Capacity: 1G
 Pre-touch: Disabled
 Parallel Workers: 4
 Concurrent Workers: 1
 Concurrent Refinement Workers: 4
 Periodic GC: Disabled

Heap:
 garbage-first heap   total 238592K, used 92105K [0x00000000c0000000, 0x0000000100000000)
  region size 1024K, 9 young (9216K), 9 survivors (9216K)
 Metaspace       used 35538K, committed 35968K, reserved 1081344K
  class space    used 4600K, committed 4800K, reserved 1048576K

Heap Regions: E=young(eden), S=young(survivor), O=old, HS=humongous(starts), HC=humongous(continues), CS=collection set, F=free, OA=open archive, CA=closed archive, TAMS=top-at-mark-start (previous, next)
|   0|0x00000000c0000000, 0x00000000c0100000, 0x00000000c0100000|100%| O|  |TAMS 0x00000000c0100000, 0x00000000c0000000| Untracked 
|   1|0x00000000c0100000, 0x00000000c0200000, 0x00000000c0200000|100%| O|  |TAMS 0x00000000c0200000, 0x00000000c0100000| Untracked 
|   2|0x00000000c0200000, 0x00000000c0300000, 0x00000000c0300000|100%| O|  |TAMS 0x00000000c0300000, 0x00000000c0200000| Untracked 
|   3|0x00000000c0300000, 0x00000000c0400000, 0x00000000c0400000|100%| O|  |TAMS 0x00000000c0400000, 0x00000000c0300000| Untracked 
|   4|0x00000000c0400000, 0x00000000c0500000, 0x00000000c0500000|100%| O|  |TAMS 0x00000000c0500000, 0x00000000c0400000| Untracked 
|   5|0x00000000c0500000, 0x00000000c0600000, 0x00000000c0600000|100%| O|  |TAMS 0x00000000c0600000, 0x00000000c0500000| Untracked 
|   6|0x00000000c0600000, 0x00000000c0700000, 0x00000000c0700000|100%| O|  |TAMS 0x00000000c0700000, 0x00000000c0600000| Untracked 
|   7|0x00000000c0700000, 0x00000000c0800000, 0x00000000c0800000|100%| O|  |TAMS 0x00000000c0800000, 0x00000000c0700000| Untracked 
|   8|0x00000000c0800000, 0x00000000c0900000, 0x00000000c0900000|100%| O|  |TAMS 0x00000000c0900000, 0x00000000c0800000| Untracked 
|   9|0x00000000c0900000, 0x00000000c0a00000, 0x00000000c0a00000|100%| O|  |TAMS 0x00000000c0a00000, 0x00000000c0900000| Untracked 
|  10|0x00000000c0a00000, 0x00000000c0b00000, 0x00000000c0b00000|100%| O|  |TAMS 0x00000000c0b00000, 0x00000000c0a00000| Untracked 
|  11|0x00000000c0b00000, 0x00000000c0c00000, 0x00000000c0c00000|100%| O|  |TAMS 0x00000000c0c00000, 0x00000000c0b00000| Untracked 
|  12|0x00000000c0c00000, 0x00000000c0d00000, 0x00000000c0d00000|100%| O|  |TAMS 0x00000000c0d00000, 0x00000000c0c00000| Untracked 
|  13|0x00000000c0d00000, 0x00000000c0e00000, 0x00000000c0e00000|100%| O|  |TAMS 0x00000000c0e00000, 0x00000000c0d00000| Untracked 
|  14|0x00000000c0e00000, 0x00000000c0f00000, 0x00000000c0f00000|100%| O|  |TAMS 0x00000000c0f00000, 0x00000000c0e00000| Untracked 
|  15|0x00000000c0f00000, 0x00000000c1000000, 0x00000000c1000000|100%| O|  |TAMS 0x00000000c1000000, 0x00000000c0f00000| Untracked 
|  16|0x00000000c1000000, 0x00000000c1100000, 0x00000000c1100000|100%| O|  |TAMS 0x00000000c1100000, 0x00000000c1000000| Untracked 
|  17|0x00000000c1100000, 0x00000000c1200000, 0x00000000c1200000|100%| O|  |TAMS 0x00000000c1200000, 0x00000000c1100000| Untracked 
|  18|0x00000000c1200000, 0x00000000c1300000, 0x00000000c1300000|100%| O|  |TAMS 0x00000000c1300000, 0x00000000c1200000| Untracked 
|  19|0x00000000c1300000, 0x00000000c1400000, 0x00000000c1400000|100%| O|  |TAMS 0x00000000c1400000, 0x00000000c1300000| Untracked 
|  20|0x00000000c1400000, 0x00000000c1500000, 0x00000000c1500000|100%| O|  |TAMS 0x00000000c1500000, 0x00000000c1400000| Untracked 
|  21|0x00000000c1500000, 0x00000000c1600000, 0x00000000c1600000|100%| O|  |TAMS 0x00000000c1600000, 0x00000000c1500000| Untracked 
|  22|0x00000000c1600000, 0x00000000c1700000, 0x00000000c1700000|100%| O|  |TAMS 0x00000000c1700000, 0x00000000c1600000| Untracked 
|  23|0x00000000c1700000, 0x00000000c1800000, 0x00000000c1800000|100%| O|  |TAMS 0x00000000c1800000, 0x00000000c1700000| Untracked 
|  24|0x00000000c1800000, 0x00000000c1900000, 0x00000000c1900000|100%| O|  |TAMS 0x00000000c1900000, 0x00000000c1800000| Untracked 
|  25|0x00000000c1900000, 0x00000000c1a00000, 0x00000000c1a00000|100%| O|  |TAMS 0x00000000c1a00000, 0x00000000c1900000| Untracked 
|  26|0x00000000c1a00000, 0x00000000c1b00000, 0x00000000c1b00000|100%| O|  |TAMS 0x00000000c1b00000, 0x00000000c1a00000| Untracked 
|  27|0x00000000c1b00000, 0x00000000c1c00000, 0x00000000c1c00000|100%| O|  |TAMS 0x00000000c1c00000, 0x00000000c1b00000| Untracked 
|  28|0x00000000c1c00000, 0x00000000c1d00000, 0x00000000c1d00000|100%| O|  |TAMS 0x00000000c1d00000, 0x00000000c1c00000| Untracked 
|  29|0x00000000c1d00000, 0x00000000c1e00000, 0x00000000c1e00000|100%| O|  |TAMS 0x00000000c1e00000, 0x00000000c1d00000| Untracked 
|  30|0x00000000c1e00000, 0x00000000c1f00000, 0x00000000c1f00000|100%| O|  |TAMS 0x00000000c1f00000, 0x00000000c1e00000| Untracked 
|  31|0x00000000c1f00000, 0x00000000c2000000, 0x00000000c2000000|100%| O|  |TAMS 0x00000000c2000000, 0x00000000c1f00000| Untracked 
|  32|0x00000000c2000000, 0x00000000c2100000, 0x00000000c2100000|100%| O|  |TAMS 0x00000000c2100000, 0x00000000c2000000| Untracked 
|  33|0x00000000c2100000, 0x00000000c2200000, 0x00000000c2200000|100%| O|  |TAMS 0x00000000c2200000, 0x00000000c2100000| Untracked 
|  34|0x00000000c2200000, 0x00000000c2300000, 0x00000000c2300000|100%| O|  |TAMS 0x00000000c2300000, 0x00000000c2200000| Untracked 
|  35|0x00000000c2300000, 0x00000000c2400000, 0x00000000c2400000|100%| O|  |TAMS 0x00000000c2400000, 0x00000000c2300000| Untracked 
|  36|0x00000000c2400000, 0x00000000c2500000, 0x00000000c2500000|100%| O|  |TAMS 0x00000000c2500000, 0x00000000c2400000| Untracked 
|  37|0x00000000c2500000, 0x00000000c2600000, 0x00000000c2600000|100%| O|  |TAMS 0x00000000c2600000, 0x00000000c2500000| Untracked 
|  38|0x00000000c2600000, 0x00000000c2700000, 0x00000000c2700000|100%| O|  |TAMS 0x00000000c2700000, 0x00000000c2600000| Untracked 
|  39|0x00000000c2700000, 0x00000000c2800000, 0x00000000c2800000|100%| O|  |TAMS 0x00000000c2800000, 0x00000000c2700000| Untracked 
|  40|0x00000000c2800000, 0x00000000c2900000, 0x00000000c2900000|100%| O|  |TAMS 0x00000000c2900000, 0x00000000c2800000| Untracked 
|  41|0x00000000c2900000, 0x00000000c2a00000, 0x00000000c2a00000|100%| O|  |TAMS 0x00000000c2a00000, 0x00000000c2900000| Untracked 
|  42|0x00000000c2a00000, 0x00000000c2b00000, 0x00000000c2b00000|100%| O|  |TAMS 0x00000000c2a00000, 0x00000000c2a00000| Untracked 
|  43|0x00000000c2b00000, 0x00000000c2c00000, 0x00000000c2c00000|100%|HS|  |TAMS 0x00000000c2c00000, 0x00000000c2b00000| Complete 
|  44|0x00000000c2c00000, 0x00000000c2d00000, 0x00000000c2d00000|100%| O|  |TAMS 0x00000000c2d00000, 0x00000000c2c00000| Untracked 
|  45|0x00000000c2d00000, 0x00000000c2e00000, 0x00000000c2e00000|100%| O|  |TAMS 0x00000000c2e00000, 0x00000000c2d00000| Untracked 
|  46|0x00000000c2e00000, 0x00000000c2f00000, 0x00000000c2f00000|100%| O|  |TAMS 0x00000000c2f00000, 0x00000000c2e00000| Untracked 
|  47|0x00000000c2f00000, 0x00000000c3000000, 0x00000000c3000000|100%| O|  |TAMS 0x00000000c3000000, 0x00000000c2f00000| Untracked 
|  48|0x00000000c3000000, 0x00000000c3100000, 0x00000000c3100000|100%| O|  |TAMS 0x00000000c3100000, 0x00000000c3000000| Untracked 
|  49|0x00000000c3100000, 0x00000000c3200000, 0x00000000c3200000|100%| O|  |TAMS 0x00000000c3200000, 0x00000000c3100000| Untracked 
|  50|0x00000000c3200000, 0x00000000c3300000, 0x00000000c3300000|100%| O|  |TAMS 0x00000000c3300000, 0x00000000c3200000| Untracked 
|  51|0x00000000c3300000, 0x00000000c3400000, 0x00000000c3400000|100%| O|  |TAMS 0x00000000c3400000, 0x00000000c3300000| Untracked 
|  52|0x00000000c3400000, 0x00000000c3500000, 0x00000000c3500000|100%| O|  |TAMS 0x00000000c3500000, 0x00000000c3400000| Untracked 
|  53|0x00000000c3500000, 0x00000000c3600000, 0x00000000c3600000|100%| O|  |TAMS 0x00000000c3600000, 0x00000000c3500000| Untracked 
|  54|0x00000000c3600000, 0x00000000c3700000, 0x00000000c3700000|100%| O|  |TAMS 0x00000000c3700000, 0x00000000c3600000| Untracked 
|  55|0x00000000c3700000, 0x00000000c3800000, 0x00000000c3800000|100%| O|  |TAMS 0x00000000c3800000, 0x00000000c3700000| Untracked 
|  56|0x00000000c3800000, 0x00000000c3900000, 0x00000000c3900000|100%| O|  |TAMS 0x00000000c3900000, 0x00000000c3800000| Untracked 
|  57|0x00000000c3900000, 0x00000000c3a00000, 0x00000000c3a00000|100%| O|  |TAMS 0x00000000c3a00000, 0x00000000c3900000| Untracked 
|  58|0x00000000c3a00000, 0x00000000c3b00000, 0x00000000c3b00000|100%| O|  |TAMS 0x00000000c3b00000, 0x00000000c3a00000| Untracked 
|  59|0x00000000c3b00000, 0x00000000c3c00000, 0x00000000c3c00000|100%| O|  |TAMS 0x00000000c3c00000, 0x00000000c3b00000| Untracked 
|  60|0x00000000c3c00000, 0x00000000c3d00000, 0x00000000c3d00000|100%| O|  |TAMS 0x00000000c3d00000, 0x00000000c3c00000| Untracked 
|  61|0x00000000c3d00000, 0x00000000c3e00000, 0x00000000c3e00000|100%| O|  |TAMS 0x00000000c3e00000, 0x00000000c3d00000| Untracked 
|  62|0x00000000c3e00000, 0x00000000c3f00000, 0x00000000c3f00000|100%| O|  |TAMS 0x00000000c3f00000, 0x00000000c3e00000| Untracked 
|  63|0x00000000c3f00000, 0x00000000c4000000, 0x00000000c4000000|100%| O|  |TAMS 0x00000000c3f00000, 0x00000000c3f00000| Untracked 
|  64|0x00000000c4000000, 0x00000000c4100000, 0x00000000c4100000|100%| O|  |TAMS 0x00000000c4078600, 0x00000000c4000000| Untracked 
|  65|0x00000000c4100000, 0x00000000c4200000, 0x00000000c4200000|100%| O|  |TAMS 0x00000000c4100000, 0x00000000c4100000| Untracked 
|  66|0x00000000c4200000, 0x00000000c4300000, 0x00000000c4300000|100%| O|  |TAMS 0x00000000c4200000, 0x00000000c4200000| Untracked 
|  67|0x00000000c4300000, 0x00000000c4400000, 0x00000000c4400000|100%| O|  |TAMS 0x00000000c4300000, 0x00000000c4300000| Untracked 
|  68|0x00000000c4400000, 0x00000000c4500000, 0x00000000c4500000|100%| O|  |TAMS 0x00000000c4400000, 0x00000000c4400000| Untracked 
|  69|0x00000000c4500000, 0x00000000c4600000, 0x00000000c4600000|100%| O|  |TAMS 0x00000000c4500000, 0x00000000c4500000| Untracked 
|  70|0x00000000c4600000, 0x00000000c4700000, 0x00000000c4700000|100%| O|  |TAMS 0x00000000c4600000, 0x00000000c4600000| Untracked 
|  71|0x00000000c4700000, 0x00000000c4800000, 0x00000000c4800000|100%| O|  |TAMS 0x00000000c4700000, 0x00000000c4700000| Untracked 
|  72|0x00000000c4800000, 0x00000000c4900000, 0x00000000c4900000|100%| O|  |TAMS 0x00000000c4800000, 0x00000000c4800000| Untracked 
|  73|0x00000000c4900000, 0x00000000c4a00000, 0x00000000c4a00000|100%| O|  |TAMS 0x00000000c4900000, 0x00000000c4900000| Untracked 
|  74|0x00000000c4a00000, 0x00000000c4b00000, 0x00000000c4b00000|100%| O|  |TAMS 0x00000000c4a00000, 0x00000000c4a00000| Untracked 
|  75|0x00000000c4b00000, 0x00000000c4c00000, 0x00000000c4c00000|100%| O|  |TAMS 0x00000000c4b00000, 0x00000000c4b00000| Untracked 
|  76|0x00000000c4c00000, 0x00000000c4d00000, 0x00000000c4d00000|100%| O|  |TAMS 0x00000000c4c00000, 0x00000000c4c00000| Untracked 
|  77|0x00000000c4d00000, 0x00000000c4e00000, 0x00000000c4e00000|100%| O|  |TAMS 0x00000000c4d00000, 0x00000000c4d00000| Untracked 
|  78|0x00000000c4e00000, 0x00000000c4f00000, 0x00000000c4f00000|100%| O|  |TAMS 0x00000000c4e00000, 0x00000000c4e00000| Untracked 
|  79|0x00000000c4f00000, 0x00000000c5000000, 0x00000000c5000000|100%| O|  |TAMS 0x00000000c4f00000, 0x00000000c4f00000| Untracked 
|  80|0x00000000c5000000, 0x00000000c50f2600, 0x00000000c5100000| 94%| O|  |TAMS 0x00000000c5000000, 0x00000000c5000000| Untracked 
|  81|0x00000000c5100000, 0x00000000c5100000, 0x00000000c5200000|  0%| F|  |TAMS 0x00000000c5100000, 0x00000000c5100000| Untracked 
|  82|0x00000000c5200000, 0x00000000c5200000, 0x00000000c5300000|  0%| F|  |TAMS 0x00000000c5200000, 0x00000000c5200000| Untracked 
|  83|0x00000000c5300000, 0x00000000c5300000, 0x00000000c5400000|  0%| F|  |TAMS 0x00000000c5300000, 0x00000000c5300000| Untracked 
|  84|0x00000000c5400000, 0x00000000c5400000, 0x00000000c5500000|  0%| F|  |TAMS 0x00000000c5400000, 0x00000000c5400000| Untracked 
|  85|0x00000000c5500000, 0x00000000c5500000, 0x00000000c5600000|  0%| F|  |TAMS 0x00000000c5500000, 0x00000000c5500000| Untracked 
|  86|0x00000000c5600000, 0x00000000c5600000, 0x00000000c5700000|  0%| F|  |TAMS 0x00000000c5600000, 0x00000000c5600000| Untracked 
|  87|0x00000000c5700000, 0x00000000c5700000, 0x00000000c5800000|  0%| F|  |TAMS 0x00000000c5700000, 0x00000000c5700000| Untracked 
|  88|0x00000000c5800000, 0x00000000c5800000, 0x00000000c5900000|  0%| F|  |TAMS 0x00000000c5800000, 0x00000000c5800000| Untracked 
|  89|0x00000000c5900000, 0x00000000c5900000, 0x00000000c5a00000|  0%| F|  |TAMS 0x00000000c5900000, 0x00000000c5900000| Untracked 
|  90|0x00000000c5a00000, 0x00000000c5a00000, 0x00000000c5b00000|  0%| F|  |TAMS 0x00000000c5a00000, 0x00000000c5a00000| Untracked 
|  91|0x00000000c5b00000, 0x00000000c5b00000, 0x00000000c5c00000|  0%| F|  |TAMS 0x00000000c5b00000, 0x00000000c5b00000| Untracked 
|  92|0x00000000c5c00000, 0x00000000c5c00000, 0x00000000c5d00000|  0%| F|  |TAMS 0x00000000c5c00000, 0x00000000c5c00000| Untracked 
|  93|0x00000000c5d00000, 0x00000000c5d00000, 0x00000000c5e00000|  0%| F|  |TAMS 0x00000000c5d00000, 0x00000000c5d00000| Untracked 
|  94|0x00000000c5e00000, 0x00000000c5e00000, 0x00000000c5f00000|  0%| F|  |TAMS 0x00000000c5e00000, 0x00000000c5e00000| Untracked 
|  95|0x00000000c5f00000, 0x00000000c5f00000, 0x00000000c6000000|  0%| F|  |TAMS 0x00000000c5f00000, 0x00000000c5f00000| Untracked 
|  96|0x00000000c6000000, 0x00000000c6000000, 0x00000000c6100000|  0%| F|  |TAMS 0x00000000c6000000, 0x00000000c6000000| Untracked 
|  97|0x00000000c6100000, 0x00000000c6100000, 0x00000000c6200000|  0%| F|  |TAMS 0x00000000c6100000, 0x00000000c6100000| Untracked 
|  98|0x00000000c6200000, 0x00000000c6200000, 0x00000000c6300000|  0%| F|  |TAMS 0x00000000c6200000, 0x00000000c6200000| Untracked 
|  99|0x00000000c6300000, 0x00000000c6300000, 0x00000000c6400000|  0%| F|  |TAMS 0x00000000c6300000, 0x00000000c6300000| Untracked 
| 100|0x00000000c6400000, 0x00000000c6400000, 0x00000000c6500000|  0%| F|  |TAMS 0x00000000c6400000, 0x00000000c6400000| Untracked 
| 101|0x00000000c6500000, 0x00000000c6500000, 0x00000000c6600000|  0%| F|  |TAMS 0x00000000c6500000, 0x00000000c6500000| Untracked 
| 102|0x00000000c6600000, 0x00000000c6600000, 0x00000000c6700000|  0%| F|  |TAMS 0x00000000c6600000, 0x00000000c6600000| Untracked 
| 103|0x00000000c6700000, 0x00000000c6700000, 0x00000000c6800000|  0%| F|  |TAMS 0x00000000c6700000, 0x00000000c6700000| Untracked 
| 104|0x00000000c6800000, 0x00000000c6800000, 0x00000000c6900000|  0%| F|  |TAMS 0x00000000c6800000, 0x00000000c6800000| Untracked 
| 105|0x00000000c6900000, 0x00000000c6900000, 0x00000000c6a00000|  0%| F|  |TAMS 0x00000000c6900000, 0x00000000c6900000| Untracked 
| 106|0x00000000c6a00000, 0x00000000c6a00000, 0x00000000c6b00000|  0%| F|  |TAMS 0x00000000c6a00000, 0x00000000c6a00000| Untracked 
| 107|0x00000000c6b00000, 0x00000000c6b00000, 0x00000000c6c00000|  0%| F|  |TAMS 0x00000000c6b00000, 0x00000000c6b00000| Untracked 
| 108|0x00000000c6c00000, 0x00000000c6c00000, 0x00000000c6d00000|  0%| F|  |TAMS 0x00000000c6c00000, 0x00000000c6c00000| Untracked 
| 109|0x00000000c6d00000, 0x00000000c6d00000, 0x00000000c6e00000|  0%| F|  |TAMS 0x00000000c6d00000, 0x00000000c6d00000| Untracked 
| 110|0x00000000c6e00000, 0x00000000c6e00000, 0x00000000c6f00000|  0%| F|  |TAMS 0x00000000c6e00000, 0x00000000c6e00000| Untracked 
| 111|0x00000000c6f00000, 0x00000000c6f00000, 0x00000000c7000000|  0%| F|  |TAMS 0x00000000c6f00000, 0x00000000c6f00000| Untracked 
| 112|0x00000000c7000000, 0x00000000c7100000, 0x00000000c7100000|100%| S|CS|TAMS 0x00000000c7000000, 0x00000000c7000000| Complete 
| 113|0x00000000c7100000, 0x00000000c7200000, 0x00000000c7200000|100%| S|CS|TAMS 0x00000000c7100000, 0x00000000c7100000| Complete 
| 114|0x00000000c7200000, 0x00000000c7300000, 0x00000000c7300000|100%| S|CS|TAMS 0x00000000c7200000, 0x00000000c7200000| Complete 
| 115|0x00000000c7300000, 0x00000000c7400000, 0x00000000c7400000|100%| S|CS|TAMS 0x00000000c7300000, 0x00000000c7300000| Complete 
| 116|0x00000000c7400000, 0x00000000c7500000, 0x00000000c7500000|100%| S|CS|TAMS 0x00000000c7400000, 0x00000000c7400000| Complete 
| 117|0x00000000c7500000, 0x00000000c7600000, 0x00000000c7600000|100%| S|CS|TAMS 0x00000000c7500000, 0x00000000c7500000| Complete 
| 118|0x00000000c7600000, 0x00000000c7700000, 0x00000000c7700000|100%| S|CS|TAMS 0x00000000c7600000, 0x00000000c7600000| Complete 
| 119|0x00000000c7700000, 0x00000000c7800000, 0x00000000c7800000|100%| S|CS|TAMS 0x00000000c7700000, 0x00000000c7700000| Complete 
| 120|0x00000000c7800000, 0x00000000c7800000, 0x00000000c7900000|  0%| F|  |TAMS 0x00000000c7800000, 0x00000000c7800000| Untracked 
| 121|0x00000000c7900000, 0x00000000c7900000, 0x00000000c7a00000|  0%| F|  |TAMS 0x00000000c7900000, 0x00000000c7900000| Untracked 
| 122|0x00000000c7a00000, 0x00000000c7a00000, 0x00000000c7b00000|  0%| F|  |TAMS 0x00000000c7a00000, 0x00000000c7a00000| Untracked 
| 123|0x00000000c7b00000, 0x00000000c7b00000, 0x00000000c7c00000|  0%| F|  |TAMS 0x00000000c7b00000, 0x00000000c7b00000| Untracked 
| 124|0x00000000c7c00000, 0x00000000c7c00000, 0x00000000c7d00000|  0%| F|  |TAMS 0x00000000c7c00000, 0x00000000c7c00000| Untracked 
| 125|0x00000000c7d00000, 0x00000000c7e00000, 0x00000000c7e00000|100%| S|CS|TAMS 0x00000000c7d00000, 0x00000000c7d00000| Complete 
| 126|0x00000000c7e00000, 0x00000000c7e00000, 0x00000000c7f00000|  0%| F|  |TAMS 0x00000000c7e00000, 0x00000000c7e00000| Untracked 
| 127|0x00000000c7f00000, 0x00000000c7f00000, 0x00000000c8000000|  0%| F|  |TAMS 0x00000000c7f00000, 0x00000000c7f00000| Untracked 
| 128|0x00000000c8000000, 0x00000000c8000000, 0x00000000c8100000|  0%| F|  |TAMS 0x00000000c8000000, 0x00000000c8000000| Untracked 
| 129|0x00000000c8100000, 0x00000000c8100000, 0x00000000c8200000|  0%| F|  |TAMS 0x00000000c8100000, 0x00000000c8100000| Untracked 
| 130|0x00000000c8200000, 0x00000000c8200000, 0x00000000c8300000|  0%| F|  |TAMS 0x00000000c8200000, 0x00000000c8200000| Untracked 
| 131|0x00000000c8300000, 0x00000000c8300000, 0x00000000c8400000|  0%| F|  |TAMS 0x00000000c8300000, 0x00000000c8300000| Untracked 
| 132|0x00000000c8400000, 0x00000000c8400000, 0x00000000c8500000|  0%| F|  |TAMS 0x00000000c8400000, 0x00000000c8400000| Untracked 
| 133|0x00000000c8500000, 0x00000000c8500000, 0x00000000c8600000|  0%| F|  |TAMS 0x00000000c8500000, 0x00000000c8500000| Untracked 
| 134|0x00000000c8600000, 0x00000000c8600000, 0x00000000c8700000|  0%| F|  |TAMS 0x00000000c8600000, 0x00000000c8600000| Untracked 
| 135|0x00000000c8700000, 0x00000000c8700000, 0x00000000c8800000|  0%| F|  |TAMS 0x00000000c8700000, 0x00000000c8700000| Untracked 
| 136|0x00000000c8800000, 0x00000000c8800000, 0x00000000c8900000|  0%| F|  |TAMS 0x00000000c8800000, 0x00000000c8800000| Untracked 
| 137|0x00000000c8900000, 0x00000000c8900000, 0x00000000c8a00000|  0%| F|  |TAMS 0x00000000c8900000, 0x00000000c8900000| Untracked 
| 138|0x00000000c8a00000, 0x00000000c8a00000, 0x00000000c8b00000|  0%| F|  |TAMS 0x00000000c8a00000, 0x00000000c8a00000| Untracked 
| 139|0x00000000c8b00000, 0x00000000c8b00000, 0x00000000c8c00000|  0%| F|  |TAMS 0x00000000c8b00000, 0x00000000c8b00000| Untracked 
| 140|0x00000000c8c00000, 0x00000000c8c00000, 0x00000000c8d00000|  0%| F|  |TAMS 0x00000000c8c00000, 0x00000000c8c00000| Untracked 
| 141|0x00000000c8d00000, 0x00000000c8d00000, 0x00000000c8e00000|  0%| F|  |TAMS 0x00000000c8d00000, 0x00000000c8d00000| Untracked 
| 142|0x00000000c8e00000, 0x00000000c8e00000, 0x00000000c8f00000|  0%| F|  |TAMS 0x00000000c8e00000, 0x00000000c8e00000| Untracked 
| 143|0x00000000c8f00000, 0x00000000c8f00000, 0x00000000c9000000|  0%| F|  |TAMS 0x00000000c8f00000, 0x00000000c8f00000| Untracked 
| 144|0x00000000c9000000, 0x00000000c9000000, 0x00000000c9100000|  0%| F|  |TAMS 0x00000000c9000000, 0x00000000c9000000| Untracked 
| 145|0x00000000c9100000, 0x00000000c9100000, 0x00000000c9200000|  0%| F|  |TAMS 0x00000000c9100000, 0x00000000c9100000| Untracked 
| 146|0x00000000c9200000, 0x00000000c9200000, 0x00000000c9300000|  0%| F|  |TAMS 0x00000000c9200000, 0x00000000c9200000| Untracked 
| 147|0x00000000c9300000, 0x00000000c9300000, 0x00000000c9400000|  0%| F|  |TAMS 0x00000000c9300000, 0x00000000c9300000| Untracked 
| 148|0x00000000c9400000, 0x00000000c9400000, 0x00000000c9500000|  0%| F|  |TAMS 0x00000000c9400000, 0x00000000c9400000| Untracked 
| 149|0x00000000c9500000, 0x00000000c9500000, 0x00000000c9600000|  0%| F|  |TAMS 0x00000000c9500000, 0x00000000c9500000| Untracked 
| 150|0x00000000c9600000, 0x00000000c9600000, 0x00000000c9700000|  0%| F|  |TAMS 0x00000000c9600000, 0x00000000c9600000| Untracked 
| 151|0x00000000c9700000, 0x00000000c9700000, 0x00000000c9800000|  0%| F|  |TAMS 0x00000000c9700000, 0x00000000c9700000| Untracked 
| 152|0x00000000c9800000, 0x00000000c9800000, 0x00000000c9900000|  0%| F|  |TAMS 0x00000000c9800000, 0x00000000c9800000| Untracked 
| 153|0x00000000c9900000, 0x00000000c9900000, 0x00000000c9a00000|  0%| F|  |TAMS 0x00000000c9900000, 0x00000000c9900000| Untracked 
| 154|0x00000000c9a00000, 0x00000000c9a00000, 0x00000000c9b00000|  0%| F|  |TAMS 0x00000000c9a00000, 0x00000000c9a00000| Untracked 
| 155|0x00000000c9b00000, 0x00000000c9b00000, 0x00000000c9c00000|  0%| F|  |TAMS 0x00000000c9b00000, 0x00000000c9b00000| Untracked 
| 156|0x00000000c9c00000, 0x00000000c9c00000, 0x00000000c9d00000|  0%| F|  |TAMS 0x00000000c9c00000, 0x00000000c9c00000| Untracked 
| 157|0x00000000c9d00000, 0x00000000c9d00000, 0x00000000c9e00000|  0%| F|  |TAMS 0x00000000c9d00000, 0x00000000c9d00000| Untracked 
| 158|0x00000000c9e00000, 0x00000000c9e00000, 0x00000000c9f00000|  0%| F|  |TAMS 0x00000000c9e00000, 0x00000000c9e00000| Untracked 
| 159|0x00000000c9f00000, 0x00000000c9f00000, 0x00000000ca000000|  0%| F|  |TAMS 0x00000000c9f00000, 0x00000000c9f00000| Untracked 
| 160|0x00000000ca000000, 0x00000000ca000000, 0x00000000ca100000|  0%| F|  |TAMS 0x00000000ca000000, 0x00000000ca000000| Untracked 
| 161|0x00000000ca100000, 0x00000000ca100000, 0x00000000ca200000|  0%| F|  |TAMS 0x00000000ca100000, 0x00000000ca100000| Untracked 
| 162|0x00000000ca200000, 0x00000000ca200000, 0x00000000ca300000|  0%| F|  |TAMS 0x00000000ca200000, 0x00000000ca200000| Untracked 
| 163|0x00000000ca300000, 0x00000000ca300000, 0x00000000ca400000|  0%| F|  |TAMS 0x00000000ca300000, 0x00000000ca300000| Untracked 
| 164|0x00000000ca400000, 0x00000000ca400000, 0x00000000ca500000|  0%| F|  |TAMS 0x00000000ca400000, 0x00000000ca400000| Untracked 
| 165|0x00000000ca500000, 0x00000000ca500000, 0x00000000ca600000|  0%| F|  |TAMS 0x00000000ca500000, 0x00000000ca500000| Untracked 
| 166|0x00000000ca600000, 0x00000000ca600000, 0x00000000ca700000|  0%| F|  |TAMS 0x00000000ca600000, 0x00000000ca600000| Untracked 
| 167|0x00000000ca700000, 0x00000000ca700000, 0x00000000ca800000|  0%| F|  |TAMS 0x00000000ca700000, 0x00000000ca700000| Untracked 
| 168|0x00000000ca800000, 0x00000000ca800000, 0x00000000ca900000|  0%| F|  |TAMS 0x00000000ca800000, 0x00000000ca800000| Untracked 
| 169|0x00000000ca900000, 0x00000000ca900000, 0x00000000caa00000|  0%| F|  |TAMS 0x00000000ca900000, 0x00000000ca900000| Untracked 
| 170|0x00000000caa00000, 0x00000000caa00000, 0x00000000cab00000|  0%| F|  |TAMS 0x00000000caa00000, 0x00000000caa00000| Untracked 
| 171|0x00000000cab00000, 0x00000000cab00000, 0x00000000cac00000|  0%| F|  |TAMS 0x00000000cab00000, 0x00000000cab00000| Untracked 
| 172|0x00000000cac00000, 0x00000000cac00000, 0x00000000cad00000|  0%| F|  |TAMS 0x00000000cac00000, 0x00000000cac00000| Untracked 
| 173|0x00000000cad00000, 0x00000000cad00000, 0x00000000cae00000|  0%| F|  |TAMS 0x00000000cad00000, 0x00000000cad00000| Untracked 
| 174|0x00000000cae00000, 0x00000000cae00000, 0x00000000caf00000|  0%| F|  |TAMS 0x00000000cae00000, 0x00000000cae00000| Untracked 
| 175|0x00000000caf00000, 0x00000000caf00000, 0x00000000cb000000|  0%| F|  |TAMS 0x00000000caf00000, 0x00000000caf00000| Untracked 
| 176|0x00000000cb000000, 0x00000000cb000000, 0x00000000cb100000|  0%| F|  |TAMS 0x00000000cb000000, 0x00000000cb000000| Untracked 
| 177|0x00000000cb100000, 0x00000000cb100000, 0x00000000cb200000|  0%| F|  |TAMS 0x00000000cb100000, 0x00000000cb100000| Untracked 
| 178|0x00000000cb200000, 0x00000000cb200000, 0x00000000cb300000|  0%| F|  |TAMS 0x00000000cb200000, 0x00000000cb200000| Untracked 
| 179|0x00000000cb300000, 0x00000000cb300000, 0x00000000cb400000|  0%| F|  |TAMS 0x00000000cb300000, 0x00000000cb300000| Untracked 
| 180|0x00000000cb400000, 0x00000000cb400000, 0x00000000cb500000|  0%| F|  |TAMS 0x00000000cb400000, 0x00000000cb400000| Untracked 
| 181|0x00000000cb500000, 0x00000000cb500000, 0x00000000cb600000|  0%| F|  |TAMS 0x00000000cb500000, 0x00000000cb500000| Untracked 
| 182|0x00000000cb600000, 0x00000000cb600000, 0x00000000cb700000|  0%| F|  |TAMS 0x00000000cb600000, 0x00000000cb600000| Untracked 
| 183|0x00000000cb700000, 0x00000000cb700000, 0x00000000cb800000|  0%| F|  |TAMS 0x00000000cb700000, 0x00000000cb700000| Untracked 
| 184|0x00000000cb800000, 0x00000000cb800000, 0x00000000cb900000|  0%| F|  |TAMS 0x00000000cb800000, 0x00000000cb800000| Untracked 
| 185|0x00000000cb900000, 0x00000000cb900000, 0x00000000cba00000|  0%| F|  |TAMS 0x00000000cb900000, 0x00000000cb900000| Untracked 
| 186|0x00000000cba00000, 0x00000000cba00000, 0x00000000cbb00000|  0%| F|  |TAMS 0x00000000cba00000, 0x00000000cba00000| Untracked 
| 187|0x00000000cbb00000, 0x00000000cbb00000, 0x00000000cbc00000|  0%| F|  |TAMS 0x00000000cbb00000, 0x00000000cbb00000| Untracked 
| 188|0x00000000cbc00000, 0x00000000cbc00000, 0x00000000cbd00000|  0%| F|  |TAMS 0x00000000cbc00000, 0x00000000cbc00000| Untracked 
| 189|0x00000000cbd00000, 0x00000000cbd00000, 0x00000000cbe00000|  0%| F|  |TAMS 0x00000000cbd00000, 0x00000000cbd00000| Untracked 
| 190|0x00000000cbe00000, 0x00000000cbe00000, 0x00000000cbf00000|  0%| F|  |TAMS 0x00000000cbe00000, 0x00000000cbe00000| Untracked 
| 191|0x00000000cbf00000, 0x00000000cbf00000, 0x00000000cc000000|  0%| F|  |TAMS 0x00000000cbf00000, 0x00000000cbf00000| Untracked 
| 192|0x00000000cc000000, 0x00000000cc000000, 0x00000000cc100000|  0%| F|  |TAMS 0x00000000cc000000, 0x00000000cc000000| Untracked 
| 193|0x00000000cc100000, 0x00000000cc100000, 0x00000000cc200000|  0%| F|  |TAMS 0x00000000cc100000, 0x00000000cc100000| Untracked 
| 194|0x00000000cc200000, 0x00000000cc200000, 0x00000000cc300000|  0%| F|  |TAMS 0x00000000cc200000, 0x00000000cc200000| Untracked 
| 195|0x00000000cc300000, 0x00000000cc300000, 0x00000000cc400000|  0%| F|  |TAMS 0x00000000cc300000, 0x00000000cc300000| Untracked 
| 196|0x00000000cc400000, 0x00000000cc400000, 0x00000000cc500000|  0%| F|  |TAMS 0x00000000cc400000, 0x00000000cc400000| Untracked 
| 197|0x00000000cc500000, 0x00000000cc500000, 0x00000000cc600000|  0%| F|  |TAMS 0x00000000cc500000, 0x00000000cc500000| Untracked 
| 198|0x00000000cc600000, 0x00000000cc600000, 0x00000000cc700000|  0%| F|  |TAMS 0x00000000cc600000, 0x00000000cc600000| Untracked 
| 199|0x00000000cc700000, 0x00000000cc700000, 0x00000000cc800000|  0%| F|  |TAMS 0x00000000cc700000, 0x00000000cc700000| Untracked 
| 200|0x00000000cc800000, 0x00000000cc800000, 0x00000000cc900000|  0%| F|  |TAMS 0x00000000cc800000, 0x00000000cc800000| Untracked 
| 201|0x00000000cc900000, 0x00000000cc900000, 0x00000000cca00000|  0%| F|  |TAMS 0x00000000cc900000, 0x00000000cc900000| Untracked 
| 202|0x00000000cca00000, 0x00000000cca00000, 0x00000000ccb00000|  0%| F|  |TAMS 0x00000000cca00000, 0x00000000cca00000| Untracked 
| 203|0x00000000ccb00000, 0x00000000ccb00000, 0x00000000ccc00000|  0%| F|  |TAMS 0x00000000ccb00000, 0x00000000ccb00000| Untracked 
| 204|0x00000000ccc00000, 0x00000000ccc00000, 0x00000000ccd00000|  0%| F|  |TAMS 0x00000000ccc00000, 0x00000000ccc00000| Untracked 
| 205|0x00000000ccd00000, 0x00000000ccd00000, 0x00000000cce00000|  0%| F|  |TAMS 0x00000000ccd00000, 0x00000000ccd00000| Untracked 
| 206|0x00000000cce00000, 0x00000000cce00000, 0x00000000ccf00000|  0%| F|  |TAMS 0x00000000cce00000, 0x00000000cce00000| Untracked 
| 207|0x00000000ccf00000, 0x00000000ccf00000, 0x00000000cd000000|  0%| F|  |TAMS 0x00000000ccf00000, 0x00000000ccf00000| Untracked 
| 208|0x00000000cd000000, 0x00000000cd000000, 0x00000000cd100000|  0%| F|  |TAMS 0x00000000cd000000, 0x00000000cd000000| Untracked 
| 209|0x00000000cd100000, 0x00000000cd100000, 0x00000000cd200000|  0%| F|  |TAMS 0x00000000cd100000, 0x00000000cd100000| Untracked 
| 210|0x00000000cd200000, 0x00000000cd200000, 0x00000000cd300000|  0%| F|  |TAMS 0x00000000cd200000, 0x00000000cd200000| Untracked 
| 211|0x00000000cd300000, 0x00000000cd300000, 0x00000000cd400000|  0%| F|  |TAMS 0x00000000cd300000, 0x00000000cd300000| Untracked 
| 212|0x00000000cd400000, 0x00000000cd400000, 0x00000000cd500000|  0%| F|  |TAMS 0x00000000cd400000, 0x00000000cd400000| Untracked 
| 213|0x00000000cd500000, 0x00000000cd500000, 0x00000000cd600000|  0%| F|  |TAMS 0x00000000cd500000, 0x00000000cd500000| Untracked 
| 214|0x00000000cd600000, 0x00000000cd600000, 0x00000000cd700000|  0%| F|  |TAMS 0x00000000cd600000, 0x00000000cd600000| Untracked 
| 215|0x00000000cd700000, 0x00000000cd700000, 0x00000000cd800000|  0%| F|  |TAMS 0x00000000cd700000, 0x00000000cd700000| Untracked 
| 216|0x00000000cd800000, 0x00000000cd800000, 0x00000000cd900000|  0%| F|  |TAMS 0x00000000cd800000, 0x00000000cd800000| Untracked 
| 217|0x00000000cd900000, 0x00000000cd900000, 0x00000000cda00000|  0%| F|  |TAMS 0x00000000cd900000, 0x00000000cd900000| Untracked 
| 218|0x00000000cda00000, 0x00000000cda00000, 0x00000000cdb00000|  0%| F|  |TAMS 0x00000000cda00000, 0x00000000cda00000| Untracked 
| 219|0x00000000cdb00000, 0x00000000cdb00000, 0x00000000cdc00000|  0%| F|  |TAMS 0x00000000cdb00000, 0x00000000cdb00000| Untracked 
| 220|0x00000000cdc00000, 0x00000000cdc00000, 0x00000000cdd00000|  0%| F|  |TAMS 0x00000000cdc00000, 0x00000000cdc00000| Untracked 
| 221|0x00000000cdd00000, 0x00000000cdd00000, 0x00000000cde00000|  0%| F|  |TAMS 0x00000000cdd00000, 0x00000000cdd00000| Untracked 
| 222|0x00000000cde00000, 0x00000000cde00000, 0x00000000cdf00000|  0%| F|  |TAMS 0x00000000cde00000, 0x00000000cde00000| Untracked 
| 223|0x00000000cdf00000, 0x00000000cdf00000, 0x00000000ce000000|  0%| F|  |TAMS 0x00000000cdf00000, 0x00000000cdf00000| Untracked 
| 224|0x00000000ce000000, 0x00000000ce000000, 0x00000000ce100000|  0%| F|  |TAMS 0x00000000ce000000, 0x00000000ce000000| Untracked 
| 225|0x00000000ce100000, 0x00000000ce100000, 0x00000000ce200000|  0%| F|  |TAMS 0x00000000ce100000, 0x00000000ce100000| Untracked 
| 226|0x00000000ce200000, 0x00000000ce200000, 0x00000000ce300000|  0%| F|  |TAMS 0x00000000ce200000, 0x00000000ce200000| Untracked 
| 227|0x00000000ce300000, 0x00000000ce300000, 0x00000000ce400000|  0%| F|  |TAMS 0x00000000ce300000, 0x00000000ce300000| Untracked 
| 228|0x00000000ce400000, 0x00000000ce400000, 0x00000000ce500000|  0%| F|  |TAMS 0x00000000ce400000, 0x00000000ce400000| Untracked 
| 229|0x00000000ce500000, 0x00000000ce500000, 0x00000000ce600000|  0%| F|  |TAMS 0x00000000ce500000, 0x00000000ce500000| Untracked 
| 230|0x00000000ce600000, 0x00000000ce600000, 0x00000000ce700000|  0%| F|  |TAMS 0x00000000ce600000, 0x00000000ce600000| Untracked 
| 231|0x00000000ce700000, 0x00000000ce700000, 0x00000000ce800000|  0%| F|  |TAMS 0x00000000ce700000, 0x00000000ce700000| Untracked 
| 232|0x00000000ce800000, 0x00000000ce800000, 0x00000000ce900000|  0%| F|  |TAMS 0x00000000ce800000, 0x00000000ce800000| Untracked 

Card table byte_map: [0x000001b9c28d0000,0x000001b9c2ad0000] _byte_map_base: 0x000001b9c22d0000

Marking Bits (Prev, Next): (CMBitMap*) 0x000001b9bae26370, (CMBitMap*) 0x000001b9bae263b0
 Prev Bits: [0x000001b9c2cd0000, 0x000001b9c3cd0000)
 Next Bits: [0x000001b9c3cd0000, 0x000001b9c4cd0000)

Polling page: 0x000001b9bac60000

Metaspace:

Usage:
  Non-class:     30.21 MB used.
      Class:      4.49 MB used.
       Both:     34.71 MB used.

Virtual space:
  Non-class space:       32.00 MB reserved,      30.44 MB ( 95%) committed,  4 nodes.
      Class space:        1.00 GB reserved,       4.69 MB ( <1%) committed,  1 nodes.
             Both:        1.03 GB reserved,      35.12 MB (  3%) committed. 

Chunk freelists:
   Non-Class:  736.00 KB
       Class:  3.20 MB
        Both:  3.92 MB

MaxMetaspaceSize: unlimited
CompressedClassSpaceSize: 1.00 GB
Initial GC threshold: 21.00 MB
Current GC threshold: 58.38 MB
CDS: off
MetaspaceReclaimPolicy: balanced
 - commit_granule_bytes: 65536.
 - commit_granule_words: 8192.
 - virtual_space_node_default_size: 1048576.
 - enlarge_chunks_in_place: 1.
 - new_chunks_are_fully_committed: 0.
 - uncommit_free_chunks: 1.
 - use_allocation_guard: 0.
 - handle_deallocations: 1.


Internal statistics:

num_allocs_failed_limit: 3.
num_arena_births: 452.
num_arena_deaths: 0.
num_vsnodes_births: 5.
num_vsnodes_deaths: 0.
num_space_committed: 562.
num_space_uncommitted: 0.
num_chunks_returned_to_freelist: 3.
num_chunks_taken_from_freelist: 1487.
num_chunk_merges: 3.
num_chunk_splits: 1001.
num_chunks_enlarged: 749.
num_purges: 0.
num_inconsistent_stats: 0.

CodeCache: size=49152Kb used=8023Kb max_used=8023Kb free=41128Kb
 bounds [0x000001b9bf290000, 0x000001b9bfa70000, 0x000001b9c2290000]
 total_blobs=4313 nmethods=3775 adapters=464
 compilation: enabled
              stopped_count=0, restarted_count=0
 full_count=0

Compilation events (20 events):
Event: 13.417 Thread 0x000001b9c72b8190 nmethod 3766 0x000001b9bfa5f390 code [0x000001b9bfa5f580, 0x000001b9bfa5faa8]
Event: 13.417 Thread 0x000001b9c72b8190 3768   !   1       nonapi.io.github.classgraph.fileslice.reader.ClassfileReader::close (43 bytes)
Event: 13.418 Thread 0x000001b9c72b8190 nmethod 3768 0x000001b9bfa5fd90 code [0x000001b9bfa5ff40, 0x000001b9bfa60118]
Event: 13.418 Thread 0x000001b9c72b8190 3761       1       jdk.internal.jimage.ImageReader::releaseByteBuffer (5 bytes)
Event: 13.418 Thread 0x000001b9c72b8190 nmethod 3761 0x000001b9bfa60210 code [0x000001b9bfa603a0, 0x000001b9bfa604e8]
Event: 13.418 Thread 0x000001b9c72b8190 3769       1       io.github.classgraph.ClasspathElementModule$1$1::<init> (16 bytes)
Event: 13.418 Thread 0x000001b9c72b8190 nmethod 3769 0x000001b9bfa60590 code [0x000001b9bfa60720, 0x000001b9bfa608f8]
Event: 13.419 Thread 0x000001b9bade7640 nmethod 3767 0x000001b9bfa60990 code [0x000001b9bfa60d00, 0x000001b9bfa61b68]
Event: 13.419 Thread 0x000001b9bade7640 3772       1       nonapi.io.github.classgraph.utils.ProxyingInputStream::read (11 bytes)
Event: 13.419 Thread 0x000001b9bade7640 nmethod 3772 0x000001b9bfa62410 code [0x000001b9bfa625a0, 0x000001b9bfa62688]
Event: 13.422 Thread 0x000001b9bade7640 3773       1       jdk.internal.module.SystemModuleFinders$SystemModuleReader$$Lambda$209/0x00000001001db5b8::<init> (10 bytes)
Event: 13.422 Thread 0x000001b9c72b8190 3774       1       java.nio.HeapByteBuffer::get (64 bytes)
Event: 13.422 Thread 0x000001b9bade7640 nmethod 3773 0x000001b9bfa62710 code [0x000001b9bfa628a0, 0x000001b9bfa629b8]
Event: 13.422 Thread 0x000001b9bade7640 3775       1       jdk.internal.module.SystemModuleFinders$SystemModuleReader::open (15 bytes)
Event: 13.424 Thread 0x000001b9bade7640 nmethod 3775 0x000001b9bfa62a10 code [0x000001b9bfa62c20, 0x000001b9bfa631e8]
Event: 13.424 Thread 0x000001b9c72b8190 nmethod 3774 0x000001b9bfa63510 code [0x000001b9bfa63700, 0x000001b9bfa63a98]
Event: 13.426 Thread 0x000001b9c72b8190 3776   !   1       jdk.internal.reflect.GeneratedMethodAccessor19::invoke (67 bytes)
Event: 13.437 Thread 0x000001b9c72b8190 nmethod 3776 0x000001b9bfa63c90 code [0x000001b9bfa63e80, 0x000001b9bfa642b8]
Event: 13.440 Thread 0x000001b9c72b8190 3777  s!   1       jdk.internal.loader.URLClassPath::getLoader (196 bytes)
Event: 13.442 Thread 0x000001b9c72b8190 nmethod 3777 0x000001b9bfa64590 code [0x000001b9bfa64840, 0x000001b9bfa65258]

GC Heap History (20 events):
Event: 13.403 GC heap after
{Heap after GC invocations=20 (full 0):
 garbage-first heap   total 142336K, used 65009K [0x00000000c0000000, 0x0000000100000000)
  region size 1024K, 8 young (8192K), 8 survivors (8192K)
 Metaspace       used 35436K, committed 35904K, reserved 1081344K
  class space    used 4586K, committed 4800K, reserved 1048576K
}
Event: 13.500 GC heap before
{Heap before GC invocations=20 (full 0):
 garbage-first heap   total 142336K, used 97777K [0x00000000c0000000, 0x0000000100000000)
  region size 1024K, 41 young (41984K), 8 survivors (8192K)
 Metaspace       used 35538K, committed 35968K, reserved 1081344K
  class space    used 4599K, committed 4800K, reserved 1048576K
}
Event: 13.518 GC heap after
{Heap after GC invocations=21 (full 0):
 garbage-first heap   total 142336K, used 68746K [0x00000000c0000000, 0x0000000100000000)
  region size 1024K, 3 young (3072K), 3 survivors (3072K)
 Metaspace       used 35538K, committed 35968K, reserved 1081344K
  class space    used 4599K, committed 4800K, reserved 1048576K
}
Event: 13.565 GC heap before
{Heap before GC invocations=21 (full 0):
 garbage-first heap   total 142336K, used 101514K [0x00000000c0000000, 0x0000000100000000)
  region size 1024K, 36 young (36864K), 3 survivors (3072K)
 Metaspace       used 35538K, committed 35968K, reserved 1081344K
  class space    used 4599K, committed 4800K, reserved 1048576K
}
Event: 13.568 GC heap after
{Heap after GC invocations=22 (full 0):
 garbage-first heap   total 142336K, used 69031K [0x00000000c0000000, 0x0000000100000000)
  region size 1024K, 3 young (3072K), 3 survivors (3072K)
 Metaspace       used 35538K, committed 35968K, reserved 1081344K
  class space    used 4599K, committed 4800K, reserved 1048576K
}
Event: 13.644 GC heap before
{Heap before GC invocations=22 (full 0):
 garbage-first heap   total 142336K, used 104871K [0x00000000c0000000, 0x0000000100000000)
  region size 1024K, 39 young (39936K), 3 survivors (3072K)
 Metaspace       used 35538K, committed 35968K, reserved 1081344K
  class space    used 4599K, committed 4800K, reserved 1048576K
}
Event: 13.648 GC heap after
{Heap after GC invocations=23 (full 0):
 garbage-first heap   total 142336K, used 70656K [0x00000000c0000000, 0x0000000100000000)
  region size 1024K, 3 young (3072K), 3 survivors (3072K)
 Metaspace       used 35538K, committed 35968K, reserved 1081344K
  class space    used 4599K, committed 4800K, reserved 1048576K
}
Event: 13.704 GC heap before
{Heap before GC invocations=23 (full 0):
 garbage-first heap   total 142336K, used 108544K [0x00000000c0000000, 0x0000000100000000)
  region size 1024K, 41 young (41984K), 3 survivors (3072K)
 Metaspace       used 35538K, committed 35968K, reserved 1081344K
  class space    used 4599K, committed 4800K, reserved 1048576K
}
Event: 13.717 GC heap after
{Heap after GC invocations=24 (full 0):
 garbage-first heap   total 238592K, used 72095K [0x00000000c0000000, 0x0000000100000000)
  region size 1024K, 5 young (5120K), 5 survivors (5120K)
 Metaspace       used 35538K, committed 35968K, reserved 1081344K
  class space    used 4599K, committed 4800K, reserved 1048576K
}
Event: 14.399 GC heap before
{Heap before GC invocations=25 (full 0):
 garbage-first heap   total 238592K, used 159135K [0x00000000c0000000, 0x0000000100000000)
  region size 1024K, 92 young (94208K), 5 survivors (5120K)
 Metaspace       used 35538K, committed 35968K, reserved 1081344K
  class space    used 4599K, committed 4800K, reserved 1048576K
}
Event: 14.445 GC heap after
{Heap after GC invocations=26 (full 0):
 garbage-first heap   total 238592K, used 75522K [0x00000000c0000000, 0x0000000100000000)
  region size 1024K, 9 young (9216K), 9 survivors (9216K)
 Metaspace       used 35538K, committed 35968K, reserved 1081344K
  class space    used 4599K, committed 4800K, reserved 1048576K
}
Event: 14.462 GC heap before
{Heap before GC invocations=26 (full 0):
 garbage-first heap   total 238592K, used 76546K [0x00000000c0000000, 0x0000000100000000)
  region size 1024K, 11 young (11264K), 9 survivors (9216K)
 Metaspace       used 35538K, committed 35968K, reserved 1081344K
  class space    used 4599K, committed 4800K, reserved 1048576K
}
Event: 14.490 GC heap after
{Heap after GC invocations=27 (full 0):
 garbage-first heap   total 238592K, used 74768K [0x00000000c0000000, 0x0000000100000000)
  region size 1024K, 1 young (1024K), 1 survivors (1024K)
 Metaspace       used 35538K, committed 35968K, reserved 1081344K
  class space    used 4599K, committed 4800K, reserved 1048576K
}
Event: 14.970 GC heap before
{Heap before GC invocations=27 (full 0):
 garbage-first heap   total 238592K, used 183312K [0x00000000c0000000, 0x0000000100000000)
  region size 1024K, 108 young (110592K), 1 survivors (1024K)
 Metaspace       used 35538K, committed 35968K, reserved 1081344K
  class space    used 4599K, committed 4800K, reserved 1048576K
}
Event: 14.987 GC heap after
{Heap after GC invocations=28 (full 0):
 garbage-first heap   total 238592K, used 78639K [0x00000000c0000000, 0x0000000100000000)
  region size 1024K, 5 young (5120K), 5 survivors (5120K)
 Metaspace       used 35538K, committed 35968K, reserved 1081344K
  class space    used 4599K, committed 4800K, reserved 1048576K
}
Event: 15.268 GC heap before
{Heap before GC invocations=28 (full 0):
 garbage-first heap   total 238592K, used 187183K [0x00000000c0000000, 0x0000000100000000)
  region size 1024K, 112 young (114688K), 5 survivors (5120K)
 Metaspace       used 35538K, committed 35968K, reserved 1081344K
  class space    used 4600K, committed 4800K, reserved 1048576K
}
Event: 15.288 GC heap after
{Heap after GC invocations=29 (full 0):
 garbage-first heap   total 238592K, used 83143K [0x00000000c0000000, 0x0000000100000000)
  region size 1024K, 10 young (10240K), 10 survivors (10240K)
 Metaspace       used 35538K, committed 35968K, reserved 1081344K
  class space    used 4600K, committed 4800K, reserved 1048576K
}
Event: 15.507 GC heap before
{Heap before GC invocations=29 (full 0):
 garbage-first heap   total 238592K, used 189639K [0x00000000c0000000, 0x0000000100000000)
  region size 1024K, 115 young (117760K), 10 survivors (10240K)
 Metaspace       used 35538K, committed 35968K, reserved 1081344K
  class space    used 4600K, committed 4800K, reserved 1048576K
}
Event: 15.582 GC heap after
{Heap after GC invocations=30 (full 0):
 garbage-first heap   total 238592K, used 87695K [0x00000000c0000000, 0x0000000100000000)
  region size 1024K, 9 young (9216K), 9 survivors (9216K)
 Metaspace       used 35538K, committed 35968K, reserved 1081344K
  class space    used 4600K, committed 4800K, reserved 1048576K
}
Event: 15.774 GC heap before
{Heap before GC invocations=30 (full 0):
 garbage-first heap   total 238592K, used 194191K [0x00000000c0000000, 0x0000000100000000)
  region size 1024K, 114 young (116736K), 9 survivors (9216K)
 Metaspace       used 35538K, committed 35968K, reserved 1081344K
  class space    used 4600K, committed 4800K, reserved 1048576K
}

Dll operation events (8 events):
Event: 0.016 Loaded shared library c:\Users\yassi\.vscode\extensions\redhat.java-1.14.0-win32-x64\jre\17.0.5-win32-x86_64\bin\java.dll
Event: 0.886 Loaded shared library C:\Users\yassi\.vscode\extensions\redhat.java-1.14.0-win32-x64\jre\17.0.5-win32-x86_64\bin\net.dll
Event: 0.890 Loaded shared library C:\Users\yassi\.vscode\extensions\redhat.java-1.14.0-win32-x64\jre\17.0.5-win32-x86_64\bin\nio.dll
Event: 0.907 Loaded shared library C:\Users\yassi\.vscode\extensions\redhat.java-1.14.0-win32-x64\jre\17.0.5-win32-x86_64\bin\zip.dll
Event: 1.782 Loaded shared library C:\Users\yassi\.vscode\extensions\redhat.java-1.14.0-win32-x64\jre\17.0.5-win32-x86_64\bin\jimage.dll
Event: 2.521 Loaded shared library c:\Users\yassi\.vscode\extensions\redhat.java-1.14.0-win32-x64\jre\17.0.5-win32-x86_64\bin\verify.dll
Event: 10.503 Loaded shared library C:\Users\yassi\.vscode\extensions\redhat.java-1.14.0-win32-x64\jre\17.0.5-win32-x86_64\bin\management.dll
Event: 10.511 Loaded shared library C:\Users\yassi\.vscode\extensions\redhat.java-1.14.0-win32-x64\jre\17.0.5-win32-x86_64\bin\management_ext.dll

Deoptimization events (10 events):
Event: 6.478 Thread 0x000001b9bade6a30 DEOPT PACKING pc=0x000001b9bf70d119 sp=0x0000001cf8ffd110
Event: 6.478 Thread 0x000001b9bade6a30 DEOPT UNPACKING pc=0x000001b9bf2e2b43 sp=0x0000001cf8ffc5f0 mode 3
Event: 11.145 Thread 0x000001b9c942e560 DEOPT PACKING pc=0x000001b9bf90f3b5 sp=0x0000001cfabfd110
Event: 11.145 Thread 0x000001b9c942e560 DEOPT UNPACKING pc=0x000001b9bf2e2b43 sp=0x0000001cfabfc638 mode 3
Event: 11.349 Thread 0x000001b9c942ee30 DEOPT PACKING pc=0x000001b9bf9298ab sp=0x0000001cfacfe610
Event: 11.349 Thread 0x000001b9c942ee30 DEOPT UNPACKING pc=0x000001b9bf2e2b43 sp=0x0000001cfacfdb58 mode 3
Event: 11.838 Thread 0x000001b9c92a8060 DEOPT PACKING pc=0x000001b9bf710a81 sp=0x0000001cfb0ff200
Event: 11.838 Thread 0x000001b9c92a8060 DEOPT UNPACKING pc=0x000001b9bf2e2b43 sp=0x0000001cfb0fe690 mode 3
Event: 12.831 Thread 0x000001b9c7dc1020 DEOPT PACKING pc=0x000001b9bf70a917 sp=0x0000001cfafff030
Event: 12.831 Thread 0x000001b9c7dc1020 DEOPT UNPACKING pc=0x000001b9bf2e2b43 sp=0x0000001cfaffe488 mode 3

Classes unloaded (0 events):
No events

Classes redefined (0 events):
No events

Internal exceptions (20 events):
Event: 11.429 Thread 0x000001b9c86fad30 Exception <a 'sun/nio/fs/WindowsException'{0x00000000c3fc5418}> (0x00000000c3fc5418) 
thrown [s\src\hotspot\share\prims\jni.cpp, line 516]
Event: 11.430 Thread 0x000001b9c86fad30 Exception <a 'sun/nio/fs/WindowsException'{0x00000000c3fc57e8}> (0x00000000c3fc57e8) 
thrown [s\src\hotspot\share\prims\jni.cpp, line 516]
Event: 11.430 Thread 0x000001b9c86fad30 Exception <a 'sun/nio/fs/WindowsException'{0x00000000c3fc6220}> (0x00000000c3fc6220) 
thrown [s\src\hotspot\share\prims\jni.cpp, line 516]
Event: 11.430 Thread 0x000001b9c86fad30 Exception <a 'sun/nio/fs/WindowsException'{0x00000000c3fc6628}> (0x00000000c3fc6628) 
thrown [s\src\hotspot\share\prims\jni.cpp, line 516]
Event: 11.430 Thread 0x000001b9c86fad30 Exception <a 'sun/nio/fs/WindowsException'{0x00000000c3fc7038}> (0x00000000c3fc7038) 
thrown [s\src\hotspot\share\prims\jni.cpp, line 516]
Event: 11.430 Thread 0x000001b9c86fad30 Exception <a 'sun/nio/fs/WindowsException'{0x00000000c3fc7410}> (0x00000000c3fc7410) 
thrown [s\src\hotspot\share\prims\jni.cpp, line 516]
Event: 11.430 Thread 0x000001b9c86fad30 Exception <a 'sun/nio/fs/WindowsException'{0x00000000c3fc7df8}> (0x00000000c3fc7df8) 
thrown [s\src\hotspot\share\prims\jni.cpp, line 516]
Event: 11.430 Thread 0x000001b9c86fad30 Exception <a 'sun/nio/fs/WindowsException'{0x00000000c3fc8198}> (0x00000000c3fc8198) 
thrown [s\src\hotspot\share\prims\jni.cpp, line 516]
Event: 11.430 Thread 0x000001b9c86fad30 Exception <a 'sun/nio/fs/WindowsException'{0x00000000c3fc8b90}> (0x00000000c3fc8b90) 
thrown [s\src\hotspot\share\prims\jni.cpp, line 516]
Event: 11.430 Thread 0x000001b9c86fad30 Exception <a 'sun/nio/fs/WindowsException'{0x00000000c3fc8f48}> (0x00000000c3fc8f48) 
thrown [s\src\hotspot\share\prims\jni.cpp, line 516]
Event: 11.431 Thread 0x000001b9c86fad30 Exception <a 'sun/nio/fs/WindowsException'{0x00000000c3fc9930}> (0x00000000c3fc9930) 
thrown [s\src\hotspot\share\prims\jni.cpp, line 516]
Event: 11.431 Thread 0x000001b9c86fad30 Exception <a 'sun/nio/fs/WindowsException'{0x00000000c3fc9cd8}> (0x00000000c3fc9cd8) 
thrown [s\src\hotspot\share\prims\jni.cpp, line 516]
Event: 11.431 Thread 0x000001b9c86fad30 Exception <a 'sun/nio/fs/WindowsException'{0x00000000c3fca6d0}> (0x00000000c3fca6d0) 
thrown [s\src\hotspot\share\prims\jni.cpp, line 516]
Event: 11.431 Thread 0x000001b9c86fad30 Exception <a 'sun/nio/fs/WindowsException'{0x00000000c3fcaa88}> (0x00000000c3fcaa88) 
thrown [s\src\hotspot\share\prims\jni.cpp, line 516]
Event: 11.431 Thread 0x000001b9c86fad30 Exception <a 'sun/nio/fs/WindowsException'{0x00000000c3fcb498}> (0x00000000c3fcb498) 
thrown [s\src\hotspot\share\prims\jni.cpp, line 516]
Event: 11.431 Thread 0x000001b9c86fad30 Exception <a 'sun/nio/fs/WindowsException'{0x00000000c3fcb870}> (0x00000000c3fcb870) 
thrown [s\src\hotspot\share\prims\jni.cpp, line 516]
Event: 11.431 Thread 0x000001b9c86fad30 Exception <a 'sun/nio/fs/WindowsException'{0x00000000c3fcc298}> (0x00000000c3fcc298) 
thrown [s\src\hotspot\share\prims\jni.cpp, line 516]
Event: 11.431 Thread 0x000001b9c86fad30 Exception <a 'sun/nio/fs/WindowsException'{0x00000000c3fcc688}> (0x00000000c3fcc688) 
thrown [s\src\hotspot\share\prims\jni.cpp, line 516]
Event: 11.431 Thread 0x000001b9c86fad30 Exception <a 'sun/nio/fs/WindowsException'{0x00000000c3fcd0a8}> (0x00000000c3fcd0a8) 
thrown [s\src\hotspot\share\prims\jni.cpp, line 516]
Event: 11.431 Thread 0x000001b9c86fad30 Exception <a 'sun/nio/fs/WindowsException'{0x00000000c3fcd490}> (0x00000000c3fcd490) 
thrown [s\src\hotspot\share\prims\jni.cpp, line 516]

VM Operations (20 events):
Event: 13.801 Executing VM operation: G1Concurrent done
Event: 14.168 Executing VM operation: G1Concurrent
Event: 14.194 Executing VM operation: G1Concurrent done
Event: 14.380 Executing VM operation: G1CollectForAllocation
Event: 14.447 Executing VM operation: G1CollectForAllocation done
Event: 14.452 Executing VM operation: G1CollectForAllocation
Event: 14.492 Executing VM operation: G1CollectForAllocation done
Event: 14.942 Executing VM operation: G1CollectForAllocation
Event: 14.988 Executing VM operation: G1CollectForAllocation done
Event: 15.261 Executing VM operation: G1CollectForAllocation
Event: 15.268 Executing VM operation: G1CollectForAllocation done
Event: 15.268 Executing VM operation: G1CollectForAllocation
Event: 15.288 Executing VM operation: G1CollectForAllocation done
Event: 15.489 Executing VM operation: G1CollectForAllocation
Event: 15.507 Executing VM operation: G1CollectForAllocation done
Event: 15.507 Executing VM operation: G1CollectForAllocation
Event: 15.582 Executing VM operation: G1CollectForAllocation done
Event: 15.760 Executing VM operation: G1CollectForAllocation
Event: 15.774 Executing VM operation: G1CollectForAllocation done
Event: 15.774 Executing VM operation: G1CollectForAllocation

Events (20 events):
Event: 11.846 loading class java/util/stream/Collectors$1PairBox
Event: 11.846 loading class java/util/stream/Collectors$1PairBox done
Event: 11.846 loading class java/util/concurrent/locks/AbstractQueuedSynchronizer$SharedNode
Event: 11.846 loading class java/util/concurrent/locks/AbstractQueuedSynchronizer$SharedNode done
Event: 11.846 loading class jdk/internal/module/SystemModuleFinders$ModuleContentSpliterator
Event: 11.847 loading class jdk/internal/module/SystemModuleFinders$ModuleContentSpliterator done
Event: 11.847 loading class jdk/internal/jimage/ImageReader$Directory
Event: 11.847 loading class jdk/internal/jimage/ImageReader$Node
Event: 11.847 loading class jdk/internal/jimage/ImageReader$Node done
Event: 11.847 loading class jdk/internal/jimage/ImageReader$Directory done
Event: 11.847 loading class jdk/internal/jimage/ImageReader$SharedImageReader$LocationVisitor
Event: 11.847 loading class jdk/internal/jimage/ImageReader$SharedImageReader$LocationVisitor done
Event: 11.848 loading class java/nio/ByteBufferAsIntBufferL
Event: 11.849 loading class java/nio/ByteBufferAsIntBufferL done
Event: 11.850 loading class jdk/internal/jimage/ImageReader$Resource
Event: 11.850 loading class jdk/internal/jimage/ImageReader$Resource done
Event: 11.850 loading class java/util/stream/LongStream
Event: 11.851 loading class java/util/stream/LongStream done
Event: 11.851 loading class java/util/stream/DoubleStream
Event: 11.852 loading class java/util/stream/DoubleStream done


Dynamic libraries:
0x00007ff61fd50000 - 0x00007ff61fd5e000 	c:\Users\yassi\.vscode\extensions\redhat.java-1.14.0-win32-x64\jre\17.0.5-win32-x86_64\bin\java.exe
0x00007ffd84e30000 - 0x00007ffd85028000 	C:\Windows\SYSTEM32\ntdll.dll
0x00007ffd835d0000 - 0x00007ffd8368f000 	C:\Windows\System32\KERNEL32.DLL
0x00007ffd826f0000 - 0x00007ffd829c2000 	C:\Windows\System32\KERNELBASE.dll
0x00007ffd82a20000 - 0x00007ffd82b20000 	C:\Windows\System32\ucrtbase.dll
0x00007ffd06150000 - 0x00007ffd06167000 	c:\Users\yassi\.vscode\extensions\redhat.java-1.14.0-win32-x64\jre\17.0.5-win32-x86_64\bin\jli.dll
0x00007ffd83bc0000 - 0x00007ffd83d61000 	C:\Windows\System32\USER32.dll
0x00007ffd825b0000 - 0x00007ffd825d2000 	C:\Windows\System32\win32u.dll
0x00007ffd82f90000 - 0x00007ffd82fbb000 	C:\Windows\System32\GDI32.dll
0x00007ffd82c00000 - 0x00007ffd82d0f000 	C:\Windows\System32\gdi32full.dll
0x00007ffd825e0000 - 0x00007ffd8267d000 	C:\Windows\System32\msvcp_win.dll
0x00007ffd03940000 - 0x00007ffd03959000 	c:\Users\yassi\.vscode\extensions\redhat.java-1.14.0-win32-x64\jre\17.0.5-win32-x86_64\bin\VCRUNTIME140.dll
0x00007ffd70ba0000 - 0x00007ffd70e3a000 	C:\Windows\WinSxS\amd64_microsoft.windows.common-controls_6595b64144ccf1df_6.0.19041.1110_none_60b5254171f9507e\COMCTL32.dll
0x00007ffd83ed0000 - 0x00007ffd83f6e000 	C:\Windows\System32\msvcrt.dll
0x00007ffd82fc0000 - 0x00007ffd82ff2000 	C:\Windows\System32\IMM32.DLL
0x00007ffd3e910000 - 0x00007ffd3e91c000 	c:\Users\yassi\.vscode\extensions\redhat.java-1.14.0-win32-x64\jre\17.0.5-win32-x86_64\bin\vcruntime140_1.dll
0x00007ffd038a0000 - 0x00007ffd03931000 	c:\Users\yassi\.vscode\extensions\redhat.java-1.14.0-win32-x64\jre\17.0.5-win32-x86_64\bin\msvcp140.dll
0x00007ffccc5f0000 - 0x00007ffccd234000 	c:\Users\yassi\.vscode\extensions\redhat.java-1.14.0-win32-x64\jre\17.0.5-win32-x86_64\bin\server\jvm.dll
0x00007ffd83d70000 - 0x00007ffd83e1e000 	C:\Windows\System32\ADVAPI32.dll
0x00007ffd83b20000 - 0x00007ffd83bbc000 	C:\Windows\System32\sechost.dll
0x00007ffd84020000 - 0x00007ffd84145000 	C:\Windows\System32\RPCRT4.dll
0x00007ffd63640000 - 0x00007ffd63649000 	C:\Windows\SYSTEM32\WSOCK32.dll
0x00007ffd83690000 - 0x00007ffd836fb000 	C:\Windows\System32\WS2_32.dll
0x00007ffd71100000 - 0x00007ffd71127000 	C:\Windows\SYSTEM32\WINMM.dll
0x00007ffd78ca0000 - 0x00007ffd78caa000 	C:\Windows\SYSTEM32\VERSION.dll
0x00007ffd80d30000 - 0x00007ffd80d42000 	C:\Windows\SYSTEM32\kernel.appcore.dll
0x00007ffd33340000 - 0x00007ffd3334a000 	c:\Users\yassi\.vscode\extensions\redhat.java-1.14.0-win32-x64\jre\17.0.5-win32-x86_64\bin\jimage.dll
0x00007ffd802b0000 - 0x00007ffd80494000 	C:\Windows\SYSTEM32\DBGHELP.DLL
0x00007ffd66530000 - 0x00007ffd66565000 	C:\Windows\SYSTEM32\dbgcore.DLL
0x00007ffd82520000 - 0x00007ffd825a2000 	C:\Windows\System32\bcryptPrimitives.dll
0x00007ffd03530000 - 0x00007ffd03555000 	c:\Users\yassi\.vscode\extensions\redhat.java-1.14.0-win32-x64\jre\17.0.5-win32-x86_64\bin\java.dll
0x00007ffd03880000 - 0x00007ffd03898000 	c:\Users\yassi\.vscode\extensions\redhat.java-1.14.0-win32-x64\jre\17.0.5-win32-x86_64\bin\zip.dll
0x00007ffd845c0000 - 0x00007ffd84d04000 	C:\Windows\System32\SHELL32.dll
0x00007ffd80580000 - 0x00007ffd80d12000 	C:\Windows\SYSTEM32\windows.storage.dll
0x00007ffd83060000 - 0x00007ffd833b5000 	C:\Windows\System32\combase.dll
0x00007ffd81dc0000 - 0x00007ffd81df0000 	C:\Windows\SYSTEM32\Wldp.dll
0x00007ffd82ee0000 - 0x00007ffd82f8d000 	C:\Windows\System32\SHCORE.dll
0x00007ffd84d10000 - 0x00007ffd84d65000 	C:\Windows\System32\shlwapi.dll
0x00007ffd82460000 - 0x00007ffd8247f000 	C:\Windows\SYSTEM32\profapi.dll
0x00007ffd03510000 - 0x00007ffd03529000 	C:\Users\yassi\.vscode\extensions\redhat.java-1.14.0-win32-x64\jre\17.0.5-win32-x86_64\bin\net.dll
0x00007ffd72f10000 - 0x00007ffd7301c000 	C:\Windows\SYSTEM32\WINHTTP.dll
0x00007ffd81ba0000 - 0x00007ffd81c0a000 	C:\Windows\system32\mswsock.dll
0x00007ffd034f0000 - 0x00007ffd03505000 	C:\Users\yassi\.vscode\extensions\redhat.java-1.14.0-win32-x64\jre\17.0.5-win32-x86_64\bin\nio.dll
0x00007ffd27c90000 - 0x00007ffd27ca0000 	c:\Users\yassi\.vscode\extensions\redhat.java-1.14.0-win32-x64\jre\17.0.5-win32-x86_64\bin\verify.dll
0x00007ffd82170000 - 0x00007ffd82188000 	C:\Windows\SYSTEM32\CRYPTSP.dll
0x00007ffd814e0000 - 0x00007ffd81514000 	C:\Windows\system32\rsaenh.dll
0x00007ffd82b20000 - 0x00007ffd82b47000 	C:\Windows\System32\bcrypt.dll
0x00007ffd82420000 - 0x00007ffd8244e000 	C:\Windows\SYSTEM32\USERENV.dll
0x00007ffd81d30000 - 0x00007ffd81d3c000 	C:\Windows\SYSTEM32\CRYPTBASE.dll
0x00007ffd818b0000 - 0x00007ffd818eb000 	C:\Windows\SYSTEM32\IPHLPAPI.DLL
0x00007ffd83700000 - 0x00007ffd83708000 	C:\Windows\System32\NSI.dll
0x00007ffd78410000 - 0x00007ffd78427000 	C:\Windows\SYSTEM32\dhcpcsvc6.DLL
0x00007ffd783f0000 - 0x00007ffd7840d000 	C:\Windows\SYSTEM32\dhcpcsvc.DLL
0x00007ffd818f0000 - 0x00007ffd819ba000 	C:\Windows\SYSTEM32\DNSAPI.dll
0x00007ffd6b170000 - 0x00007ffd6b179000 	C:\Users\yassi\.vscode\extensions\redhat.java-1.14.0-win32-x64\jre\17.0.5-win32-x86_64\bin\management.dll
0x00007ffd44950000 - 0x00007ffd4495b000 	C:\Users\yassi\.vscode\extensions\redhat.java-1.14.0-win32-x64\jre\17.0.5-win32-x86_64\bin\management_ext.dll
0x00007ffd82ed0000 - 0x00007ffd82ed8000 	C:\Windows\System32\PSAPI.DLL

dbghelp: loaded successfully - version: 4.0.5 - missing functions: none
symbol engine: initialized successfully - sym options: 0x614 - pdb path: .;c:\Users\yassi\.vscode\extensions\redhat.java-1.14.0-win32-x64\jre\17.0.5-win32-x86_64\bin;C:\Windows\SYSTEM32;C:\Windows\WinSxS\amd64_microsoft.windows.common-controls_6595b64144ccf1df_6.0.19041.1110_none_60b5254171f9507e;c:\Users\yassi\.vscode\extensions\redhat.java-1.14.0-win32-x64\jre\17.0.5-win32-x86_64\bin\server

VM Arguments:
jvm_args: -XX:+HeapDumpOnOutOfMemoryError -Xmx1024m -Dsts.lsp.client=vscode -Dsts.log.file=/dev/null -XX:TieredStopAtLevel=1 -Xlog:jni+resolve=off -Dspring.config.location=file:c:\Users\yassi\.vscode\extensions\vmware.vscode-spring-boot-1.44.0\language-server\BOOT-INF\classes\application.properties 
java_command: org.springframework.ide.vscode.boot.app.BootLanguageServerBootApp
java_class_path (initial): c:\Users\yassi\.vscode\extensions\vmware.vscode-spring-boot-1.44.0\language-server\BOOT-INF\classes;c:\Users\yassi\.vscode\extensions\vmware.vscode-spring-boot-1.44.0\language-server\BOOT-INF\lib\annotations-24.0.0.jar;c:\Users\yassi\.vscode\extensions\vmware.vscode-spring-boot-1.44.0\language-server\BOOT-INF\lib\ant-1.10.13.jar;c:\Users\yassi\.vscode\extensions\vmware.vscode-spring-boot-1.44.0\language-server\BOOT-INF\lib\ant-launcher-1.10.13.jar;c:\Users\yassi\.vscode\extensions\vmware.vscode-spring-boot-1.44.0\language-server\BOOT-INF\lib\antlr-runtime-3.5.2.jar;c:\Users\yassi\.vscode\extensions\vmware.vscode-spring-boot-1.44.0\language-server\BOOT-INF\lib\antlr4-4.9.3.jar;c:\Users\yassi\.vscode\extensions\vmware.vscode-spring-boot-1.44.0\language-server\BOOT-INF\lib\antlr4-runtime-4.9.3.jar;c:\Users\yassi\.vscode\extensions\vmware.vscode-spring-boot-1.44.0\language-server\BOOT-INF\lib\apiguardian-api-1.1.2.jar;c:\Users\yassi\.vscode\extensions\vmware.vscode-spring-boot-1.44.0\language-server\BOOT-INF\lib\asm-9.4.jar;c:\Users\yassi\.vscode\extensions\vmware.vscode-spring-boot-1.44.0\language-server\BOOT-INF\lib\asm-analysis-9.4.jar;c:\Users\yassi\.vscode\extensions\vmware.vscode-spring-boot-1.44.0\language-server\BOOT-INF\lib\asm-tree-9.4.jar;c:\Users\yassi\.vscode\extensions\vmware.vscode-spring-boot-1.44.0\language-server\BOOT-INF\lib\asm-util-9.4.jar;c:\Users\yassi\.vscode\extensions\vmware.vscode-spring-boot-1.44.0\language-server\BOOT-INF\lib\caffeine-3.1.2.jar;c:\Users\yassi\.vscode\extensions\vmware.vscode-spring-boot-1.44.0\language-server\BOOT-INF\lib\checker-qual-3.12.0.jar;c:\Users\yassi\.vscode\extensions\vmware.vscode-spring-boot-1.44.0\language-server\BOOT-INF\lib\ci-environment-9.1.0.jar;c:\Users\yassi\.vscode\extensions\vmware.vscode-spring-boot-1.44.0\language-server\BOOT-INF\lib\classgraph-4.8.149.jar;c:\Users\yassi\.vscode\extensions\vmware.vscode-spring-boot-1.44.0\language-server\BOOT-INF\lib\commons-codec-1.15.ja
Launcher Type: SUN_STANDARD

[Global flags]
     intx CICompilerCount                          = 3                                         {product} {ergonomic}
     uint ConcGCThreads                            = 1                                         {product} {ergonomic}
     uint G1ConcRefinementThreads                  = 4                                         {product} {ergonomic}
   size_t G1HeapRegionSize                         = 1048576                                   {product} {ergonomic}
    uintx GCDrainStackTargetSize                   = 64                                        {product} {ergonomic}
     bool HeapDumpOnOutOfMemoryError               = true                                   {manageable} {command line}
   size_t InitialHeapSize                          = 62914560                                  {product} {ergonomic}
   size_t MarkStackSize                            = 4194304                                   {product} {ergonomic}
   size_t MaxHeapSize                              = 1073741824                                {product} {command line}
   size_t MaxNewSize                               = 643825664                                 {product} {ergonomic}
   size_t MinHeapDeltaBytes                        = 1048576                                   {product} {ergonomic}
   size_t MinHeapSize                              = 8388608                                   {product} {ergonomic}
    uintx NonProfiledCodeHeapSize                  = 0                                      {pd product} {ergonomic}
     bool ProfileInterpreter                       = false                                  {pd product} {command line}
    uintx ProfiledCodeHeapSize                     = 0                                      {pd product} {ergonomic}
   size_t SoftMaxHeapSize                          = 1073741824                             {manageable} {ergonomic}
     intx TieredStopAtLevel                        = 1                                         {product} {command line}
     bool UseCompressedClassPointers               = true                           {product lp64_product} {ergonomic}
     bool UseCompressedOops                        = true                           {product lp64_product} {ergonomic}
     bool UseG1GC                                  = true                                      {product} {ergonomic}
     bool UseLargePagesIndividualAllocation        = false                                  {pd product} {ergonomic}

Logging:
Log output configuration:
 #0: stdout all=warning,jni+resolve=off uptime,level,tags
 #1: stderr all=off uptime,level,tags

Environment Variables:
JAVA_HOME=C:\Program Files\BellSoft\LibericaJDK-17\
PATH=C:\Program Files\BellSoft\LibericaJDK-17\bin\;C:\Windows\system32;C:\Windows;C:\Windows\System32\Wbem;C:\Windows\System32\WindowsPowerShell\v1.0\;C:\Windows\System32\OpenSSH\;C:\Program Files\Intel\WiFi\bin\;C:\Program Files\Common Files\Intel\WirelessCommon\;C:\Program Files\Git\cmd;C:\Program Files\Microsoft SQL Server\150\Tools\Binn\;C:\Program Files\Microsoft SQL Server\Client SDK\ODBC\170\Tools\Binn\;C:\Program Files\dotnet\;C:\Program Files\Azure Data Studio\bin;C:\Program Files\Docker\Docker\resources\bin;C:\Program Files (x86)\Microsoft SQL Server\150\Tools\Binn\;C:\Program Files\Microsoft SQL Server\150\DTS\Binn\;C:\Program Files (x86)\Microsoft SQL Server\150\DTS\Binn\;C:\Program Files (x86)\Microsoft SQL Server\160\DTS\Binn\;C:\Users\yassi\AppData\Local\Programs\Python\Python311\Scripts\;C:\Users\yassi\AppData\Local\Programs\Python\Python311\;C:\Users\yassi\AppData\Local\Microsoft\WindowsApps;C:\Program Files\JetBrains\IntelliJ IDEA Community Edition 2022.2\bin;;C:\src\flutter\flutter\bin;C:\Users\yassi\.dotnet\tools;C:\Program Files\JetBrains\PyCharm Community Edition 2022.2\bin;;C:\dart-sdk\bin;C:\Program Files\Azure Data Studio\bin;C:\Users\yassi\AppData\Local\Programs\Microsoft VS Code\bin;C:\Maven\apache-maven-4.0.0-alpha-4\bin;
USERNAME=yassi
OS=Windows_NT
PROCESSOR_IDENTIFIER=Intel64 Family 6 Model 142 Stepping 10, GenuineIntel
TMP=C:\Users\yassi\AppData\Local\Temp
TEMP=C:\Users\yassi\AppData\Local\Temp



---------------  S Y S T E M  ---------------

OS:
 Windows 10 , 64 bit Build 19041 (10.0.19041.2364)
OS uptime: 0 days 0:14 hours
Hyper-V role detected

CPU: total 4 (initial active 4) (2 cores per cpu, 2 threads per core) family 6 model 142 stepping 10 microcode 0xb4, cx8, cmov, fxsr, ht, mmx, 3dnowpref, sse, sse2, sse3, ssse3, sse4.1, sse4.2, popcnt, lzcnt, tsc, tscinvbit, avx, avx2, aes, erms, clmul, bmi1, bmi2, adx, fma, vzeroupper, clflush, clflushopt, hv

Memory: 4k page, system-wide physical 3718M (122M free)
TotalPageFile size 14982M (AvailPageFile size 5M)
current process WorkingSet (physical memory assigned to process): 184M, peak: 198M
current process commit charge ("private bytes"): 364M, peak: 621M

vm_info: OpenJDK 64-Bit Server VM (17.0.5+8) for windows-amd64 JRE (17.0.5+8), built on Oct 19 2022 04:48:13 by "temurin" with MS VC++ 16.7 (VS2019)

END.
