#
# There is insufficient memory for the Java Runtime Environment to continue.
# Native memory allocation (mmap) failed to map 196083712 bytes for G1 virtual space
# Possible reasons:
#   The system is out of physical RAM or swap space
#   The process is running with CompressedOops enabled, and the Java Heap may be blocking the growth of the native heap
# Possible solutions:
#   Reduce memory load on the system
#   Increase physical memory or swap space
#   Check if swap backing store is full
#   Decrease Java heap size (-Xmx/-Xms)
#   Decrease number of Java threads
#   Decrease Java thread stack sizes (-Xss)
#   Set larger code cache with -XX:ReservedCodeCacheSize=
#   JVM is running with Unscaled Compressed Oops mode in which the Java heap is
#     placed in the first 4GB address space. The Java Heap base address is the
#     maximum limit for the native heap growth. Please use -XX:HeapBaseMinAddress
#     to set the Java Heap base and to place the Java Heap above 4GB virtual address.
# This output file may be truncated or incomplete.
#
#  Out of Memory Error (os_windows.cpp:3548), pid=16640, tid=17440
#
# JRE version: OpenJDK Runtime Environment Temurin-17.0.5+8 (17.0.5+8) (build 17.0.5+8)
# Java VM: OpenJDK 64-Bit Server VM Temurin-17.0.5+8 (17.0.5+8, mixed mode, emulated-client, tiered, compressed oops, compressed class ptrs, g1 gc, windows-amd64)
# No core dump will be written. Minidumps are not enabled by default on client versions of Windows
#

---------------  S U M M A R Y ------------

Command Line: -XX:+HeapDumpOnOutOfMemoryError -Xmx1024m -Dsts.lsp.client=vscode -Dsts.log.file=/dev/null -XX:TieredStopAtLevel=1 -Xlog:jni+resolve=off -Dspring.config.location=file:c:\Users\yassi\.vscode\extensions\vmware.vscode-spring-boot-1.44.0\language-server\BOOT-INF\classes\application.properties org.springframework.ide.vscode.boot.app.BootLanguageServerBootApp

Host: Intel(R) Core(TM) i3-8130U CPU @ 2.20GHz, 4 cores, 3G,  Windows 10 , 64 bit Build 19041 (10.0.19041.2364)
Time: Mon Feb 13 23:49:39 2023 Greenwich elapsed time: 14.326928 seconds (0d 0h 0m 14s)

---------------  T H R E A D  ---------------

Current thread (0x0000026b5eeae4a0):  VMThread "VM Thread" [stack: 0x000000ae97e00000,0x000000ae97f00000] [id=17440]

Stack: [0x000000ae97e00000,0x000000ae97f00000]
Native frames: (J=compiled Java code, j=interpreted, Vv=VM code, C=native code)
V  [jvm.dll+0x676b3a]
V  [jvm.dll+0x831444]
V  [jvm.dll+0x832bee]
V  [jvm.dll+0x833253]
V  [jvm.dll+0x244ce5]
V  [jvm.dll+0x673a49]
V  [jvm.dll+0x66811a]
V  [jvm.dll+0x303ceb]
V  [jvm.dll+0x30b1e6]
V  [jvm.dll+0x35adbe]
V  [jvm.dll+0x35afef]
V  [jvm.dll+0x2dab88]
V  [jvm.dll+0x2d8e3c]
V  [jvm.dll+0x2d840c]
V  [jvm.dll+0x31c31b]
V  [jvm.dll+0x8376fb]
V  [jvm.dll+0x838434]
V  [jvm.dll+0x83894c]
V  [jvm.dll+0x838d24]
V  [jvm.dll+0x838df0]
V  [jvm.dll+0x7e17ea]
V  [jvm.dll+0x6759e5]
C  [ucrtbase.dll+0x21bb2]
C  [KERNEL32.DLL+0x17614]
C  [ntdll.dll+0x526a1]

VM_Operation (0x000000ae99bfd6b0): G1CollectForAllocation, mode: safepoint, requested by thread 0x0000026b6b343070


---------------  P R O C E S S  ---------------

Threads class SMR info:
_java_thread_list=0x0000026b6b400870, length=28, elements={
0x0000026b69312ce0, 0x0000026b69314570, 0x0000026b693489a0, 0x0000026b6934b530,
0x0000026b6934d2f0, 0x0000026b6934dca0, 0x0000026b6934e700, 0x0000026b6934f900,
0x0000026b69ed9460, 0x0000026b69ee3e70, 0x0000026b69f03770, 0x0000026b6b11a810,
0x0000026b6a677770, 0x0000026b6a677f30, 0x0000026b69e733b0, 0x0000026b69e73880,
0x0000026b5ede5c40, 0x0000026b6b2206d0, 0x0000026b6b052300, 0x0000026b6b0527d0,
0x0000026b6a7f1c00, 0x0000026b6a751680, 0x0000026b6a751b50, 0x0000026b6a752020,
0x0000026b6b343a10, 0x0000026b6b343070, 0x0000026b6b343540, 0x0000026b6b343ee0
}

Java Threads: ( => current thread )
  0x0000026b69312ce0 JavaThread "Reference Handler" daemon [_thread_blocked, id=14016, stack(0x000000ae97f00000,0x000000ae98000000)]
  0x0000026b69314570 JavaThread "Finalizer" daemon [_thread_blocked, id=18148, stack(0x000000ae98000000,0x000000ae98100000)]
  0x0000026b693489a0 JavaThread "Signal Dispatcher" daemon [_thread_blocked, id=11856, stack(0x000000ae98100000,0x000000ae98200000)]
  0x0000026b6934b530 JavaThread "Attach Listener" daemon [_thread_blocked, id=11040, stack(0x000000ae98200000,0x000000ae98300000)]
  0x0000026b6934d2f0 JavaThread "Service Thread" daemon [_thread_blocked, id=15536, stack(0x000000ae98300000,0x000000ae98400000)]
  0x0000026b6934dca0 JavaThread "Monitor Deflation Thread" daemon [_thread_blocked, id=7764, stack(0x000000ae98400000,0x000000ae98500000)]
  0x0000026b6934e700 JavaThread "C1 CompilerThread0" daemon [_thread_blocked, id=4672, stack(0x000000ae98500000,0x000000ae98600000)]
  0x0000026b6934f900 JavaThread "Sweeper thread" daemon [_thread_blocked, id=17628, stack(0x000000ae98600000,0x000000ae98700000)]
  0x0000026b69ed9460 JavaThread "C1 CompilerThread1" daemon [_thread_blocked, id=11036, stack(0x000000ae98700000,0x000000ae98800000)]
  0x0000026b69ee3e70 JavaThread "Notification Thread" daemon [_thread_blocked, id=16536, stack(0x000000ae98800000,0x000000ae98900000)]
  0x0000026b69f03770 JavaThread "Common-Cleaner" daemon [_thread_blocked, id=9188, stack(0x000000ae98a00000,0x000000ae98b00000)]
  0x0000026b6b11a810 JavaThread "C1 CompilerThread2" daemon [_thread_blocked, id=14008, stack(0x000000ae98e00000,0x000000ae98f00000)]
  0x0000026b6a677770 JavaThread "boundedElastic-evictor-1" daemon [_thread_blocked, id=9360, stack(0x000000ae98f00000,0x000000ae99000000)]
  0x0000026b6a677f30 JavaThread "boundedElastic-evictor-2" daemon [_thread_blocked, id=11048, stack(0x000000ae99000000,0x000000ae99100000)]
  0x0000026b69e733b0 JavaThread "pool-10-thread-1" [_thread_blocked, id=16632, stack(0x000000ae99100000,0x000000ae99200000)]
  0x0000026b69e73880 JavaThread "LanguageServerApp-lifecycle" [_thread_blocked, id=11028, stack(0x000000ae99200000,0x000000ae99300000)]
  0x0000026b5ede5c40 JavaThread "DestroyJavaVM" [_thread_blocked, id=2600, stack(0x000000ae97800000,0x000000ae97900000)]
  0x0000026b6b2206d0 JavaThread "pool-11-thread-1" [_thread_in_native, id=12076, stack(0x000000ae99300000,0x000000ae99400000)]
  0x0000026b6b052300 JavaThread "Simple-Language-Server main thread" daemon [_thread_blocked, id=15992, stack(0x000000ae99400000,0x000000ae99500000)]
  0x0000026b6b0527d0 JavaThread "ForkJoinPool.commonPool-worker-1" daemon [_thread_blocked, id=15768, stack(0x000000ae99500000,0x000000ae99600000)]
  0x0000026b6a7f1c00 JavaThread "ClassGraph-worker-0" daemon [_thread_blocked, id=7004, stack(0x000000ae99600000,0x000000ae99700000)]
  0x0000026b6a751680 JavaThread "ClassGraph-worker-1" daemon [_thread_blocked, id=12284, stack(0x000000ae99700000,0x000000ae99800000)]
  0x0000026b6a751b50 JavaThread "ClassGraph-worker-2" daemon [_thread_blocked, id=10320, stack(0x000000ae99800000,0x000000ae99900000)]
  0x0000026b6a752020 JavaThread "ClassGraph-worker-3" daemon [_thread_blocked, id=17672, stack(0x000000ae99900000,0x000000ae99a00000)]
  0x0000026b6b343a10 JavaThread "ClassGraph-worker-4" daemon [_thread_blocked, id=18140, stack(0x000000ae99a00000,0x000000ae99b00000)]
  0x0000026b6b343070 JavaThread "ClassGraph-worker-5" daemon [_thread_blocked, id=13644, stack(0x000000ae99b00000,0x000000ae99c00000)]
  0x0000026b6b343540 JavaThread "ClassGraph-worker-6" daemon [_thread_blocked, id=5300, stack(0x000000ae99c00000,0x000000ae99d00000)]
  0x0000026b6b343ee0 JavaThread "ClassGraph-worker-7" daemon [_thread_blocked, id=18184, stack(0x000000ae99d00000,0x000000ae99e00000)]

Other Threads:
=>0x0000026b5eeae4a0 VMThread "VM Thread" [stack: 0x000000ae97e00000,0x000000ae97f00000] [id=17440]
  0x0000026b69ee4340 WatcherThread [stack: 0x000000ae98900000,0x000000ae98a00000] [id=3120]
  0x0000026b5ee266c0 GCTaskThread "GC Thread#0" [stack: 0x000000ae97900000,0x000000ae97a00000] [id=17656]
  0x0000026b6a6c6a00 GCTaskThread "GC Thread#1" [stack: 0x000000ae98b00000,0x000000ae98c00000] [id=7952]
  0x0000026b6a6d6990 GCTaskThread "GC Thread#2" [stack: 0x000000ae98c00000,0x000000ae98d00000] [id=15732]
  0x0000026b6a885c70 GCTaskThread "GC Thread#3" [stack: 0x000000ae98d00000,0x000000ae98e00000] [id=10432]
  0x0000026b5ee2f600 ConcurrentGCThread "G1 Main Marker" [stack: 0x000000ae97a00000,0x000000ae97b00000] [id=5304]
  0x0000026b5ee30010 ConcurrentGCThread "G1 Conc#0" [stack: 0x000000ae97b00000,0x000000ae97c00000] [id=9268]
  0x0000026b5ee6bc30 ConcurrentGCThread "G1 Refine#0" [stack: 0x000000ae97c00000,0x000000ae97d00000] [id=2372]
  0x0000026b6a8a5bf0 ConcurrentGCThread "G1 Refine#1" [stack: 0x000000ae99e00000,0x000000ae99f00000] [id=12948]
  0x0000026b6a8a6490 ConcurrentGCThread "G1 Refine#2" [stack: 0x000000ae99f00000,0x000000ae9a000000] [id=8060]
  0x0000026b5ee6c650 ConcurrentGCThread "G1 Service" [stack: 0x000000ae97d00000,0x000000ae97e00000] [id=4472]

Threads with active compile tasks:

VM state: at safepoint (normal execution)

VM Mutex/Monitor currently owned by a thread:  ([mutex/lock_event])
[0x0000026b5cbdb230] Threads_lock - owner thread: 0x0000026b5eeae4a0
[0x0000026b5ede2df0] Heap_lock - owner thread: 0x0000026b6b343070

Heap address: 0x00000000c0000000, size: 1024 MB, Compressed Oops mode: 32-bit

CDS archive(s) not mapped
Compressed class space mapped at: 0x0000000100000000-0x0000000140000000, reserved size: 1073741824
Narrow klass base: 0x0000000000000000, Narrow klass shift: 3, Narrow klass range: 0x140000000

GC Precious Log:
 CPUs: 4 total, 4 available
 Memory: 3718M
 Large Page Support: Disabled
 NUMA Support: Disabled
 Compressed Oops: Enabled (32-bit)
 Heap Region Size: 1M
 Heap Min Capacity: 8M
 Heap Initial Capacity: 60M
 Heap Max Capacity: 1G
 Pre-touch: Disabled
 Parallel Workers: 4
 Concurrent Workers: 1
 Concurrent Refinement Workers: 4
 Periodic GC: Disabled

Heap:
 garbage-first heap   total 206848K, used 79338K [0x00000000c0000000, 0x0000000100000000)
  region size 1024K, 7 young (7168K), 7 survivors (7168K)
 Metaspace       used 35537K, committed 35968K, reserved 1081344K
  class space    used 4599K, committed 4800K, reserved 1048576K

Heap Regions: E=young(eden), S=young(survivor), O=old, HS=humongous(starts), HC=humongous(continues), CS=collection set, F=free, OA=open archive, CA=closed archive, TAMS=top-at-mark-start (previous, next)
|   0|0x00000000c0000000, 0x00000000c0100000, 0x00000000c0100000|100%| O|  |TAMS 0x00000000c0100000, 0x00000000c0000000| Untracked 
|   1|0x00000000c0100000, 0x00000000c0200000, 0x00000000c0200000|100%| O|  |TAMS 0x00000000c0200000, 0x00000000c0100000| Untracked 
|   2|0x00000000c0200000, 0x00000000c0300000, 0x00000000c0300000|100%| O|  |TAMS 0x00000000c0300000, 0x00000000c0200000| Untracked 
|   3|0x00000000c0300000, 0x00000000c0400000, 0x00000000c0400000|100%| O|  |TAMS 0x00000000c0400000, 0x00000000c0300000| Untracked 
|   4|0x00000000c0400000, 0x00000000c0500000, 0x00000000c0500000|100%| O|  |TAMS 0x00000000c0500000, 0x00000000c0400000| Untracked 
|   5|0x00000000c0500000, 0x00000000c0600000, 0x00000000c0600000|100%| O|  |TAMS 0x00000000c0600000, 0x00000000c0500000| Untracked 
|   6|0x00000000c0600000, 0x00000000c0700000, 0x00000000c0700000|100%| O|  |TAMS 0x00000000c0700000, 0x00000000c0600000| Untracked 
|   7|0x00000000c0700000, 0x00000000c0800000, 0x00000000c0800000|100%| O|  |TAMS 0x00000000c0800000, 0x00000000c0700000| Untracked 
|   8|0x00000000c0800000, 0x00000000c0900000, 0x00000000c0900000|100%| O|  |TAMS 0x00000000c0900000, 0x00000000c0800000| Untracked 
|   9|0x00000000c0900000, 0x00000000c0a00000, 0x00000000c0a00000|100%| O|  |TAMS 0x00000000c0a00000, 0x00000000c0900000| Untracked 
|  10|0x00000000c0a00000, 0x00000000c0b00000, 0x00000000c0b00000|100%| O|  |TAMS 0x00000000c0b00000, 0x00000000c0a00000| Untracked 
|  11|0x00000000c0b00000, 0x00000000c0c00000, 0x00000000c0c00000|100%| O|  |TAMS 0x00000000c0c00000, 0x00000000c0b00000| Untracked 
|  12|0x00000000c0c00000, 0x00000000c0d00000, 0x00000000c0d00000|100%| O|  |TAMS 0x00000000c0d00000, 0x00000000c0c00000| Untracked 
|  13|0x00000000c0d00000, 0x00000000c0e00000, 0x00000000c0e00000|100%| O|  |TAMS 0x00000000c0e00000, 0x00000000c0d00000| Untracked 
|  14|0x00000000c0e00000, 0x00000000c0f00000, 0x00000000c0f00000|100%| O|  |TAMS 0x00000000c0f00000, 0x00000000c0e00000| Untracked 
|  15|0x00000000c0f00000, 0x00000000c1000000, 0x00000000c1000000|100%| O|  |TAMS 0x00000000c1000000, 0x00000000c0f00000| Untracked 
|  16|0x00000000c1000000, 0x00000000c1100000, 0x00000000c1100000|100%| O|  |TAMS 0x00000000c1100000, 0x00000000c1000000| Untracked 
|  17|0x00000000c1100000, 0x00000000c1200000, 0x00000000c1200000|100%| O|  |TAMS 0x00000000c1200000, 0x00000000c1100000| Untracked 
|  18|0x00000000c1200000, 0x00000000c1300000, 0x00000000c1300000|100%| O|  |TAMS 0x00000000c1300000, 0x00000000c1200000| Untracked 
|  19|0x00000000c1300000, 0x00000000c1400000, 0x00000000c1400000|100%| O|  |TAMS 0x00000000c1400000, 0x00000000c1300000| Untracked 
|  20|0x00000000c1400000, 0x00000000c1500000, 0x00000000c1500000|100%| O|  |TAMS 0x00000000c1500000, 0x00000000c1400000| Untracked 
|  21|0x00000000c1500000, 0x00000000c1600000, 0x00000000c1600000|100%| O|  |TAMS 0x00000000c1600000, 0x00000000c1500000| Untracked 
|  22|0x00000000c1600000, 0x00000000c1700000, 0x00000000c1700000|100%| O|  |TAMS 0x00000000c1700000, 0x00000000c1600000| Untracked 
|  23|0x00000000c1700000, 0x00000000c1800000, 0x00000000c1800000|100%| O|  |TAMS 0x00000000c1800000, 0x00000000c1700000| Untracked 
|  24|0x00000000c1800000, 0x00000000c1900000, 0x00000000c1900000|100%| O|  |TAMS 0x00000000c1900000, 0x00000000c1800000| Untracked 
|  25|0x00000000c1900000, 0x00000000c1a00000, 0x00000000c1a00000|100%| O|  |TAMS 0x00000000c1a00000, 0x00000000c1900000| Untracked 
|  26|0x00000000c1a00000, 0x00000000c1b00000, 0x00000000c1b00000|100%| O|  |TAMS 0x00000000c1b00000, 0x00000000c1a00000| Untracked 
|  27|0x00000000c1b00000, 0x00000000c1c00000, 0x00000000c1c00000|100%| O|  |TAMS 0x00000000c1c00000, 0x00000000c1b00000| Untracked 
|  28|0x00000000c1c00000, 0x00000000c1d00000, 0x00000000c1d00000|100%| O|  |TAMS 0x00000000c1d00000, 0x00000000c1c00000| Untracked 
|  29|0x00000000c1d00000, 0x00000000c1e00000, 0x00000000c1e00000|100%| O|  |TAMS 0x00000000c1e00000, 0x00000000c1d00000| Untracked 
|  30|0x00000000c1e00000, 0x00000000c1f00000, 0x00000000c1f00000|100%| O|  |TAMS 0x00000000c1f00000, 0x00000000c1e00000| Untracked 
|  31|0x00000000c1f00000, 0x00000000c2000000, 0x00000000c2000000|100%| O|  |TAMS 0x00000000c2000000, 0x00000000c1f00000| Untracked 
|  32|0x00000000c2000000, 0x00000000c2100000, 0x00000000c2100000|100%| O|  |TAMS 0x00000000c2100000, 0x00000000c2000000| Untracked 
|  33|0x00000000c2100000, 0x00000000c2200000, 0x00000000c2200000|100%| O|  |TAMS 0x00000000c2200000, 0x00000000c2100000| Untracked 
|  34|0x00000000c2200000, 0x00000000c2300000, 0x00000000c2300000|100%| O|  |TAMS 0x00000000c2300000, 0x00000000c2200000| Untracked 
|  35|0x00000000c2300000, 0x00000000c2400000, 0x00000000c2400000|100%| O|  |TAMS 0x00000000c2400000, 0x00000000c2300000| Untracked 
|  36|0x00000000c2400000, 0x00000000c2500000, 0x00000000c2500000|100%| O|  |TAMS 0x00000000c2500000, 0x00000000c2400000| Untracked 
|  37|0x00000000c2500000, 0x00000000c2600000, 0x00000000c2600000|100%| O|  |TAMS 0x00000000c2600000, 0x00000000c2500000| Untracked 
|  38|0x00000000c2600000, 0x00000000c2700000, 0x00000000c2700000|100%| O|  |TAMS 0x00000000c2700000, 0x00000000c2600000| Untracked 
|  39|0x00000000c2700000, 0x00000000c2800000, 0x00000000c2800000|100%| O|  |TAMS 0x00000000c2800000, 0x00000000c2700000| Untracked 
|  40|0x00000000c2800000, 0x00000000c2900000, 0x00000000c2900000|100%| O|  |TAMS 0x00000000c2900000, 0x00000000c2800000| Untracked 
|  41|0x00000000c2900000, 0x00000000c2a00000, 0x00000000c2a00000|100%| O|  |TAMS 0x00000000c2a00000, 0x00000000c2900000| Untracked 
|  42|0x00000000c2a00000, 0x00000000c2b00000, 0x00000000c2b00000|100%| O|  |TAMS 0x00000000c2b00000, 0x00000000c2a00000| Untracked 
|  43|0x00000000c2b00000, 0x00000000c2c00000, 0x00000000c2c00000|100%| O|  |TAMS 0x00000000c2b00000, 0x00000000c2b00000| Untracked 
|  44|0x00000000c2c00000, 0x00000000c2d00000, 0x00000000c2d00000|100%|HS|  |TAMS 0x00000000c2d00000, 0x00000000c2c00000| Complete 
|  45|0x00000000c2d00000, 0x00000000c2e00000, 0x00000000c2e00000|100%| O|  |TAMS 0x00000000c2e00000, 0x00000000c2d00000| Untracked 
|  46|0x00000000c2e00000, 0x00000000c2f00000, 0x00000000c2f00000|100%| O|  |TAMS 0x00000000c2f00000, 0x00000000c2e00000| Untracked 
|  47|0x00000000c2f00000, 0x00000000c3000000, 0x00000000c3000000|100%| O|  |TAMS 0x00000000c3000000, 0x00000000c2f00000| Untracked 
|  48|0x00000000c3000000, 0x00000000c3100000, 0x00000000c3100000|100%| O|  |TAMS 0x00000000c3100000, 0x00000000c3000000| Untracked 
|  49|0x00000000c3100000, 0x00000000c3200000, 0x00000000c3200000|100%| O|  |TAMS 0x00000000c3200000, 0x00000000c3100000| Untracked 
|  50|0x00000000c3200000, 0x00000000c3300000, 0x00000000c3300000|100%| O|  |TAMS 0x00000000c3300000, 0x00000000c3200000| Untracked 
|  51|0x00000000c3300000, 0x00000000c3400000, 0x00000000c3400000|100%| O|  |TAMS 0x00000000c3400000, 0x00000000c3300000| Untracked 
|  52|0x00000000c3400000, 0x00000000c3500000, 0x00000000c3500000|100%| O|  |TAMS 0x00000000c3500000, 0x00000000c3400000| Untracked 
|  53|0x00000000c3500000, 0x00000000c3600000, 0x00000000c3600000|100%| O|  |TAMS 0x00000000c3600000, 0x00000000c3500000| Untracked 
|  54|0x00000000c3600000, 0x00000000c3700000, 0x00000000c3700000|100%| O|  |TAMS 0x00000000c3700000, 0x00000000c3600000| Untracked 
|  55|0x00000000c3700000, 0x00000000c3800000, 0x00000000c3800000|100%| O|  |TAMS 0x00000000c3700000, 0x00000000c3700000| Untracked 
|  56|0x00000000c3800000, 0x00000000c3900000, 0x00000000c3900000|100%| O|  |TAMS 0x00000000c3800000, 0x00000000c3800000| Untracked 
|  57|0x00000000c3900000, 0x00000000c3a00000, 0x00000000c3a00000|100%| O|  |TAMS 0x00000000c3900000, 0x00000000c3900000| Untracked 
|  58|0x00000000c3a00000, 0x00000000c3b00000, 0x00000000c3b00000|100%| O|  |TAMS 0x00000000c3a00000, 0x00000000c3a00000| Untracked 
|  59|0x00000000c3b00000, 0x00000000c3c00000, 0x00000000c3c00000|100%| O|  |TAMS 0x00000000c3b00000, 0x00000000c3b00000| Untracked 
|  60|0x00000000c3c00000, 0x00000000c3d00000, 0x00000000c3d00000|100%| O|  |TAMS 0x00000000c3c00000, 0x00000000c3c00000| Untracked 
|  61|0x00000000c3d00000, 0x00000000c3e00000, 0x00000000c3e00000|100%| O|  |TAMS 0x00000000c3d00000, 0x00000000c3d00000| Untracked 
|  62|0x00000000c3e00000, 0x00000000c3f00000, 0x00000000c3f00000|100%| O|  |TAMS 0x00000000c3e00000, 0x00000000c3e00000| Untracked 
|  63|0x00000000c3f00000, 0x00000000c4000000, 0x00000000c4000000|100%| O|  |TAMS 0x00000000c3f00000, 0x00000000c3f00000| Untracked 
|  64|0x00000000c4000000, 0x00000000c4100000, 0x00000000c4100000|100%| O|  |TAMS 0x00000000c4000000, 0x00000000c4000000| Untracked 
|  65|0x00000000c4100000, 0x00000000c4200000, 0x00000000c4200000|100%| O|  |TAMS 0x00000000c4100000, 0x00000000c4100000| Untracked 
|  66|0x00000000c4200000, 0x00000000c4300000, 0x00000000c4300000|100%| O|  |TAMS 0x00000000c4200000, 0x00000000c4200000| Untracked 
|  67|0x00000000c4300000, 0x00000000c4400000, 0x00000000c4400000|100%| O|  |TAMS 0x00000000c4300000, 0x00000000c4300000| Untracked 
|  68|0x00000000c4400000, 0x00000000c4500000, 0x00000000c4500000|100%| O|  |TAMS 0x00000000c4400000, 0x00000000c4400000| Untracked 
|  69|0x00000000c4500000, 0x00000000c4600000, 0x00000000c4600000|100%| O|  |TAMS 0x00000000c4500000, 0x00000000c4500000| Untracked 
|  70|0x00000000c4600000, 0x00000000c46ae000, 0x00000000c4700000| 67%| O|  |TAMS 0x00000000c4600000, 0x00000000c4600000| Untracked 
|  71|0x00000000c4700000, 0x00000000c4700000, 0x00000000c4800000|  0%| F|  |TAMS 0x00000000c4700000, 0x00000000c4700000| Untracked 
|  72|0x00000000c4800000, 0x00000000c4800000, 0x00000000c4900000|  0%| F|  |TAMS 0x00000000c4800000, 0x00000000c4800000| Untracked 
|  73|0x00000000c4900000, 0x00000000c4900000, 0x00000000c4a00000|  0%| F|  |TAMS 0x00000000c4900000, 0x00000000c4900000| Untracked 
|  74|0x00000000c4a00000, 0x00000000c4a00000, 0x00000000c4b00000|  0%| F|  |TAMS 0x00000000c4a00000, 0x00000000c4a00000| Untracked 
|  75|0x00000000c4b00000, 0x00000000c4b00000, 0x00000000c4c00000|  0%| F|  |TAMS 0x00000000c4b00000, 0x00000000c4b00000| Untracked 
|  76|0x00000000c4c00000, 0x00000000c4c00000, 0x00000000c4d00000|  0%| F|  |TAMS 0x00000000c4c00000, 0x00000000c4c00000| Untracked 
|  77|0x00000000c4d00000, 0x00000000c4d00000, 0x00000000c4e00000|  0%| F|  |TAMS 0x00000000c4d00000, 0x00000000c4d00000| Untracked 
|  78|0x00000000c4e00000, 0x00000000c4e00000, 0x00000000c4f00000|  0%| F|  |TAMS 0x00000000c4e00000, 0x00000000c4e00000| Untracked 
|  79|0x00000000c4f00000, 0x00000000c4f00000, 0x00000000c5000000|  0%| F|  |TAMS 0x00000000c4f00000, 0x00000000c4f00000| Untracked 
|  80|0x00000000c5000000, 0x00000000c5000000, 0x00000000c5100000|  0%| F|  |TAMS 0x00000000c5000000, 0x00000000c5000000| Untracked 
|  81|0x00000000c5100000, 0x00000000c5100000, 0x00000000c5200000|  0%| F|  |TAMS 0x00000000c5100000, 0x00000000c5100000| Untracked 
|  82|0x00000000c5200000, 0x00000000c5200000, 0x00000000c5300000|  0%| F|  |TAMS 0x00000000c5200000, 0x00000000c5200000| Untracked 
|  83|0x00000000c5300000, 0x00000000c5300000, 0x00000000c5400000|  0%| F|  |TAMS 0x00000000c5300000, 0x00000000c5300000| Untracked 
|  84|0x00000000c5400000, 0x00000000c5400000, 0x00000000c5500000|  0%| F|  |TAMS 0x00000000c5400000, 0x00000000c5400000| Untracked 
|  85|0x00000000c5500000, 0x00000000c5500000, 0x00000000c5600000|  0%| F|  |TAMS 0x00000000c5500000, 0x00000000c5500000| Untracked 
|  86|0x00000000c5600000, 0x00000000c5600000, 0x00000000c5700000|  0%| F|  |TAMS 0x00000000c5600000, 0x00000000c5600000| Untracked 
|  87|0x00000000c5700000, 0x00000000c5700000, 0x00000000c5800000|  0%| F|  |TAMS 0x00000000c5700000, 0x00000000c5700000| Untracked 
|  88|0x00000000c5800000, 0x00000000c5800000, 0x00000000c5900000|  0%| F|  |TAMS 0x00000000c5800000, 0x00000000c5800000| Untracked 
|  89|0x00000000c5900000, 0x00000000c5900000, 0x00000000c5a00000|  0%| F|  |TAMS 0x00000000c5900000, 0x00000000c5900000| Untracked 
|  90|0x00000000c5a00000, 0x00000000c5a00000, 0x00000000c5b00000|  0%| F|  |TAMS 0x00000000c5a00000, 0x00000000c5a00000| Untracked 
|  91|0x00000000c5b00000, 0x00000000c5b00000, 0x00000000c5c00000|  0%| F|  |TAMS 0x00000000c5b00000, 0x00000000c5b00000| Untracked 
|  92|0x00000000c5c00000, 0x00000000c5c00000, 0x00000000c5d00000|  0%| F|  |TAMS 0x00000000c5c00000, 0x00000000c5c00000| Untracked 
|  93|0x00000000c5d00000, 0x00000000c5d00000, 0x00000000c5e00000|  0%| F|  |TAMS 0x00000000c5d00000, 0x00000000c5d00000| Untracked 
|  94|0x00000000c5e00000, 0x00000000c5e00000, 0x00000000c5f00000|  0%| F|  |TAMS 0x00000000c5e00000, 0x00000000c5e00000| Untracked 
|  95|0x00000000c5f00000, 0x00000000c5f00000, 0x00000000c6000000|  0%| F|  |TAMS 0x00000000c5f00000, 0x00000000c5f00000| Untracked 
|  96|0x00000000c6000000, 0x00000000c6000000, 0x00000000c6100000|  0%| F|  |TAMS 0x00000000c6000000, 0x00000000c6000000| Untracked 
|  97|0x00000000c6100000, 0x00000000c6100000, 0x00000000c6200000|  0%| F|  |TAMS 0x00000000c6100000, 0x00000000c6100000| Untracked 
|  98|0x00000000c6200000, 0x00000000c6200000, 0x00000000c6300000|  0%| F|  |TAMS 0x00000000c6200000, 0x00000000c6200000| Untracked 
|  99|0x00000000c6300000, 0x00000000c6300000, 0x00000000c6400000|  0%| F|  |TAMS 0x00000000c6300000, 0x00000000c6300000| Untracked 
| 100|0x00000000c6400000, 0x00000000c6400000, 0x00000000c6500000|  0%| F|  |TAMS 0x00000000c6400000, 0x00000000c6400000| Untracked 
| 101|0x00000000c6500000, 0x00000000c6500000, 0x00000000c6600000|  0%| F|  |TAMS 0x00000000c6500000, 0x00000000c6500000| Untracked 
| 102|0x00000000c6600000, 0x00000000c6600000, 0x00000000c6700000|  0%| F|  |TAMS 0x00000000c6600000, 0x00000000c6600000| Untracked 
| 103|0x00000000c6700000, 0x00000000c6700000, 0x00000000c6800000|  0%| F|  |TAMS 0x00000000c6700000, 0x00000000c6700000| Untracked 
| 104|0x00000000c6800000, 0x00000000c6800000, 0x00000000c6900000|  0%| F|  |TAMS 0x00000000c6800000, 0x00000000c6800000| Untracked 
| 105|0x00000000c6900000, 0x00000000c69cc978, 0x00000000c6a00000| 79%| S|CS|TAMS 0x00000000c6900000, 0x00000000c6900000| Complete 
| 106|0x00000000c6a00000, 0x00000000c6b00000, 0x00000000c6b00000|100%| S|CS|TAMS 0x00000000c6a00000, 0x00000000c6a00000| Complete 
| 107|0x00000000c6b00000, 0x00000000c6c00000, 0x00000000c6c00000|100%| S|CS|TAMS 0x00000000c6b00000, 0x00000000c6b00000| Complete 
| 108|0x00000000c6c00000, 0x00000000c6d00000, 0x00000000c6d00000|100%| S|CS|TAMS 0x00000000c6c00000, 0x00000000c6c00000| Complete 
| 109|0x00000000c6d00000, 0x00000000c6e00000, 0x00000000c6e00000|100%| S|CS|TAMS 0x00000000c6d00000, 0x00000000c6d00000| Complete 
| 110|0x00000000c6e00000, 0x00000000c6e00000, 0x00000000c6f00000|  0%| F|  |TAMS 0x00000000c6e00000, 0x00000000c6e00000| Untracked 
| 111|0x00000000c6f00000, 0x00000000c6f00000, 0x00000000c7000000|  0%| F|  |TAMS 0x00000000c6f00000, 0x00000000c6f00000| Untracked 
| 112|0x00000000c7000000, 0x00000000c7000000, 0x00000000c7100000|  0%| F|  |TAMS 0x00000000c7000000, 0x00000000c7000000| Untracked 
| 113|0x00000000c7100000, 0x00000000c7100000, 0x00000000c7200000|  0%| F|  |TAMS 0x00000000c7100000, 0x00000000c7100000| Untracked 
| 114|0x00000000c7200000, 0x00000000c7200000, 0x00000000c7300000|  0%| F|  |TAMS 0x00000000c7200000, 0x00000000c7200000| Untracked 
| 115|0x00000000c7300000, 0x00000000c7300000, 0x00000000c7400000|  0%| F|  |TAMS 0x00000000c7300000, 0x00000000c7300000| Untracked 
| 116|0x00000000c7400000, 0x00000000c7400000, 0x00000000c7500000|  0%| F|  |TAMS 0x00000000c7400000, 0x00000000c7400000| Untracked 
| 117|0x00000000c7500000, 0x00000000c7600000, 0x00000000c7600000|100%| S|CS|TAMS 0x00000000c7500000, 0x00000000c7500000| Complete 
| 118|0x00000000c7600000, 0x00000000c7700000, 0x00000000c7700000|100%| S|CS|TAMS 0x00000000c7600000, 0x00000000c7600000| Complete 
| 119|0x00000000c7700000, 0x00000000c7700000, 0x00000000c7800000|  0%| F|  |TAMS 0x00000000c7700000, 0x00000000c7700000| Untracked 
| 120|0x00000000c7800000, 0x00000000c7800000, 0x00000000c7900000|  0%| F|  |TAMS 0x00000000c7800000, 0x00000000c7800000| Untracked 
| 121|0x00000000c7900000, 0x00000000c7900000, 0x00000000c7a00000|  0%| F|  |TAMS 0x00000000c7900000, 0x00000000c7900000| Untracked 
| 122|0x00000000c7a00000, 0x00000000c7a00000, 0x00000000c7b00000|  0%| F|  |TAMS 0x00000000c7a00000, 0x00000000c7a00000| Untracked 
| 123|0x00000000c7b00000, 0x00000000c7b00000, 0x00000000c7c00000|  0%| F|  |TAMS 0x00000000c7b00000, 0x00000000c7b00000| Untracked 
| 124|0x00000000c7c00000, 0x00000000c7c00000, 0x00000000c7d00000|  0%| F|  |TAMS 0x00000000c7c00000, 0x00000000c7c00000| Untracked 
| 125|0x00000000c7d00000, 0x00000000c7d00000, 0x00000000c7e00000|  0%| F|  |TAMS 0x00000000c7d00000, 0x00000000c7d00000| Untracked 
| 126|0x00000000c7e00000, 0x00000000c7e00000, 0x00000000c7f00000|  0%| F|  |TAMS 0x00000000c7e00000, 0x00000000c7e00000| Untracked 
| 127|0x00000000c7f00000, 0x00000000c7f00000, 0x00000000c8000000|  0%| F|  |TAMS 0x00000000c7f00000, 0x00000000c7f00000| Untracked 
| 128|0x00000000c8000000, 0x00000000c8000000, 0x00000000c8100000|  0%| F|  |TAMS 0x00000000c8000000, 0x00000000c8000000| Untracked 
| 129|0x00000000c8100000, 0x00000000c8100000, 0x00000000c8200000|  0%| F|  |TAMS 0x00000000c8100000, 0x00000000c8100000| Untracked 
| 130|0x00000000c8200000, 0x00000000c8200000, 0x00000000c8300000|  0%| F|  |TAMS 0x00000000c8200000, 0x00000000c8200000| Untracked 
| 131|0x00000000c8300000, 0x00000000c8300000, 0x00000000c8400000|  0%| F|  |TAMS 0x00000000c8300000, 0x00000000c8300000| Untracked 
| 132|0x00000000c8400000, 0x00000000c8400000, 0x00000000c8500000|  0%| F|  |TAMS 0x00000000c8400000, 0x00000000c8400000| Untracked 
| 133|0x00000000c8500000, 0x00000000c8500000, 0x00000000c8600000|  0%| F|  |TAMS 0x00000000c8500000, 0x00000000c8500000| Untracked 
| 134|0x00000000c8600000, 0x00000000c8600000, 0x00000000c8700000|  0%| F|  |TAMS 0x00000000c8600000, 0x00000000c8600000| Untracked 
| 135|0x00000000c8700000, 0x00000000c8700000, 0x00000000c8800000|  0%| F|  |TAMS 0x00000000c8700000, 0x00000000c8700000| Untracked 
| 136|0x00000000c8800000, 0x00000000c8800000, 0x00000000c8900000|  0%| F|  |TAMS 0x00000000c8800000, 0x00000000c8800000| Untracked 
| 137|0x00000000c8900000, 0x00000000c8900000, 0x00000000c8a00000|  0%| F|  |TAMS 0x00000000c8900000, 0x00000000c8900000| Untracked 
| 138|0x00000000c8a00000, 0x00000000c8a00000, 0x00000000c8b00000|  0%| F|  |TAMS 0x00000000c8a00000, 0x00000000c8a00000| Untracked 
| 139|0x00000000c8b00000, 0x00000000c8b00000, 0x00000000c8c00000|  0%| F|  |TAMS 0x00000000c8b00000, 0x00000000c8b00000| Untracked 
| 140|0x00000000c8c00000, 0x00000000c8c00000, 0x00000000c8d00000|  0%| F|  |TAMS 0x00000000c8c00000, 0x00000000c8c00000| Untracked 
| 141|0x00000000c8d00000, 0x00000000c8d00000, 0x00000000c8e00000|  0%| F|  |TAMS 0x00000000c8d00000, 0x00000000c8d00000| Untracked 
| 142|0x00000000c8e00000, 0x00000000c8e00000, 0x00000000c8f00000|  0%| F|  |TAMS 0x00000000c8e00000, 0x00000000c8e00000| Untracked 
| 143|0x00000000c8f00000, 0x00000000c8f00000, 0x00000000c9000000|  0%| F|  |TAMS 0x00000000c8f00000, 0x00000000c8f00000| Untracked 
| 144|0x00000000c9000000, 0x00000000c9000000, 0x00000000c9100000|  0%| F|  |TAMS 0x00000000c9000000, 0x00000000c9000000| Untracked 
| 145|0x00000000c9100000, 0x00000000c9100000, 0x00000000c9200000|  0%| F|  |TAMS 0x00000000c9100000, 0x00000000c9100000| Untracked 
| 146|0x00000000c9200000, 0x00000000c9200000, 0x00000000c9300000|  0%| F|  |TAMS 0x00000000c9200000, 0x00000000c9200000| Untracked 
| 147|0x00000000c9300000, 0x00000000c9300000, 0x00000000c9400000|  0%| F|  |TAMS 0x00000000c9300000, 0x00000000c9300000| Untracked 
| 148|0x00000000c9400000, 0x00000000c9400000, 0x00000000c9500000|  0%| F|  |TAMS 0x00000000c9400000, 0x00000000c9400000| Untracked 
| 149|0x00000000c9500000, 0x00000000c9500000, 0x00000000c9600000|  0%| F|  |TAMS 0x00000000c9500000, 0x00000000c9500000| Untracked 
| 150|0x00000000c9600000, 0x00000000c9600000, 0x00000000c9700000|  0%| F|  |TAMS 0x00000000c9600000, 0x00000000c9600000| Untracked 
| 151|0x00000000c9700000, 0x00000000c9700000, 0x00000000c9800000|  0%| F|  |TAMS 0x00000000c9700000, 0x00000000c9700000| Untracked 
| 152|0x00000000c9800000, 0x00000000c9800000, 0x00000000c9900000|  0%| F|  |TAMS 0x00000000c9800000, 0x00000000c9800000| Untracked 
| 153|0x00000000c9900000, 0x00000000c9900000, 0x00000000c9a00000|  0%| F|  |TAMS 0x00000000c9900000, 0x00000000c9900000| Untracked 
| 154|0x00000000c9a00000, 0x00000000c9a00000, 0x00000000c9b00000|  0%| F|  |TAMS 0x00000000c9a00000, 0x00000000c9a00000| Untracked 
| 155|0x00000000c9b00000, 0x00000000c9b00000, 0x00000000c9c00000|  0%| F|  |TAMS 0x00000000c9b00000, 0x00000000c9b00000| Untracked 
| 156|0x00000000c9c00000, 0x00000000c9c00000, 0x00000000c9d00000|  0%| F|  |TAMS 0x00000000c9c00000, 0x00000000c9c00000| Untracked 
| 157|0x00000000c9d00000, 0x00000000c9d00000, 0x00000000c9e00000|  0%| F|  |TAMS 0x00000000c9d00000, 0x00000000c9d00000| Untracked 
| 158|0x00000000c9e00000, 0x00000000c9e00000, 0x00000000c9f00000|  0%| F|  |TAMS 0x00000000c9e00000, 0x00000000c9e00000| Untracked 
| 159|0x00000000c9f00000, 0x00000000c9f00000, 0x00000000ca000000|  0%| F|  |TAMS 0x00000000c9f00000, 0x00000000c9f00000| Untracked 
| 160|0x00000000ca000000, 0x00000000ca000000, 0x00000000ca100000|  0%| F|  |TAMS 0x00000000ca000000, 0x00000000ca000000| Untracked 
| 161|0x00000000ca100000, 0x00000000ca100000, 0x00000000ca200000|  0%| F|  |TAMS 0x00000000ca100000, 0x00000000ca100000| Untracked 
| 162|0x00000000ca200000, 0x00000000ca200000, 0x00000000ca300000|  0%| F|  |TAMS 0x00000000ca200000, 0x00000000ca200000| Untracked 
| 163|0x00000000ca300000, 0x00000000ca300000, 0x00000000ca400000|  0%| F|  |TAMS 0x00000000ca300000, 0x00000000ca300000| Untracked 
| 164|0x00000000ca400000, 0x00000000ca400000, 0x00000000ca500000|  0%| F|  |TAMS 0x00000000ca400000, 0x00000000ca400000| Untracked 
| 165|0x00000000ca500000, 0x00000000ca500000, 0x00000000ca600000|  0%| F|  |TAMS 0x00000000ca500000, 0x00000000ca500000| Untracked 
| 166|0x00000000ca600000, 0x00000000ca600000, 0x00000000ca700000|  0%| F|  |TAMS 0x00000000ca600000, 0x00000000ca600000| Untracked 
| 167|0x00000000ca700000, 0x00000000ca700000, 0x00000000ca800000|  0%| F|  |TAMS 0x00000000ca700000, 0x00000000ca700000| Untracked 
| 168|0x00000000ca800000, 0x00000000ca800000, 0x00000000ca900000|  0%| F|  |TAMS 0x00000000ca800000, 0x00000000ca800000| Untracked 
| 169|0x00000000ca900000, 0x00000000ca900000, 0x00000000caa00000|  0%| F|  |TAMS 0x00000000ca900000, 0x00000000ca900000| Untracked 
| 170|0x00000000caa00000, 0x00000000caa00000, 0x00000000cab00000|  0%| F|  |TAMS 0x00000000caa00000, 0x00000000caa00000| Untracked 
| 171|0x00000000cab00000, 0x00000000cab00000, 0x00000000cac00000|  0%| F|  |TAMS 0x00000000cab00000, 0x00000000cab00000| Untracked 
| 172|0x00000000cac00000, 0x00000000cac00000, 0x00000000cad00000|  0%| F|  |TAMS 0x00000000cac00000, 0x00000000cac00000| Untracked 
| 173|0x00000000cad00000, 0x00000000cad00000, 0x00000000cae00000|  0%| F|  |TAMS 0x00000000cad00000, 0x00000000cad00000| Untracked 
| 174|0x00000000cae00000, 0x00000000cae00000, 0x00000000caf00000|  0%| F|  |TAMS 0x00000000cae00000, 0x00000000cae00000| Untracked 
| 175|0x00000000caf00000, 0x00000000caf00000, 0x00000000cb000000|  0%| F|  |TAMS 0x00000000caf00000, 0x00000000caf00000| Untracked 
| 176|0x00000000cb000000, 0x00000000cb000000, 0x00000000cb100000|  0%| F|  |TAMS 0x00000000cb000000, 0x00000000cb000000| Untracked 
| 177|0x00000000cb100000, 0x00000000cb100000, 0x00000000cb200000|  0%| F|  |TAMS 0x00000000cb100000, 0x00000000cb100000| Untracked 
| 178|0x00000000cb200000, 0x00000000cb200000, 0x00000000cb300000|  0%| F|  |TAMS 0x00000000cb200000, 0x00000000cb200000| Untracked 
| 179|0x00000000cb300000, 0x00000000cb300000, 0x00000000cb400000|  0%| F|  |TAMS 0x00000000cb300000, 0x00000000cb300000| Untracked 
| 180|0x00000000cb400000, 0x00000000cb400000, 0x00000000cb500000|  0%| F|  |TAMS 0x00000000cb400000, 0x00000000cb400000| Untracked 
| 181|0x00000000cb500000, 0x00000000cb500000, 0x00000000cb600000|  0%| F|  |TAMS 0x00000000cb500000, 0x00000000cb500000| Untracked 
| 182|0x00000000cb600000, 0x00000000cb600000, 0x00000000cb700000|  0%| F|  |TAMS 0x00000000cb600000, 0x00000000cb600000| Untracked 
| 183|0x00000000cb700000, 0x00000000cb700000, 0x00000000cb800000|  0%| F|  |TAMS 0x00000000cb700000, 0x00000000cb700000| Untracked 
| 184|0x00000000cb800000, 0x00000000cb800000, 0x00000000cb900000|  0%| F|  |TAMS 0x00000000cb800000, 0x00000000cb800000| Untracked 
| 185|0x00000000cb900000, 0x00000000cb900000, 0x00000000cba00000|  0%| F|  |TAMS 0x00000000cb900000, 0x00000000cb900000| Untracked 
| 186|0x00000000cba00000, 0x00000000cba00000, 0x00000000cbb00000|  0%| F|  |TAMS 0x00000000cba00000, 0x00000000cba00000| Untracked 
| 187|0x00000000cbb00000, 0x00000000cbb00000, 0x00000000cbc00000|  0%| F|  |TAMS 0x00000000cbb00000, 0x00000000cbb00000| Untracked 
| 188|0x00000000cbc00000, 0x00000000cbc00000, 0x00000000cbd00000|  0%| F|  |TAMS 0x00000000cbc00000, 0x00000000cbc00000| Untracked 
| 189|0x00000000cbd00000, 0x00000000cbd00000, 0x00000000cbe00000|  0%| F|  |TAMS 0x00000000cbd00000, 0x00000000cbd00000| Untracked 
| 190|0x00000000cbe00000, 0x00000000cbe00000, 0x00000000cbf00000|  0%| F|  |TAMS 0x00000000cbe00000, 0x00000000cbe00000| Untracked 
| 191|0x00000000cbf00000, 0x00000000cbf00000, 0x00000000cc000000|  0%| F|  |TAMS 0x00000000cbf00000, 0x00000000cbf00000| Untracked 
| 192|0x00000000cc000000, 0x00000000cc000000, 0x00000000cc100000|  0%| F|  |TAMS 0x00000000cc000000, 0x00000000cc000000| Untracked 
| 193|0x00000000cc100000, 0x00000000cc100000, 0x00000000cc200000|  0%| F|  |TAMS 0x00000000cc100000, 0x00000000cc100000| Untracked 
| 194|0x00000000cc200000, 0x00000000cc200000, 0x00000000cc300000|  0%| F|  |TAMS 0x00000000cc200000, 0x00000000cc200000| Untracked 
| 195|0x00000000cc300000, 0x00000000cc300000, 0x00000000cc400000|  0%| F|  |TAMS 0x00000000cc300000, 0x00000000cc300000| Untracked 
| 196|0x00000000cc400000, 0x00000000cc400000, 0x00000000cc500000|  0%| F|  |TAMS 0x00000000cc400000, 0x00000000cc400000| Untracked 
| 197|0x00000000cc500000, 0x00000000cc500000, 0x00000000cc600000|  0%| F|  |TAMS 0x00000000cc500000, 0x00000000cc500000| Untracked 
| 198|0x00000000cc600000, 0x00000000cc600000, 0x00000000cc700000|  0%| F|  |TAMS 0x00000000cc600000, 0x00000000cc600000| Untracked 
| 199|0x00000000cc700000, 0x00000000cc700000, 0x00000000cc800000|  0%| F|  |TAMS 0x00000000cc700000, 0x00000000cc700000| Untracked 
| 200|0x00000000cc800000, 0x00000000cc800000, 0x00000000cc900000|  0%| F|  |TAMS 0x00000000cc800000, 0x00000000cc800000| Untracked 
| 201|0x00000000cc900000, 0x00000000cc900000, 0x00000000cca00000|  0%| F|  |TAMS 0x00000000cc900000, 0x00000000cc900000| Untracked 

Card table byte_map: [0x0000026b64a70000,0x0000026b64c70000] _byte_map_base: 0x0000026b64470000

Marking Bits (Prev, Next): (CMBitMap*) 0x0000026b5ee26d10, (CMBitMap*) 0x0000026b5ee26cd0
 Prev Bits: [0x0000026b65e70000, 0x0000026b66e70000)
 Next Bits: [0x0000026b64e70000, 0x0000026b65e70000)

Polling page: 0x0000026b5cdc0000

Metaspace:

Usage:
  Non-class:     30.21 MB used.
      Class:      4.49 MB used.
       Both:     34.70 MB used.

Virtual space:
  Non-class space:       32.00 MB reserved,      30.44 MB ( 95%) committed,  4 nodes.
      Class space:        1.00 GB reserved,       4.69 MB ( <1%) committed,  1 nodes.
             Both:        1.03 GB reserved,      35.12 MB (  3%) committed. 

Chunk freelists:
   Non-Class:  736.00 KB
       Class:  3.20 MB
        Both:  3.92 MB

MaxMetaspaceSize: unlimited
CompressedClassSpaceSize: 1.00 GB
Initial GC threshold: 21.00 MB
Current GC threshold: 58.38 MB
CDS: off
MetaspaceReclaimPolicy: balanced
 - commit_granule_bytes: 65536.
 - commit_granule_words: 8192.
 - virtual_space_node_default_size: 1048576.
 - enlarge_chunks_in_place: 1.
 - new_chunks_are_fully_committed: 0.
 - uncommit_free_chunks: 1.
 - use_allocation_guard: 0.
 - handle_deallocations: 1.


Internal statistics:

num_allocs_failed_limit: 3.
num_arena_births: 452.
num_arena_deaths: 0.
num_vsnodes_births: 5.
num_vsnodes_deaths: 0.
num_space_committed: 562.
num_space_uncommitted: 0.
num_chunks_returned_to_freelist: 3.
num_chunks_taken_from_freelist: 1484.
num_chunk_merges: 3.
num_chunk_splits: 1004.
num_chunks_enlarged: 750.
num_purges: 0.
num_inconsistent_stats: 0.

CodeCache: size=49152Kb used=8582Kb max_used=8582Kb free=40569Kb
 bounds [0x0000026b61a70000, 0x0000026b622e0000, 0x0000026b64a70000]
 total_blobs=4335 nmethods=3796 adapters=464
 compilation: enabled
              stopped_count=0, restarted_count=0
 full_count=0

Compilation events (20 events):
Event: 13.071 Thread 0x0000026b6934e700 3787       1       jdk.internal.module.SystemModuleFinders$SystemModuleReader$$Lambda$209/0x00000001001db5b8::<init> (10 bytes)
Event: 13.071 Thread 0x0000026b6934e700 nmethod 3787 0x0000026b622c4f90 code [0x0000026b622c5120, 0x0000026b622c5238]
Event: 13.071 Thread 0x0000026b6b11a810 nmethod 3788 0x0000026b622c5290 code [0x0000026b622c5440, 0x0000026b622c5618]
Event: 13.071 Thread 0x0000026b69ed9460 nmethod 3783 0x0000026b622c5710 code [0x0000026b622c5900, 0x0000026b622c5e28]
Event: 13.072 Thread 0x0000026b69ed9460 3789       1       jdk.internal.jimage.BasicImageReader::findLocation (57 bytes)
Event: 13.073 Thread 0x0000026b69ed9460 nmethod 3789 0x0000026b622c6110 code [0x0000026b622c6320, 0x0000026b622c6848]
Event: 13.075 Thread 0x0000026b69ed9460 3790   !   1       io.github.classgraph.Classfile::<init> (860 bytes)
Event: 13.076 Thread 0x0000026b6934e700 3791       1       io.github.classgraph.ClasspathElementModule$1::openClassfile (13 bytes)
Event: 13.076 Thread 0x0000026b6934e700 nmethod 3791 0x0000026b622c6a90 code [0x0000026b622c6c40, 0x0000026b622c6f48]
Event: 13.076 Thread 0x0000026b6b11a810 3792   !   1       io.github.classgraph.ClasspathElementModule$1::open (129 bytes)
Event: 13.076 Thread 0x0000026b6934e700 3793       1       io.github.classgraph.ModuleReaderProxy::open (72 bytes)
Event: 13.076 Thread 0x0000026b6934e700 nmethod 3793 0x0000026b622c7010 code [0x0000026b622c7220, 0x0000026b622c7708]
Event: 13.077 Thread 0x0000026b6b11a810 nmethod 3792 0x0000026b622c7910 code [0x0000026b622c7bc0, 0x0000026b622c8678]
Event: 13.078 Thread 0x0000026b6b11a810 3794   !   1       io.github.classgraph.Scanner$ClassfileScannerWorkUnitProcessor::processWorkUnit (291 bytes)
Event: 13.079 Thread 0x0000026b6934e700 3795   !   1       jdk.internal.reflect.GeneratedMethodAccessor19::invoke (67 bytes)
Event: 13.080 Thread 0x0000026b6934e700 nmethod 3795 0x0000026b622c8c90 code [0x0000026b622c8e80, 0x0000026b622c92b8]
Event: 13.080 Thread 0x0000026b6b11a810 nmethod 3794 0x0000026b622c9590 code [0x0000026b622c9940, 0x0000026b622ca8b8]
Event: 13.082 Thread 0x0000026b69ed9460 nmethod 3790 0x0000026b622cb190 code [0x0000026b622cb9c0, 0x0000026b622ce508]
Event: 13.158 Thread 0x0000026b69ed9460 3796  s!   1       jdk.internal.loader.URLClassPath::getLoader (196 bytes)
Event: 13.160 Thread 0x0000026b69ed9460 nmethod 3796 0x0000026b622d0310 code [0x0000026b622d05c0, 0x0000026b622d0fd8]

GC Heap History (20 events):
Event: 11.762 GC heap after
{Heap after GC invocations=16 (full 0):
 garbage-first heap   total 103424K, used 37144K [0x00000000c0000000, 0x0000000100000000)
  region size 1024K, 2 young (2048K), 2 survivors (2048K)
 Metaspace       used 35382K, committed 35840K, reserved 1081344K
  class space    used 4574K, committed 4800K, reserved 1048576K
}
Event: 12.191 GC heap before
{Heap before GC invocations=17 (full 0):
 garbage-first heap   total 103424K, used 75032K [0x00000000c0000000, 0x0000000100000000)
  region size 1024K, 39 young (39936K), 2 survivors (2048K)
 Metaspace       used 35382K, committed 35840K, reserved 1081344K
  class space    used 4574K, committed 4800K, reserved 1048576K
}
Event: 12.208 GC heap after
{Heap after GC invocations=18 (full 0):
 garbage-first heap   total 103424K, used 48372K [0x00000000c0000000, 0x0000000100000000)
  region size 1024K, 5 young (5120K), 5 survivors (5120K)
 Metaspace       used 35382K, committed 35840K, reserved 1081344K
  class space    used 4574K, committed 4800K, reserved 1048576K
}
Event: 12.904 GC heap before
{Heap before GC invocations=18 (full 0):
 garbage-first heap   total 103424K, used 76020K [0x00000000c0000000, 0x0000000100000000)
  region size 1024K, 31 young (31744K), 5 survivors (5120K)
 Metaspace       used 35382K, committed 35840K, reserved 1081344K
  class space    used 4575K, committed 4800K, reserved 1048576K
}
Event: 12.922 GC heap after
{Heap after GC invocations=19 (full 0):
 garbage-first heap   total 103424K, used 61440K [0x00000000c0000000, 0x0000000100000000)
  region size 1024K, 4 young (4096K), 4 survivors (4096K)
 Metaspace       used 35382K, committed 35840K, reserved 1081344K
  class space    used 4575K, committed 4800K, reserved 1048576K
}
Event: 13.030 GC heap before
{Heap before GC invocations=19 (full 0):
 garbage-first heap   total 103424K, used 75776K [0x00000000c0000000, 0x0000000100000000)
  region size 1024K, 19 young (19456K), 4 survivors (4096K)
 Metaspace       used 35435K, committed 35904K, reserved 1081344K
  class space    used 4585K, committed 4800K, reserved 1048576K
}
Event: 13.052 GC heap after
{Heap after GC invocations=20 (full 0):
 garbage-first heap   total 103424K, used 66512K [0x00000000c0000000, 0x0000000100000000)
  region size 1024K, 3 young (3072K), 3 survivors (3072K)
 Metaspace       used 35435K, committed 35904K, reserved 1081344K
  class space    used 4585K, committed 4800K, reserved 1048576K
}
Event: 13.105 GC heap before
{Heap before GC invocations=20 (full 0):
 garbage-first heap   total 103424K, used 77776K [0x00000000c0000000, 0x0000000100000000)
  region size 1024K, 15 young (15360K), 3 survivors (3072K)
 Metaspace       used 35435K, committed 35904K, reserved 1081344K
  class space    used 4585K, committed 4800K, reserved 1048576K
}
Event: 13.116 GC heap after
{Heap after GC invocations=21 (full 0):
 garbage-first heap   total 103424K, used 68033K [0x00000000c0000000, 0x0000000100000000)
  region size 1024K, 1 young (1024K), 1 survivors (1024K)
 Metaspace       used 35435K, committed 35904K, reserved 1081344K
  class space    used 4585K, committed 4800K, reserved 1048576K
}
Event: 13.167 GC heap before
{Heap before GC invocations=21 (full 0):
 garbage-first heap   total 103424K, used 79297K [0x00000000c0000000, 0x0000000100000000)
  region size 1024K, 13 young (13312K), 1 survivors (1024K)
 Metaspace       used 35537K, committed 35968K, reserved 1081344K
  class space    used 4599K, committed 4800K, reserved 1048576K
}
Event: 13.171 GC heap after
{Heap after GC invocations=22 (full 0):
 garbage-first heap   total 206848K, used 68219K [0x00000000c0000000, 0x0000000100000000)
  region size 1024K, 1 young (1024K), 1 survivors (1024K)
 Metaspace       used 35537K, committed 35968K, reserved 1081344K
  class space    used 4599K, committed 4800K, reserved 1048576K
}
Event: 13.511 GC heap before
{Heap before GC invocations=23 (full 0):
 garbage-first heap   total 206848K, used 128635K [0x00000000c0000000, 0x0000000100000000)
  region size 1024K, 62 young (63488K), 1 survivors (1024K)
 Metaspace       used 35537K, committed 35968K, reserved 1081344K
  class space    used 4599K, committed 4800K, reserved 1048576K
}
Event: 13.535 GC heap after
{Heap after GC invocations=24 (full 0):
 garbage-first heap   total 206848K, used 69796K [0x00000000c0000000, 0x0000000100000000)
  region size 1024K, 4 young (4096K), 4 survivors (4096K)
 Metaspace       used 35537K, committed 35968K, reserved 1081344K
  class space    used 4599K, committed 4800K, reserved 1048576K
}
Event: 13.545 GC heap before
{Heap before GC invocations=24 (full 0):
 garbage-first heap   total 206848K, used 74916K [0x00000000c0000000, 0x0000000100000000)
  region size 1024K, 10 young (10240K), 4 survivors (4096K)
 Metaspace       used 35537K, committed 35968K, reserved 1081344K
  class space    used 4599K, committed 4800K, reserved 1048576K
}
Event: 13.553 GC heap after
{Heap after GC invocations=25 (full 0):
 garbage-first heap   total 206848K, used 69472K [0x00000000c0000000, 0x0000000100000000)
  region size 1024K, 1 young (1024K), 1 survivors (1024K)
 Metaspace       used 35537K, committed 35968K, reserved 1081344K
  class space    used 4599K, committed 4800K, reserved 1048576K
}
Event: 13.755 GC heap before
{Heap before GC invocations=25 (full 0):
 garbage-first heap   total 206848K, used 149344K [0x00000000c0000000, 0x0000000100000000)
  region size 1024K, 80 young (81920K), 1 survivors (1024K)
 Metaspace       used 35537K, committed 35968K, reserved 1081344K
  class space    used 4599K, committed 4800K, reserved 1048576K
}
Event: 13.769 GC heap after
{Heap after GC invocations=26 (full 0):
 garbage-first heap   total 206848K, used 72485K [0x00000000c0000000, 0x0000000100000000)
  region size 1024K, 4 young (4096K), 4 survivors (4096K)
 Metaspace       used 35537K, committed 35968K, reserved 1081344K
  class space    used 4599K, committed 4800K, reserved 1048576K
}
Event: 14.035 GC heap before
{Heap before GC invocations=26 (full 0):
 garbage-first heap   total 206848K, used 154405K [0x00000000c0000000, 0x0000000100000000)
  region size 1024K, 85 young (87040K), 4 survivors (4096K)
 Metaspace       used 35537K, committed 35968K, reserved 1081344K
  class space    used 4599K, committed 4800K, reserved 1048576K
}
Event: 14.051 GC heap after
{Heap after GC invocations=27 (full 0):
 garbage-first heap   total 206848K, used 75751K [0x00000000c0000000, 0x0000000100000000)
  region size 1024K, 7 young (7168K), 7 survivors (7168K)
 Metaspace       used 35537K, committed 35968K, reserved 1081344K
  class space    used 4599K, committed 4800K, reserved 1048576K
}
Event: 14.308 GC heap before
{Heap before GC invocations=27 (full 0):
 garbage-first heap   total 206848K, used 159719K [0x00000000c0000000, 0x0000000100000000)
  region size 1024K, 90 young (92160K), 7 survivors (7168K)
 Metaspace       used 35537K, committed 35968K, reserved 1081344K
  class space    used 4599K, committed 4800K, reserved 1048576K
}

Dll operation events (8 events):
Event: 0.021 Loaded shared library c:\Users\yassi\.vscode\extensions\redhat.java-1.14.0-win32-x64\jre\17.0.5-win32-x86_64\bin\java.dll
Event: 0.626 Loaded shared library C:\Users\yassi\.vscode\extensions\redhat.java-1.14.0-win32-x64\jre\17.0.5-win32-x86_64\bin\net.dll
Event: 0.630 Loaded shared library C:\Users\yassi\.vscode\extensions\redhat.java-1.14.0-win32-x64\jre\17.0.5-win32-x86_64\bin\nio.dll
Event: 0.654 Loaded shared library C:\Users\yassi\.vscode\extensions\redhat.java-1.14.0-win32-x64\jre\17.0.5-win32-x86_64\bin\zip.dll
Event: 1.112 Loaded shared library C:\Users\yassi\.vscode\extensions\redhat.java-1.14.0-win32-x64\jre\17.0.5-win32-x86_64\bin\jimage.dll
Event: 1.401 Loaded shared library c:\Users\yassi\.vscode\extensions\redhat.java-1.14.0-win32-x64\jre\17.0.5-win32-x86_64\bin\verify.dll
Event: 9.922 Loaded shared library C:\Users\yassi\.vscode\extensions\redhat.java-1.14.0-win32-x64\jre\17.0.5-win32-x86_64\bin\management.dll
Event: 9.931 Loaded shared library C:\Users\yassi\.vscode\extensions\redhat.java-1.14.0-win32-x64\jre\17.0.5-win32-x86_64\bin\management_ext.dll

Deoptimization events (12 events):
Event: 4.305 Thread 0x0000026b5ede5c40 DEOPT PACKING pc=0x0000026b61eea719 sp=0x000000ae978fd3b0
Event: 4.305 Thread 0x0000026b5ede5c40 DEOPT UNPACKING pc=0x0000026b61ac2b43 sp=0x000000ae978fc890 mode 3
Event: 10.756 Thread 0x0000026b6b052300 DEOPT PACKING pc=0x0000026b6217eb35 sp=0x000000ae994fe040
Event: 10.756 Thread 0x0000026b6b052300 DEOPT UNPACKING pc=0x0000026b61ac2b43 sp=0x000000ae994fd568 mode 3
Event: 10.975 Thread 0x0000026b6b0527d0 DEOPT PACKING pc=0x0000026b62196c2b sp=0x000000ae995fe190
Event: 10.975 Thread 0x0000026b6b0527d0 DEOPT UNPACKING pc=0x0000026b61ac2b43 sp=0x000000ae995fd6d8 mode 3
Event: 11.370 Thread 0x0000026b6a752020 DEOPT PACKING pc=0x0000026b61eeba81 sp=0x000000ae999feb90
Event: 11.370 Thread 0x0000026b6a752020 DEOPT UNPACKING pc=0x0000026b61ac2b43 sp=0x000000ae999fe020 mode 3
Event: 12.471 Thread 0x0000026b6b343070 DEOPT PACKING pc=0x0000026b61ee8617 sp=0x000000ae99bfeb90
Event: 12.471 Thread 0x0000026b6b343070 DEOPT UNPACKING pc=0x0000026b61ac2b43 sp=0x000000ae99bfdfe8 mode 3
Event: 12.472 Thread 0x0000026b6a751b50 DEOPT PACKING pc=0x0000026b61ee8617 sp=0x000000ae998ff1d0
Event: 12.472 Thread 0x0000026b6a751b50 DEOPT UNPACKING pc=0x0000026b61ac2b43 sp=0x000000ae998fe628 mode 3

Classes unloaded (0 events):
No events

Classes redefined (0 events):
No events

Internal exceptions (20 events):
Event: 11.075 Thread 0x0000026b6a7f1c00 Exception <a 'sun/nio/fs/WindowsException'{0x00000000c3a44e48}> (0x00000000c3a44e48) 
thrown [s\src\hotspot\share\prims\jni.cpp, line 516]
Event: 11.075 Thread 0x0000026b6a7f1c00 Exception <a 'sun/nio/fs/WindowsException'{0x00000000c3a45218}> (0x00000000c3a45218) 
thrown [s\src\hotspot\share\prims\jni.cpp, line 516]
Event: 11.075 Thread 0x0000026b6a7f1c00 Exception <a 'sun/nio/fs/WindowsException'{0x00000000c3a45c50}> (0x00000000c3a45c50) 
thrown [s\src\hotspot\share\prims\jni.cpp, line 516]
Event: 11.075 Thread 0x0000026b6a7f1c00 Exception <a 'sun/nio/fs/WindowsException'{0x00000000c3a46058}> (0x00000000c3a46058) 
thrown [s\src\hotspot\share\prims\jni.cpp, line 516]
Event: 11.076 Thread 0x0000026b6a7f1c00 Exception <a 'sun/nio/fs/WindowsException'{0x00000000c3a46a68}> (0x00000000c3a46a68) 
thrown [s\src\hotspot\share\prims\jni.cpp, line 516]
Event: 11.076 Thread 0x0000026b6a7f1c00 Exception <a 'sun/nio/fs/WindowsException'{0x00000000c3a46e40}> (0x00000000c3a46e40) 
thrown [s\src\hotspot\share\prims\jni.cpp, line 516]
Event: 11.076 Thread 0x0000026b6a7f1c00 Exception <a 'sun/nio/fs/WindowsException'{0x00000000c3a47828}> (0x00000000c3a47828) 
thrown [s\src\hotspot\share\prims\jni.cpp, line 516]
Event: 11.076 Thread 0x0000026b6a7f1c00 Exception <a 'sun/nio/fs/WindowsException'{0x00000000c3a47bc8}> (0x00000000c3a47bc8) 
thrown [s\src\hotspot\share\prims\jni.cpp, line 516]
Event: 11.076 Thread 0x0000026b6a7f1c00 Exception <a 'sun/nio/fs/WindowsException'{0x00000000c3a485c0}> (0x00000000c3a485c0) 
thrown [s\src\hotspot\share\prims\jni.cpp, line 516]
Event: 11.076 Thread 0x0000026b6a7f1c00 Exception <a 'sun/nio/fs/WindowsException'{0x00000000c3a48978}> (0x00000000c3a48978) 
thrown [s\src\hotspot\share\prims\jni.cpp, line 516]
Event: 11.076 Thread 0x0000026b6a7f1c00 Exception <a 'sun/nio/fs/WindowsException'{0x00000000c3a49360}> (0x00000000c3a49360) 
thrown [s\src\hotspot\share\prims\jni.cpp, line 516]
Event: 11.077 Thread 0x0000026b6a7f1c00 Exception <a 'sun/nio/fs/WindowsException'{0x00000000c3a49708}> (0x00000000c3a49708) 
thrown [s\src\hotspot\share\prims\jni.cpp, line 516]
Event: 11.077 Thread 0x0000026b6a7f1c00 Exception <a 'sun/nio/fs/WindowsException'{0x00000000c3a4a100}> (0x00000000c3a4a100) 
thrown [s\src\hotspot\share\prims\jni.cpp, line 516]
Event: 11.077 Thread 0x0000026b6a7f1c00 Exception <a 'sun/nio/fs/WindowsException'{0x00000000c3a4a4b8}> (0x00000000c3a4a4b8) 
thrown [s\src\hotspot\share\prims\jni.cpp, line 516]
Event: 11.077 Thread 0x0000026b6a7f1c00 Exception <a 'sun/nio/fs/WindowsException'{0x00000000c3a4aec8}> (0x00000000c3a4aec8) 
thrown [s\src\hotspot\share\prims\jni.cpp, line 516]
Event: 11.077 Thread 0x0000026b6a7f1c00 Exception <a 'sun/nio/fs/WindowsException'{0x00000000c3a4b2a0}> (0x00000000c3a4b2a0) 
thrown [s\src\hotspot\share\prims\jni.cpp, line 516]
Event: 11.077 Thread 0x0000026b6a7f1c00 Exception <a 'sun/nio/fs/WindowsException'{0x00000000c3a4bcc8}> (0x00000000c3a4bcc8) 
thrown [s\src\hotspot\share\prims\jni.cpp, line 516]
Event: 11.077 Thread 0x0000026b6a7f1c00 Exception <a 'sun/nio/fs/WindowsException'{0x00000000c3a4c0b8}> (0x00000000c3a4c0b8) 
thrown [s\src\hotspot\share\prims\jni.cpp, line 516]
Event: 11.078 Thread 0x0000026b6a7f1c00 Exception <a 'sun/nio/fs/WindowsException'{0x00000000c3a4cad8}> (0x00000000c3a4cad8) 
thrown [s\src\hotspot\share\prims\jni.cpp, line 516]
Event: 11.078 Thread 0x0000026b6a7f1c00 Exception <a 'sun/nio/fs/WindowsException'{0x00000000c3a98d48}> (0x00000000c3a98d48) 
thrown [s\src\hotspot\share\prims\jni.cpp, line 516]

VM Operations (20 events):
Event: 13.151 Executing VM operation: HandshakeAllThreads done
Event: 13.161 Executing VM operation: G1CollectForAllocation
Event: 13.167 Executing VM operation: G1CollectForAllocation done
Event: 13.167 Executing VM operation: G1CollectForAllocation
Event: 13.171 Executing VM operation: G1CollectForAllocation done
Event: 13.269 Executing VM operation: G1Concurrent
Event: 13.273 Executing VM operation: G1Concurrent done
Event: 13.381 Executing VM operation: G1Concurrent
Event: 13.407 Executing VM operation: G1Concurrent done
Event: 13.504 Executing VM operation: G1CollectForAllocation
Event: 13.536 Executing VM operation: G1CollectForAllocation done
Event: 13.544 Executing VM operation: G1CollectForAllocation
Event: 13.545 Executing VM operation: G1CollectForAllocation done
Event: 13.545 Executing VM operation: G1CollectForAllocation
Event: 13.553 Executing VM operation: G1CollectForAllocation done
Event: 13.739 Executing VM operation: G1CollectForAllocation
Event: 13.772 Executing VM operation: G1CollectForAllocation done
Event: 14.023 Executing VM operation: G1CollectForAllocation
Event: 14.052 Executing VM operation: G1CollectForAllocation done
Event: 14.291 Executing VM operation: G1CollectForAllocation

Events (20 events):
Event: 11.380 loading class java/util/stream/Collectors$1PairBox
Event: 11.380 loading class java/util/stream/Collectors$1PairBox done
Event: 11.381 loading class java/util/concurrent/locks/AbstractQueuedSynchronizer$SharedNode
Event: 11.381 loading class java/util/concurrent/locks/AbstractQueuedSynchronizer$SharedNode done
Event: 11.381 loading class jdk/internal/module/SystemModuleFinders$ModuleContentSpliterator
Event: 11.381 loading class jdk/internal/module/SystemModuleFinders$ModuleContentSpliterator done
Event: 11.381 loading class jdk/internal/jimage/ImageReader$Directory
Event: 11.382 loading class jdk/internal/jimage/ImageReader$Node
Event: 11.382 loading class jdk/internal/jimage/ImageReader$Node done
Event: 11.382 loading class jdk/internal/jimage/ImageReader$Directory done
Event: 11.382 loading class jdk/internal/jimage/ImageReader$SharedImageReader$LocationVisitor
Event: 11.382 loading class jdk/internal/jimage/ImageReader$SharedImageReader$LocationVisitor done
Event: 11.383 loading class java/nio/ByteBufferAsIntBufferL
Event: 11.383 loading class java/nio/ByteBufferAsIntBufferL done
Event: 11.385 loading class jdk/internal/jimage/ImageReader$Resource
Event: 11.385 loading class jdk/internal/jimage/ImageReader$Resource done
Event: 11.385 loading class java/util/stream/LongStream
Event: 11.388 loading class java/util/stream/LongStream done
Event: 11.388 loading class java/util/stream/DoubleStream
Event: 11.389 loading class java/util/stream/DoubleStream done


Dynamic libraries:
0x00007ff686550000 - 0x00007ff68655e000 	c:\Users\yassi\.vscode\extensions\redhat.java-1.14.0-win32-x64\jre\17.0.5-win32-x86_64\bin\java.exe
0x00007ffcdc090000 - 0x00007ffcdc288000 	C:\Windows\SYSTEM32\ntdll.dll
0x00007ffcdb600000 - 0x00007ffcdb6bf000 	C:\Windows\System32\KERNEL32.DLL
0x00007ffcd9920000 - 0x00007ffcd9bf2000 	C:\Windows\System32\KERNELBASE.dll
0x00007ffcd9d90000 - 0x00007ffcd9e90000 	C:\Windows\System32\ucrtbase.dll
0x00007ffc8dd20000 - 0x00007ffc8dd37000 	c:\Users\yassi\.vscode\extensions\redhat.java-1.14.0-win32-x64\jre\17.0.5-win32-x86_64\bin\jli.dll
0x00007ffcdaca0000 - 0x00007ffcdae41000 	C:\Windows\System32\USER32.dll
0x00007ffcd9ff0000 - 0x00007ffcda012000 	C:\Windows\System32\win32u.dll
0x00007ffcdb870000 - 0x00007ffcdb89b000 	C:\Windows\System32\GDI32.dll
0x00007ffcd9780000 - 0x00007ffcd988f000 	C:\Windows\System32\gdi32full.dll
0x00007ffcd9cf0000 - 0x00007ffcd9d8d000 	C:\Windows\System32\msvcp_win.dll
0x00007ffc8dd00000 - 0x00007ffc8dd19000 	c:\Users\yassi\.vscode\extensions\redhat.java-1.14.0-win32-x64\jre\17.0.5-win32-x86_64\bin\VCRUNTIME140.dll
0x00007ffcd8a50000 - 0x00007ffcd8cea000 	C:\Windows\WinSxS\amd64_microsoft.windows.common-controls_6595b64144ccf1df_6.0.19041.1110_none_60b5254171f9507e\COMCTL32.dll
0x00007ffcdae90000 - 0x00007ffcdaf2e000 	C:\Windows\System32\msvcrt.dll
0x00007ffcdae50000 - 0x00007ffcdae82000 	C:\Windows\System32\IMM32.DLL
0x00007ffca24c0000 - 0x00007ffca24cc000 	c:\Users\yassi\.vscode\extensions\redhat.java-1.14.0-win32-x64\jre\17.0.5-win32-x86_64\bin\vcruntime140_1.dll
0x00007ffc8d020000 - 0x00007ffc8d0b1000 	c:\Users\yassi\.vscode\extensions\redhat.java-1.14.0-win32-x64\jre\17.0.5-win32-x86_64\bin\msvcp140.dll
0x00007ffc322a0000 - 0x00007ffc32ee4000 	c:\Users\yassi\.vscode\extensions\redhat.java-1.14.0-win32-x64\jre\17.0.5-win32-x86_64\bin\server\jvm.dll
0x00007ffcda2f0000 - 0x00007ffcda39e000 	C:\Windows\System32\ADVAPI32.dll
0x00007ffcdb500000 - 0x00007ffcdb59c000 	C:\Windows\System32\sechost.dll
0x00007ffcdb6c0000 - 0x00007ffcdb7e5000 	C:\Windows\System32\RPCRT4.dll
0x00007ffcc3690000 - 0x00007ffcc3699000 	C:\Windows\SYSTEM32\WSOCK32.dll
0x00007ffcda680000 - 0x00007ffcda6eb000 	C:\Windows\System32\WS2_32.dll
0x00007ffcc4cf0000 - 0x00007ffcc4d17000 	C:\Windows\SYSTEM32\WINMM.dll
0x00007ffccf3a0000 - 0x00007ffccf3aa000 	C:\Windows\SYSTEM32\VERSION.dll
0x00007ffcd7290000 - 0x00007ffcd72a2000 	C:\Windows\SYSTEM32\kernel.appcore.dll
0x00007ffc8e470000 - 0x00007ffc8e47a000 	c:\Users\yassi\.vscode\extensions\redhat.java-1.14.0-win32-x64\jre\17.0.5-win32-x86_64\bin\jimage.dll
0x00007ffcd9190000 - 0x00007ffcd9374000 	C:\Windows\SYSTEM32\DBGHELP.DLL
0x00007ffcd9070000 - 0x00007ffcd90a5000 	C:\Windows\SYSTEM32\dbgcore.DLL
0x00007ffcd9890000 - 0x00007ffcd9912000 	C:\Windows\System32\bcryptPrimitives.dll
0x00007ffc8dd40000 - 0x00007ffc8dd65000 	c:\Users\yassi\.vscode\extensions\redhat.java-1.14.0-win32-x64\jre\17.0.5-win32-x86_64\bin\java.dll
0x00007ffc8dce0000 - 0x00007ffc8dcf8000 	c:\Users\yassi\.vscode\extensions\redhat.java-1.14.0-win32-x64\jre\17.0.5-win32-x86_64\bin\zip.dll
0x00007ffcdb900000 - 0x00007ffcdc044000 	C:\Windows\System32\SHELL32.dll
0x00007ffcd6ae0000 - 0x00007ffcd7272000 	C:\Windows\SYSTEM32\windows.storage.dll
0x00007ffcdaf40000 - 0x00007ffcdb295000 	C:\Windows\System32\combase.dll
0x00007ffcd89b0000 - 0x00007ffcd89e0000 	C:\Windows\SYSTEM32\Wldp.dll
0x00007ffcdb2a0000 - 0x00007ffcdb34d000 	C:\Windows\System32\SHCORE.dll
0x00007ffcdb8a0000 - 0x00007ffcdb8f5000 	C:\Windows\System32\shlwapi.dll
0x00007ffcd96c0000 - 0x00007ffcd96df000 	C:\Windows\SYSTEM32\profapi.dll
0x00007ffc8b790000 - 0x00007ffc8b7a9000 	C:\Users\yassi\.vscode\extensions\redhat.java-1.14.0-win32-x64\jre\17.0.5-win32-x86_64\bin\net.dll
0x00007ffcc93f0000 - 0x00007ffcc94fc000 	C:\Windows\SYSTEM32\WINHTTP.dll
0x00007ffcd88e0000 - 0x00007ffcd894a000 	C:\Windows\system32\mswsock.dll
0x00007ffc8a970000 - 0x00007ffc8a985000 	C:\Users\yassi\.vscode\extensions\redhat.java-1.14.0-win32-x64\jre\17.0.5-win32-x86_64\bin\nio.dll
0x00007ffc8dcd0000 - 0x00007ffc8dce0000 	c:\Users\yassi\.vscode\extensions\redhat.java-1.14.0-win32-x64\jre\17.0.5-win32-x86_64\bin\verify.dll
0x00007ffcd94a0000 - 0x00007ffcd94b8000 	C:\Windows\SYSTEM32\CRYPTSP.dll
0x00007ffcd8110000 - 0x00007ffcd8144000 	C:\Windows\system32\rsaenh.dll
0x00007ffcd9c70000 - 0x00007ffcd9c97000 	C:\Windows\System32\bcrypt.dll
0x00007ffcd9680000 - 0x00007ffcd96ae000 	C:\Windows\SYSTEM32\USERENV.dll
0x00007ffcd8970000 - 0x00007ffcd897c000 	C:\Windows\SYSTEM32\CRYPTBASE.dll
0x00007ffcd8480000 - 0x00007ffcd84bb000 	C:\Windows\SYSTEM32\IPHLPAPI.DLL
0x00007ffcda2e0000 - 0x00007ffcda2e8000 	C:\Windows\System32\NSI.dll
0x00007ffccdf60000 - 0x00007ffccdf77000 	C:\Windows\SYSTEM32\dhcpcsvc6.DLL
0x00007ffccdf40000 - 0x00007ffccdf5d000 	C:\Windows\SYSTEM32\dhcpcsvc.DLL
0x00007ffcd84c0000 - 0x00007ffcd858a000 	C:\Windows\SYSTEM32\DNSAPI.dll
0x00007ffc8dab0000 - 0x00007ffc8dab9000 	C:\Users\yassi\.vscode\extensions\redhat.java-1.14.0-win32-x64\jre\17.0.5-win32-x86_64\bin\management.dll
0x00007ffc8ba90000 - 0x00007ffc8ba9b000 	C:\Users\yassi\.vscode\extensions\redhat.java-1.14.0-win32-x64\jre\17.0.5-win32-x86_64\bin\management_ext.dll
0x00007ffcda0d0000 - 0x00007ffcda0d8000 	C:\Windows\System32\PSAPI.DLL

dbghelp: loaded successfully - version: 4.0.5 - missing functions: none
symbol engine: initialized successfully - sym options: 0x614 - pdb path: .;c:\Users\yassi\.vscode\extensions\redhat.java-1.14.0-win32-x64\jre\17.0.5-win32-x86_64\bin;C:\Windows\SYSTEM32;C:\Windows\WinSxS\amd64_microsoft.windows.common-controls_6595b64144ccf1df_6.0.19041.1110_none_60b5254171f9507e;c:\Users\yassi\.vscode\extensions\redhat.java-1.14.0-win32-x64\jre\17.0.5-win32-x86_64\bin\server

VM Arguments:
jvm_args: -XX:+HeapDumpOnOutOfMemoryError -Xmx1024m -Dsts.lsp.client=vscode -Dsts.log.file=/dev/null -XX:TieredStopAtLevel=1 -Xlog:jni+resolve=off -Dspring.config.location=file:c:\Users\yassi\.vscode\extensions\vmware.vscode-spring-boot-1.44.0\language-server\BOOT-INF\classes\application.properties 
java_command: org.springframework.ide.vscode.boot.app.BootLanguageServerBootApp
java_class_path (initial): c:\Users\yassi\.vscode\extensions\vmware.vscode-spring-boot-1.44.0\language-server\BOOT-INF\classes;c:\Users\yassi\.vscode\extensions\vmware.vscode-spring-boot-1.44.0\language-server\BOOT-INF\lib\annotations-24.0.0.jar;c:\Users\yassi\.vscode\extensions\vmware.vscode-spring-boot-1.44.0\language-server\BOOT-INF\lib\ant-1.10.13.jar;c:\Users\yassi\.vscode\extensions\vmware.vscode-spring-boot-1.44.0\language-server\BOOT-INF\lib\ant-launcher-1.10.13.jar;c:\Users\yassi\.vscode\extensions\vmware.vscode-spring-boot-1.44.0\language-server\BOOT-INF\lib\antlr-runtime-3.5.2.jar;c:\Users\yassi\.vscode\extensions\vmware.vscode-spring-boot-1.44.0\language-server\BOOT-INF\lib\antlr4-4.9.3.jar;c:\Users\yassi\.vscode\extensions\vmware.vscode-spring-boot-1.44.0\language-server\BOOT-INF\lib\antlr4-runtime-4.9.3.jar;c:\Users\yassi\.vscode\extensions\vmware.vscode-spring-boot-1.44.0\language-server\BOOT-INF\lib\apiguardian-api-1.1.2.jar;c:\Users\yassi\.vscode\extensions\vmware.vscode-spring-boot-1.44.0\language-server\BOOT-INF\lib\asm-9.4.jar;c:\Users\yassi\.vscode\extensions\vmware.vscode-spring-boot-1.44.0\language-server\BOOT-INF\lib\asm-analysis-9.4.jar;c:\Users\yassi\.vscode\extensions\vmware.vscode-spring-boot-1.44.0\language-server\BOOT-INF\lib\asm-tree-9.4.jar;c:\Users\yassi\.vscode\extensions\vmware.vscode-spring-boot-1.44.0\language-server\BOOT-INF\lib\asm-util-9.4.jar;c:\Users\yassi\.vscode\extensions\vmware.vscode-spring-boot-1.44.0\language-server\BOOT-INF\lib\caffeine-3.1.2.jar;c:\Users\yassi\.vscode\extensions\vmware.vscode-spring-boot-1.44.0\language-server\BOOT-INF\lib\checker-qual-3.12.0.jar;c:\Users\yassi\.vscode\extensions\vmware.vscode-spring-boot-1.44.0\language-server\BOOT-INF\lib\ci-environment-9.1.0.jar;c:\Users\yassi\.vscode\extensions\vmware.vscode-spring-boot-1.44.0\language-server\BOOT-INF\lib\classgraph-4.8.149.jar;c:\Users\yassi\.vscode\extensions\vmware.vscode-spring-boot-1.44.0\language-server\BOOT-INF\lib\commons-codec-1.15.ja
Launcher Type: SUN_STANDARD

[Global flags]
     intx CICompilerCount                          = 3                                         {product} {ergonomic}
     uint ConcGCThreads                            = 1                                         {product} {ergonomic}
     uint G1ConcRefinementThreads                  = 4                                         {product} {ergonomic}
   size_t G1HeapRegionSize                         = 1048576                                   {product} {ergonomic}
    uintx GCDrainStackTargetSize                   = 64                                        {product} {ergonomic}
     bool HeapDumpOnOutOfMemoryError               = true                                   {manageable} {command line}
   size_t InitialHeapSize                          = 62914560                                  {product} {ergonomic}
   size_t MarkStackSize                            = 4194304                                   {product} {ergonomic}
   size_t MaxHeapSize                              = 1073741824                                {product} {command line}
   size_t MaxNewSize                               = 643825664                                 {product} {ergonomic}
   size_t MinHeapDeltaBytes                        = 1048576                                   {product} {ergonomic}
   size_t MinHeapSize                              = 8388608                                   {product} {ergonomic}
    uintx NonProfiledCodeHeapSize                  = 0                                      {pd product} {ergonomic}
     bool ProfileInterpreter                       = false                                  {pd product} {command line}
    uintx ProfiledCodeHeapSize                     = 0                                      {pd product} {ergonomic}
   size_t SoftMaxHeapSize                          = 1073741824                             {manageable} {ergonomic}
     intx TieredStopAtLevel                        = 1                                         {product} {command line}
     bool UseCompressedClassPointers               = true                           {product lp64_product} {ergonomic}
     bool UseCompressedOops                        = true                           {product lp64_product} {ergonomic}
     bool UseG1GC                                  = true                                      {product} {ergonomic}
     bool UseLargePagesIndividualAllocation        = false                                  {pd product} {ergonomic}

Logging:
Log output configuration:
 #0: stdout all=warning,jni+resolve=off uptime,level,tags
 #1: stderr all=off uptime,level,tags

Environment Variables:
JAVA_HOME=C:\Program Files\BellSoft\LibericaJDK-17\
PATH=C:\Program Files\BellSoft\LibericaJDK-17\bin\;C:\Windows\system32;C:\Windows;C:\Windows\System32\Wbem;C:\Windows\System32\WindowsPowerShell\v1.0\;C:\Windows\System32\OpenSSH\;C:\Program Files\Intel\WiFi\bin\;C:\Program Files\Common Files\Intel\WirelessCommon\;C:\Program Files\Git\cmd;C:\Program Files\Microsoft SQL Server\150\Tools\Binn\;C:\Program Files\Microsoft SQL Server\Client SDK\ODBC\170\Tools\Binn\;C:\Program Files\dotnet\;C:\Program Files\Azure Data Studio\bin;C:\Program Files\Docker\Docker\resources\bin;C:\Program Files (x86)\Microsoft SQL Server\150\Tools\Binn\;C:\Program Files\Microsoft SQL Server\150\DTS\Binn\;C:\Program Files (x86)\Microsoft SQL Server\150\DTS\Binn\;C:\Program Files (x86)\Microsoft SQL Server\160\DTS\Binn\;C:\Users\yassi\AppData\Local\Programs\Python\Python311\Scripts\;C:\Users\yassi\AppData\Local\Programs\Python\Python311\;C:\Users\yassi\AppData\Local\Microsoft\WindowsApps;C:\Program Files\JetBrains\IntelliJ IDEA Community Edition 2022.2\bin;;C:\src\flutter\flutter\bin;C:\Users\yassi\.dotnet\tools;C:\Program Files\JetBrains\PyCharm Community Edition 2022.2\bin;;C:\dart-sdk\bin;C:\Program Files\Azure Data Studio\bin;C:\Users\yassi\AppData\Local\Programs\Microsoft VS Code\bin;C:\Maven\apache-maven-4.0.0-alpha-4\bin;
USERNAME=yassi
OS=Windows_NT
PROCESSOR_IDENTIFIER=Intel64 Family 6 Model 142 Stepping 10, GenuineIntel
TMP=C:\Users\yassi\AppData\Local\Temp
TEMP=C:\Users\yassi\AppData\Local\Temp



---------------  S Y S T E M  ---------------

OS:
 Windows 10 , 64 bit Build 19041 (10.0.19041.2364)
OS uptime: 0 days 0:08 hours
Hyper-V role detected

CPU: total 4 (initial active 4) (2 cores per cpu, 2 threads per core) family 6 model 142 stepping 10 microcode 0xb4, cx8, cmov, fxsr, ht, mmx, 3dnowpref, sse, sse2, sse3, ssse3, sse4.1, sse4.2, popcnt, lzcnt, tsc, tscinvbit, avx, avx2, aes, erms, clmul, bmi1, bmi2, adx, fma, vzeroupper, clflush, clflushopt, hv

Memory: 4k page, system-wide physical 3718M (163M free)
TotalPageFile size 14982M (AvailPageFile size 125M)
current process WorkingSet (physical memory assigned to process): 208M, peak: 208M
current process commit charge ("private bytes"): 333M, peak: 520M

vm_info: OpenJDK 64-Bit Server VM (17.0.5+8) for windows-amd64 JRE (17.0.5+8), built on Oct 19 2022 04:48:13 by "temurin" with MS VC++ 16.7 (VS2019)

END.
