#
# There is insufficient memory for the Java Runtime Environment to continue.
# Native memory allocation (mmap) failed to map 171966464 bytes for G1 virtual space
# Possible reasons:
#   The system is out of physical RAM or swap space
#   The process is running with CompressedOops enabled, and the Java Heap may be blocking the growth of the native heap
# Possible solutions:
#   Reduce memory load on the system
#   Increase physical memory or swap space
#   Check if swap backing store is full
#   Decrease Java heap size (-Xmx/-Xms)
#   Decrease number of Java threads
#   Decrease Java thread stack sizes (-Xss)
#   Set larger code cache with -XX:ReservedCodeCacheSize=
#   JVM is running with Unscaled Compressed Oops mode in which the Java heap is
#     placed in the first 4GB address space. The Java Heap base address is the
#     maximum limit for the native heap growth. Please use -XX:HeapBaseMinAddress
#     to set the Java Heap base and to place the Java Heap above 4GB virtual address.
# This output file may be truncated or incomplete.
#
#  Out of Memory Error (os_windows.cpp:3548), pid=17404, tid=19440
#
# JRE version: OpenJDK Runtime Environment Temurin-17.0.5+8 (17.0.5+8) (build 17.0.5+8)
# Java VM: OpenJDK 64-Bit Server VM Temurin-17.0.5+8 (17.0.5+8, mixed mode, emulated-client, tiered, compressed oops, compressed class ptrs, g1 gc, windows-amd64)
# No core dump will be written. Minidumps are not enabled by default on client versions of Windows
#

---------------  S U M M A R Y ------------

Command Line: -XX:+HeapDumpOnOutOfMemoryError -Xmx1024m -Dsts.lsp.client=vscode -Dsts.log.file=/dev/null -XX:TieredStopAtLevel=1 -Xlog:jni+resolve=off -Dspring.config.location=file:c:\Users\yassi\.vscode\extensions\vmware.vscode-spring-boot-1.44.0\language-server\BOOT-INF\classes\application.properties org.springframework.ide.vscode.boot.app.BootLanguageServerBootApp

Host: Intel(R) Core(TM) i3-8130U CPU @ 2.20GHz, 4 cores, 3G,  Windows 10 , 64 bit Build 19041 (10.0.19041.2364)
Time: Mon Feb 13 22:43:57 2023 Greenwich elapsed time: 15.289803 seconds (0d 0h 0m 15s)

---------------  T H R E A D  ---------------

Current thread (0x00000195ff98dfa0):  VMThread "VM Thread" [stack: 0x0000001f59400000,0x0000001f59500000] [id=19440]

Stack: [0x0000001f59400000,0x0000001f59500000]
Native frames: (J=compiled Java code, j=interpreted, Vv=VM code, C=native code)
V  [jvm.dll+0x676b3a]
V  [jvm.dll+0x831444]
V  [jvm.dll+0x832bee]
V  [jvm.dll+0x833253]
V  [jvm.dll+0x244ce5]
V  [jvm.dll+0x673a49]
V  [jvm.dll+0x66811a]
V  [jvm.dll+0x303ceb]
V  [jvm.dll+0x30b1e6]
V  [jvm.dll+0x35adbe]
V  [jvm.dll+0x35afef]
V  [jvm.dll+0x2dab88]
V  [jvm.dll+0x2d8e3c]
V  [jvm.dll+0x2d840c]
V  [jvm.dll+0x31c31b]
V  [jvm.dll+0x8376fb]
V  [jvm.dll+0x838434]
V  [jvm.dll+0x83894c]
V  [jvm.dll+0x838d24]
V  [jvm.dll+0x838df0]
V  [jvm.dll+0x7e17ea]
V  [jvm.dll+0x6759e5]
C  [ucrtbase.dll+0x21bb2]
C  [KERNEL32.DLL+0x17614]
C  [ntdll.dll+0x526a1]

VM_Operation (0x0000001f5affe0c0): G1CollectForAllocation, mode: safepoint, requested by thread 0x000001958dbccd80


---------------  P R O C E S S  ---------------

Threads class SMR info:
_java_thread_list=0x000001958dbd7560, length=29, elements={
0x000001958ba63ce0, 0x000001958ba64960, 0x000001958ba94820, 0x000001958ba953a0,
0x000001958ba96c70, 0x000001958ba97530, 0x000001958ba97ea0, 0x000001958baac010,
0x000001958c6febe0, 0x000001958c70bf30, 0x000001958d9cf040, 0x000001958d9ad770,
0x000001958db27bc0, 0x000001958dabd600, 0x000001958db16c90, 0x00000195ff8c60d0,
0x000001958db215e0, 0x000001958c53b0c0, 0x000001958c53b590, 0x000001958dba2020,
0x000001958dbce0c0, 0x000001958dbcba40, 0x000001958dbce590, 0x000001958dbccd80,
0x000001958dbcea60, 0x000001958dbcd250, 0x000001958dbcc8b0, 0x000001958dbcc3e0,
0x000001958dbcd720
}

Java Threads: ( => current thread )
  0x000001958ba63ce0 JavaThread "Reference Handler" daemon [_thread_blocked, id=18724, stack(0x0000001f59500000,0x0000001f59600000)]
  0x000001958ba64960 JavaThread "Finalizer" daemon [_thread_blocked, id=19436, stack(0x0000001f59600000,0x0000001f59700000)]
  0x000001958ba94820 JavaThread "Signal Dispatcher" daemon [_thread_blocked, id=18520, stack(0x0000001f59700000,0x0000001f59800000)]
  0x000001958ba953a0 JavaThread "Attach Listener" daemon [_thread_blocked, id=18000, stack(0x0000001f59800000,0x0000001f59900000)]
  0x000001958ba96c70 JavaThread "Service Thread" daemon [_thread_blocked, id=18648, stack(0x0000001f59900000,0x0000001f59a00000)]
  0x000001958ba97530 JavaThread "Monitor Deflation Thread" daemon [_thread_blocked, id=18692, stack(0x0000001f59a00000,0x0000001f59b00000)]
  0x000001958ba97ea0 JavaThread "C1 CompilerThread0" daemon [_thread_blocked, id=18052, stack(0x0000001f59b00000,0x0000001f59c00000)]
  0x000001958baac010 JavaThread "Sweeper thread" daemon [_thread_blocked, id=1368, stack(0x0000001f59c00000,0x0000001f59d00000)]
  0x000001958c6febe0 JavaThread "Notification Thread" daemon [_thread_blocked, id=7504, stack(0x0000001f59d00000,0x0000001f59e00000)]
  0x000001958c70bf30 JavaThread "Common-Cleaner" daemon [_thread_blocked, id=1776, stack(0x0000001f59f00000,0x0000001f5a000000)]
  0x000001958d9cf040 JavaThread "C1 CompilerThread1" daemon [_thread_blocked, id=1232, stack(0x0000001f5a300000,0x0000001f5a400000)]
  0x000001958d9ad770 JavaThread "boundedElastic-evictor-1" daemon [_thread_blocked, id=19316, stack(0x0000001f5a400000,0x0000001f5a500000)]
  0x000001958db27bc0 JavaThread "boundedElastic-evictor-2" daemon [_thread_blocked, id=19068, stack(0x0000001f5a500000,0x0000001f5a600000)]
  0x000001958dabd600 JavaThread "pool-10-thread-1" [_thread_blocked, id=18728, stack(0x0000001f5a600000,0x0000001f5a700000)]
  0x000001958db16c90 JavaThread "LanguageServerApp-lifecycle" [_thread_blocked, id=18088, stack(0x0000001f5a700000,0x0000001f5a800000)]
  0x00000195ff8c60d0 JavaThread "DestroyJavaVM" [_thread_blocked, id=19228, stack(0x0000001f58e00000,0x0000001f58f00000)]
  0x000001958db215e0 JavaThread "pool-11-thread-1" [_thread_in_native, id=1648, stack(0x0000001f5a800000,0x0000001f5a900000)]
  0x000001958c53b0c0 JavaThread "Simple-Language-Server main thread" daemon [_thread_blocked, id=19168, stack(0x0000001f5a900000,0x0000001f5aa00000)]
  0x000001958c53b590 JavaThread "pool-6-thread-1" [_thread_blocked, id=19300, stack(0x0000001f5aa00000,0x0000001f5ab00000)]
  0x000001958dba2020 JavaThread "ForkJoinPool.commonPool-worker-1" daemon [_thread_blocked, id=19028, stack(0x0000001f5ab00000,0x0000001f5ac00000)]
  0x000001958dbce0c0 JavaThread "pool-3-thread-1" [_thread_blocked, id=13812, stack(0x0000001f5ac00000,0x0000001f5ad00000)]
  0x000001958dbcba40 JavaThread "ClassGraph-worker-0" daemon [_thread_blocked, id=18652, stack(0x0000001f5ad00000,0x0000001f5ae00000)]
  0x000001958dbce590 JavaThread "ClassGraph-worker-1" daemon [_thread_blocked, id=17268, stack(0x0000001f5ae00000,0x0000001f5af00000)]
  0x000001958dbccd80 JavaThread "ClassGraph-worker-2" daemon [_thread_blocked, id=18708, stack(0x0000001f5af00000,0x0000001f5b000000)]
  0x000001958dbcea60 JavaThread "ClassGraph-worker-3" daemon [_thread_blocked, id=17452, stack(0x0000001f5b000000,0x0000001f5b100000)]
  0x000001958dbcd250 JavaThread "ClassGraph-worker-4" daemon [_thread_blocked, id=19040, stack(0x0000001f5b100000,0x0000001f5b200000)]
  0x000001958dbcc8b0 JavaThread "ClassGraph-worker-5" daemon [_thread_blocked, id=18508, stack(0x0000001f5b200000,0x0000001f5b300000)]
  0x000001958dbcc3e0 JavaThread "ClassGraph-worker-6" daemon [_thread_blocked, id=19132, stack(0x0000001f5b300000,0x0000001f5b400000)]
  0x000001958dbcd720 JavaThread "ClassGraph-worker-7" daemon [_thread_blocked, id=18996, stack(0x0000001f5b400000,0x0000001f5b500000)]

Other Threads:
=>0x00000195ff98dfa0 VMThread "VM Thread" [stack: 0x0000001f59400000,0x0000001f59500000] [id=19440]
  0x000001958c6ff0b0 WatcherThread [stack: 0x0000001f59e00000,0x0000001f59f00000] [id=15168]
  0x00000195ff905bc0 GCTaskThread "GC Thread#0" [stack: 0x0000001f58f00000,0x0000001f59000000] [id=18700]
  0x000001958cdc72f0 GCTaskThread "GC Thread#1" [stack: 0x0000001f5a000000,0x0000001f5a100000] [id=6140]
  0x000001958ce66890 GCTaskThread "GC Thread#2" [stack: 0x0000001f5a100000,0x0000001f5a200000] [id=19212]
  0x000001958d07b970 GCTaskThread "GC Thread#3" [stack: 0x0000001f5a200000,0x0000001f5a300000] [id=18720]
  0x00000195ff90ea10 ConcurrentGCThread "G1 Main Marker" [stack: 0x0000001f59000000,0x0000001f59100000] [id=2124]
  0x00000195ff90f330 ConcurrentGCThread "G1 Conc#0" [stack: 0x0000001f59100000,0x0000001f59200000] [id=17388]
  0x00000195ff94c3b0 ConcurrentGCThread "G1 Refine#0" [stack: 0x0000001f59200000,0x0000001f59300000] [id=18064]
  0x00000195ff94cce0 ConcurrentGCThread "G1 Service" [stack: 0x0000001f59300000,0x0000001f59400000] [id=16880]

Threads with active compile tasks:

VM state: at safepoint (normal execution)

VM Mutex/Monitor currently owned by a thread:  ([mutex/lock_event])
[0x00000195ff2fa3e0] Threads_lock - owner thread: 0x00000195ff98dfa0
[0x00000195ff8c2b30] Heap_lock - owner thread: 0x000001958dbccd80

Heap address: 0x00000000c0000000, size: 1024 MB, Compressed Oops mode: 32-bit

CDS archive(s) not mapped
Compressed class space mapped at: 0x0000000100000000-0x0000000140000000, reserved size: 1073741824
Narrow klass base: 0x0000000000000000, Narrow klass shift: 3, Narrow klass range: 0x140000000

GC Precious Log:
 CPUs: 4 total, 4 available
 Memory: 3718M
 Large Page Support: Disabled
 NUMA Support: Disabled
 Compressed Oops: Enabled (32-bit)
 Heap Region Size: 1M
 Heap Min Capacity: 8M
 Heap Initial Capacity: 60M
 Heap Max Capacity: 1G
 Pre-touch: Disabled
 Parallel Workers: 4
 Concurrent Workers: 1
 Concurrent Refinement Workers: 4
 Periodic GC: Disabled

Heap:
 garbage-first heap   total 221184K, used 89726K [0x00000000c0000000, 0x0000000100000000)
  region size 1024K, 8 young (8192K), 8 survivors (8192K)
 Metaspace       used 35803K, committed 36224K, reserved 1081344K
  class space    used 4641K, committed 4864K, reserved 1048576K

Heap Regions: E=young(eden), S=young(survivor), O=old, HS=humongous(starts), HC=humongous(continues), CS=collection set, F=free, OA=open archive, CA=closed archive, TAMS=top-at-mark-start (previous, next)
|   0|0x00000000c0000000, 0x00000000c0100000, 0x00000000c0100000|100%| O|  |TAMS 0x00000000c0100000, 0x00000000c0000000| Untracked 
|   1|0x00000000c0100000, 0x00000000c0200000, 0x00000000c0200000|100%| O|  |TAMS 0x00000000c0200000, 0x00000000c0100000| Untracked 
|   2|0x00000000c0200000, 0x00000000c0300000, 0x00000000c0300000|100%| O|  |TAMS 0x00000000c0300000, 0x00000000c0200000| Untracked 
|   3|0x00000000c0300000, 0x00000000c0400000, 0x00000000c0400000|100%| O|  |TAMS 0x00000000c0400000, 0x00000000c0300000| Untracked 
|   4|0x00000000c0400000, 0x00000000c0500000, 0x00000000c0500000|100%| O|  |TAMS 0x00000000c0500000, 0x00000000c0400000| Untracked 
|   5|0x00000000c0500000, 0x00000000c0600000, 0x00000000c0600000|100%| O|  |TAMS 0x00000000c0600000, 0x00000000c0500000| Untracked 
|   6|0x00000000c0600000, 0x00000000c0700000, 0x00000000c0700000|100%| O|  |TAMS 0x00000000c0700000, 0x00000000c0600000| Untracked 
|   7|0x00000000c0700000, 0x00000000c0800000, 0x00000000c0800000|100%| O|  |TAMS 0x00000000c0800000, 0x00000000c0700000| Untracked 
|   8|0x00000000c0800000, 0x00000000c0900000, 0x00000000c0900000|100%| O|  |TAMS 0x00000000c0900000, 0x00000000c0800000| Untracked 
|   9|0x00000000c0900000, 0x00000000c0a00000, 0x00000000c0a00000|100%| O|  |TAMS 0x00000000c0a00000, 0x00000000c0900000| Untracked 
|  10|0x00000000c0a00000, 0x00000000c0b00000, 0x00000000c0b00000|100%| O|  |TAMS 0x00000000c0b00000, 0x00000000c0a00000| Untracked 
|  11|0x00000000c0b00000, 0x00000000c0b9f800, 0x00000000c0c00000| 62%| O|  |TAMS 0x00000000c0b9f800, 0x00000000c0b00000| Untracked 
|  12|0x00000000c0c00000, 0x00000000c0d00000, 0x00000000c0d00000|100%| O|  |TAMS 0x00000000c0d00000, 0x00000000c0c00000| Untracked 
|  13|0x00000000c0d00000, 0x00000000c0e00000, 0x00000000c0e00000|100%| O|  |TAMS 0x00000000c0e00000, 0x00000000c0d00000| Untracked 
|  14|0x00000000c0e00000, 0x00000000c0f00000, 0x00000000c0f00000|100%| O|  |TAMS 0x00000000c0f00000, 0x00000000c0e00000| Untracked 
|  15|0x00000000c0f00000, 0x00000000c1000000, 0x00000000c1000000|100%| O|  |TAMS 0x00000000c1000000, 0x00000000c0f00000| Untracked 
|  16|0x00000000c1000000, 0x00000000c1100000, 0x00000000c1100000|100%| O|  |TAMS 0x00000000c1100000, 0x00000000c1000000| Untracked 
|  17|0x00000000c1100000, 0x00000000c1200000, 0x00000000c1200000|100%| O|  |TAMS 0x00000000c1200000, 0x00000000c1100000| Untracked 
|  18|0x00000000c1200000, 0x00000000c1300000, 0x00000000c1300000|100%| O|  |TAMS 0x00000000c1300000, 0x00000000c1200000| Untracked 
|  19|0x00000000c1300000, 0x00000000c1400000, 0x00000000c1400000|100%| O|  |TAMS 0x00000000c1400000, 0x00000000c1300000| Untracked 
|  20|0x00000000c1400000, 0x00000000c1500000, 0x00000000c1500000|100%| O|  |TAMS 0x00000000c1500000, 0x00000000c1400000| Untracked 
|  21|0x00000000c1500000, 0x00000000c1600000, 0x00000000c1600000|100%| O|  |TAMS 0x00000000c1600000, 0x00000000c1500000| Untracked 
|  22|0x00000000c1600000, 0x00000000c1700000, 0x00000000c1700000|100%| O|  |TAMS 0x00000000c1700000, 0x00000000c1600000| Untracked 
|  23|0x00000000c1700000, 0x00000000c1800000, 0x00000000c1800000|100%| O|  |TAMS 0x00000000c1800000, 0x00000000c1700000| Untracked 
|  24|0x00000000c1800000, 0x00000000c1900000, 0x00000000c1900000|100%| O|  |TAMS 0x00000000c1900000, 0x00000000c1800000| Untracked 
|  25|0x00000000c1900000, 0x00000000c1a00000, 0x00000000c1a00000|100%| O|  |TAMS 0x00000000c1a00000, 0x00000000c1900000| Untracked 
|  26|0x00000000c1a00000, 0x00000000c1b00000, 0x00000000c1b00000|100%| O|  |TAMS 0x00000000c1b00000, 0x00000000c1a00000| Untracked 
|  27|0x00000000c1b00000, 0x00000000c1c00000, 0x00000000c1c00000|100%| O|  |TAMS 0x00000000c1c00000, 0x00000000c1b00000| Untracked 
|  28|0x00000000c1c00000, 0x00000000c1d00000, 0x00000000c1d00000|100%| O|  |TAMS 0x00000000c1d00000, 0x00000000c1c00000| Untracked 
|  29|0x00000000c1d00000, 0x00000000c1e00000, 0x00000000c1e00000|100%| O|  |TAMS 0x00000000c1e00000, 0x00000000c1d00000| Untracked 
|  30|0x00000000c1e00000, 0x00000000c1f00000, 0x00000000c1f00000|100%| O|  |TAMS 0x00000000c1f00000, 0x00000000c1e00000| Untracked 
|  31|0x00000000c1f00000, 0x00000000c2000000, 0x00000000c2000000|100%| O|  |TAMS 0x00000000c2000000, 0x00000000c1f00000| Untracked 
|  32|0x00000000c2000000, 0x00000000c2100000, 0x00000000c2100000|100%| O|  |TAMS 0x00000000c2100000, 0x00000000c2000000| Untracked 
|  33|0x00000000c2100000, 0x00000000c2200000, 0x00000000c2200000|100%| O|  |TAMS 0x00000000c2200000, 0x00000000c2100000| Untracked 
|  34|0x00000000c2200000, 0x00000000c2300000, 0x00000000c2300000|100%| O|  |TAMS 0x00000000c2300000, 0x00000000c2200000| Untracked 
|  35|0x00000000c2300000, 0x00000000c2400000, 0x00000000c2400000|100%| O|  |TAMS 0x00000000c2400000, 0x00000000c2300000| Untracked 
|  36|0x00000000c2400000, 0x00000000c2500000, 0x00000000c2500000|100%| O|  |TAMS 0x00000000c2500000, 0x00000000c2400000| Untracked 
|  37|0x00000000c2500000, 0x00000000c2600000, 0x00000000c2600000|100%| O|  |TAMS 0x00000000c2600000, 0x00000000c2500000| Untracked 
|  38|0x00000000c2600000, 0x00000000c2700000, 0x00000000c2700000|100%| O|  |TAMS 0x00000000c2700000, 0x00000000c2600000| Untracked 
|  39|0x00000000c2700000, 0x00000000c2800000, 0x00000000c2800000|100%| O|  |TAMS 0x00000000c2800000, 0x00000000c2700000| Untracked 
|  40|0x00000000c2800000, 0x00000000c2900000, 0x00000000c2900000|100%| O|  |TAMS 0x00000000c2900000, 0x00000000c2800000| Untracked 
|  41|0x00000000c2900000, 0x00000000c2a00000, 0x00000000c2a00000|100%| O|  |TAMS 0x00000000c2a00000, 0x00000000c2900000| Untracked 
|  42|0x00000000c2a00000, 0x00000000c2b00000, 0x00000000c2b00000|100%| O|  |TAMS 0x00000000c2b00000, 0x00000000c2a00000| Untracked 
|  43|0x00000000c2b00000, 0x00000000c2c00000, 0x00000000c2c00000|100%| O|  |TAMS 0x00000000c2c00000, 0x00000000c2b00000| Untracked 
|  44|0x00000000c2c00000, 0x00000000c2d00000, 0x00000000c2d00000|100%| O|  |TAMS 0x00000000c2c00000, 0x00000000c2c00000| Untracked 
|  45|0x00000000c2d00000, 0x00000000c2e00000, 0x00000000c2e00000|100%| O|  |TAMS 0x00000000c2d00000, 0x00000000c2d00000| Untracked 
|  46|0x00000000c2e00000, 0x00000000c2f00000, 0x00000000c2f00000|100%|HS|  |TAMS 0x00000000c2f00000, 0x00000000c2e00000| Complete 
|  47|0x00000000c2f00000, 0x00000000c3000000, 0x00000000c3000000|100%| O|  |TAMS 0x00000000c3000000, 0x00000000c2f00000| Untracked 
|  48|0x00000000c3000000, 0x00000000c3100000, 0x00000000c3100000|100%| O|  |TAMS 0x00000000c3100000, 0x00000000c3000000| Untracked 
|  49|0x00000000c3100000, 0x00000000c3200000, 0x00000000c3200000|100%| O|  |TAMS 0x00000000c3200000, 0x00000000c3100000| Untracked 
|  50|0x00000000c3200000, 0x00000000c3300000, 0x00000000c3300000|100%| O|  |TAMS 0x00000000c3300000, 0x00000000c3200000| Untracked 
|  51|0x00000000c3300000, 0x00000000c3400000, 0x00000000c3400000|100%| O|  |TAMS 0x00000000c3400000, 0x00000000c3300000| Untracked 
|  52|0x00000000c3400000, 0x00000000c3500000, 0x00000000c3500000|100%| O|  |TAMS 0x00000000c3500000, 0x00000000c3400000| Untracked 
|  53|0x00000000c3500000, 0x00000000c3600000, 0x00000000c3600000|100%| O|  |TAMS 0x00000000c3600000, 0x00000000c3500000| Untracked 
|  54|0x00000000c3600000, 0x00000000c3700000, 0x00000000c3700000|100%| O|  |TAMS 0x00000000c3700000, 0x00000000c3600000| Untracked 
|  55|0x00000000c3700000, 0x00000000c3800000, 0x00000000c3800000|100%| O|  |TAMS 0x00000000c3800000, 0x00000000c3700000| Untracked 
|  56|0x00000000c3800000, 0x00000000c3900000, 0x00000000c3900000|100%| O|  |TAMS 0x00000000c3900000, 0x00000000c3800000| Untracked 
|  57|0x00000000c3900000, 0x00000000c3a00000, 0x00000000c3a00000|100%| O|  |TAMS 0x00000000c3a00000, 0x00000000c3900000| Untracked 
|  58|0x00000000c3a00000, 0x00000000c3b00000, 0x00000000c3b00000|100%| O|  |TAMS 0x00000000c3a96600, 0x00000000c3a00000| Untracked 
|  59|0x00000000c3b00000, 0x00000000c3c00000, 0x00000000c3c00000|100%| O|  |TAMS 0x00000000c3b00000, 0x00000000c3b00000| Untracked 
|  60|0x00000000c3c00000, 0x00000000c3d00000, 0x00000000c3d00000|100%| O|  |TAMS 0x00000000c3c00000, 0x00000000c3c00000| Untracked 
|  61|0x00000000c3d00000, 0x00000000c3e00000, 0x00000000c3e00000|100%| O|  |TAMS 0x00000000c3d00000, 0x00000000c3d00000| Untracked 
|  62|0x00000000c3e00000, 0x00000000c3f00000, 0x00000000c3f00000|100%| O|  |TAMS 0x00000000c3e00000, 0x00000000c3e00000| Untracked 
|  63|0x00000000c3f00000, 0x00000000c4000000, 0x00000000c4000000|100%| O|  |TAMS 0x00000000c3f00000, 0x00000000c3f00000| Untracked 
|  64|0x00000000c4000000, 0x00000000c4100000, 0x00000000c4100000|100%| O|  |TAMS 0x00000000c4000000, 0x00000000c4000000| Untracked 
|  65|0x00000000c4100000, 0x00000000c4200000, 0x00000000c4200000|100%| O|  |TAMS 0x00000000c4100000, 0x00000000c4100000| Untracked 
|  66|0x00000000c4200000, 0x00000000c4300000, 0x00000000c4300000|100%| O|  |TAMS 0x00000000c4200000, 0x00000000c4200000| Untracked 
|  67|0x00000000c4300000, 0x00000000c4400000, 0x00000000c4400000|100%| O|  |TAMS 0x00000000c4300000, 0x00000000c4300000| Untracked 
|  68|0x00000000c4400000, 0x00000000c4500000, 0x00000000c4500000|100%| O|  |TAMS 0x00000000c4400000, 0x00000000c4400000| Untracked 
|  69|0x00000000c4500000, 0x00000000c4600000, 0x00000000c4600000|100%| O|  |TAMS 0x00000000c4500000, 0x00000000c4500000| Untracked 
|  70|0x00000000c4600000, 0x00000000c4700000, 0x00000000c4700000|100%| O|  |TAMS 0x00000000c4600000, 0x00000000c4600000| Untracked 
|  71|0x00000000c4700000, 0x00000000c4800000, 0x00000000c4800000|100%| O|  |TAMS 0x00000000c4700000, 0x00000000c4700000| Untracked 
|  72|0x00000000c4800000, 0x00000000c4900000, 0x00000000c4900000|100%| O|  |TAMS 0x00000000c4800000, 0x00000000c4800000| Untracked 
|  73|0x00000000c4900000, 0x00000000c4a00000, 0x00000000c4a00000|100%| O|  |TAMS 0x00000000c4900000, 0x00000000c4900000| Untracked 
|  74|0x00000000c4a00000, 0x00000000c4b00000, 0x00000000c4b00000|100%| O|  |TAMS 0x00000000c4a00000, 0x00000000c4a00000| Untracked 
|  75|0x00000000c4b00000, 0x00000000c4c00000, 0x00000000c4c00000|100%| O|  |TAMS 0x00000000c4b00000, 0x00000000c4b00000| Untracked 
|  76|0x00000000c4c00000, 0x00000000c4d00000, 0x00000000c4d00000|100%| O|  |TAMS 0x00000000c4c00000, 0x00000000c4c00000| Untracked 
|  77|0x00000000c4d00000, 0x00000000c4e00000, 0x00000000c4e00000|100%| O|  |TAMS 0x00000000c4d00000, 0x00000000c4d00000| Untracked 
|  78|0x00000000c4e00000, 0x00000000c4f00000, 0x00000000c4f00000|100%| O|  |TAMS 0x00000000c4e00000, 0x00000000c4e00000| Untracked 
|  79|0x00000000c4f00000, 0x00000000c5000000, 0x00000000c5000000|100%| O|  |TAMS 0x00000000c4f00000, 0x00000000c4f00000| Untracked 
|  80|0x00000000c5000000, 0x00000000c5000000, 0x00000000c5100000|  0%| F|  |TAMS 0x00000000c5000000, 0x00000000c5000000| Untracked 
|  81|0x00000000c5100000, 0x00000000c5100000, 0x00000000c5200000|  0%| F|  |TAMS 0x00000000c5100000, 0x00000000c5100000| Untracked 
|  82|0x00000000c5200000, 0x00000000c5200000, 0x00000000c5300000|  0%| F|  |TAMS 0x00000000c5200000, 0x00000000c5200000| Untracked 
|  83|0x00000000c5300000, 0x00000000c5300000, 0x00000000c5400000|  0%| F|  |TAMS 0x00000000c5300000, 0x00000000c5300000| Untracked 
|  84|0x00000000c5400000, 0x00000000c5400000, 0x00000000c5500000|  0%| F|  |TAMS 0x00000000c5400000, 0x00000000c5400000| Untracked 
|  85|0x00000000c5500000, 0x00000000c5500000, 0x00000000c5600000|  0%| F|  |TAMS 0x00000000c5500000, 0x00000000c5500000| Untracked 
|  86|0x00000000c5600000, 0x00000000c5600000, 0x00000000c5700000|  0%| F|  |TAMS 0x00000000c5600000, 0x00000000c5600000| Untracked 
|  87|0x00000000c5700000, 0x00000000c5700000, 0x00000000c5800000|  0%| F|  |TAMS 0x00000000c5700000, 0x00000000c5700000| Untracked 
|  88|0x00000000c5800000, 0x00000000c5800000, 0x00000000c5900000|  0%| F|  |TAMS 0x00000000c5800000, 0x00000000c5800000| Untracked 
|  89|0x00000000c5900000, 0x00000000c5900000, 0x00000000c5a00000|  0%| F|  |TAMS 0x00000000c5900000, 0x00000000c5900000| Untracked 
|  90|0x00000000c5a00000, 0x00000000c5a00000, 0x00000000c5b00000|  0%| F|  |TAMS 0x00000000c5a00000, 0x00000000c5a00000| Untracked 
|  91|0x00000000c5b00000, 0x00000000c5b00000, 0x00000000c5c00000|  0%| F|  |TAMS 0x00000000c5b00000, 0x00000000c5b00000| Untracked 
|  92|0x00000000c5c00000, 0x00000000c5c00000, 0x00000000c5d00000|  0%| F|  |TAMS 0x00000000c5c00000, 0x00000000c5c00000| Untracked 
|  93|0x00000000c5d00000, 0x00000000c5d00000, 0x00000000c5e00000|  0%| F|  |TAMS 0x00000000c5d00000, 0x00000000c5d00000| Untracked 
|  94|0x00000000c5e00000, 0x00000000c5e00000, 0x00000000c5f00000|  0%| F|  |TAMS 0x00000000c5e00000, 0x00000000c5e00000| Untracked 
|  95|0x00000000c5f00000, 0x00000000c5f00000, 0x00000000c6000000|  0%| F|  |TAMS 0x00000000c5f00000, 0x00000000c5f00000| Untracked 
|  96|0x00000000c6000000, 0x00000000c6000000, 0x00000000c6100000|  0%| F|  |TAMS 0x00000000c6000000, 0x00000000c6000000| Untracked 
|  97|0x00000000c6100000, 0x00000000c6100000, 0x00000000c6200000|  0%| F|  |TAMS 0x00000000c6100000, 0x00000000c6100000| Untracked 
|  98|0x00000000c6200000, 0x00000000c6200000, 0x00000000c6300000|  0%| F|  |TAMS 0x00000000c6200000, 0x00000000c6200000| Untracked 
|  99|0x00000000c6300000, 0x00000000c6300000, 0x00000000c6400000|  0%| F|  |TAMS 0x00000000c6300000, 0x00000000c6300000| Untracked 
| 100|0x00000000c6400000, 0x00000000c6400000, 0x00000000c6500000|  0%| F|  |TAMS 0x00000000c6400000, 0x00000000c6400000| Untracked 
| 101|0x00000000c6500000, 0x00000000c6500000, 0x00000000c6600000|  0%| F|  |TAMS 0x00000000c6500000, 0x00000000c6500000| Untracked 
| 102|0x00000000c6600000, 0x00000000c6600000, 0x00000000c6700000|  0%| F|  |TAMS 0x00000000c6600000, 0x00000000c6600000| Untracked 
| 103|0x00000000c6700000, 0x00000000c6700000, 0x00000000c6800000|  0%| F|  |TAMS 0x00000000c6700000, 0x00000000c6700000| Untracked 
| 104|0x00000000c6800000, 0x00000000c6800000, 0x00000000c6900000|  0%| F|  |TAMS 0x00000000c6800000, 0x00000000c6800000| Untracked 
| 105|0x00000000c6900000, 0x00000000c6900000, 0x00000000c6a00000|  0%| F|  |TAMS 0x00000000c6900000, 0x00000000c6900000| Untracked 
| 106|0x00000000c6a00000, 0x00000000c6a00000, 0x00000000c6b00000|  0%| F|  |TAMS 0x00000000c6a00000, 0x00000000c6a00000| Untracked 
| 107|0x00000000c6b00000, 0x00000000c6b00000, 0x00000000c6c00000|  0%| F|  |TAMS 0x00000000c6b00000, 0x00000000c6b00000| Untracked 
| 108|0x00000000c6c00000, 0x00000000c6d00000, 0x00000000c6d00000|100%| S|CS|TAMS 0x00000000c6c00000, 0x00000000c6c00000| Complete 
| 109|0x00000000c6d00000, 0x00000000c6e00000, 0x00000000c6e00000|100%| S|CS|TAMS 0x00000000c6d00000, 0x00000000c6d00000| Complete 
| 110|0x00000000c6e00000, 0x00000000c6f00000, 0x00000000c6f00000|100%| S|CS|TAMS 0x00000000c6e00000, 0x00000000c6e00000| Complete 
| 111|0x00000000c6f00000, 0x00000000c7000000, 0x00000000c7000000|100%| S|CS|TAMS 0x00000000c6f00000, 0x00000000c6f00000| Complete 
| 112|0x00000000c7000000, 0x00000000c7100000, 0x00000000c7100000|100%| S|CS|TAMS 0x00000000c7000000, 0x00000000c7000000| Complete 
| 113|0x00000000c7100000, 0x00000000c7200000, 0x00000000c7200000|100%| S|CS|TAMS 0x00000000c7100000, 0x00000000c7100000| Complete 
| 114|0x00000000c7200000, 0x00000000c7200000, 0x00000000c7300000|  0%| F|  |TAMS 0x00000000c7200000, 0x00000000c7200000| Untracked 
| 115|0x00000000c7300000, 0x00000000c7300000, 0x00000000c7400000|  0%| F|  |TAMS 0x00000000c7300000, 0x00000000c7300000| Untracked 
| 116|0x00000000c7400000, 0x00000000c7400000, 0x00000000c7500000|  0%| F|  |TAMS 0x00000000c7400000, 0x00000000c7400000| Untracked 
| 117|0x00000000c7500000, 0x00000000c7500000, 0x00000000c7600000|  0%| F|  |TAMS 0x00000000c7500000, 0x00000000c7500000| Untracked 
| 118|0x00000000c7600000, 0x00000000c7600000, 0x00000000c7700000|  0%| F|  |TAMS 0x00000000c7600000, 0x00000000c7600000| Untracked 
| 119|0x00000000c7700000, 0x00000000c7700000, 0x00000000c7800000|  0%| F|  |TAMS 0x00000000c7700000, 0x00000000c7700000| Untracked 
| 120|0x00000000c7800000, 0x00000000c7900000, 0x00000000c7900000|100%| S|CS|TAMS 0x00000000c7800000, 0x00000000c7800000| Complete 
| 121|0x00000000c7900000, 0x00000000c7a00000, 0x00000000c7a00000|100%| S|CS|TAMS 0x00000000c7900000, 0x00000000c7900000| Complete 
| 122|0x00000000c7a00000, 0x00000000c7a00000, 0x00000000c7b00000|  0%| F|  |TAMS 0x00000000c7a00000, 0x00000000c7a00000| Untracked 
| 123|0x00000000c7b00000, 0x00000000c7b00000, 0x00000000c7c00000|  0%| F|  |TAMS 0x00000000c7b00000, 0x00000000c7b00000| Untracked 
| 124|0x00000000c7c00000, 0x00000000c7c00000, 0x00000000c7d00000|  0%| F|  |TAMS 0x00000000c7c00000, 0x00000000c7c00000| Untracked 
| 125|0x00000000c7d00000, 0x00000000c7d00000, 0x00000000c7e00000|  0%| F|  |TAMS 0x00000000c7d00000, 0x00000000c7d00000| Untracked 
| 126|0x00000000c7e00000, 0x00000000c7e00000, 0x00000000c7f00000|  0%| F|  |TAMS 0x00000000c7e00000, 0x00000000c7e00000| Untracked 
| 127|0x00000000c7f00000, 0x00000000c7f00000, 0x00000000c8000000|  0%| F|  |TAMS 0x00000000c7f00000, 0x00000000c7f00000| Untracked 
| 128|0x00000000c8000000, 0x00000000c8000000, 0x00000000c8100000|  0%| F|  |TAMS 0x00000000c8000000, 0x00000000c8000000| Untracked 
| 129|0x00000000c8100000, 0x00000000c8100000, 0x00000000c8200000|  0%| F|  |TAMS 0x00000000c8100000, 0x00000000c8100000| Untracked 
| 130|0x00000000c8200000, 0x00000000c8200000, 0x00000000c8300000|  0%| F|  |TAMS 0x00000000c8200000, 0x00000000c8200000| Untracked 
| 131|0x00000000c8300000, 0x00000000c8300000, 0x00000000c8400000|  0%| F|  |TAMS 0x00000000c8300000, 0x00000000c8300000| Untracked 
| 132|0x00000000c8400000, 0x00000000c8400000, 0x00000000c8500000|  0%| F|  |TAMS 0x00000000c8400000, 0x00000000c8400000| Untracked 
| 133|0x00000000c8500000, 0x00000000c8500000, 0x00000000c8600000|  0%| F|  |TAMS 0x00000000c8500000, 0x00000000c8500000| Untracked 
| 134|0x00000000c8600000, 0x00000000c8600000, 0x00000000c8700000|  0%| F|  |TAMS 0x00000000c8600000, 0x00000000c8600000| Untracked 
| 135|0x00000000c8700000, 0x00000000c8700000, 0x00000000c8800000|  0%| F|  |TAMS 0x00000000c8700000, 0x00000000c8700000| Untracked 
| 136|0x00000000c8800000, 0x00000000c8800000, 0x00000000c8900000|  0%| F|  |TAMS 0x00000000c8800000, 0x00000000c8800000| Untracked 
| 137|0x00000000c8900000, 0x00000000c8900000, 0x00000000c8a00000|  0%| F|  |TAMS 0x00000000c8900000, 0x00000000c8900000| Untracked 
| 138|0x00000000c8a00000, 0x00000000c8a00000, 0x00000000c8b00000|  0%| F|  |TAMS 0x00000000c8a00000, 0x00000000c8a00000| Untracked 
| 139|0x00000000c8b00000, 0x00000000c8b00000, 0x00000000c8c00000|  0%| F|  |TAMS 0x00000000c8b00000, 0x00000000c8b00000| Untracked 
| 140|0x00000000c8c00000, 0x00000000c8c00000, 0x00000000c8d00000|  0%| F|  |TAMS 0x00000000c8c00000, 0x00000000c8c00000| Untracked 
| 141|0x00000000c8d00000, 0x00000000c8d00000, 0x00000000c8e00000|  0%| F|  |TAMS 0x00000000c8d00000, 0x00000000c8d00000| Untracked 
| 142|0x00000000c8e00000, 0x00000000c8e00000, 0x00000000c8f00000|  0%| F|  |TAMS 0x00000000c8e00000, 0x00000000c8e00000| Untracked 
| 143|0x00000000c8f00000, 0x00000000c8f00000, 0x00000000c9000000|  0%| F|  |TAMS 0x00000000c8f00000, 0x00000000c8f00000| Untracked 
| 144|0x00000000c9000000, 0x00000000c9000000, 0x00000000c9100000|  0%| F|  |TAMS 0x00000000c9000000, 0x00000000c9000000| Untracked 
| 145|0x00000000c9100000, 0x00000000c9100000, 0x00000000c9200000|  0%| F|  |TAMS 0x00000000c9100000, 0x00000000c9100000| Untracked 
| 146|0x00000000c9200000, 0x00000000c9200000, 0x00000000c9300000|  0%| F|  |TAMS 0x00000000c9200000, 0x00000000c9200000| Untracked 
| 147|0x00000000c9300000, 0x00000000c9300000, 0x00000000c9400000|  0%| F|  |TAMS 0x00000000c9300000, 0x00000000c9300000| Untracked 
| 148|0x00000000c9400000, 0x00000000c9400000, 0x00000000c9500000|  0%| F|  |TAMS 0x00000000c9400000, 0x00000000c9400000| Untracked 
| 149|0x00000000c9500000, 0x00000000c9500000, 0x00000000c9600000|  0%| F|  |TAMS 0x00000000c9500000, 0x00000000c9500000| Untracked 
| 150|0x00000000c9600000, 0x00000000c9600000, 0x00000000c9700000|  0%| F|  |TAMS 0x00000000c9600000, 0x00000000c9600000| Untracked 
| 151|0x00000000c9700000, 0x00000000c9700000, 0x00000000c9800000|  0%| F|  |TAMS 0x00000000c9700000, 0x00000000c9700000| Untracked 
| 152|0x00000000c9800000, 0x00000000c9800000, 0x00000000c9900000|  0%| F|  |TAMS 0x00000000c9800000, 0x00000000c9800000| Untracked 
| 153|0x00000000c9900000, 0x00000000c9900000, 0x00000000c9a00000|  0%| F|  |TAMS 0x00000000c9900000, 0x00000000c9900000| Untracked 
| 154|0x00000000c9a00000, 0x00000000c9a00000, 0x00000000c9b00000|  0%| F|  |TAMS 0x00000000c9a00000, 0x00000000c9a00000| Untracked 
| 155|0x00000000c9b00000, 0x00000000c9b00000, 0x00000000c9c00000|  0%| F|  |TAMS 0x00000000c9b00000, 0x00000000c9b00000| Untracked 
| 156|0x00000000c9c00000, 0x00000000c9c00000, 0x00000000c9d00000|  0%| F|  |TAMS 0x00000000c9c00000, 0x00000000c9c00000| Untracked 
| 157|0x00000000c9d00000, 0x00000000c9d00000, 0x00000000c9e00000|  0%| F|  |TAMS 0x00000000c9d00000, 0x00000000c9d00000| Untracked 
| 158|0x00000000c9e00000, 0x00000000c9e00000, 0x00000000c9f00000|  0%| F|  |TAMS 0x00000000c9e00000, 0x00000000c9e00000| Untracked 
| 159|0x00000000c9f00000, 0x00000000c9f00000, 0x00000000ca000000|  0%| F|  |TAMS 0x00000000c9f00000, 0x00000000c9f00000| Untracked 
| 160|0x00000000ca000000, 0x00000000ca000000, 0x00000000ca100000|  0%| F|  |TAMS 0x00000000ca000000, 0x00000000ca000000| Untracked 
| 161|0x00000000ca100000, 0x00000000ca100000, 0x00000000ca200000|  0%| F|  |TAMS 0x00000000ca100000, 0x00000000ca100000| Untracked 
| 162|0x00000000ca200000, 0x00000000ca200000, 0x00000000ca300000|  0%| F|  |TAMS 0x00000000ca200000, 0x00000000ca200000| Untracked 
| 163|0x00000000ca300000, 0x00000000ca300000, 0x00000000ca400000|  0%| F|  |TAMS 0x00000000ca300000, 0x00000000ca300000| Untracked 
| 164|0x00000000ca400000, 0x00000000ca400000, 0x00000000ca500000|  0%| F|  |TAMS 0x00000000ca400000, 0x00000000ca400000| Untracked 
| 165|0x00000000ca500000, 0x00000000ca500000, 0x00000000ca600000|  0%| F|  |TAMS 0x00000000ca500000, 0x00000000ca500000| Untracked 
| 166|0x00000000ca600000, 0x00000000ca600000, 0x00000000ca700000|  0%| F|  |TAMS 0x00000000ca600000, 0x00000000ca600000| Untracked 
| 167|0x00000000ca700000, 0x00000000ca700000, 0x00000000ca800000|  0%| F|  |TAMS 0x00000000ca700000, 0x00000000ca700000| Untracked 
| 168|0x00000000ca800000, 0x00000000ca800000, 0x00000000ca900000|  0%| F|  |TAMS 0x00000000ca800000, 0x00000000ca800000| Untracked 
| 169|0x00000000ca900000, 0x00000000ca900000, 0x00000000caa00000|  0%| F|  |TAMS 0x00000000ca900000, 0x00000000ca900000| Untracked 
| 170|0x00000000caa00000, 0x00000000caa00000, 0x00000000cab00000|  0%| F|  |TAMS 0x00000000caa00000, 0x00000000caa00000| Untracked 
| 171|0x00000000cab00000, 0x00000000cab00000, 0x00000000cac00000|  0%| F|  |TAMS 0x00000000cab00000, 0x00000000cab00000| Untracked 
| 172|0x00000000cac00000, 0x00000000cac00000, 0x00000000cad00000|  0%| F|  |TAMS 0x00000000cac00000, 0x00000000cac00000| Untracked 
| 173|0x00000000cad00000, 0x00000000cad00000, 0x00000000cae00000|  0%| F|  |TAMS 0x00000000cad00000, 0x00000000cad00000| Untracked 
| 174|0x00000000cae00000, 0x00000000cae00000, 0x00000000caf00000|  0%| F|  |TAMS 0x00000000cae00000, 0x00000000cae00000| Untracked 
| 175|0x00000000caf00000, 0x00000000caf00000, 0x00000000cb000000|  0%| F|  |TAMS 0x00000000caf00000, 0x00000000caf00000| Untracked 
| 176|0x00000000cb000000, 0x00000000cb000000, 0x00000000cb100000|  0%| F|  |TAMS 0x00000000cb000000, 0x00000000cb000000| Untracked 
| 177|0x00000000cb100000, 0x00000000cb100000, 0x00000000cb200000|  0%| F|  |TAMS 0x00000000cb100000, 0x00000000cb100000| Untracked 
| 178|0x00000000cb200000, 0x00000000cb200000, 0x00000000cb300000|  0%| F|  |TAMS 0x00000000cb200000, 0x00000000cb200000| Untracked 
| 179|0x00000000cb300000, 0x00000000cb300000, 0x00000000cb400000|  0%| F|  |TAMS 0x00000000cb300000, 0x00000000cb300000| Untracked 
| 180|0x00000000cb400000, 0x00000000cb400000, 0x00000000cb500000|  0%| F|  |TAMS 0x00000000cb400000, 0x00000000cb400000| Untracked 
| 181|0x00000000cb500000, 0x00000000cb500000, 0x00000000cb600000|  0%| F|  |TAMS 0x00000000cb500000, 0x00000000cb500000| Untracked 
| 182|0x00000000cb600000, 0x00000000cb600000, 0x00000000cb700000|  0%| F|  |TAMS 0x00000000cb600000, 0x00000000cb600000| Untracked 
| 183|0x00000000cb700000, 0x00000000cb700000, 0x00000000cb800000|  0%| F|  |TAMS 0x00000000cb700000, 0x00000000cb700000| Untracked 
| 184|0x00000000cb800000, 0x00000000cb800000, 0x00000000cb900000|  0%| F|  |TAMS 0x00000000cb800000, 0x00000000cb800000| Untracked 
| 185|0x00000000cb900000, 0x00000000cb900000, 0x00000000cba00000|  0%| F|  |TAMS 0x00000000cb900000, 0x00000000cb900000| Untracked 
| 186|0x00000000cba00000, 0x00000000cba00000, 0x00000000cbb00000|  0%| F|  |TAMS 0x00000000cba00000, 0x00000000cba00000| Untracked 
| 187|0x00000000cbb00000, 0x00000000cbb00000, 0x00000000cbc00000|  0%| F|  |TAMS 0x00000000cbb00000, 0x00000000cbb00000| Untracked 
| 188|0x00000000cbc00000, 0x00000000cbc00000, 0x00000000cbd00000|  0%| F|  |TAMS 0x00000000cbc00000, 0x00000000cbc00000| Untracked 
| 189|0x00000000cbd00000, 0x00000000cbd00000, 0x00000000cbe00000|  0%| F|  |TAMS 0x00000000cbd00000, 0x00000000cbd00000| Untracked 
| 190|0x00000000cbe00000, 0x00000000cbe00000, 0x00000000cbf00000|  0%| F|  |TAMS 0x00000000cbe00000, 0x00000000cbe00000| Untracked 
| 191|0x00000000cbf00000, 0x00000000cbf00000, 0x00000000cc000000|  0%| F|  |TAMS 0x00000000cbf00000, 0x00000000cbf00000| Untracked 
| 192|0x00000000cc000000, 0x00000000cc000000, 0x00000000cc100000|  0%| F|  |TAMS 0x00000000cc000000, 0x00000000cc000000| Untracked 
| 193|0x00000000cc100000, 0x00000000cc100000, 0x00000000cc200000|  0%| F|  |TAMS 0x00000000cc100000, 0x00000000cc100000| Untracked 
| 194|0x00000000cc200000, 0x00000000cc200000, 0x00000000cc300000|  0%| F|  |TAMS 0x00000000cc200000, 0x00000000cc200000| Untracked 
| 195|0x00000000cc300000, 0x00000000cc300000, 0x00000000cc400000|  0%| F|  |TAMS 0x00000000cc300000, 0x00000000cc300000| Untracked 
| 196|0x00000000cc400000, 0x00000000cc400000, 0x00000000cc500000|  0%| F|  |TAMS 0x00000000cc400000, 0x00000000cc400000| Untracked 
| 197|0x00000000cc500000, 0x00000000cc500000, 0x00000000cc600000|  0%| F|  |TAMS 0x00000000cc500000, 0x00000000cc500000| Untracked 
| 198|0x00000000cc600000, 0x00000000cc600000, 0x00000000cc700000|  0%| F|  |TAMS 0x00000000cc600000, 0x00000000cc600000| Untracked 
| 199|0x00000000cc700000, 0x00000000cc700000, 0x00000000cc800000|  0%| F|  |TAMS 0x00000000cc700000, 0x00000000cc700000| Untracked 
| 200|0x00000000cc800000, 0x00000000cc800000, 0x00000000cc900000|  0%| F|  |TAMS 0x00000000cc800000, 0x00000000cc800000| Untracked 
| 201|0x00000000cc900000, 0x00000000cc900000, 0x00000000cca00000|  0%| F|  |TAMS 0x00000000cc900000, 0x00000000cc900000| Untracked 
| 202|0x00000000cca00000, 0x00000000cca00000, 0x00000000ccb00000|  0%| F|  |TAMS 0x00000000cca00000, 0x00000000cca00000| Untracked 
| 203|0x00000000ccb00000, 0x00000000ccb00000, 0x00000000ccc00000|  0%| F|  |TAMS 0x00000000ccb00000, 0x00000000ccb00000| Untracked 
| 204|0x00000000ccc00000, 0x00000000ccc00000, 0x00000000ccd00000|  0%| F|  |TAMS 0x00000000ccc00000, 0x00000000ccc00000| Untracked 
| 205|0x00000000ccd00000, 0x00000000ccd00000, 0x00000000cce00000|  0%| F|  |TAMS 0x00000000ccd00000, 0x00000000ccd00000| Untracked 
| 206|0x00000000cce00000, 0x00000000cce00000, 0x00000000ccf00000|  0%| F|  |TAMS 0x00000000cce00000, 0x00000000cce00000| Untracked 
| 207|0x00000000ccf00000, 0x00000000ccf00000, 0x00000000cd000000|  0%| F|  |TAMS 0x00000000ccf00000, 0x00000000ccf00000| Untracked 
| 208|0x00000000cd000000, 0x00000000cd000000, 0x00000000cd100000|  0%| F|  |TAMS 0x00000000cd000000, 0x00000000cd000000| Untracked 
| 209|0x00000000cd100000, 0x00000000cd100000, 0x00000000cd200000|  0%| F|  |TAMS 0x00000000cd100000, 0x00000000cd100000| Untracked 
| 210|0x00000000cd200000, 0x00000000cd200000, 0x00000000cd300000|  0%| F|  |TAMS 0x00000000cd200000, 0x00000000cd200000| Untracked 
| 211|0x00000000cd300000, 0x00000000cd300000, 0x00000000cd400000|  0%| F|  |TAMS 0x00000000cd300000, 0x00000000cd300000| Untracked 
| 212|0x00000000cd400000, 0x00000000cd400000, 0x00000000cd500000|  0%| F|  |TAMS 0x00000000cd400000, 0x00000000cd400000| Untracked 
| 213|0x00000000cd500000, 0x00000000cd500000, 0x00000000cd600000|  0%| F|  |TAMS 0x00000000cd500000, 0x00000000cd500000| Untracked 
| 214|0x00000000cd600000, 0x00000000cd600000, 0x00000000cd700000|  0%| F|  |TAMS 0x00000000cd600000, 0x00000000cd600000| Untracked 
| 215|0x00000000cd700000, 0x00000000cd700000, 0x00000000cd800000|  0%| F|  |TAMS 0x00000000cd700000, 0x00000000cd700000| Untracked 

Card table byte_map: [0x00000195871d0000,0x00000195873d0000] _byte_map_base: 0x0000019586bd0000

Marking Bits (Prev, Next): (CMBitMap*) 0x00000195ff906120, (CMBitMap*) 0x00000195ff9060e0
 Prev Bits: [0x00000195885d0000, 0x00000195895d0000)
 Next Bits: [0x00000195875d0000, 0x00000195885d0000)

Polling page: 0x00000195ff2b0000

Metaspace:

Usage:
  Non-class:     30.43 MB used.
      Class:      4.53 MB used.
       Both:     34.96 MB used.

Virtual space:
  Non-class space:       32.00 MB reserved,      30.62 MB ( 96%) committed,  4 nodes.
      Class space:        1.00 GB reserved,       4.75 MB ( <1%) committed,  1 nodes.
             Both:        1.03 GB reserved,      35.38 MB (  3%) committed. 

Chunk freelists:
   Non-Class:  512.00 KB
       Class:  3.17 MB
        Both:  3.67 MB

MaxMetaspaceSize: unlimited
CompressedClassSpaceSize: 1.00 GB
Initial GC threshold: 21.00 MB
Current GC threshold: 58.75 MB
CDS: off
MetaspaceReclaimPolicy: balanced
 - commit_granule_bytes: 65536.
 - commit_granule_words: 8192.
 - virtual_space_node_default_size: 1048576.
 - enlarge_chunks_in_place: 1.
 - new_chunks_are_fully_committed: 0.
 - uncommit_free_chunks: 1.
 - use_allocation_guard: 0.
 - handle_deallocations: 1.


Internal statistics:

num_allocs_failed_limit: 5.
num_arena_births: 468.
num_arena_deaths: 0.
num_vsnodes_births: 5.
num_vsnodes_deaths: 0.
num_space_committed: 566.
num_space_uncommitted: 0.
num_chunks_returned_to_freelist: 5.
num_chunks_taken_from_freelist: 1510.
num_chunk_merges: 5.
num_chunk_splits: 1027.
num_chunks_enlarged: 764.
num_purges: 0.
num_inconsistent_stats: 0.

CodeCache: size=49152Kb used=7934Kb max_used=7934Kb free=41217Kb
 bounds [0x0000019583fd0000, 0x0000019584790000, 0x0000019586fd0000]
 total_blobs=4257 nmethods=3718 adapters=465
 compilation: enabled
              stopped_count=0, restarted_count=0
 full_count=0

Compilation events (20 events):
Event: 12.996 Thread 0x000001958d9cf040 nmethod 3708 0x0000019584789310 code [0x00000195847894a0, 0x0000019584789588]
Event: 12.996 Thread 0x000001958d9cf040 3705       1       nonapi.io.github.classgraph.utils.ProxyingInputStream::read (11 bytes)
Event: 12.996 Thread 0x000001958d9cf040 nmethod 3705 0x0000019584789610 code [0x00000195847897a0, 0x0000019584789888]
Event: 12.996 Thread 0x000001958d9cf040 3707       1       java.nio.HeapByteBuffer::get (64 bytes)
Event: 12.996 Thread 0x000001958ba97ea0 nmethod 3709 0x0000019584789910 code [0x0000019584789ae0, 0x0000019584789e78]
Event: 12.996 Thread 0x000001958ba97ea0 3710   !   1       jdk.internal.module.SystemModuleFinders$SystemModuleReader::toInputStream (43 bytes)
Event: 12.996 Thread 0x000001958d9cf040 nmethod 3707 0x000001958478a010 code [0x000001958478a200, 0x000001958478a598]
Event: 12.997 Thread 0x000001958d9cf040 3711       1       io.github.classgraph.Classfile::readBasicClassInfo (339 bytes)
Event: 12.997 Thread 0x000001958ba97ea0 nmethod 3710 0x000001958478a790 code [0x000001958478a980, 0x000001958478aea8]
Event: 12.997 Thread 0x000001958ba97ea0 3712   !   1       nonapi.io.github.classgraph.fileslice.reader.ClassfileReader::close (43 bytes)
Event: 12.997 Thread 0x000001958ba97ea0 nmethod 3712 0x000001958478b190 code [0x000001958478b340, 0x000001958478b518]
Event: 12.997 Thread 0x000001958ba97ea0 3714       1       jdk.internal.module.SystemModuleFinders$SystemModuleReader$$Lambda$209/0x00000001001db5b8::apply (12 bytes)
Event: 12.997 Thread 0x000001958ba97ea0 nmethod 3714 0x000001958478b610 code [0x000001958478b7a0, 0x000001958478b8c8]
Event: 12.997 Thread 0x000001958ba97ea0 3716   !   1       jdk.internal.reflect.GeneratedMethodAccessor19::invoke (67 bytes)
Event: 12.997 Thread 0x000001958ba97ea0 nmethod 3716 0x000001958478b990 code [0x000001958478bb80, 0x000001958478bfb8]
Event: 12.999 Thread 0x000001958d9cf040 nmethod 3711 0x000001958478c290 code [0x000001958478c600, 0x000001958478d468]
Event: 13.074 Thread 0x000001958d9cf040 3717       1       jdk.internal.misc.Unsafe::getAndAddLong (27 bytes)
Event: 13.074 Thread 0x000001958d9cf040 nmethod 3717 0x000001958478dd10 code [0x000001958478dea0, 0x000001958478dfb8]
Event: 13.075 Thread 0x000001958d9cf040 3718  s!   1       jdk.internal.loader.URLClassPath::getLoader (196 bytes)
Event: 13.077 Thread 0x000001958d9cf040 nmethod 3718 0x000001958478e090 code [0x000001958478e340, 0x000001958478ed58]

GC Heap History (20 events):
Event: 12.962 GC heap after
{Heap after GC invocations=18 (full 0):
 garbage-first heap   total 130048K, used 65751K [0x00000000c0000000, 0x0000000100000000)
  region size 1024K, 6 young (6144K), 6 survivors (6144K)
 Metaspace       used 35705K, committed 36160K, reserved 1081344K
  class space    used 4628K, committed 4864K, reserved 1048576K
}
Event: 13.056 GC heap before
{Heap before GC invocations=18 (full 0):
 garbage-first heap   total 130048K, used 91351K [0x00000000c0000000, 0x0000000100000000)
  region size 1024K, 32 young (32768K), 6 survivors (6144K)
 Metaspace       used 35729K, committed 36160K, reserved 1081344K
  class space    used 4635K, committed 4864K, reserved 1048576K
}
Event: 13.066 GC heap after
{Heap after GC invocations=19 (full 0):
 garbage-first heap   total 130048K, used 67741K [0x00000000c0000000, 0x0000000100000000)
  region size 1024K, 2 young (2048K), 2 survivors (2048K)
 Metaspace       used 35729K, committed 36160K, reserved 1081344K
  class space    used 4635K, committed 4864K, reserved 1048576K
}
Event: 13.149 GC heap before
{Heap before GC invocations=19 (full 0):
 garbage-first heap   total 130048K, used 94365K [0x00000000c0000000, 0x0000000100000000)
  region size 1024K, 29 young (29696K), 2 survivors (2048K)
 Metaspace       used 35803K, committed 36224K, reserved 1081344K
  class space    used 4641K, committed 4864K, reserved 1048576K
}
Event: 13.151 GC heap after
{Heap after GC invocations=20 (full 0):
 garbage-first heap   total 130048K, used 68441K [0x00000000c0000000, 0x0000000100000000)
  region size 1024K, 3 young (3072K), 3 survivors (3072K)
 Metaspace       used 35803K, committed 36224K, reserved 1081344K
  class space    used 4641K, committed 4864K, reserved 1048576K
}
Event: 13.210 GC heap before
{Heap before GC invocations=20 (full 0):
 garbage-first heap   total 130048K, used 97113K [0x00000000c0000000, 0x0000000100000000)
  region size 1024K, 32 young (32768K), 3 survivors (3072K)
 Metaspace       used 35803K, committed 36224K, reserved 1081344K
  class space    used 4641K, committed 4864K, reserved 1048576K
}
Event: 13.216 GC heap after
{Heap after GC invocations=21 (full 0):
 garbage-first heap   total 130048K, used 69660K [0x00000000c0000000, 0x0000000100000000)
  region size 1024K, 3 young (3072K), 3 survivors (3072K)
 Metaspace       used 35803K, committed 36224K, reserved 1081344K
  class space    used 4641K, committed 4864K, reserved 1048576K
}
Event: 13.288 GC heap before
{Heap before GC invocations=21 (full 0):
 garbage-first heap   total 130048K, used 98332K [0x00000000c0000000, 0x0000000100000000)
  region size 1024K, 32 young (32768K), 3 survivors (3072K)
 Metaspace       used 35803K, committed 36224K, reserved 1081344K
  class space    used 4641K, committed 4864K, reserved 1048576K
}
Event: 13.295 GC heap after
{Heap after GC invocations=22 (full 0):
 garbage-first heap   total 221184K, used 71013K [0x00000000c0000000, 0x0000000100000000)
  region size 1024K, 3 young (3072K), 3 survivors (3072K)
 Metaspace       used 35803K, committed 36224K, reserved 1081344K
  class space    used 4641K, committed 4864K, reserved 1048576K
}
Event: 14.094 GC heap before
{Heap before GC invocations=23 (full 0):
 garbage-first heap   total 221184K, used 167269K [0x00000000c0000000, 0x0000000100000000)
  region size 1024K, 99 young (101376K), 3 survivors (3072K)
 Metaspace       used 35803K, committed 36224K, reserved 1081344K
  class space    used 4641K, committed 4864K, reserved 1048576K
}
Event: 14.120 GC heap after
{Heap after GC invocations=24 (full 0):
 garbage-first heap   total 221184K, used 73989K [0x00000000c0000000, 0x0000000100000000)
  region size 1024K, 7 young (7168K), 7 survivors (7168K)
 Metaspace       used 35803K, committed 36224K, reserved 1081344K
  class space    used 4641K, committed 4864K, reserved 1048576K
}
Event: 14.156 GC heap before
{Heap before GC invocations=24 (full 0):
 garbage-first heap   total 221184K, used 76037K [0x00000000c0000000, 0x0000000100000000)
  region size 1024K, 10 young (10240K), 7 survivors (7168K)
 Metaspace       used 35803K, committed 36224K, reserved 1081344K
  class space    used 4641K, committed 4864K, reserved 1048576K
}
Event: 14.175 GC heap after
{Heap after GC invocations=25 (full 0):
 garbage-first heap   total 221184K, used 74077K [0x00000000c0000000, 0x0000000100000000)
  region size 1024K, 1 young (1024K), 1 survivors (1024K)
 Metaspace       used 35803K, committed 36224K, reserved 1081344K
  class space    used 4641K, committed 4864K, reserved 1048576K
}
Event: 14.593 GC heap before
{Heap before GC invocations=25 (full 0):
 garbage-first heap   total 221184K, used 172381K [0x00000000c0000000, 0x0000000100000000)
  region size 1024K, 98 young (100352K), 1 survivors (1024K)
 Metaspace       used 35803K, committed 36224K, reserved 1081344K
  class space    used 4641K, committed 4864K, reserved 1048576K
}
Event: 14.597 GC heap after
{Heap after GC invocations=26 (full 0):
 garbage-first heap   total 221184K, used 77006K [0x00000000c0000000, 0x0000000100000000)
  region size 1024K, 4 young (4096K), 4 survivors (4096K)
 Metaspace       used 35803K, committed 36224K, reserved 1081344K
  class space    used 4641K, committed 4864K, reserved 1048576K
}
Event: 14.825 GC heap before
{Heap before GC invocations=26 (full 0):
 garbage-first heap   total 221184K, used 176334K [0x00000000c0000000, 0x0000000100000000)
  region size 1024K, 102 young (104448K), 4 survivors (4096K)
 Metaspace       used 35803K, committed 36224K, reserved 1081344K
  class space    used 4641K, committed 4864K, reserved 1048576K
}
Event: 14.853 GC heap after
{Heap after GC invocations=27 (full 0):
 garbage-first heap   total 221184K, used 81560K [0x00000000c0000000, 0x0000000100000000)
  region size 1024K, 9 young (9216K), 9 survivors (9216K)
 Metaspace       used 35803K, committed 36224K, reserved 1081344K
  class space    used 4641K, committed 4864K, reserved 1048576K
}
Event: 15.055 GC heap before
{Heap before GC invocations=27 (full 0):
 garbage-first heap   total 221184K, used 177816K [0x00000000c0000000, 0x0000000100000000)
  region size 1024K, 105 young (107520K), 9 survivors (9216K)
 Metaspace       used 35803K, committed 36224K, reserved 1081344K
  class space    used 4641K, committed 4864K, reserved 1048576K
}
Event: 15.080 GC heap after
{Heap after GC invocations=28 (full 0):
 garbage-first heap   total 221184K, used 85364K [0x00000000c0000000, 0x0000000100000000)
  region size 1024K, 9 young (9216K), 9 survivors (9216K)
 Metaspace       used 35803K, committed 36224K, reserved 1081344K
  class space    used 4641K, committed 4864K, reserved 1048576K
}
Event: 15.257 GC heap before
{Heap before GC invocations=28 (full 0):
 garbage-first heap   total 221184K, used 180596K [0x00000000c0000000, 0x0000000100000000)
  region size 1024K, 103 young (105472K), 9 survivors (9216K)
 Metaspace       used 35803K, committed 36224K, reserved 1081344K
  class space    used 4641K, committed 4864K, reserved 1048576K
}

Dll operation events (8 events):
Event: 0.020 Loaded shared library c:\Users\yassi\.vscode\extensions\redhat.java-1.14.0-win32-x64\jre\17.0.5-win32-x86_64\bin\java.dll
Event: 0.590 Loaded shared library C:\Users\yassi\.vscode\extensions\redhat.java-1.14.0-win32-x64\jre\17.0.5-win32-x86_64\bin\net.dll
Event: 0.597 Loaded shared library C:\Users\yassi\.vscode\extensions\redhat.java-1.14.0-win32-x64\jre\17.0.5-win32-x86_64\bin\nio.dll
Event: 0.619 Loaded shared library C:\Users\yassi\.vscode\extensions\redhat.java-1.14.0-win32-x64\jre\17.0.5-win32-x86_64\bin\zip.dll
Event: 1.393 Loaded shared library C:\Users\yassi\.vscode\extensions\redhat.java-1.14.0-win32-x64\jre\17.0.5-win32-x86_64\bin\jimage.dll
Event: 2.363 Loaded shared library c:\Users\yassi\.vscode\extensions\redhat.java-1.14.0-win32-x64\jre\17.0.5-win32-x86_64\bin\verify.dll
Event: 8.743 Loaded shared library C:\Users\yassi\.vscode\extensions\redhat.java-1.14.0-win32-x64\jre\17.0.5-win32-x86_64\bin\management.dll
Event: 8.756 Loaded shared library C:\Users\yassi\.vscode\extensions\redhat.java-1.14.0-win32-x64\jre\17.0.5-win32-x86_64\bin\management_ext.dll

Deoptimization events (10 events):
Event: 5.406 Thread 0x00000195ff8c60d0 DEOPT PACKING pc=0x00000195843aae99 sp=0x0000001f58efd4e0
Event: 5.406 Thread 0x00000195ff8c60d0 DEOPT UNPACKING pc=0x0000019584022b43 sp=0x0000001f58efc9c0 mode 3
Event: 9.400 Thread 0x000001958c53b0c0 DEOPT PACKING pc=0x000001958463db35 sp=0x0000001f5a9fcff0
Event: 9.400 Thread 0x000001958c53b0c0 DEOPT UNPACKING pc=0x0000019584022b43 sp=0x0000001f5a9fc518 mode 3
Event: 9.551 Thread 0x000001958db215e0 DEOPT PACKING pc=0x00000195843abf01 sp=0x0000001f5a8fdd70
Event: 9.551 Thread 0x000001958db215e0 DEOPT UNPACKING pc=0x0000019584022b43 sp=0x0000001f5a8fd200 mode 3
Event: 9.559 Thread 0x000001958c53b0c0 DEOPT PACKING pc=0x00000195843a8d97 sp=0x0000001f5a9fec90
Event: 9.559 Thread 0x000001958c53b0c0 DEOPT UNPACKING pc=0x0000019584022b43 sp=0x0000001f5a9fe0e8 mode 3
Event: 9.767 Thread 0x000001958dba2020 DEOPT PACKING pc=0x0000019584658b2b sp=0x0000001f5abfe720
Event: 9.767 Thread 0x000001958dba2020 DEOPT UNPACKING pc=0x0000019584022b43 sp=0x0000001f5abfdc68 mode 3

Classes unloaded (0 events):
No events

Classes redefined (0 events):
No events

Internal exceptions (20 events):
Event: 9.836 Thread 0x000001958dbcba40 Exception <a 'sun/nio/fs/WindowsException'{0x00000000c2ae2ff8}> (0x00000000c2ae2ff8) 
thrown [s\src\hotspot\share\prims\jni.cpp, line 516]
Event: 9.836 Thread 0x000001958dbcba40 Exception <a 'sun/nio/fs/WindowsException'{0x00000000c2ae33c8}> (0x00000000c2ae33c8) 
thrown [s\src\hotspot\share\prims\jni.cpp, line 516]
Event: 9.836 Thread 0x000001958dbcba40 Exception <a 'sun/nio/fs/WindowsException'{0x00000000c2ae3e00}> (0x00000000c2ae3e00) 
thrown [s\src\hotspot\share\prims\jni.cpp, line 516]
Event: 9.836 Thread 0x000001958dbcba40 Exception <a 'sun/nio/fs/WindowsException'{0x00000000c2ae4208}> (0x00000000c2ae4208) 
thrown [s\src\hotspot\share\prims\jni.cpp, line 516]
Event: 9.836 Thread 0x000001958dbcba40 Exception <a 'sun/nio/fs/WindowsException'{0x00000000c2ae4c18}> (0x00000000c2ae4c18) 
thrown [s\src\hotspot\share\prims\jni.cpp, line 516]
Event: 9.836 Thread 0x000001958dbcba40 Exception <a 'sun/nio/fs/WindowsException'{0x00000000c2ae4ff0}> (0x00000000c2ae4ff0) 
thrown [s\src\hotspot\share\prims\jni.cpp, line 516]
Event: 9.837 Thread 0x000001958dbcba40 Exception <a 'sun/nio/fs/WindowsException'{0x00000000c2ae59d8}> (0x00000000c2ae59d8) 
thrown [s\src\hotspot\share\prims\jni.cpp, line 516]
Event: 9.837 Thread 0x000001958dbcba40 Exception <a 'sun/nio/fs/WindowsException'{0x00000000c2ae5d78}> (0x00000000c2ae5d78) 
thrown [s\src\hotspot\share\prims\jni.cpp, line 516]
Event: 9.837 Thread 0x000001958dbcba40 Exception <a 'sun/nio/fs/WindowsException'{0x00000000c2ae6770}> (0x00000000c2ae6770) 
thrown [s\src\hotspot\share\prims\jni.cpp, line 516]
Event: 9.837 Thread 0x000001958dbcba40 Exception <a 'sun/nio/fs/WindowsException'{0x00000000c2ae6b28}> (0x00000000c2ae6b28) 
thrown [s\src\hotspot\share\prims\jni.cpp, line 516]
Event: 9.837 Thread 0x000001958dbcba40 Exception <a 'sun/nio/fs/WindowsException'{0x00000000c2ae7510}> (0x00000000c2ae7510) 
thrown [s\src\hotspot\share\prims\jni.cpp, line 516]
Event: 9.837 Thread 0x000001958dbcba40 Exception <a 'sun/nio/fs/WindowsException'{0x00000000c2ae78b8}> (0x00000000c2ae78b8) 
thrown [s\src\hotspot\share\prims\jni.cpp, line 516]
Event: 9.838 Thread 0x000001958dbcba40 Exception <a 'sun/nio/fs/WindowsException'{0x00000000c2ae82b0}> (0x00000000c2ae82b0) 
thrown [s\src\hotspot\share\prims\jni.cpp, line 516]
Event: 9.838 Thread 0x000001958dbcba40 Exception <a 'sun/nio/fs/WindowsException'{0x00000000c2ae8668}> (0x00000000c2ae8668) 
thrown [s\src\hotspot\share\prims\jni.cpp, line 516]
Event: 9.838 Thread 0x000001958dbcba40 Exception <a 'sun/nio/fs/WindowsException'{0x00000000c2ae9078}> (0x00000000c2ae9078) 
thrown [s\src\hotspot\share\prims\jni.cpp, line 516]
Event: 9.838 Thread 0x000001958dbcba40 Exception <a 'sun/nio/fs/WindowsException'{0x00000000c2ae9450}> (0x00000000c2ae9450) 
thrown [s\src\hotspot\share\prims\jni.cpp, line 516]
Event: 9.838 Thread 0x000001958dbcba40 Exception <a 'sun/nio/fs/WindowsException'{0x00000000c2ae9e78}> (0x00000000c2ae9e78) 
thrown [s\src\hotspot\share\prims\jni.cpp, line 516]
Event: 9.838 Thread 0x000001958dbcba40 Exception <a 'sun/nio/fs/WindowsException'{0x00000000c2aea268}> (0x00000000c2aea268) 
thrown [s\src\hotspot\share\prims\jni.cpp, line 516]
Event: 9.838 Thread 0x000001958dbcba40 Exception <a 'sun/nio/fs/WindowsException'{0x00000000c2aeac88}> (0x00000000c2aeac88) 
thrown [s\src\hotspot\share\prims\jni.cpp, line 516]
Event: 9.838 Thread 0x000001958dbcba40 Exception <a 'sun/nio/fs/WindowsException'{0x00000000c2aeb070}> (0x00000000c2aeb070) 
thrown [s\src\hotspot\share\prims\jni.cpp, line 516]

VM Operations (20 events):
Event: 13.299 Executing VM operation: G1CollectForAllocation done
Event: 13.378 Executing VM operation: G1Concurrent
Event: 13.405 Executing VM operation: G1Concurrent done
Event: 13.542 Executing VM operation: G1Concurrent
Event: 13.580 Executing VM operation: G1Concurrent done
Event: 14.063 Executing VM operation: G1CollectForAllocation
Event: 14.121 Executing VM operation: G1CollectForAllocation done
Event: 14.127 Executing VM operation: G1CollectForAllocation
Event: 14.156 Executing VM operation: G1CollectForAllocation done
Event: 14.156 Executing VM operation: G1CollectForAllocation
Event: 14.175 Executing VM operation: G1CollectForAllocation done
Event: 14.560 Executing VM operation: G1CollectForAllocation
Event: 14.597 Executing VM operation: G1CollectForAllocation done
Event: 14.822 Executing VM operation: G1CollectForAllocation
Event: 14.855 Executing VM operation: G1CollectForAllocation done
Event: 15.039 Executing VM operation: G1CollectForAllocation
Event: 15.055 Executing VM operation: G1CollectForAllocation done
Event: 15.055 Executing VM operation: G1CollectForAllocation
Event: 15.080 Executing VM operation: G1CollectForAllocation done
Event: 15.247 Executing VM operation: G1CollectForAllocation

Events (20 events):
Event: 10.945 loading class java/util/stream/Collectors$1PairBox
Event: 10.945 loading class java/util/stream/Collectors$1PairBox done
Event: 10.946 loading class java/util/concurrent/locks/AbstractQueuedSynchronizer$SharedNode
Event: 10.946 loading class java/util/concurrent/locks/AbstractQueuedSynchronizer$SharedNode done
Event: 10.946 loading class jdk/internal/module/SystemModuleFinders$ModuleContentSpliterator
Event: 10.946 loading class jdk/internal/module/SystemModuleFinders$ModuleContentSpliterator done
Event: 10.946 loading class jdk/internal/jimage/ImageReader$Directory
Event: 10.946 loading class jdk/internal/jimage/ImageReader$Node
Event: 10.947 loading class jdk/internal/jimage/ImageReader$Node done
Event: 10.947 loading class jdk/internal/jimage/ImageReader$Directory done
Event: 10.947 loading class jdk/internal/jimage/ImageReader$SharedImageReader$LocationVisitor
Event: 10.947 loading class jdk/internal/jimage/ImageReader$SharedImageReader$LocationVisitor done
Event: 10.948 loading class java/nio/ByteBufferAsIntBufferL
Event: 10.948 loading class java/nio/ByteBufferAsIntBufferL done
Event: 10.950 loading class jdk/internal/jimage/ImageReader$Resource
Event: 10.950 loading class jdk/internal/jimage/ImageReader$Resource done
Event: 10.950 loading class java/util/stream/LongStream
Event: 10.951 loading class java/util/stream/LongStream done
Event: 10.951 loading class java/util/stream/DoubleStream
Event: 10.952 loading class java/util/stream/DoubleStream done


Dynamic libraries:
0x00007ff69deb0000 - 0x00007ff69debe000 	c:\Users\yassi\.vscode\extensions\redhat.java-1.14.0-win32-x64\jre\17.0.5-win32-x86_64\bin\java.exe
0x00007ffb87590000 - 0x00007ffb87788000 	C:\Windows\SYSTEM32\ntdll.dll
0x00007ffb86430000 - 0x00007ffb864ef000 	C:\Windows\System32\KERNEL32.DLL
0x00007ffb85020000 - 0x00007ffb852f2000 	C:\Windows\System32\KERNELBASE.dll
0x00007ffb84e80000 - 0x00007ffb84f80000 	C:\Windows\System32\ucrtbase.dll
0x00007ffb39b70000 - 0x00007ffb39b87000 	c:\Users\yassi\.vscode\extensions\redhat.java-1.14.0-win32-x64\jre\17.0.5-win32-x86_64\bin\jli.dll
0x00007ffb87260000 - 0x00007ffb87401000 	C:\Windows\System32\USER32.dll
0x00007ffb84e50000 - 0x00007ffb84e72000 	C:\Windows\System32\win32u.dll
0x00007ffb86040000 - 0x00007ffb8606b000 	C:\Windows\System32\GDI32.dll
0x00007ffb84d40000 - 0x00007ffb84e4f000 	C:\Windows\System32\gdi32full.dll
0x00007ffb84f80000 - 0x00007ffb8501d000 	C:\Windows\System32\msvcp_win.dll
0x00007ffb39b50000 - 0x00007ffb39b69000 	c:\Users\yassi\.vscode\extensions\redhat.java-1.14.0-win32-x64\jre\17.0.5-win32-x86_64\bin\VCRUNTIME140.dll
0x00007ffb70fd0000 - 0x00007ffb7126a000 	C:\Windows\WinSxS\amd64_microsoft.windows.common-controls_6595b64144ccf1df_6.0.19041.1110_none_60b5254171f9507e\COMCTL32.dll
0x00007ffb856e0000 - 0x00007ffb8577e000 	C:\Windows\System32\msvcrt.dll
0x00007ffb856a0000 - 0x00007ffb856d2000 	C:\Windows\System32\IMM32.DLL
0x00007ffb457c0000 - 0x00007ffb457cc000 	c:\Users\yassi\.vscode\extensions\redhat.java-1.14.0-win32-x64\jre\17.0.5-win32-x86_64\bin\vcruntime140_1.dll
0x00007ffb39ab0000 - 0x00007ffb39b41000 	c:\Users\yassi\.vscode\extensions\redhat.java-1.14.0-win32-x64\jre\17.0.5-win32-x86_64\bin\msvcp140.dll
0x00007ffb37110000 - 0x00007ffb37d54000 	c:\Users\yassi\.vscode\extensions\redhat.java-1.14.0-win32-x64\jre\17.0.5-win32-x86_64\bin\server\jvm.dll
0x00007ffb86160000 - 0x00007ffb8620e000 	C:\Windows\System32\ADVAPI32.dll
0x00007ffb85fa0000 - 0x00007ffb8603c000 	C:\Windows\System32\sechost.dll
0x00007ffb86220000 - 0x00007ffb86345000 	C:\Windows\System32\RPCRT4.dll
0x00007ffb6aed0000 - 0x00007ffb6aed9000 	C:\Windows\SYSTEM32\WSOCK32.dll
0x00007ffb85bb0000 - 0x00007ffb85c1b000 	C:\Windows\System32\WS2_32.dll
0x00007ffb70cc0000 - 0x00007ffb70ce7000 	C:\Windows\SYSTEM32\WINMM.dll
0x00007ffb7b3a0000 - 0x00007ffb7b3aa000 	C:\Windows\SYSTEM32\VERSION.dll
0x00007ffb83490000 - 0x00007ffb834a2000 	C:\Windows\SYSTEM32\kernel.appcore.dll
0x00007ffb3b260000 - 0x00007ffb3b26a000 	c:\Users\yassi\.vscode\extensions\redhat.java-1.14.0-win32-x64\jre\17.0.5-win32-x86_64\bin\jimage.dll
0x00007ffb82a10000 - 0x00007ffb82bf4000 	C:\Windows\SYSTEM32\DBGHELP.DLL
0x00007ffb54c20000 - 0x00007ffb54c55000 	C:\Windows\SYSTEM32\dbgcore.DLL
0x00007ffb85460000 - 0x00007ffb854e2000 	C:\Windows\System32\bcryptPrimitives.dll
0x00007ffb39a50000 - 0x00007ffb39a75000 	c:\Users\yassi\.vscode\extensions\redhat.java-1.14.0-win32-x64\jre\17.0.5-win32-x86_64\bin\java.dll
0x00007ffb39a30000 - 0x00007ffb39a48000 	c:\Users\yassi\.vscode\extensions\redhat.java-1.14.0-win32-x64\jre\17.0.5-win32-x86_64\bin\zip.dll
0x00007ffb866a0000 - 0x00007ffb86de4000 	C:\Windows\System32\SHELL32.dll
0x00007ffb82ce0000 - 0x00007ffb83472000 	C:\Windows\SYSTEM32\windows.storage.dll
0x00007ffb85c40000 - 0x00007ffb85f95000 	C:\Windows\System32\combase.dll
0x00007ffb84590000 - 0x00007ffb845c0000 	C:\Windows\SYSTEM32\Wldp.dll
0x00007ffb85950000 - 0x00007ffb859fd000 	C:\Windows\System32\SHCORE.dll
0x00007ffb86100000 - 0x00007ffb86155000 	C:\Windows\System32\shlwapi.dll
0x00007ffb84bc0000 - 0x00007ffb84bdf000 	C:\Windows\SYSTEM32\profapi.dll
0x00007ffb39a10000 - 0x00007ffb39a29000 	C:\Users\yassi\.vscode\extensions\redhat.java-1.14.0-win32-x64\jre\17.0.5-win32-x86_64\bin\net.dll
0x00007ffb752a0000 - 0x00007ffb753ac000 	C:\Windows\SYSTEM32\WINHTTP.dll
0x00007ffb84370000 - 0x00007ffb843da000 	C:\Windows\system32\mswsock.dll
0x00007ffb399f0000 - 0x00007ffb39a05000 	C:\Users\yassi\.vscode\extensions\redhat.java-1.14.0-win32-x64\jre\17.0.5-win32-x86_64\bin\nio.dll
0x00007ffb39d70000 - 0x00007ffb39d80000 	c:\Users\yassi\.vscode\extensions\redhat.java-1.14.0-win32-x64\jre\17.0.5-win32-x86_64\bin\verify.dll
0x00007ffb84960000 - 0x00007ffb84978000 	C:\Windows\SYSTEM32\CRYPTSP.dll
0x00007ffb83c40000 - 0x00007ffb83c74000 	C:\Windows\system32\rsaenh.dll
0x00007ffb854f0000 - 0x00007ffb85517000 	C:\Windows\System32\bcrypt.dll
0x00007ffb84b80000 - 0x00007ffb84bae000 	C:\Windows\SYSTEM32\USERENV.dll
0x00007ffb84500000 - 0x00007ffb8450c000 	C:\Windows\SYSTEM32\CRYPTBASE.dll
0x00007ffb84010000 - 0x00007ffb8404b000 	C:\Windows\SYSTEM32\IPHLPAPI.DLL
0x00007ffb87540000 - 0x00007ffb87548000 	C:\Windows\System32\NSI.dll
0x00007ffb79850000 - 0x00007ffb79867000 	C:\Windows\SYSTEM32\dhcpcsvc6.DLL
0x00007ffb75fc0000 - 0x00007ffb75fdd000 	C:\Windows\SYSTEM32\dhcpcsvc.DLL
0x00007ffb84050000 - 0x00007ffb8411a000 	C:\Windows\SYSTEM32\DNSAPI.dll
0x00007ffb7bb50000 - 0x00007ffb7bb59000 	C:\Users\yassi\.vscode\extensions\redhat.java-1.14.0-win32-x64\jre\17.0.5-win32-x86_64\bin\management.dll
0x00007ffb7bb40000 - 0x00007ffb7bb4b000 	C:\Users\yassi\.vscode\extensions\redhat.java-1.14.0-win32-x64\jre\17.0.5-win32-x86_64\bin\management_ext.dll
0x00007ffb85630000 - 0x00007ffb85638000 	C:\Windows\System32\PSAPI.DLL

dbghelp: loaded successfully - version: 4.0.5 - missing functions: none
symbol engine: initialized successfully - sym options: 0x614 - pdb path: .;c:\Users\yassi\.vscode\extensions\redhat.java-1.14.0-win32-x64\jre\17.0.5-win32-x86_64\bin;C:\Windows\SYSTEM32;C:\Windows\WinSxS\amd64_microsoft.windows.common-controls_6595b64144ccf1df_6.0.19041.1110_none_60b5254171f9507e;c:\Users\yassi\.vscode\extensions\redhat.java-1.14.0-win32-x64\jre\17.0.5-win32-x86_64\bin\server

VM Arguments:
jvm_args: -XX:+HeapDumpOnOutOfMemoryError -Xmx1024m -Dsts.lsp.client=vscode -Dsts.log.file=/dev/null -XX:TieredStopAtLevel=1 -Xlog:jni+resolve=off -Dspring.config.location=file:c:\Users\yassi\.vscode\extensions\vmware.vscode-spring-boot-1.44.0\language-server\BOOT-INF\classes\application.properties 
java_command: org.springframework.ide.vscode.boot.app.BootLanguageServerBootApp
java_class_path (initial): c:\Users\yassi\.vscode\extensions\vmware.vscode-spring-boot-1.44.0\language-server\BOOT-INF\classes;c:\Users\yassi\.vscode\extensions\vmware.vscode-spring-boot-1.44.0\language-server\BOOT-INF\lib\annotations-24.0.0.jar;c:\Users\yassi\.vscode\extensions\vmware.vscode-spring-boot-1.44.0\language-server\BOOT-INF\lib\ant-1.10.13.jar;c:\Users\yassi\.vscode\extensions\vmware.vscode-spring-boot-1.44.0\language-server\BOOT-INF\lib\ant-launcher-1.10.13.jar;c:\Users\yassi\.vscode\extensions\vmware.vscode-spring-boot-1.44.0\language-server\BOOT-INF\lib\antlr-runtime-3.5.2.jar;c:\Users\yassi\.vscode\extensions\vmware.vscode-spring-boot-1.44.0\language-server\BOOT-INF\lib\antlr4-4.9.3.jar;c:\Users\yassi\.vscode\extensions\vmware.vscode-spring-boot-1.44.0\language-server\BOOT-INF\lib\antlr4-runtime-4.9.3.jar;c:\Users\yassi\.vscode\extensions\vmware.vscode-spring-boot-1.44.0\language-server\BOOT-INF\lib\apiguardian-api-1.1.2.jar;c:\Users\yassi\.vscode\extensions\vmware.vscode-spring-boot-1.44.0\language-server\BOOT-INF\lib\asm-9.4.jar;c:\Users\yassi\.vscode\extensions\vmware.vscode-spring-boot-1.44.0\language-server\BOOT-INF\lib\asm-analysis-9.4.jar;c:\Users\yassi\.vscode\extensions\vmware.vscode-spring-boot-1.44.0\language-server\BOOT-INF\lib\asm-tree-9.4.jar;c:\Users\yassi\.vscode\extensions\vmware.vscode-spring-boot-1.44.0\language-server\BOOT-INF\lib\asm-util-9.4.jar;c:\Users\yassi\.vscode\extensions\vmware.vscode-spring-boot-1.44.0\language-server\BOOT-INF\lib\caffeine-3.1.2.jar;c:\Users\yassi\.vscode\extensions\vmware.vscode-spring-boot-1.44.0\language-server\BOOT-INF\lib\checker-qual-3.12.0.jar;c:\Users\yassi\.vscode\extensions\vmware.vscode-spring-boot-1.44.0\language-server\BOOT-INF\lib\ci-environment-9.1.0.jar;c:\Users\yassi\.vscode\extensions\vmware.vscode-spring-boot-1.44.0\language-server\BOOT-INF\lib\classgraph-4.8.149.jar;c:\Users\yassi\.vscode\extensions\vmware.vscode-spring-boot-1.44.0\language-server\BOOT-INF\lib\commons-codec-1.15.ja
Launcher Type: SUN_STANDARD

[Global flags]
     intx CICompilerCount                          = 3                                         {product} {ergonomic}
     uint ConcGCThreads                            = 1                                         {product} {ergonomic}
     uint G1ConcRefinementThreads                  = 4                                         {product} {ergonomic}
   size_t G1HeapRegionSize                         = 1048576                                   {product} {ergonomic}
    uintx GCDrainStackTargetSize                   = 64                                        {product} {ergonomic}
     bool HeapDumpOnOutOfMemoryError               = true                                   {manageable} {command line}
   size_t InitialHeapSize                          = 62914560                                  {product} {ergonomic}
   size_t MarkStackSize                            = 4194304                                   {product} {ergonomic}
   size_t MaxHeapSize                              = 1073741824                                {product} {command line}
   size_t MaxNewSize                               = 643825664                                 {product} {ergonomic}
   size_t MinHeapDeltaBytes                        = 1048576                                   {product} {ergonomic}
   size_t MinHeapSize                              = 8388608                                   {product} {ergonomic}
    uintx NonProfiledCodeHeapSize                  = 0                                      {pd product} {ergonomic}
     bool ProfileInterpreter                       = false                                  {pd product} {command line}
    uintx ProfiledCodeHeapSize                     = 0                                      {pd product} {ergonomic}
   size_t SoftMaxHeapSize                          = 1073741824                             {manageable} {ergonomic}
     intx TieredStopAtLevel                        = 1                                         {product} {command line}
     bool UseCompressedClassPointers               = true                           {product lp64_product} {ergonomic}
     bool UseCompressedOops                        = true                           {product lp64_product} {ergonomic}
     bool UseG1GC                                  = true                                      {product} {ergonomic}
     bool UseLargePagesIndividualAllocation        = false                                  {pd product} {ergonomic}

Logging:
Log output configuration:
 #0: stdout all=warning,jni+resolve=off uptime,level,tags
 #1: stderr all=off uptime,level,tags

Environment Variables:
JAVA_HOME=C:\Program Files\BellSoft\LibericaJDK-17\
PATH=C:\Program Files\BellSoft\LibericaJDK-17\bin\;C:\Windows\system32;C:\Windows;C:\Windows\System32\Wbem;C:\Windows\System32\WindowsPowerShell\v1.0\;C:\Windows\System32\OpenSSH\;C:\Program Files\Intel\WiFi\bin\;C:\Program Files\Common Files\Intel\WirelessCommon\;C:\Program Files\Git\cmd;C:\Program Files\Microsoft SQL Server\150\Tools\Binn\;C:\Program Files\Microsoft SQL Server\Client SDK\ODBC\170\Tools\Binn\;C:\Program Files\dotnet\;C:\Program Files\Azure Data Studio\bin;C:\Program Files\Docker\Docker\resources\bin;C:\Program Files (x86)\Microsoft SQL Server\150\Tools\Binn\;C:\Program Files\Microsoft SQL Server\150\DTS\Binn\;C:\Program Files (x86)\Microsoft SQL Server\150\DTS\Binn\;C:\Program Files (x86)\Microsoft SQL Server\160\DTS\Binn\;C:\Users\yassi\AppData\Local\Programs\Python\Python311\Scripts\;C:\Users\yassi\AppData\Local\Programs\Python\Python311\;C:\Users\yassi\AppData\Local\Microsoft\WindowsApps;C:\Program Files\JetBrains\IntelliJ IDEA Community Edition 2022.2\bin;;C:\src\flutter\flutter\bin;C:\Users\yassi\.dotnet\tools;C:\Program Files\JetBrains\PyCharm Community Edition 2022.2\bin;;C:\dart-sdk\bin;C:\Program Files\Azure Data Studio\bin;C:\Users\yassi\AppData\Local\Programs\Microsoft VS Code\bin;C:\Maven\apache-maven-4.0.0-alpha-4\bin;
USERNAME=yassi
OS=Windows_NT
PROCESSOR_IDENTIFIER=Intel64 Family 6 Model 142 Stepping 10, GenuineIntel
TMP=C:\Users\yassi\AppData\Local\Temp
TEMP=C:\Users\yassi\AppData\Local\Temp



---------------  S Y S T E M  ---------------

OS:
 Windows 10 , 64 bit Build 19041 (10.0.19041.2364)
OS uptime: 0 days 0:34 hours
Hyper-V role detected

CPU: total 4 (initial active 4) (2 cores per cpu, 2 threads per core) family 6 model 142 stepping 10 microcode 0xb4, cx8, cmov, fxsr, ht, mmx, 3dnowpref, sse, sse2, sse3, ssse3, sse4.1, sse4.2, popcnt, lzcnt, tsc, tscinvbit, avx, avx2, aes, erms, clmul, bmi1, bmi2, adx, fma, vzeroupper, clflush, clflushopt, hv

Memory: 4k page, system-wide physical 3718M (88M free)
TotalPageFile size 14982M (AvailPageFile size 148M)
current process WorkingSet (physical memory assigned to process): 184M, peak: 185M
current process commit charge ("private bytes"): 343M, peak: 507M

vm_info: OpenJDK 64-Bit Server VM (17.0.5+8) for windows-amd64 JRE (17.0.5+8), built on Oct 19 2022 04:48:13 by "temurin" with MS VC++ 16.7 (VS2019)

END.
