#
# There is insufficient memory for the Java Runtime Environment to continue.
# Native memory allocation (malloc) failed to allocate 2097152 bytes for AllocateHeap
# Possible reasons:
#   The system is out of physical RAM or swap space
#   The process is running with CompressedOops enabled, and the Java Heap may be blocking the growth of the native heap
# Possible solutions:
#   Reduce memory load on the system
#   Increase physical memory or swap space
#   Check if swap backing store is full
#   Decrease Java heap size (-Xmx/-Xms)
#   Decrease number of Java threads
#   Decrease Java thread stack sizes (-Xss)
#   Set larger code cache with -XX:ReservedCodeCacheSize=
#   JVM is running with Unscaled Compressed Oops mode in which the Java heap is
#     placed in the first 4GB address space. The Java Heap base address is the
#     maximum limit for the native heap growth. Please use -XX:HeapBaseMinAddress
#     to set the Java Heap base and to place the Java Heap above 4GB virtual address.
# This output file may be truncated or incomplete.
#
#  Out of Memory Error (allocation.cpp:44), pid=16088, tid=4360
#
# JRE version: OpenJDK Runtime Environment Temurin-17.0.5+8 (17.0.5+8) (build 17.0.5+8)
# Java VM: OpenJDK 64-Bit Server VM Temurin-17.0.5+8 (17.0.5+8, mixed mode, emulated-client, tiered, compressed oops, compressed class ptrs, g1 gc, windows-amd64)
# No core dump will be written. Minidumps are not enabled by default on client versions of Windows
#

---------------  S U M M A R Y ------------

Command Line: -XX:+HeapDumpOnOutOfMemoryError -Xmx1024m -Dsts.lsp.client=vscode -Dsts.log.file=/dev/null -XX:TieredStopAtLevel=1 -Xlog:jni+resolve=off -Dspring.config.location=file:c:\Users\yassi\.vscode\extensions\vmware.vscode-spring-boot-1.44.0\language-server\BOOT-INF\classes\application.properties org.springframework.ide.vscode.boot.app.BootLanguageServerBootApp

Host: Intel(R) Core(TM) i3-8130U CPU @ 2.20GHz, 4 cores, 3G,  Windows 10 , 64 bit Build 19041 (10.0.19041.2364)
Time: Mon Feb 13 22:43:40 2023 Greenwich elapsed time: 807.112501 seconds (0d 0h 13m 27s)

---------------  T H R E A D  ---------------

Current thread (0x000002345800e8a0):  VMThread "VM Thread" [stack: 0x000000f36e400000,0x000000f36e500000] [id=4360]

Stack: [0x000000f36e400000,0x000000f36e500000]
Native frames: (J=compiled Java code, j=interpreted, Vv=VM code, C=native code)
V  [jvm.dll+0x676b3a]
V  [jvm.dll+0x831444]
V  [jvm.dll+0x832bee]
V  [jvm.dll+0x833253]
V  [jvm.dll+0x244ce5]
V  [jvm.dll+0xa631f]
V  [jvm.dll+0x2f4f91]
V  [jvm.dll+0x2f0c10]
V  [jvm.dll+0x2d92f7]
V  [jvm.dll+0x31c3b7]
V  [jvm.dll+0x8376fb]
V  [jvm.dll+0x838434]
V  [jvm.dll+0x83894c]
V  [jvm.dll+0x838d24]
V  [jvm.dll+0x838df0]
V  [jvm.dll+0x7e17ea]
V  [jvm.dll+0x6759e5]
C  [ucrtbase.dll+0x21bb2]
C  [KERNEL32.DLL+0x17614]
C  [ntdll.dll+0x526a1]

VM_Operation (0x000000f36f7fefa0): G1CollectFull, mode: safepoint, requested by thread 0x0000023466297030


---------------  P R O C E S S  ---------------

Threads class SMR info:
_java_thread_list=0x00000234689e6560, length=23, elements={
0x0000023464423450, 0x00000234644241d0, 0x0000023464452820, 0x00000234644553b0,
0x0000023464456c80, 0x0000023464457540, 0x0000023464457e00, 0x000002346445a710,
0x00000234651ae9a0, 0x00000234651bfd20, 0x0000023466311c10, 0x0000023465a029c0,
0x0000023466297030, 0x0000023466348440, 0x0000023457f45d30, 0x00000234663b1030,
0x00000234658ff5a0, 0x0000023466773530, 0x0000023466773a00, 0x0000023466776ef0,
0x0000023466777890, 0x0000023466773060, 0x0000023466775210
}

Java Threads: ( => current thread )
  0x0000023464423450 JavaThread "Reference Handler" daemon [_thread_blocked, id=15168, stack(0x000000f36e500000,0x000000f36e600000)]
  0x00000234644241d0 JavaThread "Finalizer" daemon [_thread_blocked, id=7664, stack(0x000000f36e600000,0x000000f36e700000)]
  0x0000023464452820 JavaThread "Signal Dispatcher" daemon [_thread_blocked, id=1776, stack(0x000000f36e700000,0x000000f36e800000)]
  0x00000234644553b0 JavaThread "Attach Listener" daemon [_thread_blocked, id=16340, stack(0x000000f36e800000,0x000000f36e900000)]
  0x0000023464456c80 JavaThread "Service Thread" daemon [_thread_blocked, id=8496, stack(0x000000f36e900000,0x000000f36ea00000)]
  0x0000023464457540 JavaThread "Monitor Deflation Thread" daemon [_thread_blocked, id=16096, stack(0x000000f36ea00000,0x000000f36eb00000)]
  0x0000023464457e00 JavaThread "C1 CompilerThread0" daemon [_thread_blocked, id=10036, stack(0x000000f36eb00000,0x000000f36ec00000)]
  0x000002346445a710 JavaThread "Sweeper thread" daemon [_thread_blocked, id=10420, stack(0x000000f36ec00000,0x000000f36ed00000)]
  0x00000234651ae9a0 JavaThread "Notification Thread" daemon [_thread_blocked, id=10048, stack(0x000000f36ee00000,0x000000f36ef00000)]
  0x00000234651bfd20 JavaThread "Common-Cleaner" daemon [_thread_blocked, id=8380, stack(0x000000f36f000000,0x000000f36f100000)]
  0x0000023466311c10 JavaThread "boundedElastic-evictor-1" daemon [_thread_blocked, id=4980, stack(0x000000f36f500000,0x000000f36f600000)]
  0x0000023465a029c0 JavaThread "boundedElastic-evictor-2" daemon [_thread_blocked, id=7416, stack(0x000000f36f600000,0x000000f36f700000)]
  0x0000023466297030 JavaThread "pool-10-thread-1" [_thread_blocked, id=3292, stack(0x000000f36f700000,0x000000f36f800000)]
  0x0000023466348440 JavaThread "LanguageServerApp-lifecycle" [_thread_blocked, id=5544, stack(0x000000f36f800000,0x000000f36f900000)]
  0x0000023457f45d30 JavaThread "DestroyJavaVM" [_thread_blocked, id=16064, stack(0x000000f36de00000,0x000000f36df00000)]
  0x00000234663b1030 JavaThread "pool-11-thread-1" [_thread_in_native, id=6140, stack(0x000000f36f900000,0x000000f36fa00000)]
  0x00000234658ff5a0 JavaThread "Simple-Language-Server main thread" daemon [_thread_blocked, id=16012, stack(0x000000f36fa00000,0x000000f36fb00000)]
  0x0000023466773530 JavaThread "parallel-1" daemon [_thread_blocked, id=14880, stack(0x000000f370400000,0x000000f370500000)]
  0x0000023466773a00 JavaThread "pool-4-thread-1" [_thread_blocked, id=1648, stack(0x000000f370600000,0x000000f370700000)]
  0x0000023466776ef0 JavaThread "parallel-2" daemon [_thread_blocked, id=5064, stack(0x000000f370700000,0x000000f370800000)]
  0x0000023466777890 JavaThread "parallel-3" daemon [_thread_blocked, id=14696, stack(0x000000f370a00000,0x000000f370b00000)]
  0x0000023466773060 JavaThread "parallel-4" daemon [_thread_blocked, id=10564, stack(0x000000f36f400000,0x000000f36f500000)]
  0x0000023466775210 JavaThread "pool-6-thread-1" [_thread_blocked, id=8644, stack(0x000000f36dc00000,0x000000f36dd00000)]

Other Threads:
=>0x000002345800e8a0 VMThread "VM Thread" [stack: 0x000000f36e400000,0x000000f36e500000] [id=4360]
  0x00000234651aee70 WatcherThread [stack: 0x000000f36ef00000,0x000000f36f000000] [id=5884]
  0x0000023457f85780 GCTaskThread "GC Thread#0" [stack: 0x000000f36df00000,0x000000f36e000000] [id=3332]
  0x0000023465399f70 GCTaskThread "GC Thread#1" [stack: 0x000000f36ed00000,0x000000f36ee00000] [id=10604]
  0x00000234654f0a70 GCTaskThread "GC Thread#2" [stack: 0x000000f36f100000,0x000000f36f200000] [id=11732]
  0x0000023465580df0 GCTaskThread "GC Thread#3" [stack: 0x000000f36f300000,0x000000f36f400000] [id=14900]
  0x0000023457f8e5d0 ConcurrentGCThread "G1 Main Marker" [stack: 0x000000f36e000000,0x000000f36e100000] [id=3208]
  0x0000023457f8eef0 ConcurrentGCThread "G1 Conc#0" [stack: 0x000000f36e100000,0x000000f36e200000] [id=8424]
  0x0000023457fcbf70 ConcurrentGCThread "G1 Refine#0" [stack: 0x000000f36e200000,0x000000f36e300000] [id=1208]
  0x000002346695a380 ConcurrentGCThread "G1 Refine#1" [stack: 0x000000f370500000,0x000000f370600000] [id=13056]
  0x0000023468d888c0 ConcurrentGCThread "G1 Refine#2" [stack: 0x000000f370800000,0x000000f370900000] [id=15440]
  0x0000023468dc0050 ConcurrentGCThread "G1 Refine#3" [stack: 0x000000f370b00000,0x000000f370c00000] [id=12000]
  0x0000023457fcc8a0 ConcurrentGCThread "G1 Service" [stack: 0x000000f36e300000,0x000000f36e400000] [id=7504]

Threads with active compile tasks:

VM state: at safepoint (normal execution)

VM Mutex/Monitor currently owned by a thread:  ([mutex/lock_event])
[0x0000023457ceb660] Threads_lock - owner thread: 0x000002345800e8a0
[0x0000023457f435a0] Heap_lock - owner thread: 0x0000023466297030

Heap address: 0x00000000c0000000, size: 1024 MB, Compressed Oops mode: 32-bit

CDS archive(s) not mapped
Compressed class space mapped at: 0x0000000100000000-0x0000000140000000, reserved size: 1073741824
Narrow klass base: 0x0000000000000000, Narrow klass shift: 3, Narrow klass range: 0x140000000

GC Precious Log:
 CPUs: 4 total, 4 available
 Memory: 3718M
 Large Page Support: Disabled
 NUMA Support: Disabled
 Compressed Oops: Enabled (32-bit)
 Heap Region Size: 1M
 Heap Min Capacity: 8M
 Heap Initial Capacity: 60M
 Heap Max Capacity: 1G
 Pre-touch: Disabled
 Parallel Workers: 4
 Concurrent Workers: 1
 Concurrent Refinement Workers: 4
 Periodic GC: Disabled

Heap:
 garbage-first heap   total 130048K, used 37925K [0x00000000c0000000, 0x0000000100000000)
  region size 1024K, 1 young (1024K), 0 survivors (0K)
 Metaspace       used 68226K, committed 68928K, reserved 1114112K
  class space    used 9214K, committed 9536K, reserved 1048576K

Heap Regions: E=young(eden), S=young(survivor), O=old, HS=humongous(starts), HC=humongous(continues), CS=collection set, F=free, OA=open archive, CA=closed archive, TAMS=top-at-mark-start (previous, next)
|   0|0x00000000c0000000, 0x00000000c0100000, 0x00000000c0100000|100%| O|  |TAMS 0x00000000c0100000, 0x00000000c0000000| Untracked 
|   1|0x00000000c0100000, 0x00000000c0200000, 0x00000000c0200000|100%| O|  |TAMS 0x00000000c0200000, 0x00000000c0100000| Untracked 
|   2|0x00000000c0200000, 0x00000000c0300000, 0x00000000c0300000|100%| O|  |TAMS 0x00000000c0300000, 0x00000000c0200000| Untracked 
|   3|0x00000000c0300000, 0x00000000c0400000, 0x00000000c0400000|100%| O|  |TAMS 0x00000000c0400000, 0x00000000c0300000| Untracked 
|   4|0x00000000c0400000, 0x00000000c04fffb8, 0x00000000c0500000| 99%| O|  |TAMS 0x00000000c04fffb8, 0x00000000c0400000| Untracked 
|   5|0x00000000c0500000, 0x00000000c05ffff0, 0x00000000c0600000| 99%| O|  |TAMS 0x00000000c05ffff0, 0x00000000c0500000| Untracked 
|   6|0x00000000c0600000, 0x00000000c06fffe0, 0x00000000c0700000| 99%| O|  |TAMS 0x00000000c06fffe0, 0x00000000c0600000| Untracked 
|   7|0x00000000c0700000, 0x00000000c07ffff0, 0x00000000c0800000| 99%| O|  |TAMS 0x00000000c07ffff0, 0x00000000c0700000| Untracked 
|   8|0x00000000c0800000, 0x00000000c08fffe8, 0x00000000c0900000| 99%| O|  |TAMS 0x00000000c08fffe8, 0x00000000c0800000| Untracked 
|   9|0x00000000c0900000, 0x00000000c09fffd0, 0x00000000c0a00000| 99%| O|  |TAMS 0x00000000c09fffd0, 0x00000000c0900000| Untracked 
|  10|0x00000000c0a00000, 0x00000000c0afffe8, 0x00000000c0b00000| 99%| O|  |TAMS 0x00000000c0afffe8, 0x00000000c0a00000| Untracked 
|  11|0x00000000c0b00000, 0x00000000c0bfffe0, 0x00000000c0c00000| 99%| O|  |TAMS 0x00000000c0bfffe0, 0x00000000c0b00000| Untracked 
|  12|0x00000000c0c00000, 0x00000000c0cfffe8, 0x00000000c0d00000| 99%| O|  |TAMS 0x00000000c0cfffe8, 0x00000000c0c00000| Untracked 
|  13|0x00000000c0d00000, 0x00000000c0dfd0c0, 0x00000000c0e00000| 98%| O|  |TAMS 0x00000000c0dfd0c0, 0x00000000c0d00000| Untracked 
|  14|0x00000000c0e00000, 0x00000000c0efffe0, 0x00000000c0f00000| 99%| O|  |TAMS 0x00000000c0efffe0, 0x00000000c0e00000| Untracked 
|  15|0x00000000c0f00000, 0x00000000c1000000, 0x00000000c1000000|100%| O|  |TAMS 0x00000000c1000000, 0x00000000c0f00000| Untracked 
|  16|0x00000000c1000000, 0x00000000c10ffff8, 0x00000000c1100000| 99%| O|  |TAMS 0x00000000c10ffff8, 0x00000000c1000000| Untracked 
|  17|0x00000000c1100000, 0x00000000c11ffff8, 0x00000000c1200000| 99%| O|  |TAMS 0x00000000c11ffff8, 0x00000000c1100000| Untracked 
|  18|0x00000000c1200000, 0x00000000c12fff30, 0x00000000c1300000| 99%| O|  |TAMS 0x00000000c12fff30, 0x00000000c1200000| Untracked 
|  19|0x00000000c1300000, 0x00000000c13fffb8, 0x00000000c1400000| 99%| O|  |TAMS 0x00000000c13fffb8, 0x00000000c1300000| Untracked 
|  20|0x00000000c1400000, 0x00000000c14ffff8, 0x00000000c1500000| 99%| O|  |TAMS 0x00000000c14ffff8, 0x00000000c1400000| Untracked 
|  21|0x00000000c1500000, 0x00000000c15fffd0, 0x00000000c1600000| 99%| O|  |TAMS 0x00000000c15fffd0, 0x00000000c1500000| Untracked 
|  22|0x00000000c1600000, 0x00000000c16fffe0, 0x00000000c1700000| 99%| O|  |TAMS 0x00000000c16fffe0, 0x00000000c1600000| Untracked 
|  23|0x00000000c1700000, 0x00000000c17ffff0, 0x00000000c1800000| 99%| O|  |TAMS 0x00000000c17ffff0, 0x00000000c1700000| Untracked 
|  24|0x00000000c1800000, 0x00000000c18ffff8, 0x00000000c1900000| 99%| O|  |TAMS 0x00000000c18ffff8, 0x00000000c1800000| Untracked 
|  25|0x00000000c1900000, 0x00000000c19fff28, 0x00000000c1a00000| 99%| O|  |TAMS 0x00000000c19fff28, 0x00000000c1900000| Untracked 
|  26|0x00000000c1a00000, 0x00000000c1afffa0, 0x00000000c1b00000| 99%| O|  |TAMS 0x00000000c1afffa0, 0x00000000c1a00000| Untracked 
|  27|0x00000000c1b00000, 0x00000000c1bfff98, 0x00000000c1c00000| 99%| O|  |TAMS 0x00000000c1bfff98, 0x00000000c1b00000| Untracked 
|  28|0x00000000c1c00000, 0x00000000c1cfffd8, 0x00000000c1d00000| 99%| O|  |TAMS 0x00000000c1cfffd8, 0x00000000c1c00000| Untracked 
|  29|0x00000000c1d00000, 0x00000000c1dfff78, 0x00000000c1e00000| 99%| O|  |TAMS 0x00000000c1dfff78, 0x00000000c1d00000| Untracked 
|  30|0x00000000c1e00000, 0x00000000c1efffd0, 0x00000000c1f00000| 99%| O|  |TAMS 0x00000000c1efffd0, 0x00000000c1e00000| Untracked 
|  31|0x00000000c1f00000, 0x00000000c1fffff0, 0x00000000c2000000| 99%| O|  |TAMS 0x00000000c1fffff0, 0x00000000c1f00000| Untracked 
|  32|0x00000000c2000000, 0x00000000c200a908, 0x00000000c2100000|  4%| O|  |TAMS 0x00000000c2000000, 0x00000000c2000000| Untracked 
|  33|0x00000000c2100000, 0x00000000c21ffff8, 0x00000000c2200000| 99%| O|  |TAMS 0x00000000c21ffff8, 0x00000000c2100000| Untracked 
|  34|0x00000000c2200000, 0x00000000c2202270, 0x00000000c2300000|  0%| O|  |TAMS 0x00000000c2200000, 0x00000000c2200000| Untracked 
|  35|0x00000000c2300000, 0x00000000c23fffe0, 0x00000000c2400000| 99%| O|  |TAMS 0x00000000c23fffe0, 0x00000000c2300000| Untracked 
|  36|0x00000000c2400000, 0x00000000c2400000, 0x00000000c2500000|  0%| F|  |TAMS 0x00000000c2400000, 0x00000000c2400000| Untracked 
|  37|0x00000000c2500000, 0x00000000c2500000, 0x00000000c2600000|  0%| F|  |TAMS 0x00000000c2500000, 0x00000000c2500000| Untracked 
|  38|0x00000000c2600000, 0x00000000c2600000, 0x00000000c2700000|  0%| F|  |TAMS 0x00000000c2600000, 0x00000000c2600000| Untracked 
|  39|0x00000000c2700000, 0x00000000c2700000, 0x00000000c2800000|  0%| F|  |TAMS 0x00000000c2700000, 0x00000000c2700000| Untracked 
|  40|0x00000000c2800000, 0x00000000c2800000, 0x00000000c2900000|  0%| F|  |TAMS 0x00000000c2800000, 0x00000000c2800000| Untracked 
|  41|0x00000000c2900000, 0x00000000c2900000, 0x00000000c2a00000|  0%| F|  |TAMS 0x00000000c2900000, 0x00000000c2900000| Untracked 
|  42|0x00000000c2a00000, 0x00000000c2a00000, 0x00000000c2b00000|  0%| F|  |TAMS 0x00000000c2a00000, 0x00000000c2a00000| Untracked 
|  43|0x00000000c2b00000, 0x00000000c2b00000, 0x00000000c2c00000|  0%| F|  |TAMS 0x00000000c2b00000, 0x00000000c2b00000| Untracked 
|  44|0x00000000c2c00000, 0x00000000c2c00000, 0x00000000c2d00000|  0%| F|  |TAMS 0x00000000c2c00000, 0x00000000c2c00000| Untracked 
|  45|0x00000000c2d00000, 0x00000000c2d00000, 0x00000000c2e00000|  0%| F|  |TAMS 0x00000000c2d00000, 0x00000000c2d00000| Untracked 
|  46|0x00000000c2e00000, 0x00000000c2e00000, 0x00000000c2f00000|  0%| F|  |TAMS 0x00000000c2e00000, 0x00000000c2e00000| Untracked 
|  47|0x00000000c2f00000, 0x00000000c2f00000, 0x00000000c3000000|  0%| F|  |TAMS 0x00000000c2f00000, 0x00000000c2f00000| Untracked 
|  48|0x00000000c3000000, 0x00000000c3000000, 0x00000000c3100000|  0%| F|  |TAMS 0x00000000c3000000, 0x00000000c3000000| Untracked 
|  49|0x00000000c3100000, 0x00000000c3100000, 0x00000000c3200000|  0%| F|  |TAMS 0x00000000c3100000, 0x00000000c3100000| Untracked 
|  50|0x00000000c3200000, 0x00000000c3200000, 0x00000000c3300000|  0%| F|  |TAMS 0x00000000c3200000, 0x00000000c3200000| Untracked 
|  51|0x00000000c3300000, 0x00000000c3300000, 0x00000000c3400000|  0%| F|  |TAMS 0x00000000c3300000, 0x00000000c3300000| Untracked 
|  52|0x00000000c3400000, 0x00000000c3400000, 0x00000000c3500000|  0%| F|  |TAMS 0x00000000c3400000, 0x00000000c3400000| Untracked 
|  53|0x00000000c3500000, 0x00000000c3600000, 0x00000000c3600000|100%|HS|  |TAMS 0x00000000c3600000, 0x00000000c3500000| Untracked 
|  54|0x00000000c3600000, 0x00000000c3600000, 0x00000000c3700000|  0%| F|  |TAMS 0x00000000c3600000, 0x00000000c3600000| Untracked 
|  55|0x00000000c3700000, 0x00000000c3700000, 0x00000000c3800000|  0%| F|  |TAMS 0x00000000c3700000, 0x00000000c3700000| Untracked 
|  56|0x00000000c3800000, 0x00000000c3800000, 0x00000000c3900000|  0%| F|  |TAMS 0x00000000c3800000, 0x00000000c3800000| Untracked 
|  57|0x00000000c3900000, 0x00000000c3900000, 0x00000000c3a00000|  0%| F|  |TAMS 0x00000000c3900000, 0x00000000c3900000| Untracked 
|  58|0x00000000c3a00000, 0x00000000c3a00000, 0x00000000c3b00000|  0%| F|  |TAMS 0x00000000c3a00000, 0x00000000c3a00000| Untracked 
|  59|0x00000000c3b00000, 0x00000000c3b00000, 0x00000000c3c00000|  0%| F|  |TAMS 0x00000000c3b00000, 0x00000000c3b00000| Untracked 
|  60|0x00000000c3c00000, 0x00000000c3c00000, 0x00000000c3d00000|  0%| F|  |TAMS 0x00000000c3c00000, 0x00000000c3c00000| Untracked 
|  61|0x00000000c3d00000, 0x00000000c3d00000, 0x00000000c3e00000|  0%| F|  |TAMS 0x00000000c3d00000, 0x00000000c3d00000| Untracked 
|  62|0x00000000c3e00000, 0x00000000c3e00000, 0x00000000c3f00000|  0%| F|  |TAMS 0x00000000c3e00000, 0x00000000c3e00000| Untracked 
|  63|0x00000000c3f00000, 0x00000000c3fffff0, 0x00000000c4000000| 99%| O|  |TAMS 0x00000000c3fffff0, 0x00000000c3f00000| Untracked 
|  64|0x00000000c4000000, 0x00000000c4000000, 0x00000000c4100000|  0%| F|  |TAMS 0x00000000c4000000, 0x00000000c4000000| Untracked 
|  65|0x00000000c4100000, 0x00000000c4100000, 0x00000000c4200000|  0%| F|  |TAMS 0x00000000c4100000, 0x00000000c4100000| Untracked 
|  66|0x00000000c4200000, 0x00000000c4200000, 0x00000000c4300000|  0%| F|  |TAMS 0x00000000c4200000, 0x00000000c4200000| Untracked 
|  67|0x00000000c4300000, 0x00000000c4300000, 0x00000000c4400000|  0%| F|  |TAMS 0x00000000c4300000, 0x00000000c4300000| Untracked 
|  68|0x00000000c4400000, 0x00000000c4400000, 0x00000000c4500000|  0%| F|  |TAMS 0x00000000c4400000, 0x00000000c4400000| Untracked 
|  69|0x00000000c4500000, 0x00000000c4600000, 0x00000000c4600000|100%| O|  |TAMS 0x00000000c4600000, 0x00000000c4500000| Untracked 
|  70|0x00000000c4600000, 0x00000000c4600000, 0x00000000c4700000|  0%| F|  |TAMS 0x00000000c4600000, 0x00000000c4600000| Untracked 
|  71|0x00000000c4700000, 0x00000000c4700000, 0x00000000c4800000|  0%| F|  |TAMS 0x00000000c4700000, 0x00000000c4700000| Untracked 
|  72|0x00000000c4800000, 0x00000000c4800000, 0x00000000c4900000|  0%| F|  |TAMS 0x00000000c4800000, 0x00000000c4800000| Untracked 
|  73|0x00000000c4900000, 0x00000000c4900000, 0x00000000c4a00000|  0%| F|  |TAMS 0x00000000c4900000, 0x00000000c4900000| Untracked 
|  74|0x00000000c4a00000, 0x00000000c4a00000, 0x00000000c4b00000|  0%| F|  |TAMS 0x00000000c4a00000, 0x00000000c4a00000| Untracked 
|  75|0x00000000c4b00000, 0x00000000c4b00000, 0x00000000c4c00000|  0%| F|  |TAMS 0x00000000c4b00000, 0x00000000c4b00000| Untracked 
|  76|0x00000000c4c00000, 0x00000000c4c00000, 0x00000000c4d00000|  0%| F|  |TAMS 0x00000000c4c00000, 0x00000000c4c00000| Untracked 
|  77|0x00000000c4d00000, 0x00000000c4d00000, 0x00000000c4e00000|  0%| F|  |TAMS 0x00000000c4d00000, 0x00000000c4d00000| Untracked 
|  78|0x00000000c4e00000, 0x00000000c4e00000, 0x00000000c4f00000|  0%| F|  |TAMS 0x00000000c4e00000, 0x00000000c4e00000| Untracked 
|  79|0x00000000c4f00000, 0x00000000c4f00000, 0x00000000c5000000|  0%| F|  |TAMS 0x00000000c4f00000, 0x00000000c4f00000| Untracked 
|  80|0x00000000c5000000, 0x00000000c5000000, 0x00000000c5100000|  0%| F|  |TAMS 0x00000000c5000000, 0x00000000c5000000| Untracked 
|  81|0x00000000c5100000, 0x00000000c5100000, 0x00000000c5200000|  0%| F|  |TAMS 0x00000000c5100000, 0x00000000c5100000| Untracked 
|  82|0x00000000c5200000, 0x00000000c5200000, 0x00000000c5300000|  0%| F|  |TAMS 0x00000000c5200000, 0x00000000c5200000| Untracked 
|  83|0x00000000c5300000, 0x00000000c5300000, 0x00000000c5400000|  0%| F|  |TAMS 0x00000000c5300000, 0x00000000c5300000| Untracked 
|  84|0x00000000c5400000, 0x00000000c5400000, 0x00000000c5500000|  0%| F|  |TAMS 0x00000000c5400000, 0x00000000c5400000| Untracked 
|  85|0x00000000c5500000, 0x00000000c5500000, 0x00000000c5600000|  0%| F|  |TAMS 0x00000000c5500000, 0x00000000c5500000| Untracked 
|  86|0x00000000c5600000, 0x00000000c5600000, 0x00000000c5700000|  0%| F|  |TAMS 0x00000000c5600000, 0x00000000c5600000| Untracked 
|  87|0x00000000c5700000, 0x00000000c5700000, 0x00000000c5800000|  0%| F|  |TAMS 0x00000000c5700000, 0x00000000c5700000| Untracked 
|  88|0x00000000c5800000, 0x00000000c5800000, 0x00000000c5900000|  0%| F|  |TAMS 0x00000000c5800000, 0x00000000c5800000| Untracked 
|  89|0x00000000c5900000, 0x00000000c5900000, 0x00000000c5a00000|  0%| F|  |TAMS 0x00000000c5900000, 0x00000000c5900000| Untracked 
|  90|0x00000000c5a00000, 0x00000000c5a00000, 0x00000000c5b00000|  0%| F|  |TAMS 0x00000000c5a00000, 0x00000000c5a00000| Untracked 
|  91|0x00000000c5b00000, 0x00000000c5b00000, 0x00000000c5c00000|  0%| F|  |TAMS 0x00000000c5b00000, 0x00000000c5b00000| Untracked 
|  92|0x00000000c5c00000, 0x00000000c5c00000, 0x00000000c5d00000|  0%| F|  |TAMS 0x00000000c5c00000, 0x00000000c5c00000| Untracked 
|  93|0x00000000c5d00000, 0x00000000c5d00000, 0x00000000c5e00000|  0%| F|  |TAMS 0x00000000c5d00000, 0x00000000c5d00000| Untracked 
|  94|0x00000000c5e00000, 0x00000000c5e00000, 0x00000000c5f00000|  0%| F|  |TAMS 0x00000000c5e00000, 0x00000000c5e00000| Untracked 
|  95|0x00000000c5f00000, 0x00000000c5f00000, 0x00000000c6000000|  0%| F|  |TAMS 0x00000000c5f00000, 0x00000000c5f00000| Untracked 
|  96|0x00000000c6000000, 0x00000000c6000000, 0x00000000c6100000|  0%| F|  |TAMS 0x00000000c6000000, 0x00000000c6000000| Untracked 
|  97|0x00000000c6100000, 0x00000000c6100000, 0x00000000c6200000|  0%| F|  |TAMS 0x00000000c6100000, 0x00000000c6100000| Untracked 
|  98|0x00000000c6200000, 0x00000000c6200000, 0x00000000c6300000|  0%| F|  |TAMS 0x00000000c6200000, 0x00000000c6200000| Untracked 
|  99|0x00000000c6300000, 0x00000000c6300000, 0x00000000c6400000|  0%| F|  |TAMS 0x00000000c6300000, 0x00000000c6300000| Untracked 
| 100|0x00000000c6400000, 0x00000000c6400000, 0x00000000c6500000|  0%| F|  |TAMS 0x00000000c6400000, 0x00000000c6400000| Untracked 
| 101|0x00000000c6500000, 0x00000000c6500000, 0x00000000c6600000|  0%| F|  |TAMS 0x00000000c6500000, 0x00000000c6500000| Untracked 
| 102|0x00000000c6600000, 0x00000000c6600000, 0x00000000c6700000|  0%| F|  |TAMS 0x00000000c6600000, 0x00000000c6600000| Untracked 
| 103|0x00000000c6700000, 0x00000000c6700000, 0x00000000c6800000|  0%| F|  |TAMS 0x00000000c6700000, 0x00000000c6700000| Untracked 
| 104|0x00000000c6800000, 0x00000000c6800000, 0x00000000c6900000|  0%| F|  |TAMS 0x00000000c6800000, 0x00000000c6800000| Untracked 
| 105|0x00000000c6900000, 0x00000000c6900000, 0x00000000c6a00000|  0%| F|  |TAMS 0x00000000c6900000, 0x00000000c6900000| Untracked 
| 106|0x00000000c6a00000, 0x00000000c6a00000, 0x00000000c6b00000|  0%| F|  |TAMS 0x00000000c6a00000, 0x00000000c6a00000| Untracked 
| 107|0x00000000c6b00000, 0x00000000c6b00000, 0x00000000c6c00000|  0%| F|  |TAMS 0x00000000c6b00000, 0x00000000c6b00000| Untracked 
| 108|0x00000000c6c00000, 0x00000000c6c00000, 0x00000000c6d00000|  0%| F|  |TAMS 0x00000000c6c00000, 0x00000000c6c00000| Untracked 
| 109|0x00000000c6d00000, 0x00000000c6d00000, 0x00000000c6e00000|  0%| F|  |TAMS 0x00000000c6d00000, 0x00000000c6d00000| Untracked 
| 110|0x00000000c6e00000, 0x00000000c6e00000, 0x00000000c6f00000|  0%| F|  |TAMS 0x00000000c6e00000, 0x00000000c6e00000| Untracked 
| 111|0x00000000c6f00000, 0x00000000c6f00000, 0x00000000c7000000|  0%| F|  |TAMS 0x00000000c6f00000, 0x00000000c6f00000| Untracked 
| 112|0x00000000c7000000, 0x00000000c7000000, 0x00000000c7100000|  0%| F|  |TAMS 0x00000000c7000000, 0x00000000c7000000| Untracked 
| 113|0x00000000c7100000, 0x00000000c7100000, 0x00000000c7200000|  0%| F|  |TAMS 0x00000000c7100000, 0x00000000c7100000| Untracked 
| 114|0x00000000c7200000, 0x00000000c7200000, 0x00000000c7300000|  0%| F|  |TAMS 0x00000000c7200000, 0x00000000c7200000| Untracked 
| 115|0x00000000c7300000, 0x00000000c7300000, 0x00000000c7400000|  0%| F|  |TAMS 0x00000000c7300000, 0x00000000c7300000| Untracked 
| 116|0x00000000c7400000, 0x00000000c7400000, 0x00000000c7500000|  0%| F|  |TAMS 0x00000000c7400000, 0x00000000c7400000| Untracked 
| 117|0x00000000c7500000, 0x00000000c7500000, 0x00000000c7600000|  0%| F|  |TAMS 0x00000000c7500000, 0x00000000c7500000| Untracked 
| 118|0x00000000c7600000, 0x00000000c7600000, 0x00000000c7700000|  0%| F|  |TAMS 0x00000000c7600000, 0x00000000c7600000| Untracked 
| 119|0x00000000c7700000, 0x00000000c7700000, 0x00000000c7800000|  0%| F|  |TAMS 0x00000000c7700000, 0x00000000c7700000| Untracked 
| 120|0x00000000c7800000, 0x00000000c7800000, 0x00000000c7900000|  0%| F|  |TAMS 0x00000000c7800000, 0x00000000c7800000| Untracked 
| 121|0x00000000c7900000, 0x00000000c7900000, 0x00000000c7a00000|  0%| F|  |TAMS 0x00000000c7900000, 0x00000000c7900000| Untracked 
| 122|0x00000000c7a00000, 0x00000000c7a00000, 0x00000000c7b00000|  0%| F|  |TAMS 0x00000000c7a00000, 0x00000000c7a00000| Untracked 
| 123|0x00000000c7b00000, 0x00000000c7b00000, 0x00000000c7c00000|  0%| F|  |TAMS 0x00000000c7b00000, 0x00000000c7b00000| Untracked 
| 124|0x00000000c7c00000, 0x00000000c7c00000, 0x00000000c7d00000|  0%| F|  |TAMS 0x00000000c7c00000, 0x00000000c7c00000| Untracked 
| 125|0x00000000c7d00000, 0x00000000c7d00000, 0x00000000c7e00000|  0%| F|  |TAMS 0x00000000c7d00000, 0x00000000c7d00000| Untracked 
| 126|0x00000000c7e00000, 0x00000000c7e1bfd0, 0x00000000c7f00000| 10%| E|  |TAMS 0x00000000c7e00000, 0x00000000c7e00000| Complete 

Card table byte_map: [0x000002345fa50000,0x000002345fc50000] _byte_map_base: 0x000002345f450000

Marking Bits (Prev, Next): (CMBitMap*) 0x0000023457f85ca0, (CMBitMap*) 0x0000023457f85ce0
 Prev Bits: [0x000002345fe50000, 0x0000023460e50000)
 Next Bits: [0x0000023460e50000, 0x0000023461e50000)

Polling page: 0x0000023458010000

Metaspace:

Usage:
  Non-class:     57.63 MB used.
      Class:      9.00 MB used.
       Both:     66.63 MB used.

Virtual space:
  Non-class space:       64.00 MB reserved,      58.00 MB ( 91%) committed,  8 nodes.
      Class space:        1.00 GB reserved,       9.31 MB ( <1%) committed,  1 nodes.
             Both:        1.06 GB reserved,      67.31 MB (  6%) committed. 

Chunk freelists:
   Non-Class:  2.02 MB
       Class:  2.81 MB
        Both:  4.83 MB

MaxMetaspaceSize: unlimited
CompressedClassSpaceSize: 1.00 GB
Initial GC threshold: 21.00 MB
Current GC threshold: 112.19 MB
CDS: off
MetaspaceReclaimPolicy: balanced
 - commit_granule_bytes: 65536.
 - commit_granule_words: 8192.
 - virtual_space_node_default_size: 1048576.
 - enlarge_chunks_in_place: 1.
 - new_chunks_are_fully_committed: 0.
 - uncommit_free_chunks: 1.
 - use_allocation_guard: 0.
 - handle_deallocations: 1.


Internal statistics:

num_allocs_failed_limit: 8.
num_arena_births: 652.
num_arena_deaths: 202.
num_vsnodes_births: 9.
num_vsnodes_deaths: 0.
num_space_committed: 1077.
num_space_uncommitted: 0.
num_chunks_returned_to_freelist: 251.
num_chunks_taken_from_freelist: 2850.
num_chunk_merges: 76.
num_chunk_splits: 2013.
num_chunks_enlarged: 1565.
num_purges: 14.
num_inconsistent_stats: 0.

CodeCache: size=49152Kb used=16407Kb max_used=17393Kb free=32744Kb
 bounds [0x000002345c3b0000, 0x000002345d4b0000, 0x000002345f3b0000]
 total_blobs=9637 nmethods=8956 adapters=608
 compilation: enabled
              stopped_count=0, restarted_count=0
 full_count=0

Compilation events (20 events):
Event: 658.750 Thread 0x0000023464457e00 8955       1       jdk.internal.org.objectweb.asm.AnnotationWriter::putAnnotations (110 bytes)
Event: 658.752 Thread 0x0000023464457e00 nmethod 8955 0x000002345d221610 code [0x000002345d2217e0, 0x000002345d221a08]
Event: 658.752 Thread 0x0000023464457e00 8953       1       java.lang.invoke.InvokerBytecodeGenerator::emitReturn (107 bytes)
Event: 658.753 Thread 0x0000023464457e00 nmethod 8953 0x000002345d220f10 code [0x000002345d221100, 0x000002345d2213a8]
Event: 658.753 Thread 0x0000023464457e00 8950       1       java.lang.invoke.InvokerBytecodeGenerator::<init> (126 bytes)
Event: 658.755 Thread 0x0000023464457e00 nmethod 8950 0x000002345d220010 code [0x000002345d220240, 0x000002345d220bc8]
Event: 658.755 Thread 0x0000023464457e00 8951       1       java.lang.invoke.InvokerBytecodeGenerator::generateCustomizedCodeBytes (44 bytes)
Event: 658.756 Thread 0x0000023464457e00 nmethod 8951 0x000002345d21fa90 code [0x000002345d21fc60, 0x000002345d21fe58]
Event: 658.756 Thread 0x0000023464457e00 8952       1       java.lang.invoke.InvokerBytecodeGenerator::classFilePrologue (61 bytes)
Event: 658.758 Thread 0x0000023464457e00 nmethod 8952 0x000002345d21f210 code [0x000002345d21f420, 0x000002345d21f8b8]
Event: 658.795 Thread 0x0000023464457e00 8956       1       java.lang.StackTraceElement::equals (120 bytes)
Event: 658.796 Thread 0x0000023464457e00 nmethod 8956 0x000002345d21e990 code [0x000002345d21eb80, 0x000002345d21efd8]
Event: 659.377 Thread 0x0000023464457e00 8957       1       java.util.concurrent.ThreadPoolExecutor::afterExecute (1 bytes)
Event: 659.377 Thread 0x0000023464457e00 nmethod 8957 0x000002345d21e690 code [0x000002345d21e820, 0x000002345d21e8d8]
Event: 667.674 Thread 0x0000023464457e00 8958   !   1       com.google.gson.internal.ConstructorConstructor$9::construct (97 bytes)
Event: 667.681 Thread 0x0000023464457e00 nmethod 8958 0x000002345d21d490 code [0x000002345d21d740, 0x000002345d21e118]
Event: 764.171 Thread 0x0000023464457e00 8959       1       java.io.BufferedOutputStream::flushBuffer (29 bytes)
Event: 764.229 Thread 0x0000023464457e00 nmethod 8959 0x000002345d21d190 code [0x000002345d21d320, 0x000002345d21d428]
Event: 780.756 Thread 0x0000023464457e00 8960       1       java.util.concurrent.locks.LockSupport::parkNanos (29 bytes)
Event: 780.759 Thread 0x0000023464457e00 nmethod 8960 0x000002345d21cd90 code [0x000002345d21cf40, 0x000002345d21d128]

GC Heap History (20 events):
Event: 649.224 GC heap before
{Heap before GC invocations=93 (full 37):
 garbage-first heap   total 130048K, used 37908K [0x00000000c0000000, 0x0000000100000000)
  region size 1024K, 1 young (1024K), 0 survivors (0K)
 Metaspace       used 68199K, committed 68928K, reserved 1114112K
  class space    used 9205K, committed 9536K, reserved 1048576K
}
Event: 649.278 GC heap after
{Heap after GC invocations=94 (full 38):
 garbage-first heap   total 130048K, used 37908K [0x00000000c0000000, 0x0000000100000000)
  region size 1024K, 0 young (0K), 0 survivors (0K)
 Metaspace       used 68199K, committed 68928K, reserved 1114112K
  class space    used 9205K, committed 9536K, reserved 1048576K
}
Event: 701.365 GC heap before
{Heap before GC invocations=94 (full 38):
 garbage-first heap   total 130048K, used 38932K [0x00000000c0000000, 0x0000000100000000)
  region size 1024K, 2 young (2048K), 0 survivors (0K)
 Metaspace       used 68233K, committed 68928K, reserved 1114112K
  class space    used 9216K, committed 9536K, reserved 1048576K
}
Event: 701.541 GC heap after
{Heap after GC invocations=95 (full 39):
 garbage-first heap   total 130048K, used 38239K [0x00000000c0000000, 0x0000000100000000)
  region size 1024K, 0 young (0K), 0 survivors (0K)
 Metaspace       used 68233K, committed 68928K, reserved 1114112K
  class space    used 9216K, committed 9536K, reserved 1048576K
}
Event: 711.755 GC heap before
{Heap before GC invocations=95 (full 39):
 garbage-first heap   total 130048K, used 38239K [0x00000000c0000000, 0x0000000100000000)
  region size 1024K, 1 young (1024K), 0 survivors (0K)
 Metaspace       used 68233K, committed 68928K, reserved 1114112K
  class space    used 9216K, committed 9536K, reserved 1048576K
}
Event: 711.850 GC heap after
{Heap after GC invocations=96 (full 40):
 garbage-first heap   total 130048K, used 38238K [0x00000000c0000000, 0x0000000100000000)
  region size 1024K, 0 young (0K), 0 survivors (0K)
 Metaspace       used 68233K, committed 68928K, reserved 1114112K
  class space    used 9216K, committed 9536K, reserved 1048576K
}
Event: 722.216 GC heap before
{Heap before GC invocations=96 (full 40):
 garbage-first heap   total 130048K, used 38238K [0x00000000c0000000, 0x0000000100000000)
  region size 1024K, 1 young (1024K), 0 survivors (0K)
 Metaspace       used 68233K, committed 68928K, reserved 1114112K
  class space    used 9216K, committed 9536K, reserved 1048576K
}
Event: 722.275 GC heap after
{Heap after GC invocations=97 (full 41):
 garbage-first heap   total 130048K, used 38238K [0x00000000c0000000, 0x0000000100000000)
  region size 1024K, 0 young (0K), 0 survivors (0K)
 Metaspace       used 68233K, committed 68928K, reserved 1114112K
  class space    used 9216K, committed 9536K, reserved 1048576K
}
Event: 732.584 GC heap before
{Heap before GC invocations=97 (full 41):
 garbage-first heap   total 130048K, used 38238K [0x00000000c0000000, 0x0000000100000000)
  region size 1024K, 1 young (1024K), 0 survivors (0K)
 Metaspace       used 68233K, committed 68928K, reserved 1114112K
  class space    used 9216K, committed 9536K, reserved 1048576K
}
Event: 732.667 GC heap after
{Heap after GC invocations=98 (full 42):
 garbage-first heap   total 130048K, used 38238K [0x00000000c0000000, 0x0000000100000000)
  region size 1024K, 0 young (0K), 0 survivors (0K)
 Metaspace       used 68233K, committed 68928K, reserved 1114112K
  class space    used 9216K, committed 9536K, reserved 1048576K
}
Event: 743.095 GC heap before
{Heap before GC invocations=98 (full 42):
 garbage-first heap   total 130048K, used 38238K [0x00000000c0000000, 0x0000000100000000)
  region size 1024K, 1 young (1024K), 0 survivors (0K)
 Metaspace       used 68233K, committed 68928K, reserved 1114112K
  class space    used 9216K, committed 9536K, reserved 1048576K
}
Event: 743.171 GC heap after
{Heap after GC invocations=99 (full 43):
 garbage-first heap   total 130048K, used 38238K [0x00000000c0000000, 0x0000000100000000)
  region size 1024K, 0 young (0K), 0 survivors (0K)
 Metaspace       used 68233K, committed 68928K, reserved 1114112K
  class space    used 9216K, committed 9536K, reserved 1048576K
}
Event: 753.504 GC heap before
{Heap before GC invocations=99 (full 43):
 garbage-first heap   total 130048K, used 38238K [0x00000000c0000000, 0x0000000100000000)
  region size 1024K, 1 young (1024K), 0 survivors (0K)
 Metaspace       used 68233K, committed 68928K, reserved 1114112K
  class space    used 9216K, committed 9536K, reserved 1048576K
}
Event: 753.888 GC heap after
{Heap after GC invocations=100 (full 44):
 garbage-first heap   total 130048K, used 37925K [0x00000000c0000000, 0x0000000100000000)
  region size 1024K, 0 young (0K), 0 survivors (0K)
 Metaspace       used 68226K, committed 68928K, reserved 1114112K
  class space    used 9214K, committed 9536K, reserved 1048576K
}
Event: 764.172 GC heap before
{Heap before GC invocations=100 (full 44):
 garbage-first heap   total 130048K, used 37925K [0x00000000c0000000, 0x0000000100000000)
  region size 1024K, 1 young (1024K), 0 survivors (0K)
 Metaspace       used 68226K, committed 68928K, reserved 1114112K
  class space    used 9214K, committed 9536K, reserved 1048576K
}
Event: 764.228 GC heap after
{Heap after GC invocations=101 (full 45):
 garbage-first heap   total 130048K, used 37925K [0x00000000c0000000, 0x0000000100000000)
  region size 1024K, 0 young (0K), 0 survivors (0K)
 Metaspace       used 68226K, committed 68928K, reserved 1114112K
  class space    used 9214K, committed 9536K, reserved 1048576K
}
Event: 774.673 GC heap before
{Heap before GC invocations=101 (full 45):
 garbage-first heap   total 130048K, used 37925K [0x00000000c0000000, 0x0000000100000000)
  region size 1024K, 1 young (1024K), 0 survivors (0K)
 Metaspace       used 68226K, committed 68928K, reserved 1114112K
  class space    used 9214K, committed 9536K, reserved 1048576K
}
Event: 774.749 GC heap after
{Heap after GC invocations=102 (full 46):
 garbage-first heap   total 130048K, used 37925K [0x00000000c0000000, 0x0000000100000000)
  region size 1024K, 0 young (0K), 0 survivors (0K)
 Metaspace       used 68226K, committed 68928K, reserved 1114112K
  class space    used 9214K, committed 9536K, reserved 1048576K
}
Event: 794.591 GC heap before
{Heap before GC invocations=102 (full 46):
 garbage-first heap   total 130048K, used 37925K [0x00000000c0000000, 0x0000000100000000)
  region size 1024K, 1 young (1024K), 0 survivors (0K)
 Metaspace       used 68226K, committed 68928K, reserved 1114112K
  class space    used 9214K, committed 9536K, reserved 1048576K
}
Event: 794.757 GC heap after
{Heap after GC invocations=103 (full 47):
 garbage-first heap   total 130048K, used 37925K [0x00000000c0000000, 0x0000000100000000)
  region size 1024K, 0 young (0K), 0 survivors (0K)
 Metaspace       used 68226K, committed 68928K, reserved 1114112K
  class space    used 9214K, committed 9536K, reserved 1048576K
}

Dll operation events (10 events):
Event: 0.016 Loaded shared library c:\Users\yassi\.vscode\extensions\redhat.java-1.14.0-win32-x64\jre\17.0.5-win32-x86_64\bin\java.dll
Event: 0.838 Loaded shared library C:\Users\yassi\.vscode\extensions\redhat.java-1.14.0-win32-x64\jre\17.0.5-win32-x86_64\bin\net.dll
Event: 0.846 Loaded shared library C:\Users\yassi\.vscode\extensions\redhat.java-1.14.0-win32-x64\jre\17.0.5-win32-x86_64\bin\nio.dll
Event: 1.742 Loaded shared library C:\Users\yassi\.vscode\extensions\redhat.java-1.14.0-win32-x64\jre\17.0.5-win32-x86_64\bin\zip.dll
Event: 19.518 Loaded shared library C:\Users\yassi\.vscode\extensions\redhat.java-1.14.0-win32-x64\jre\17.0.5-win32-x86_64\bin\jimage.dll
Event: 21.521 Loaded shared library c:\Users\yassi\.vscode\extensions\redhat.java-1.14.0-win32-x64\jre\17.0.5-win32-x86_64\bin\verify.dll
Event: 30.840 Loaded shared library C:\Users\yassi\.vscode\extensions\redhat.java-1.14.0-win32-x64\jre\17.0.5-win32-x86_64\bin\management.dll
Event: 30.894 Loaded shared library C:\Users\yassi\.vscode\extensions\redhat.java-1.14.0-win32-x64\jre\17.0.5-win32-x86_64\bin\management_ext.dll
Event: 36.730 Loaded shared library C:\Users\yassi\.vscode\extensions\redhat.java-1.14.0-win32-x64\jre\17.0.5-win32-x86_64\bin\sunmscapi.dll
Event: 57.205 Loaded shared library C:\Users\yassi\AppData\Local\Temp\snappy-1.1.8-bd3db4c1-325c-4486-a402-7d8c2461cd6a-snappyjava.dll

Deoptimization events (20 events):
Event: 53.316 Thread 0x0000023465e830b0 DEOPT PACKING pc=0x000002345d11b2f4 sp=0x000000f36fbfe2c0
Event: 53.316 Thread 0x0000023465e830b0 DEOPT UNPACKING pc=0x000002345c402b43 sp=0x000000f36fbfd7b8 mode 0
Event: 53.316 Thread 0x0000023465e830b0 DEOPT PACKING pc=0x000002345d11f2f4 sp=0x000000f36fbfe390
Event: 53.316 Thread 0x0000023465e830b0 DEOPT UNPACKING pc=0x000002345c402b43 sp=0x000000f36fbfd868 mode 0
Event: 53.316 Thread 0x0000023465e830b0 DEOPT PACKING pc=0x000002345d0e3524 sp=0x000000f36fbfe440
Event: 53.316 Thread 0x0000023465e830b0 DEOPT UNPACKING pc=0x000002345c402b43 sp=0x000000f36fbfd9c0 mode 0
Event: 53.318 Thread 0x0000023465e830b0 DEOPT PACKING pc=0x000002345d1326ac sp=0x000000f36fbfe760
Event: 53.318 Thread 0x0000023465e830b0 DEOPT UNPACKING pc=0x000002345c402b43 sp=0x000000f36fbfdbf0 mode 0
Event: 56.771 Thread 0x0000023466773ed0 DEOPT PACKING pc=0x000002345d2b570c sp=0x000000f36fcfd950
Event: 56.771 Thread 0x0000023466773ed0 DEOPT UNPACKING pc=0x000002345c402b43 sp=0x000000f36fcfce98 mode 0
Event: 56.781 Thread 0x0000023466773ed0 DEOPT PACKING pc=0x000002345d2b576c sp=0x000000f36fcfdc80
Event: 56.781 Thread 0x0000023466773ed0 DEOPT UNPACKING pc=0x000002345c402b43 sp=0x000000f36fcfd1d0 mode 0
Event: 56.781 Thread 0x0000023466773ed0 DEOPT PACKING pc=0x000002345d2b576c sp=0x000000f36fcfdf10
Event: 56.781 Thread 0x0000023466773ed0 DEOPT UNPACKING pc=0x000002345c402b43 sp=0x000000f36fcfd460 mode 0
Event: 56.781 Thread 0x0000023466773ed0 DEOPT PACKING pc=0x000002345d2b576c sp=0x000000f36fcfe240
Event: 56.781 Thread 0x0000023466773ed0 DEOPT UNPACKING pc=0x000002345c402b43 sp=0x000000f36fcfd790 mode 0
Event: 56.781 Thread 0x0000023466773ed0 DEOPT PACKING pc=0x000002345d2b576c sp=0x000000f36fcfe540
Event: 56.781 Thread 0x0000023466773ed0 DEOPT UNPACKING pc=0x000002345c402b43 sp=0x000000f36fcfda90 mode 0
Event: 145.012 Thread 0x00000234663b1030 DEOPT PACKING pc=0x000002345c9395d4 sp=0x000000f36f9ff2b0
Event: 145.012 Thread 0x00000234663b1030 DEOPT UNPACKING pc=0x000002345c402b43 sp=0x000000f36f9fe758 mode 0

Classes unloaded (20 events):
Event: 225.117 Thread 0x000002345800e8a0 Unloading class 0x00000001000c9c00 'java/lang/invoke/LambdaForm$MH+0x00000001000c9c00'
Event: 225.117 Thread 0x000002345800e8a0 Unloading class 0x00000001000c9400 'java/lang/invoke/LambdaForm$MH+0x00000001000c9400'
Event: 225.117 Thread 0x000002345800e8a0 Unloading class 0x00000001000c8c00 'java/lang/invoke/LambdaForm$MH+0x00000001000c8c00'
Event: 225.117 Thread 0x000002345800e8a0 Unloading class 0x00000001000c8400 'java/lang/invoke/LambdaForm$MH+0x00000001000c8400'
Event: 256.521 Thread 0x000002345800e8a0 Unloading class 0x0000000100689400 'java/lang/invoke/LambdaForm$MH+0x0000000100689400'
Event: 256.521 Thread 0x000002345800e8a0 Unloading class 0x0000000100689000 'java/lang/invoke/LambdaForm$MH+0x0000000100689000'
Event: 256.521 Thread 0x000002345800e8a0 Unloading class 0x0000000100688c00 'java/lang/invoke/LambdaForm$MH+0x0000000100688c00'
Event: 256.521 Thread 0x000002345800e8a0 Unloading class 0x0000000100688800 'java/lang/invoke/LambdaForm$MH+0x0000000100688800'
Event: 256.521 Thread 0x000002345800e8a0 Unloading class 0x0000000100688400 'java/lang/invoke/LambdaForm$MH+0x0000000100688400'
Event: 256.521 Thread 0x000002345800e8a0 Unloading class 0x0000000100688000 'java/lang/invoke/LambdaForm$MH+0x0000000100688000'
Event: 256.521 Thread 0x000002345800e8a0 Unloading class 0x0000000100364800 'java/lang/invoke/LambdaForm$MH+0x0000000100364800'
Event: 256.521 Thread 0x000002345800e8a0 Unloading class 0x0000000100364400 'java/lang/invoke/LambdaForm$MH+0x0000000100364400'
Event: 256.521 Thread 0x000002345800e8a0 Unloading class 0x0000000100364000 'java/lang/invoke/LambdaForm$MH+0x0000000100364000'
Event: 525.055 Thread 0x000002345800e8a0 Unloading class 0x00000001007e4000 'java/lang/invoke/LambdaForm$MH+0x00000001007e4000'
Event: 525.055 Thread 0x000002345800e8a0 Unloading class 0x0000000100814400 'java/lang/invoke/LambdaForm$MH+0x0000000100814400'
Event: 525.055 Thread 0x000002345800e8a0 Unloading class 0x0000000100364800 'java/lang/invoke/LambdaForm$MH+0x0000000100364800'
Event: 753.546 Thread 0x000002345800e8a0 Unloading class 0x0000000100359c00 'java/lang/invoke/LambdaForm$MH+0x0000000100359c00'
Event: 753.546 Thread 0x000002345800e8a0 Unloading class 0x0000000100364800 'java/lang/invoke/LambdaForm$MH+0x0000000100364800'
Event: 753.546 Thread 0x000002345800e8a0 Unloading class 0x0000000100814400 'java/lang/invoke/LambdaForm$MH+0x0000000100814400'
Event: 753.546 Thread 0x000002345800e8a0 Unloading class 0x00000001007e4000 'java/lang/invoke/LambdaForm$MH+0x00000001007e4000'

Classes redefined (0 events):
No events

Internal exceptions (20 events):
Event: 59.094 Thread 0x0000023466773ed0 Exception <a 'sun/nio/fs/WindowsException'{0x00000000d4c99e90}> (0x00000000d4c99e90) 
thrown [s\src\hotspot\share\prims\jni.cpp, line 516]
Event: 59.097 Thread 0x0000023466773ed0 Exception <a 'sun/nio/fs/WindowsException'{0x00000000d4ccc778}> (0x00000000d4ccc778) 
thrown [s\src\hotspot\share\prims\jni.cpp, line 516]
Event: 59.097 Thread 0x0000023466773ed0 Exception <a 'sun/nio/fs/WindowsException'{0x00000000d4cccbf0}> (0x00000000d4cccbf0) 
thrown [s\src\hotspot\share\prims\jni.cpp, line 516]
Event: 59.097 Thread 0x0000023466773ed0 Exception <a 'sun/nio/fs/WindowsException'{0x00000000d4ccdc50}> (0x00000000d4ccdc50) 
thrown [s\src\hotspot\share\prims\jni.cpp, line 516]
Event: 59.097 Thread 0x0000023466773ed0 Exception <a 'sun/nio/fs/WindowsException'{0x00000000d4cce0e8}> (0x00000000d4cce0e8) 
thrown [s\src\hotspot\share\prims\jni.cpp, line 516]
Event: 59.099 Thread 0x0000023466773ed0 Exception <a 'sun/nio/fs/WindowsException'{0x00000000d4cef540}> (0x00000000d4cef540) 
thrown [s\src\hotspot\share\prims\jni.cpp, line 516]
Event: 59.099 Thread 0x0000023466773ed0 Exception <a 'sun/nio/fs/WindowsException'{0x00000000d4cef9b0}> (0x00000000d4cef9b0) 
thrown [s\src\hotspot\share\prims\jni.cpp, line 516]
Event: 59.099 Thread 0x0000023466773ed0 Exception <a 'sun/nio/fs/WindowsException'{0x00000000d4cf0a00}> (0x00000000d4cf0a00) 
thrown [s\src\hotspot\share\prims\jni.cpp, line 516]
Event: 59.099 Thread 0x0000023466773ed0 Exception <a 'sun/nio/fs/WindowsException'{0x00000000d4cf0e90}> (0x00000000d4cf0e90) 
thrown [s\src\hotspot\share\prims\jni.cpp, line 516]
Event: 59.103 Thread 0x0000023466773ed0 Exception <a 'sun/nio/fs/WindowsException'{0x00000000d4b28a08}> (0x00000000d4b28a08) 
thrown [s\src\hotspot\share\prims\jni.cpp, line 516]
Event: 59.103 Thread 0x0000023466773ed0 Exception <a 'sun/nio/fs/WindowsException'{0x00000000d4b28ea0}> (0x00000000d4b28ea0) 
thrown [s\src\hotspot\share\prims\jni.cpp, line 516]
Event: 59.104 Thread 0x0000023466773ed0 Exception <a 'sun/nio/fs/WindowsException'{0x00000000d4b2a470}> (0x00000000d4b2a470) 
thrown [s\src\hotspot\share\prims\jni.cpp, line 516]
Event: 59.104 Thread 0x0000023466773ed0 Exception <a 'sun/nio/fs/WindowsException'{0x00000000d4b2a920}> (0x00000000d4b2a920) 
thrown [s\src\hotspot\share\prims\jni.cpp, line 516]
Event: 59.106 Thread 0x0000023466773ed0 Exception <a 'sun/nio/fs/WindowsException'{0x00000000d4b54578}> (0x00000000d4b54578) 
thrown [s\src\hotspot\share\prims\jni.cpp, line 516]
Event: 59.106 Thread 0x0000023466773ed0 Exception <a 'sun/nio/fs/WindowsException'{0x00000000d4b549f8}> (0x00000000d4b549f8) 
thrown [s\src\hotspot\share\prims\jni.cpp, line 516]
Event: 59.107 Thread 0x0000023466773ed0 Exception <a 'sun/nio/fs/WindowsException'{0x00000000d4b55fc0}> (0x00000000d4b55fc0) 
thrown [s\src\hotspot\share\prims\jni.cpp, line 516]
Event: 59.107 Thread 0x0000023466773ed0 Exception <a 'sun/nio/fs/WindowsException'{0x00000000d4b56468}> (0x00000000d4b56468) 
thrown [s\src\hotspot\share\prims\jni.cpp, line 516]
Event: 90.884 Thread 0x0000023466297030 Exception <a 'java/lang/NoSuchMethodError'{0x00000000d4af80f0}: 'void java.lang.invoke.DirectMethodHandle$Holder.invokeStatic(java.lang.Object, long)'> (0x00000000d4af80f0) 
thrown [s\src\hotspot\share\interpreter\linkResolver.cpp, line 759]
Event: 90.885 Thread 0x0000023466297030 Exception <a 'java/lang/NoSuchMethodError'{0x00000000d4afd4a0}: 'java.lang.Object java.lang.invoke.DirectMethodHandle$Holder.newInvokeSpecial(java.lang.Object, long)'> (0x00000000d4afd4a0) 
thrown [s\src\hotspot\share\interpreter\linkResolver.cpp, line 759]
Event: 145.020 Thread 0x00000234663b1030 Exception <a 'java/lang/NoSuchMethodError'{0x00000000c8f168d8}: 'java.lang.Object java.lang.invoke.DirectMethodHandle$Holder.invokeStatic(java.lang.Object, java.lang.Object, java.lang.Object, int, java.lang.Object, java.lang.Object)'> (0x00000000c8f168d8) 
thrown [s\src\hotspot\share\interpreter\linkResolver.cpp, line 759]

VM Operations (20 events):
Event: 659.351 Executing VM operation: Cleanup done
Event: 701.363 Executing VM operation: G1CollectFull
Event: 701.541 Executing VM operation: G1CollectFull done
Event: 711.755 Executing VM operation: G1CollectFull
Event: 711.850 Executing VM operation: G1CollectFull done
Event: 722.215 Executing VM operation: G1CollectFull
Event: 722.275 Executing VM operation: G1CollectFull done
Event: 732.583 Executing VM operation: G1CollectFull
Event: 732.667 Executing VM operation: G1CollectFull done
Event: 743.094 Executing VM operation: G1CollectFull
Event: 743.171 Executing VM operation: G1CollectFull done
Event: 753.503 Executing VM operation: G1CollectFull
Event: 753.889 Executing VM operation: G1CollectFull done
Event: 764.171 Executing VM operation: G1CollectFull
Event: 764.229 Executing VM operation: G1CollectFull done
Event: 774.673 Executing VM operation: G1CollectFull
Event: 774.750 Executing VM operation: G1CollectFull done
Event: 794.590 Executing VM operation: G1CollectFull
Event: 794.757 Executing VM operation: G1CollectFull done
Event: 807.106 Executing VM operation: G1CollectFull

Events (20 events):
Event: 152.880 Thread 0x0000023466779570 Thread added: 0x0000023466779570
Event: 152.886 Thread 0x0000023466776080 Thread added: 0x0000023466776080
Event: 179.138 Thread 0x00000234667790a0 Thread exited: 0x00000234667790a0
Event: 205.175 Thread 0x0000023466778700 Thread exited: 0x0000023466778700
Event: 205.175 Thread 0x00000234667726c0 Thread exited: 0x00000234667726c0
Event: 212.682 Thread 0x0000023466773ed0 Thread exited: 0x0000023466773ed0
Event: 213.186 Thread 0x0000023466772b90 Thread exited: 0x0000023466772b90
Event: 213.591 Thread 0x0000023466779570 Thread exited: 0x0000023466779570
Event: 213.592 Thread 0x0000023466776080 Thread exited: 0x0000023466776080
Event: 239.144 Thread 0x0000023466777d60 Thread exited: 0x0000023466777d60
Event: 299.145 Thread 0x0000023466776a20 Thread exited: 0x0000023466776a20
Event: 359.154 Thread 0x00000234667773c0 Thread exited: 0x00000234667773c0
Event: 424.794 Thread 0x0000023466776080 Thread added: 0x0000023466776080
Event: 424.795 Thread 0x0000023466779f10 Thread added: 0x0000023466779f10
Event: 424.799 Thread 0x0000023466773ed0 Thread added: 0x0000023466773ed0
Event: 484.805 Thread 0x0000023466779f10 Thread exited: 0x0000023466779f10
Event: 484.806 Thread 0x0000023466776080 Thread exited: 0x0000023466776080
Event: 505.128 Thread 0x0000023466773ed0 Thread exited: 0x0000023466773ed0
Event: 556.026 Thread 0x0000023466772b90 Thread added: 0x0000023466772b90
Event: 616.043 Thread 0x0000023466772b90 Thread exited: 0x0000023466772b90


Dynamic libraries:
0x00007ff69deb0000 - 0x00007ff69debe000 	c:\Users\yassi\.vscode\extensions\redhat.java-1.14.0-win32-x64\jre\17.0.5-win32-x86_64\bin\java.exe
0x00007ffb87590000 - 0x00007ffb87788000 	C:\Windows\SYSTEM32\ntdll.dll
0x00007ffb86430000 - 0x00007ffb864ef000 	C:\Windows\System32\KERNEL32.DLL
0x00007ffb85020000 - 0x00007ffb852f2000 	C:\Windows\System32\KERNELBASE.dll
0x00007ffb84e80000 - 0x00007ffb84f80000 	C:\Windows\System32\ucrtbase.dll
0x00007ffb39b70000 - 0x00007ffb39b87000 	c:\Users\yassi\.vscode\extensions\redhat.java-1.14.0-win32-x64\jre\17.0.5-win32-x86_64\bin\jli.dll
0x00007ffb87260000 - 0x00007ffb87401000 	C:\Windows\System32\USER32.dll
0x00007ffb84e50000 - 0x00007ffb84e72000 	C:\Windows\System32\win32u.dll
0x00007ffb86040000 - 0x00007ffb8606b000 	C:\Windows\System32\GDI32.dll
0x00007ffb84d40000 - 0x00007ffb84e4f000 	C:\Windows\System32\gdi32full.dll
0x00007ffb84f80000 - 0x00007ffb8501d000 	C:\Windows\System32\msvcp_win.dll
0x00007ffb70fd0000 - 0x00007ffb7126a000 	C:\Windows\WinSxS\amd64_microsoft.windows.common-controls_6595b64144ccf1df_6.0.19041.1110_none_60b5254171f9507e\COMCTL32.dll
0x00007ffb856e0000 - 0x00007ffb8577e000 	C:\Windows\System32\msvcrt.dll
0x00007ffb39b50000 - 0x00007ffb39b69000 	c:\Users\yassi\.vscode\extensions\redhat.java-1.14.0-win32-x64\jre\17.0.5-win32-x86_64\bin\VCRUNTIME140.dll
0x00007ffb856a0000 - 0x00007ffb856d2000 	C:\Windows\System32\IMM32.DLL
0x00007ffb457c0000 - 0x00007ffb457cc000 	c:\Users\yassi\.vscode\extensions\redhat.java-1.14.0-win32-x64\jre\17.0.5-win32-x86_64\bin\vcruntime140_1.dll
0x00007ffb39ab0000 - 0x00007ffb39b41000 	c:\Users\yassi\.vscode\extensions\redhat.java-1.14.0-win32-x64\jre\17.0.5-win32-x86_64\bin\msvcp140.dll
0x00007ffb37110000 - 0x00007ffb37d54000 	c:\Users\yassi\.vscode\extensions\redhat.java-1.14.0-win32-x64\jre\17.0.5-win32-x86_64\bin\server\jvm.dll
0x00007ffb86160000 - 0x00007ffb8620e000 	C:\Windows\System32\ADVAPI32.dll
0x00007ffb85fa0000 - 0x00007ffb8603c000 	C:\Windows\System32\sechost.dll
0x00007ffb86220000 - 0x00007ffb86345000 	C:\Windows\System32\RPCRT4.dll
0x00007ffb6aed0000 - 0x00007ffb6aed9000 	C:\Windows\SYSTEM32\WSOCK32.dll
0x00007ffb85bb0000 - 0x00007ffb85c1b000 	C:\Windows\System32\WS2_32.dll
0x00007ffb70cc0000 - 0x00007ffb70ce7000 	C:\Windows\SYSTEM32\WINMM.dll
0x00007ffb7b3a0000 - 0x00007ffb7b3aa000 	C:\Windows\SYSTEM32\VERSION.dll
0x00007ffb83490000 - 0x00007ffb834a2000 	C:\Windows\SYSTEM32\kernel.appcore.dll
0x00007ffb3b260000 - 0x00007ffb3b26a000 	c:\Users\yassi\.vscode\extensions\redhat.java-1.14.0-win32-x64\jre\17.0.5-win32-x86_64\bin\jimage.dll
0x00007ffb82a10000 - 0x00007ffb82bf4000 	C:\Windows\SYSTEM32\DBGHELP.DLL
0x00007ffb54c20000 - 0x00007ffb54c55000 	C:\Windows\SYSTEM32\dbgcore.DLL
0x00007ffb85460000 - 0x00007ffb854e2000 	C:\Windows\System32\bcryptPrimitives.dll
0x00007ffb39a50000 - 0x00007ffb39a75000 	c:\Users\yassi\.vscode\extensions\redhat.java-1.14.0-win32-x64\jre\17.0.5-win32-x86_64\bin\java.dll
0x00007ffb39a30000 - 0x00007ffb39a48000 	c:\Users\yassi\.vscode\extensions\redhat.java-1.14.0-win32-x64\jre\17.0.5-win32-x86_64\bin\zip.dll
0x00007ffb866a0000 - 0x00007ffb86de4000 	C:\Windows\System32\SHELL32.dll
0x00007ffb82ce0000 - 0x00007ffb83472000 	C:\Windows\SYSTEM32\windows.storage.dll
0x00007ffb85c40000 - 0x00007ffb85f95000 	C:\Windows\System32\combase.dll
0x00007ffb84590000 - 0x00007ffb845c0000 	C:\Windows\SYSTEM32\Wldp.dll
0x00007ffb85950000 - 0x00007ffb859fd000 	C:\Windows\System32\SHCORE.dll
0x00007ffb86100000 - 0x00007ffb86155000 	C:\Windows\System32\shlwapi.dll
0x00007ffb84bc0000 - 0x00007ffb84bdf000 	C:\Windows\SYSTEM32\profapi.dll
0x00007ffb39a10000 - 0x00007ffb39a29000 	C:\Users\yassi\.vscode\extensions\redhat.java-1.14.0-win32-x64\jre\17.0.5-win32-x86_64\bin\net.dll
0x00007ffb752a0000 - 0x00007ffb753ac000 	C:\Windows\SYSTEM32\WINHTTP.dll
0x00007ffb84370000 - 0x00007ffb843da000 	C:\Windows\system32\mswsock.dll
0x00007ffb399f0000 - 0x00007ffb39a05000 	C:\Users\yassi\.vscode\extensions\redhat.java-1.14.0-win32-x64\jre\17.0.5-win32-x86_64\bin\nio.dll
0x00007ffb39d70000 - 0x00007ffb39d80000 	c:\Users\yassi\.vscode\extensions\redhat.java-1.14.0-win32-x64\jre\17.0.5-win32-x86_64\bin\verify.dll
0x00007ffb84960000 - 0x00007ffb84978000 	C:\Windows\SYSTEM32\CRYPTSP.dll
0x00007ffb83c40000 - 0x00007ffb83c74000 	C:\Windows\system32\rsaenh.dll
0x00007ffb854f0000 - 0x00007ffb85517000 	C:\Windows\System32\bcrypt.dll
0x00007ffb84b80000 - 0x00007ffb84bae000 	C:\Windows\SYSTEM32\USERENV.dll
0x00007ffb84500000 - 0x00007ffb8450c000 	C:\Windows\SYSTEM32\CRYPTBASE.dll
0x00007ffb84010000 - 0x00007ffb8404b000 	C:\Windows\SYSTEM32\IPHLPAPI.DLL
0x00007ffb87540000 - 0x00007ffb87548000 	C:\Windows\System32\NSI.dll
0x00007ffb79850000 - 0x00007ffb79867000 	C:\Windows\SYSTEM32\dhcpcsvc6.DLL
0x00007ffb75fc0000 - 0x00007ffb75fdd000 	C:\Windows\SYSTEM32\dhcpcsvc.DLL
0x00007ffb84050000 - 0x00007ffb8411a000 	C:\Windows\SYSTEM32\DNSAPI.dll
0x00007ffb7bb50000 - 0x00007ffb7bb59000 	C:\Users\yassi\.vscode\extensions\redhat.java-1.14.0-win32-x64\jre\17.0.5-win32-x86_64\bin\management.dll
0x00007ffb7bb40000 - 0x00007ffb7bb4b000 	C:\Users\yassi\.vscode\extensions\redhat.java-1.14.0-win32-x64\jre\17.0.5-win32-x86_64\bin\management_ext.dll
0x00007ffb85630000 - 0x00007ffb85638000 	C:\Windows\System32\PSAPI.DLL
0x00007ffb7bb30000 - 0x00007ffb7bb3e000 	C:\Users\yassi\.vscode\extensions\redhat.java-1.14.0-win32-x64\jre\17.0.5-win32-x86_64\bin\sunmscapi.dll
0x00007ffb85300000 - 0x00007ffb85456000 	C:\Windows\System32\CRYPT32.dll
0x00007ffb84670000 - 0x00007ffb84697000 	C:\Windows\SYSTEM32\ncrypt.dll
0x00007ffb845e0000 - 0x00007ffb8461b000 	C:\Windows\SYSTEM32\NTASN1.dll
0x000000005e090000 - 0x000000005e0b6000 	C:\Program Files\Bonjour\mdnsNSP.dll
0x00007ffb721e0000 - 0x00007ffb721ea000 	C:\Windows\System32\rasadhlp.dll
0x00007ffb72400000 - 0x00007ffb72480000 	C:\Windows\System32\fwpuclnt.dll
0x000000006c500000 - 0x000000006c5c7000 	C:\Users\yassi\AppData\Local\Temp\snappy-1.1.8-bd3db4c1-325c-4486-a402-7d8c2461cd6a-snappyjava.dll

dbghelp: loaded successfully - version: 4.0.5 - missing functions: none
symbol engine: initialized successfully - sym options: 0x614 - pdb path: .;c:\Users\yassi\.vscode\extensions\redhat.java-1.14.0-win32-x64\jre\17.0.5-win32-x86_64\bin;C:\Windows\SYSTEM32;C:\Windows\WinSxS\amd64_microsoft.windows.common-controls_6595b64144ccf1df_6.0.19041.1110_none_60b5254171f9507e;c:\Users\yassi\.vscode\extensions\redhat.java-1.14.0-win32-x64\jre\17.0.5-win32-x86_64\bin\server;C:\Program Files\Bonjour;C:\Users\yassi\AppData\Local\Temp

VM Arguments:
jvm_args: -XX:+HeapDumpOnOutOfMemoryError -Xmx1024m -Dsts.lsp.client=vscode -Dsts.log.file=/dev/null -XX:TieredStopAtLevel=1 -Xlog:jni+resolve=off -Dspring.config.location=file:c:\Users\yassi\.vscode\extensions\vmware.vscode-spring-boot-1.44.0\language-server\BOOT-INF\classes\application.properties 
java_command: org.springframework.ide.vscode.boot.app.BootLanguageServerBootApp
java_class_path (initial): c:\Users\yassi\.vscode\extensions\vmware.vscode-spring-boot-1.44.0\language-server\BOOT-INF\classes;c:\Users\yassi\.vscode\extensions\vmware.vscode-spring-boot-1.44.0\language-server\BOOT-INF\lib\annotations-24.0.0.jar;c:\Users\yassi\.vscode\extensions\vmware.vscode-spring-boot-1.44.0\language-server\BOOT-INF\lib\ant-1.10.13.jar;c:\Users\yassi\.vscode\extensions\vmware.vscode-spring-boot-1.44.0\language-server\BOOT-INF\lib\ant-launcher-1.10.13.jar;c:\Users\yassi\.vscode\extensions\vmware.vscode-spring-boot-1.44.0\language-server\BOOT-INF\lib\antlr-runtime-3.5.2.jar;c:\Users\yassi\.vscode\extensions\vmware.vscode-spring-boot-1.44.0\language-server\BOOT-INF\lib\antlr4-4.9.3.jar;c:\Users\yassi\.vscode\extensions\vmware.vscode-spring-boot-1.44.0\language-server\BOOT-INF\lib\antlr4-runtime-4.9.3.jar;c:\Users\yassi\.vscode\extensions\vmware.vscode-spring-boot-1.44.0\language-server\BOOT-INF\lib\apiguardian-api-1.1.2.jar;c:\Users\yassi\.vscode\extensions\vmware.vscode-spring-boot-1.44.0\language-server\BOOT-INF\lib\asm-9.4.jar;c:\Users\yassi\.vscode\extensions\vmware.vscode-spring-boot-1.44.0\language-server\BOOT-INF\lib\asm-analysis-9.4.jar;c:\Users\yassi\.vscode\extensions\vmware.vscode-spring-boot-1.44.0\language-server\BOOT-INF\lib\asm-tree-9.4.jar;c:\Users\yassi\.vscode\extensions\vmware.vscode-spring-boot-1.44.0\language-server\BOOT-INF\lib\asm-util-9.4.jar;c:\Users\yassi\.vscode\extensions\vmware.vscode-spring-boot-1.44.0\language-server\BOOT-INF\lib\caffeine-3.1.2.jar;c:\Users\yassi\.vscode\extensions\vmware.vscode-spring-boot-1.44.0\language-server\BOOT-INF\lib\checker-qual-3.12.0.jar;c:\Users\yassi\.vscode\extensions\vmware.vscode-spring-boot-1.44.0\language-server\BOOT-INF\lib\ci-environment-9.1.0.jar;c:\Users\yassi\.vscode\extensions\vmware.vscode-spring-boot-1.44.0\language-server\BOOT-INF\lib\classgraph-4.8.149.jar;c:\Users\yassi\.vscode\extensions\vmware.vscode-spring-boot-1.44.0\language-server\BOOT-INF\lib\commons-codec-1.15.ja
Launcher Type: SUN_STANDARD

[Global flags]
     intx CICompilerCount                          = 3                                         {product} {ergonomic}
     uint ConcGCThreads                            = 1                                         {product} {ergonomic}
     uint G1ConcRefinementThreads                  = 4                                         {product} {ergonomic}
   size_t G1HeapRegionSize                         = 1048576                                   {product} {ergonomic}
    uintx GCDrainStackTargetSize                   = 64                                        {product} {ergonomic}
     bool HeapDumpOnOutOfMemoryError               = true                                   {manageable} {command line}
   size_t InitialHeapSize                          = 62914560                                  {product} {ergonomic}
   size_t MarkStackSize                            = 4194304                                   {product} {ergonomic}
   size_t MaxHeapSize                              = 1073741824                                {product} {command line}
   size_t MaxNewSize                               = 643825664                                 {product} {ergonomic}
   size_t MinHeapDeltaBytes                        = 1048576                                   {product} {ergonomic}
   size_t MinHeapSize                              = 8388608                                   {product} {ergonomic}
    uintx NonProfiledCodeHeapSize                  = 0                                      {pd product} {ergonomic}
     bool ProfileInterpreter                       = false                                  {pd product} {command line}
    uintx ProfiledCodeHeapSize                     = 0                                      {pd product} {ergonomic}
   size_t SoftMaxHeapSize                          = 1073741824                             {manageable} {ergonomic}
     intx TieredStopAtLevel                        = 1                                         {product} {command line}
     bool UseCompressedClassPointers               = true                           {product lp64_product} {ergonomic}
     bool UseCompressedOops                        = true                           {product lp64_product} {ergonomic}
     bool UseG1GC                                  = true                                      {product} {ergonomic}
     bool UseLargePagesIndividualAllocation        = false                                  {pd product} {ergonomic}

Logging:
Log output configuration:
 #0: stdout all=warning,jni+resolve=off uptime,level,tags
 #1: stderr all=off uptime,level,tags

Environment Variables:
JAVA_HOME=C:\Program Files\BellSoft\LibericaJDK-17\
PATH=C:\Program Files\BellSoft\LibericaJDK-17\bin\;C:\Windows\system32;C:\Windows;C:\Windows\System32\Wbem;C:\Windows\System32\WindowsPowerShell\v1.0\;C:\Windows\System32\OpenSSH\;C:\Program Files\Intel\WiFi\bin\;C:\Program Files\Common Files\Intel\WirelessCommon\;C:\Program Files\Git\cmd;C:\Program Files\Microsoft SQL Server\150\Tools\Binn\;C:\Program Files\Microsoft SQL Server\Client SDK\ODBC\170\Tools\Binn\;C:\Program Files\dotnet\;C:\Program Files\Azure Data Studio\bin;C:\Program Files\Docker\Docker\resources\bin;C:\Program Files (x86)\Microsoft SQL Server\150\Tools\Binn\;C:\Program Files\Microsoft SQL Server\150\DTS\Binn\;C:\Program Files (x86)\Microsoft SQL Server\150\DTS\Binn\;C:\Program Files (x86)\Microsoft SQL Server\160\DTS\Binn\;C:\Users\yassi\AppData\Local\Programs\Python\Python311\Scripts\;C:\Users\yassi\AppData\Local\Programs\Python\Python311\;C:\Users\yassi\AppData\Local\Microsoft\WindowsApps;C:\Program Files\JetBrains\IntelliJ IDEA Community Edition 2022.2\bin;;C:\src\flutter\flutter\bin;C:\Users\yassi\.dotnet\tools;C:\Program Files\JetBrains\PyCharm Community Edition 2022.2\bin;;C:\dart-sdk\bin;C:\Program Files\Azure Data Studio\bin;C:\Users\yassi\AppData\Local\Programs\Microsoft VS Code\bin;C:\Maven\apache-maven-4.0.0-alpha-4\bin;
USERNAME=yassi
OS=Windows_NT
PROCESSOR_IDENTIFIER=Intel64 Family 6 Model 142 Stepping 10, GenuineIntel
TMP=C:\Users\yassi\AppData\Local\Temp
TEMP=C:\Users\yassi\AppData\Local\Temp



---------------  S Y S T E M  ---------------

OS:
 Windows 10 , 64 bit Build 19041 (10.0.19041.2364)
OS uptime: 0 days 0:34 hours
Hyper-V role detected

CPU: total 4 (initial active 4) (2 cores per cpu, 2 threads per core) family 6 model 142 stepping 10 microcode 0xb4, cx8, cmov, fxsr, ht, mmx, 3dnowpref, sse, sse2, sse3, ssse3, sse4.1, sse4.2, popcnt, lzcnt, tsc, tscinvbit, avx, avx2, aes, erms, clmul, bmi1, bmi2, adx, fma, vzeroupper, clflush, clflushopt, hv

Memory: 4k page, system-wide physical 3718M (64M free)
TotalPageFile size 14982M (AvailPageFile size 9M)
current process WorkingSet (physical memory assigned to process): 75M, peak: 650M
current process commit charge ("private bytes"): 306M, peak: 684M

vm_info: OpenJDK 64-Bit Server VM (17.0.5+8) for windows-amd64 JRE (17.0.5+8), built on Oct 19 2022 04:48:13 by "temurin" with MS VC++ 16.7 (VS2019)

END.
