#
# There is insufficient memory for the Java Runtime Environment to continue.
# Native memory allocation (mmap) failed to map 152043520 bytes for G1 virtual space
# Possible reasons:
#   The system is out of physical RAM or swap space
#   The process is running with CompressedOops enabled, and the Java Heap may be blocking the growth of the native heap
# Possible solutions:
#   Reduce memory load on the system
#   Increase physical memory or swap space
#   Check if swap backing store is full
#   Decrease Java heap size (-Xmx/-Xms)
#   Decrease number of Java threads
#   Decrease Java thread stack sizes (-Xss)
#   Set larger code cache with -XX:ReservedCodeCacheSize=
#   JVM is running with Unscaled Compressed Oops mode in which the Java heap is
#     placed in the first 4GB address space. The Java Heap base address is the
#     maximum limit for the native heap growth. Please use -XX:HeapBaseMinAddress
#     to set the Java Heap base and to place the Java Heap above 4GB virtual address.
# This output file may be truncated or incomplete.
#
#  Out of Memory Error (os_windows.cpp:3548), pid=6260, tid=3248
#
# JRE version: OpenJDK Runtime Environment Temurin-17.0.5+8 (17.0.5+8) (build 17.0.5+8)
# Java VM: OpenJDK 64-Bit Server VM Temurin-17.0.5+8 (17.0.5+8, mixed mode, emulated-client, tiered, compressed oops, compressed class ptrs, g1 gc, windows-amd64)
# No core dump will be written. Minidumps are not enabled by default on client versions of Windows
#

---------------  S U M M A R Y ------------

Command Line: -XX:+HeapDumpOnOutOfMemoryError -Xmx1024m -Dsts.lsp.client=vscode -Dsts.log.file=/dev/null -XX:TieredStopAtLevel=1 -Xlog:jni+resolve=off -Dspring.config.location=file:c:\Users\yassi\.vscode\extensions\vmware.vscode-spring-boot-1.44.0\language-server\BOOT-INF\classes\application.properties org.springframework.ide.vscode.boot.app.BootLanguageServerBootApp

Host: Intel(R) Core(TM) i3-8130U CPU @ 2.20GHz, 4 cores, 3G,  Windows 10 , 64 bit Build 19041 (10.0.19041.2364)
Time: Mon Feb 13 23:49:24 2023 Greenwich elapsed time: 18.033515 seconds (0d 0h 0m 18s)

---------------  T H R E A D  ---------------

Current thread (0x0000020bcae2afe0):  VMThread "VM Thread" [stack: 0x000000ed72f00000,0x000000ed73000000] [id=3248]

Stack: [0x000000ed72f00000,0x000000ed73000000]
Native frames: (J=compiled Java code, j=interpreted, Vv=VM code, C=native code)
V  [jvm.dll+0x676b3a]
V  [jvm.dll+0x831444]
V  [jvm.dll+0x832bee]
V  [jvm.dll+0x833253]
V  [jvm.dll+0x244ce5]
V  [jvm.dll+0x673a49]
V  [jvm.dll+0x66811a]
V  [jvm.dll+0x303ceb]
V  [jvm.dll+0x30b1e6]
V  [jvm.dll+0x35adbe]
V  [jvm.dll+0x35afef]
V  [jvm.dll+0x2dab88]
V  [jvm.dll+0x2d8e3c]
V  [jvm.dll+0x2d840c]
V  [jvm.dll+0x31c31b]
V  [jvm.dll+0x8376fb]
V  [jvm.dll+0x838434]
V  [jvm.dll+0x83894c]
V  [jvm.dll+0x838d24]
V  [jvm.dll+0x838df0]
V  [jvm.dll+0x7e17ea]
V  [jvm.dll+0x6759e5]
C  [ucrtbase.dll+0x21bb2]
C  [KERNEL32.DLL+0x17614]
C  [ntdll.dll+0x526a1]

VM_Operation (0x000000ed746fd950): G1CollectForAllocation, mode: safepoint, requested by thread 0x0000020bd7d3e4c0


---------------  P R O C E S S  ---------------

Threads class SMR info:
_java_thread_list=0x0000020bdbaa7820, length=26, elements={
0x0000020bcae2e780, 0x0000020bd7243970, 0x0000020bd7283010, 0x0000020bd7285ba0,
0x0000020bd7287470, 0x0000020bd7287d30, 0x0000020bd72885f0, 0x0000020bd72ae240,
0x0000020bd7ed4490, 0x0000020bd7ee83c0, 0x0000020bd92f9450, 0x0000020bd92fa960,
0x0000020bd932c010, 0x0000020bd932e1b0, 0x0000020bcad66d10, 0x0000020bd8603c60,
0x0000020bd93b1000, 0x0000020bd93b14d0, 0x0000020bd7d3e4c0, 0x0000020bd7d3f9a0,
0x0000020bd955cce0, 0x0000020bd955d9c0, 0x0000020bd955de90, 0x0000020bd955e360,
0x0000020bd955e830, 0x0000020bd869e020
}

Java Threads: ( => current thread )
  0x0000020bcae2e780 JavaThread "Reference Handler" daemon [_thread_blocked, id=7040, stack(0x000000ed73000000,0x000000ed73100000)]
  0x0000020bd7243970 JavaThread "Finalizer" daemon [_thread_blocked, id=11188, stack(0x000000ed73100000,0x000000ed73200000)]
  0x0000020bd7283010 JavaThread "Signal Dispatcher" daemon [_thread_blocked, id=3100, stack(0x000000ed73200000,0x000000ed73300000)]
  0x0000020bd7285ba0 JavaThread "Attach Listener" daemon [_thread_blocked, id=16884, stack(0x000000ed73300000,0x000000ed73400000)]
  0x0000020bd7287470 JavaThread "Service Thread" daemon [_thread_blocked, id=16260, stack(0x000000ed73400000,0x000000ed73500000)]
  0x0000020bd7287d30 JavaThread "Monitor Deflation Thread" daemon [_thread_blocked, id=15992, stack(0x000000ed73500000,0x000000ed73600000)]
  0x0000020bd72885f0 JavaThread "C1 CompilerThread0" daemon [_thread_blocked, id=15768, stack(0x000000ed73600000,0x000000ed73700000)]
  0x0000020bd72ae240 JavaThread "Sweeper thread" daemon [_thread_blocked, id=10116, stack(0x000000ed73700000,0x000000ed73800000)]
  0x0000020bd7ed4490 JavaThread "Notification Thread" daemon [_thread_blocked, id=8952, stack(0x000000ed73900000,0x000000ed73a00000)]
  0x0000020bd7ee83c0 JavaThread "Common-Cleaner" daemon [_thread_blocked, id=11148, stack(0x000000ed73b00000,0x000000ed73c00000)]
  0x0000020bd92f9450 JavaThread "boundedElastic-evictor-1" daemon [_thread_blocked, id=5300, stack(0x000000ed73f00000,0x000000ed74000000)]
  0x0000020bd92fa960 JavaThread "boundedElastic-evictor-2" daemon [_thread_blocked, id=18184, stack(0x000000ed74000000,0x000000ed74100000)]
  0x0000020bd932c010 JavaThread "pool-10-thread-1" [_thread_blocked, id=13644, stack(0x000000ed74100000,0x000000ed74200000)]
  0x0000020bd932e1b0 JavaThread "LanguageServerApp-lifecycle" [_thread_blocked, id=16764, stack(0x000000ed74200000,0x000000ed74300000)]
  0x0000020bcad66d10 JavaThread "DestroyJavaVM" [_thread_blocked, id=18140, stack(0x000000ed72900000,0x000000ed72a00000)]
  0x0000020bd8603c60 JavaThread "pool-11-thread-1" [_thread_in_native, id=2772, stack(0x000000ed74300000,0x000000ed74400000)]
  0x0000020bd93b1000 JavaThread "Simple-Language-Server main thread" daemon [_thread_blocked, id=18280, stack(0x000000ed74400000,0x000000ed74500000)]
  0x0000020bd93b14d0 JavaThread "ForkJoinPool.commonPool-worker-1" daemon [_thread_blocked, id=12948, stack(0x000000ed74500000,0x000000ed74600000)]
  0x0000020bd7d3e4c0 JavaThread "ClassGraph-worker-0" daemon [_thread_blocked, id=17792, stack(0x000000ed74600000,0x000000ed74700000)]
  0x0000020bd7d3f9a0 JavaThread "ClassGraph-worker-1" daemon [_thread_blocked, id=6912, stack(0x000000ed74700000,0x000000ed74800000)]
  0x0000020bd955cce0 JavaThread "ClassGraph-worker-2" daemon [_thread_blocked, id=4744, stack(0x000000ed74800000,0x000000ed74900000)]
  0x0000020bd955d9c0 JavaThread "ClassGraph-worker-3" daemon [_thread_blocked, id=2592, stack(0x000000ed74900000,0x000000ed74a00000)]
  0x0000020bd955de90 JavaThread "ClassGraph-worker-4" daemon [_thread_blocked, id=16808, stack(0x000000ed74a00000,0x000000ed74b00000)]
  0x0000020bd955e360 JavaThread "ClassGraph-worker-5" daemon [_thread_blocked, id=15820, stack(0x000000ed74b00000,0x000000ed74c00000)]
  0x0000020bd955e830 JavaThread "ClassGraph-worker-6" daemon [_thread_blocked, id=9384, stack(0x000000ed74c00000,0x000000ed74d00000)]
  0x0000020bd869e020 JavaThread "ClassGraph-worker-7" daemon [_thread_blocked, id=15096, stack(0x000000ed74d00000,0x000000ed74e00000)]

Other Threads:
=>0x0000020bcae2afe0 VMThread "VM Thread" [stack: 0x000000ed72f00000,0x000000ed73000000] [id=3248]
  0x0000020bd7ed4960 WatcherThread [stack: 0x000000ed73a00000,0x000000ed73b00000] [id=7004]
  0x0000020bcada5fd0 GCTaskThread "GC Thread#0" [stack: 0x000000ed72a00000,0x000000ed72b00000] [id=10412]
  0x0000020bd86c36e0 GCTaskThread "GC Thread#1" [stack: 0x000000ed73c00000,0x000000ed73d00000] [id=12284]
  0x0000020bd86d4f30 GCTaskThread "GC Thread#2" [stack: 0x000000ed73d00000,0x000000ed73e00000] [id=10320]
  0x0000020bd8aaa6f0 GCTaskThread "GC Thread#3" [stack: 0x000000ed73e00000,0x000000ed73f00000] [id=17672]
  0x0000020bcadaee20 ConcurrentGCThread "G1 Main Marker" [stack: 0x000000ed72b00000,0x000000ed72c00000] [id=1836]
  0x0000020bcadaf740 ConcurrentGCThread "G1 Conc#0" [stack: 0x000000ed72c00000,0x000000ed72d00000] [id=1504]
  0x0000020bcadeb270 ConcurrentGCThread "G1 Refine#0" [stack: 0x000000ed72d00000,0x000000ed72e00000] [id=13196]
  0x0000020bcadebba0 ConcurrentGCThread "G1 Service" [stack: 0x000000ed72e00000,0x000000ed72f00000] [id=17948]

Threads with active compile tasks:

VM state: at safepoint (normal execution)

VM Mutex/Monitor currently owned by a thread:  ([mutex/lock_event])
[0x0000020bcac6b750] Threads_lock - owner thread: 0x0000020bcae2afe0
[0x0000020bcad639b0] Heap_lock - owner thread: 0x0000020bd7d3e4c0

Heap address: 0x00000000c0000000, size: 1024 MB, Compressed Oops mode: 32-bit

CDS archive(s) not mapped
Compressed class space mapped at: 0x0000000100000000-0x0000000140000000, reserved size: 1073741824
Narrow klass base: 0x0000000000000000, Narrow klass shift: 3, Narrow klass range: 0x140000000

GC Precious Log:
 CPUs: 4 total, 4 available
 Memory: 3718M
 Large Page Support: Disabled
 NUMA Support: Disabled
 Compressed Oops: Enabled (32-bit)
 Heap Region Size: 1M
 Heap Min Capacity: 8M
 Heap Initial Capacity: 60M
 Heap Max Capacity: 1G
 Pre-touch: Disabled
 Parallel Workers: 4
 Concurrent Workers: 1
 Concurrent Refinement Workers: 4
 Periodic GC: Disabled

Heap:
 garbage-first heap   total 248832K, used 100364K [0x00000000c0000000, 0x0000000100000000)
  region size 1024K, 10 young (10240K), 10 survivors (10240K)
 Metaspace       used 35538K, committed 35968K, reserved 1081344K
  class space    used 4599K, committed 4800K, reserved 1048576K

Heap Regions: E=young(eden), S=young(survivor), O=old, HS=humongous(starts), HC=humongous(continues), CS=collection set, F=free, OA=open archive, CA=closed archive, TAMS=top-at-mark-start (previous, next)
|   0|0x00000000c0000000, 0x00000000c0100000, 0x00000000c0100000|100%| O|  |TAMS 0x00000000c0100000, 0x00000000c0100000| Untracked 
|   1|0x00000000c0100000, 0x00000000c0200000, 0x00000000c0200000|100%| O|  |TAMS 0x00000000c0200000, 0x00000000c0200000| Untracked 
|   2|0x00000000c0200000, 0x00000000c0300000, 0x00000000c0300000|100%| O|  |TAMS 0x00000000c0300000, 0x00000000c0300000| Untracked 
|   3|0x00000000c0300000, 0x00000000c0400000, 0x00000000c0400000|100%| O|  |TAMS 0x00000000c0400000, 0x00000000c0400000| Untracked 
|   4|0x00000000c0400000, 0x00000000c0500000, 0x00000000c0500000|100%| O|  |TAMS 0x00000000c0500000, 0x00000000c0500000| Untracked 
|   5|0x00000000c0500000, 0x00000000c0600000, 0x00000000c0600000|100%| O|  |TAMS 0x00000000c0600000, 0x00000000c0600000| Untracked 
|   6|0x00000000c0600000, 0x00000000c0700000, 0x00000000c0700000|100%| O|  |TAMS 0x00000000c0700000, 0x00000000c0700000| Untracked 
|   7|0x00000000c0700000, 0x00000000c0800000, 0x00000000c0800000|100%| O|  |TAMS 0x00000000c0800000, 0x00000000c0800000| Untracked 
|   8|0x00000000c0800000, 0x00000000c0900000, 0x00000000c0900000|100%| O|  |TAMS 0x00000000c0900000, 0x00000000c0900000| Untracked 
|   9|0x00000000c0900000, 0x00000000c0a00000, 0x00000000c0a00000|100%| O|  |TAMS 0x00000000c0a00000, 0x00000000c0a00000| Untracked 
|  10|0x00000000c0a00000, 0x00000000c0b00000, 0x00000000c0b00000|100%| O|  |TAMS 0x00000000c0b00000, 0x00000000c0b00000| Untracked 
|  11|0x00000000c0b00000, 0x00000000c0ba1400, 0x00000000c0c00000| 62%| O|  |TAMS 0x00000000c0ba1400, 0x00000000c0ba1400| Untracked 
|  12|0x00000000c0c00000, 0x00000000c0d00000, 0x00000000c0d00000|100%| O|  |TAMS 0x00000000c0d00000, 0x00000000c0d00000| Untracked 
|  13|0x00000000c0d00000, 0x00000000c0e00000, 0x00000000c0e00000|100%| O|  |TAMS 0x00000000c0e00000, 0x00000000c0e00000| Untracked 
|  14|0x00000000c0e00000, 0x00000000c0f00000, 0x00000000c0f00000|100%| O|  |TAMS 0x00000000c0f00000, 0x00000000c0f00000| Untracked 
|  15|0x00000000c0f00000, 0x00000000c1000000, 0x00000000c1000000|100%| O|  |TAMS 0x00000000c1000000, 0x00000000c1000000| Untracked 
|  16|0x00000000c1000000, 0x00000000c1100000, 0x00000000c1100000|100%| O|  |TAMS 0x00000000c1100000, 0x00000000c1100000| Untracked 
|  17|0x00000000c1100000, 0x00000000c1200000, 0x00000000c1200000|100%| O|  |TAMS 0x00000000c1200000, 0x00000000c1200000| Untracked 
|  18|0x00000000c1200000, 0x00000000c1300000, 0x00000000c1300000|100%| O|  |TAMS 0x00000000c1300000, 0x00000000c1300000| Untracked 
|  19|0x00000000c1300000, 0x00000000c1400000, 0x00000000c1400000|100%| O|  |TAMS 0x00000000c1400000, 0x00000000c1400000| Untracked 
|  20|0x00000000c1400000, 0x00000000c1500000, 0x00000000c1500000|100%| O|  |TAMS 0x00000000c1500000, 0x00000000c1500000| Untracked 
|  21|0x00000000c1500000, 0x00000000c1600000, 0x00000000c1600000|100%| O|  |TAMS 0x00000000c1600000, 0x00000000c1600000| Untracked 
|  22|0x00000000c1600000, 0x00000000c1700000, 0x00000000c1700000|100%| O|  |TAMS 0x00000000c1700000, 0x00000000c1700000| Untracked 
|  23|0x00000000c1700000, 0x00000000c1800000, 0x00000000c1800000|100%| O|  |TAMS 0x00000000c1800000, 0x00000000c1800000| Untracked 
|  24|0x00000000c1800000, 0x00000000c1900000, 0x00000000c1900000|100%| O|  |TAMS 0x00000000c1900000, 0x00000000c1900000| Untracked 
|  25|0x00000000c1900000, 0x00000000c1a00000, 0x00000000c1a00000|100%| O|  |TAMS 0x00000000c1a00000, 0x00000000c1a00000| Untracked 
|  26|0x00000000c1a00000, 0x00000000c1b00000, 0x00000000c1b00000|100%| O|  |TAMS 0x00000000c1b00000, 0x00000000c1b00000| Untracked 
|  27|0x00000000c1b00000, 0x00000000c1c00000, 0x00000000c1c00000|100%| O|  |TAMS 0x00000000c1c00000, 0x00000000c1c00000| Untracked 
|  28|0x00000000c1c00000, 0x00000000c1d00000, 0x00000000c1d00000|100%| O|  |TAMS 0x00000000c1d00000, 0x00000000c1d00000| Untracked 
|  29|0x00000000c1d00000, 0x00000000c1e00000, 0x00000000c1e00000|100%| O|  |TAMS 0x00000000c1e00000, 0x00000000c1e00000| Untracked 
|  30|0x00000000c1e00000, 0x00000000c1f00000, 0x00000000c1f00000|100%| O|  |TAMS 0x00000000c1f00000, 0x00000000c1f00000| Untracked 
|  31|0x00000000c1f00000, 0x00000000c2000000, 0x00000000c2000000|100%| O|  |TAMS 0x00000000c2000000, 0x00000000c2000000| Untracked 
|  32|0x00000000c2000000, 0x00000000c2100000, 0x00000000c2100000|100%| O|  |TAMS 0x00000000c2100000, 0x00000000c2100000| Untracked 
|  33|0x00000000c2100000, 0x00000000c2200000, 0x00000000c2200000|100%| O|  |TAMS 0x00000000c2200000, 0x00000000c2200000| Untracked 
|  34|0x00000000c2200000, 0x00000000c2300000, 0x00000000c2300000|100%| O|  |TAMS 0x00000000c2300000, 0x00000000c2300000| Untracked 
|  35|0x00000000c2300000, 0x00000000c2400000, 0x00000000c2400000|100%| O|  |TAMS 0x00000000c233f200, 0x00000000c2400000| Untracked 
|  36|0x00000000c2400000, 0x00000000c2500000, 0x00000000c2500000|100%| O|  |TAMS 0x00000000c2400000, 0x00000000c2500000| Untracked 
|  37|0x00000000c2500000, 0x00000000c2600000, 0x00000000c2600000|100%| O|  |TAMS 0x00000000c2500000, 0x00000000c2600000| Untracked 
|  38|0x00000000c2600000, 0x00000000c2700000, 0x00000000c2700000|100%| O|  |TAMS 0x00000000c2600000, 0x00000000c2700000| Untracked 
|  39|0x00000000c2700000, 0x00000000c2800000, 0x00000000c2800000|100%| O|  |TAMS 0x00000000c2700000, 0x00000000c2800000| Untracked 
|  40|0x00000000c2800000, 0x00000000c2900000, 0x00000000c2900000|100%| O|  |TAMS 0x00000000c2800000, 0x00000000c2900000| Untracked 
|  41|0x00000000c2900000, 0x00000000c2a00000, 0x00000000c2a00000|100%| O|  |TAMS 0x00000000c2900000, 0x00000000c2a00000| Untracked 
|  42|0x00000000c2a00000, 0x00000000c2b00000, 0x00000000c2b00000|100%| O|  |TAMS 0x00000000c2a00000, 0x00000000c2b00000| Untracked 
|  43|0x00000000c2b00000, 0x00000000c2c00000, 0x00000000c2c00000|100%| O|  |TAMS 0x00000000c2b00000, 0x00000000c2c00000| Untracked 
|  44|0x00000000c2c00000, 0x00000000c2d00000, 0x00000000c2d00000|100%| O|  |TAMS 0x00000000c2c00000, 0x00000000c2d00000| Untracked 
|  45|0x00000000c2d00000, 0x00000000c2e00000, 0x00000000c2e00000|100%| O|  |TAMS 0x00000000c2d00000, 0x00000000c2e00000| Untracked 
|  46|0x00000000c2e00000, 0x00000000c2f00000, 0x00000000c2f00000|100%| O|  |TAMS 0x00000000c2e00000, 0x00000000c2e46a00| Untracked 
|  47|0x00000000c2f00000, 0x00000000c3000000, 0x00000000c3000000|100%| O|  |TAMS 0x00000000c2f00000, 0x00000000c2f00000| Untracked 
|  48|0x00000000c3000000, 0x00000000c3100000, 0x00000000c3100000|100%| O|  |TAMS 0x00000000c3000000, 0x00000000c3000000| Untracked 
|  49|0x00000000c3100000, 0x00000000c3200000, 0x00000000c3200000|100%|HS|  |TAMS 0x00000000c3100000, 0x00000000c3100000| Complete 
|  50|0x00000000c3200000, 0x00000000c3300000, 0x00000000c3300000|100%|HS|  |TAMS 0x00000000c3200000, 0x00000000c3200000| Complete 
|  51|0x00000000c3300000, 0x00000000c3400000, 0x00000000c3400000|100%| O|  |TAMS 0x00000000c3300000, 0x00000000c3300000| Untracked 
|  52|0x00000000c3400000, 0x00000000c3500000, 0x00000000c3500000|100%| O|  |TAMS 0x00000000c3400000, 0x00000000c3400000| Untracked 
|  53|0x00000000c3500000, 0x00000000c3600000, 0x00000000c3600000|100%| O|  |TAMS 0x00000000c3500000, 0x00000000c3500000| Untracked 
|  54|0x00000000c3600000, 0x00000000c3700000, 0x00000000c3700000|100%| O|  |TAMS 0x00000000c3600000, 0x00000000c3600000| Untracked 
|  55|0x00000000c3700000, 0x00000000c3800000, 0x00000000c3800000|100%| O|  |TAMS 0x00000000c3700000, 0x00000000c3700000| Untracked 
|  56|0x00000000c3800000, 0x00000000c3900000, 0x00000000c3900000|100%| O|  |TAMS 0x00000000c3800000, 0x00000000c3800000| Untracked 
|  57|0x00000000c3900000, 0x00000000c3a00000, 0x00000000c3a00000|100%| O|  |TAMS 0x00000000c3900000, 0x00000000c3900000| Untracked 
|  58|0x00000000c3a00000, 0x00000000c3b00000, 0x00000000c3b00000|100%| O|  |TAMS 0x00000000c3a00000, 0x00000000c3a00000| Untracked 
|  59|0x00000000c3b00000, 0x00000000c3c00000, 0x00000000c3c00000|100%| O|  |TAMS 0x00000000c3b00000, 0x00000000c3b00000| Untracked 
|  60|0x00000000c3c00000, 0x00000000c3d00000, 0x00000000c3d00000|100%| O|  |TAMS 0x00000000c3c00000, 0x00000000c3c00000| Untracked 
|  61|0x00000000c3d00000, 0x00000000c3e00000, 0x00000000c3e00000|100%| O|  |TAMS 0x00000000c3d00000, 0x00000000c3d00000| Untracked 
|  62|0x00000000c3e00000, 0x00000000c3f00000, 0x00000000c3f00000|100%| O|  |TAMS 0x00000000c3e00000, 0x00000000c3e00000| Untracked 
|  63|0x00000000c3f00000, 0x00000000c4000000, 0x00000000c4000000|100%| O|  |TAMS 0x00000000c3f00000, 0x00000000c3f00000| Untracked 
|  64|0x00000000c4000000, 0x00000000c4100000, 0x00000000c4100000|100%| O|  |TAMS 0x00000000c4000000, 0x00000000c4000000| Untracked 
|  65|0x00000000c4100000, 0x00000000c4200000, 0x00000000c4200000|100%| O|  |TAMS 0x00000000c4100000, 0x00000000c4100000| Untracked 
|  66|0x00000000c4200000, 0x00000000c4300000, 0x00000000c4300000|100%| O|  |TAMS 0x00000000c4200000, 0x00000000c4200000| Untracked 
|  67|0x00000000c4300000, 0x00000000c4400000, 0x00000000c4400000|100%| O|  |TAMS 0x00000000c4300000, 0x00000000c4300000| Untracked 
|  68|0x00000000c4400000, 0x00000000c4500000, 0x00000000c4500000|100%| O|  |TAMS 0x00000000c4400000, 0x00000000c4400000| Untracked 
|  69|0x00000000c4500000, 0x00000000c4600000, 0x00000000c4600000|100%| O|  |TAMS 0x00000000c4500000, 0x00000000c4500000| Untracked 
|  70|0x00000000c4600000, 0x00000000c4700000, 0x00000000c4700000|100%| O|  |TAMS 0x00000000c4600000, 0x00000000c4600000| Untracked 
|  71|0x00000000c4700000, 0x00000000c4800000, 0x00000000c4800000|100%| O|  |TAMS 0x00000000c4700000, 0x00000000c4700000| Untracked 
|  72|0x00000000c4800000, 0x00000000c4900000, 0x00000000c4900000|100%| O|  |TAMS 0x00000000c4800000, 0x00000000c4800000| Untracked 
|  73|0x00000000c4900000, 0x00000000c4a00000, 0x00000000c4a00000|100%| O|  |TAMS 0x00000000c4900000, 0x00000000c4900000| Untracked 
|  74|0x00000000c4a00000, 0x00000000c4b00000, 0x00000000c4b00000|100%| O|  |TAMS 0x00000000c4a00000, 0x00000000c4a00000| Untracked 
|  75|0x00000000c4b00000, 0x00000000c4c00000, 0x00000000c4c00000|100%| O|  |TAMS 0x00000000c4b00000, 0x00000000c4b00000| Untracked 
|  76|0x00000000c4c00000, 0x00000000c4d00000, 0x00000000c4d00000|100%| O|  |TAMS 0x00000000c4c00000, 0x00000000c4c00000| Untracked 
|  77|0x00000000c4d00000, 0x00000000c4e00000, 0x00000000c4e00000|100%| O|  |TAMS 0x00000000c4d00000, 0x00000000c4d00000| Untracked 
|  78|0x00000000c4e00000, 0x00000000c4f00000, 0x00000000c4f00000|100%| O|  |TAMS 0x00000000c4e00000, 0x00000000c4e00000| Untracked 
|  79|0x00000000c4f00000, 0x00000000c5000000, 0x00000000c5000000|100%| O|  |TAMS 0x00000000c4f00000, 0x00000000c4f00000| Untracked 
|  80|0x00000000c5000000, 0x00000000c5100000, 0x00000000c5100000|100%| O|  |TAMS 0x00000000c5000000, 0x00000000c5000000| Untracked 
|  81|0x00000000c5100000, 0x00000000c5200000, 0x00000000c5200000|100%| O|  |TAMS 0x00000000c5100000, 0x00000000c5100000| Untracked 
|  82|0x00000000c5200000, 0x00000000c5300000, 0x00000000c5300000|100%| O|  |TAMS 0x00000000c5200000, 0x00000000c5200000| Untracked 
|  83|0x00000000c5300000, 0x00000000c5400000, 0x00000000c5400000|100%| O|  |TAMS 0x00000000c5300000, 0x00000000c5300000| Untracked 
|  84|0x00000000c5400000, 0x00000000c5500000, 0x00000000c5500000|100%| O|  |TAMS 0x00000000c5400000, 0x00000000c5400000| Untracked 
|  85|0x00000000c5500000, 0x00000000c5600000, 0x00000000c5600000|100%| O|  |TAMS 0x00000000c5500000, 0x00000000c5500000| Untracked 
|  86|0x00000000c5600000, 0x00000000c5700000, 0x00000000c5700000|100%| O|  |TAMS 0x00000000c5600000, 0x00000000c5600000| Untracked 
|  87|0x00000000c5700000, 0x00000000c5800000, 0x00000000c5800000|100%| O|  |TAMS 0x00000000c5700000, 0x00000000c5700000| Untracked 
|  88|0x00000000c5800000, 0x00000000c58edc00, 0x00000000c5900000| 92%| O|  |TAMS 0x00000000c5800000, 0x00000000c5800000| Untracked 
|  89|0x00000000c5900000, 0x00000000c5900000, 0x00000000c5a00000|  0%| F|  |TAMS 0x00000000c5900000, 0x00000000c5900000| Untracked 
|  90|0x00000000c5a00000, 0x00000000c5a00000, 0x00000000c5b00000|  0%| F|  |TAMS 0x00000000c5a00000, 0x00000000c5a00000| Untracked 
|  91|0x00000000c5b00000, 0x00000000c5b00000, 0x00000000c5c00000|  0%| F|  |TAMS 0x00000000c5b00000, 0x00000000c5b00000| Untracked 
|  92|0x00000000c5c00000, 0x00000000c5c00000, 0x00000000c5d00000|  0%| F|  |TAMS 0x00000000c5c00000, 0x00000000c5c00000| Untracked 
|  93|0x00000000c5d00000, 0x00000000c5d00000, 0x00000000c5e00000|  0%| F|  |TAMS 0x00000000c5d00000, 0x00000000c5d00000| Untracked 
|  94|0x00000000c5e00000, 0x00000000c5e00000, 0x00000000c5f00000|  0%| F|  |TAMS 0x00000000c5e00000, 0x00000000c5e00000| Untracked 
|  95|0x00000000c5f00000, 0x00000000c5f00000, 0x00000000c6000000|  0%| F|  |TAMS 0x00000000c5f00000, 0x00000000c5f00000| Untracked 
|  96|0x00000000c6000000, 0x00000000c6000000, 0x00000000c6100000|  0%| F|  |TAMS 0x00000000c6000000, 0x00000000c6000000| Untracked 
|  97|0x00000000c6100000, 0x00000000c6100000, 0x00000000c6200000|  0%| F|  |TAMS 0x00000000c6100000, 0x00000000c6100000| Untracked 
|  98|0x00000000c6200000, 0x00000000c6200000, 0x00000000c6300000|  0%| F|  |TAMS 0x00000000c6200000, 0x00000000c6200000| Untracked 
|  99|0x00000000c6300000, 0x00000000c6300000, 0x00000000c6400000|  0%| F|  |TAMS 0x00000000c6300000, 0x00000000c6300000| Untracked 
| 100|0x00000000c6400000, 0x00000000c6400000, 0x00000000c6500000|  0%| F|  |TAMS 0x00000000c6400000, 0x00000000c6400000| Untracked 
| 101|0x00000000c6500000, 0x00000000c6500000, 0x00000000c6600000|  0%| F|  |TAMS 0x00000000c6500000, 0x00000000c6500000| Untracked 
| 102|0x00000000c6600000, 0x00000000c6600000, 0x00000000c6700000|  0%| F|  |TAMS 0x00000000c6600000, 0x00000000c6600000| Untracked 
| 103|0x00000000c6700000, 0x00000000c6700000, 0x00000000c6800000|  0%| F|  |TAMS 0x00000000c6700000, 0x00000000c6700000| Untracked 
| 104|0x00000000c6800000, 0x00000000c6800000, 0x00000000c6900000|  0%| F|  |TAMS 0x00000000c6800000, 0x00000000c6800000| Untracked 
| 105|0x00000000c6900000, 0x00000000c6900000, 0x00000000c6a00000|  0%| F|  |TAMS 0x00000000c6900000, 0x00000000c6900000| Untracked 
| 106|0x00000000c6a00000, 0x00000000c6a00000, 0x00000000c6b00000|  0%| F|  |TAMS 0x00000000c6a00000, 0x00000000c6a00000| Untracked 
| 107|0x00000000c6b00000, 0x00000000c6b00000, 0x00000000c6c00000|  0%| F|  |TAMS 0x00000000c6b00000, 0x00000000c6b00000| Untracked 
| 108|0x00000000c6c00000, 0x00000000c6c00000, 0x00000000c6d00000|  0%| F|  |TAMS 0x00000000c6c00000, 0x00000000c6c00000| Untracked 
| 109|0x00000000c6d00000, 0x00000000c6d00000, 0x00000000c6e00000|  0%| F|  |TAMS 0x00000000c6d00000, 0x00000000c6d00000| Untracked 
| 110|0x00000000c6e00000, 0x00000000c6e00000, 0x00000000c6f00000|  0%| F|  |TAMS 0x00000000c6e00000, 0x00000000c6e00000| Untracked 
| 111|0x00000000c6f00000, 0x00000000c6f00000, 0x00000000c7000000|  0%| F|  |TAMS 0x00000000c6f00000, 0x00000000c6f00000| Untracked 
| 112|0x00000000c7000000, 0x00000000c7000000, 0x00000000c7100000|  0%| F|  |TAMS 0x00000000c7000000, 0x00000000c7000000| Untracked 
| 113|0x00000000c7100000, 0x00000000c7100000, 0x00000000c7200000|  0%| F|  |TAMS 0x00000000c7100000, 0x00000000c7100000| Untracked 
| 114|0x00000000c7200000, 0x00000000c7200000, 0x00000000c7300000|  0%| F|  |TAMS 0x00000000c7200000, 0x00000000c7200000| Untracked 
| 115|0x00000000c7300000, 0x00000000c7300000, 0x00000000c7400000|  0%| F|  |TAMS 0x00000000c7300000, 0x00000000c7300000| Untracked 
| 116|0x00000000c7400000, 0x00000000c7400000, 0x00000000c7500000|  0%| F|  |TAMS 0x00000000c7400000, 0x00000000c7400000| Untracked 
| 117|0x00000000c7500000, 0x00000000c7574080, 0x00000000c7600000| 45%| S|CS|TAMS 0x00000000c7500000, 0x00000000c7500000| Complete 
| 118|0x00000000c7600000, 0x00000000c7700000, 0x00000000c7700000|100%| S|CS|TAMS 0x00000000c7600000, 0x00000000c7600000| Complete 
| 119|0x00000000c7700000, 0x00000000c7800000, 0x00000000c7800000|100%| S|CS|TAMS 0x00000000c7700000, 0x00000000c7700000| Complete 
| 120|0x00000000c7800000, 0x00000000c7900000, 0x00000000c7900000|100%| S|CS|TAMS 0x00000000c7800000, 0x00000000c7800000| Complete 
| 121|0x00000000c7900000, 0x00000000c7a00000, 0x00000000c7a00000|100%| S|CS|TAMS 0x00000000c7900000, 0x00000000c7900000| Complete 
| 122|0x00000000c7a00000, 0x00000000c7b00000, 0x00000000c7b00000|100%| S|CS|TAMS 0x00000000c7a00000, 0x00000000c7a00000| Complete 
| 123|0x00000000c7b00000, 0x00000000c7c00000, 0x00000000c7c00000|100%| S|CS|TAMS 0x00000000c7b00000, 0x00000000c7b00000| Complete 
| 124|0x00000000c7c00000, 0x00000000c7c00000, 0x00000000c7d00000|  0%| F|  |TAMS 0x00000000c7c00000, 0x00000000c7c00000| Untracked 
| 125|0x00000000c7d00000, 0x00000000c7d00000, 0x00000000c7e00000|  0%| F|  |TAMS 0x00000000c7d00000, 0x00000000c7d00000| Untracked 
| 126|0x00000000c7e00000, 0x00000000c7e00000, 0x00000000c7f00000|  0%| F|  |TAMS 0x00000000c7e00000, 0x00000000c7e00000| Untracked 
| 127|0x00000000c7f00000, 0x00000000c7f00000, 0x00000000c8000000|  0%| F|  |TAMS 0x00000000c7f00000, 0x00000000c7f00000| Untracked 
| 128|0x00000000c8000000, 0x00000000c8000000, 0x00000000c8100000|  0%| F|  |TAMS 0x00000000c8000000, 0x00000000c8000000| Untracked 
| 129|0x00000000c8100000, 0x00000000c8100000, 0x00000000c8200000|  0%| F|  |TAMS 0x00000000c8100000, 0x00000000c8100000| Untracked 
| 130|0x00000000c8200000, 0x00000000c8200000, 0x00000000c8300000|  0%| F|  |TAMS 0x00000000c8200000, 0x00000000c8200000| Untracked 
| 131|0x00000000c8300000, 0x00000000c8400000, 0x00000000c8400000|100%| S|CS|TAMS 0x00000000c8300000, 0x00000000c8300000| Complete 
| 132|0x00000000c8400000, 0x00000000c8400000, 0x00000000c8500000|  0%| F|  |TAMS 0x00000000c8400000, 0x00000000c8400000| Untracked 
| 133|0x00000000c8500000, 0x00000000c8500000, 0x00000000c8600000|  0%| F|  |TAMS 0x00000000c8500000, 0x00000000c8500000| Untracked 
| 134|0x00000000c8600000, 0x00000000c8700000, 0x00000000c8700000|100%| S|CS|TAMS 0x00000000c8600000, 0x00000000c8600000| Complete 
| 135|0x00000000c8700000, 0x00000000c8800000, 0x00000000c8800000|100%| S|CS|TAMS 0x00000000c8700000, 0x00000000c8700000| Complete 
| 136|0x00000000c8800000, 0x00000000c8800000, 0x00000000c8900000|  0%| F|  |TAMS 0x00000000c8800000, 0x00000000c8800000| Untracked 
| 137|0x00000000c8900000, 0x00000000c8900000, 0x00000000c8a00000|  0%| F|  |TAMS 0x00000000c8900000, 0x00000000c8900000| Untracked 
| 138|0x00000000c8a00000, 0x00000000c8a00000, 0x00000000c8b00000|  0%| F|  |TAMS 0x00000000c8a00000, 0x00000000c8a00000| Untracked 
| 139|0x00000000c8b00000, 0x00000000c8b00000, 0x00000000c8c00000|  0%| F|  |TAMS 0x00000000c8b00000, 0x00000000c8b00000| Untracked 
| 140|0x00000000c8c00000, 0x00000000c8c00000, 0x00000000c8d00000|  0%| F|  |TAMS 0x00000000c8c00000, 0x00000000c8c00000| Untracked 
| 141|0x00000000c8d00000, 0x00000000c8d00000, 0x00000000c8e00000|  0%| F|  |TAMS 0x00000000c8d00000, 0x00000000c8d00000| Untracked 
| 142|0x00000000c8e00000, 0x00000000c8e00000, 0x00000000c8f00000|  0%| F|  |TAMS 0x00000000c8e00000, 0x00000000c8e00000| Untracked 
| 143|0x00000000c8f00000, 0x00000000c8f00000, 0x00000000c9000000|  0%| F|  |TAMS 0x00000000c8f00000, 0x00000000c8f00000| Untracked 
| 144|0x00000000c9000000, 0x00000000c9000000, 0x00000000c9100000|  0%| F|  |TAMS 0x00000000c9000000, 0x00000000c9000000| Untracked 
| 145|0x00000000c9100000, 0x00000000c9100000, 0x00000000c9200000|  0%| F|  |TAMS 0x00000000c9100000, 0x00000000c9100000| Untracked 
| 146|0x00000000c9200000, 0x00000000c9200000, 0x00000000c9300000|  0%| F|  |TAMS 0x00000000c9200000, 0x00000000c9200000| Untracked 
| 147|0x00000000c9300000, 0x00000000c9300000, 0x00000000c9400000|  0%| F|  |TAMS 0x00000000c9300000, 0x00000000c9300000| Untracked 
| 148|0x00000000c9400000, 0x00000000c9400000, 0x00000000c9500000|  0%| F|  |TAMS 0x00000000c9400000, 0x00000000c9400000| Untracked 
| 149|0x00000000c9500000, 0x00000000c9500000, 0x00000000c9600000|  0%| F|  |TAMS 0x00000000c9500000, 0x00000000c9500000| Untracked 
| 150|0x00000000c9600000, 0x00000000c9600000, 0x00000000c9700000|  0%| F|  |TAMS 0x00000000c9600000, 0x00000000c9600000| Untracked 
| 151|0x00000000c9700000, 0x00000000c9700000, 0x00000000c9800000|  0%| F|  |TAMS 0x00000000c9700000, 0x00000000c9700000| Untracked 
| 152|0x00000000c9800000, 0x00000000c9800000, 0x00000000c9900000|  0%| F|  |TAMS 0x00000000c9800000, 0x00000000c9800000| Untracked 
| 153|0x00000000c9900000, 0x00000000c9900000, 0x00000000c9a00000|  0%| F|  |TAMS 0x00000000c9900000, 0x00000000c9900000| Untracked 
| 154|0x00000000c9a00000, 0x00000000c9a00000, 0x00000000c9b00000|  0%| F|  |TAMS 0x00000000c9a00000, 0x00000000c9a00000| Untracked 
| 155|0x00000000c9b00000, 0x00000000c9b00000, 0x00000000c9c00000|  0%| F|  |TAMS 0x00000000c9b00000, 0x00000000c9b00000| Untracked 
| 156|0x00000000c9c00000, 0x00000000c9c00000, 0x00000000c9d00000|  0%| F|  |TAMS 0x00000000c9c00000, 0x00000000c9c00000| Untracked 
| 157|0x00000000c9d00000, 0x00000000c9d00000, 0x00000000c9e00000|  0%| F|  |TAMS 0x00000000c9d00000, 0x00000000c9d00000| Untracked 
| 158|0x00000000c9e00000, 0x00000000c9e00000, 0x00000000c9f00000|  0%| F|  |TAMS 0x00000000c9e00000, 0x00000000c9e00000| Untracked 
| 159|0x00000000c9f00000, 0x00000000c9f00000, 0x00000000ca000000|  0%| F|  |TAMS 0x00000000c9f00000, 0x00000000c9f00000| Untracked 
| 160|0x00000000ca000000, 0x00000000ca000000, 0x00000000ca100000|  0%| F|  |TAMS 0x00000000ca000000, 0x00000000ca000000| Untracked 
| 161|0x00000000ca100000, 0x00000000ca100000, 0x00000000ca200000|  0%| F|  |TAMS 0x00000000ca100000, 0x00000000ca100000| Untracked 
| 162|0x00000000ca200000, 0x00000000ca200000, 0x00000000ca300000|  0%| F|  |TAMS 0x00000000ca200000, 0x00000000ca200000| Untracked 
| 163|0x00000000ca300000, 0x00000000ca300000, 0x00000000ca400000|  0%| F|  |TAMS 0x00000000ca300000, 0x00000000ca300000| Untracked 
| 164|0x00000000ca400000, 0x00000000ca400000, 0x00000000ca500000|  0%| F|  |TAMS 0x00000000ca400000, 0x00000000ca400000| Untracked 
| 165|0x00000000ca500000, 0x00000000ca500000, 0x00000000ca600000|  0%| F|  |TAMS 0x00000000ca500000, 0x00000000ca500000| Untracked 
| 166|0x00000000ca600000, 0x00000000ca600000, 0x00000000ca700000|  0%| F|  |TAMS 0x00000000ca600000, 0x00000000ca600000| Untracked 
| 167|0x00000000ca700000, 0x00000000ca700000, 0x00000000ca800000|  0%| F|  |TAMS 0x00000000ca700000, 0x00000000ca700000| Untracked 
| 168|0x00000000ca800000, 0x00000000ca800000, 0x00000000ca900000|  0%| F|  |TAMS 0x00000000ca800000, 0x00000000ca800000| Untracked 
| 169|0x00000000ca900000, 0x00000000ca900000, 0x00000000caa00000|  0%| F|  |TAMS 0x00000000ca900000, 0x00000000ca900000| Untracked 
| 170|0x00000000caa00000, 0x00000000caa00000, 0x00000000cab00000|  0%| F|  |TAMS 0x00000000caa00000, 0x00000000caa00000| Untracked 
| 171|0x00000000cab00000, 0x00000000cab00000, 0x00000000cac00000|  0%| F|  |TAMS 0x00000000cab00000, 0x00000000cab00000| Untracked 
| 172|0x00000000cac00000, 0x00000000cac00000, 0x00000000cad00000|  0%| F|  |TAMS 0x00000000cac00000, 0x00000000cac00000| Untracked 
| 173|0x00000000cad00000, 0x00000000cad00000, 0x00000000cae00000|  0%| F|  |TAMS 0x00000000cad00000, 0x00000000cad00000| Untracked 
| 174|0x00000000cae00000, 0x00000000cae00000, 0x00000000caf00000|  0%| F|  |TAMS 0x00000000cae00000, 0x00000000cae00000| Untracked 
| 175|0x00000000caf00000, 0x00000000caf00000, 0x00000000cb000000|  0%| F|  |TAMS 0x00000000caf00000, 0x00000000caf00000| Untracked 
| 176|0x00000000cb000000, 0x00000000cb000000, 0x00000000cb100000|  0%| F|  |TAMS 0x00000000cb000000, 0x00000000cb000000| Untracked 
| 177|0x00000000cb100000, 0x00000000cb100000, 0x00000000cb200000|  0%| F|  |TAMS 0x00000000cb100000, 0x00000000cb100000| Untracked 
| 178|0x00000000cb200000, 0x00000000cb200000, 0x00000000cb300000|  0%| F|  |TAMS 0x00000000cb200000, 0x00000000cb200000| Untracked 
| 179|0x00000000cb300000, 0x00000000cb300000, 0x00000000cb400000|  0%| F|  |TAMS 0x00000000cb300000, 0x00000000cb300000| Untracked 
| 180|0x00000000cb400000, 0x00000000cb400000, 0x00000000cb500000|  0%| F|  |TAMS 0x00000000cb400000, 0x00000000cb400000| Untracked 
| 181|0x00000000cb500000, 0x00000000cb500000, 0x00000000cb600000|  0%| F|  |TAMS 0x00000000cb500000, 0x00000000cb500000| Untracked 
| 182|0x00000000cb600000, 0x00000000cb600000, 0x00000000cb700000|  0%| F|  |TAMS 0x00000000cb600000, 0x00000000cb600000| Untracked 
| 183|0x00000000cb700000, 0x00000000cb700000, 0x00000000cb800000|  0%| F|  |TAMS 0x00000000cb700000, 0x00000000cb700000| Untracked 
| 184|0x00000000cb800000, 0x00000000cb800000, 0x00000000cb900000|  0%| F|  |TAMS 0x00000000cb800000, 0x00000000cb800000| Untracked 
| 185|0x00000000cb900000, 0x00000000cb900000, 0x00000000cba00000|  0%| F|  |TAMS 0x00000000cb900000, 0x00000000cb900000| Untracked 
| 186|0x00000000cba00000, 0x00000000cba00000, 0x00000000cbb00000|  0%| F|  |TAMS 0x00000000cba00000, 0x00000000cba00000| Untracked 
| 187|0x00000000cbb00000, 0x00000000cbb00000, 0x00000000cbc00000|  0%| F|  |TAMS 0x00000000cbb00000, 0x00000000cbb00000| Untracked 
| 188|0x00000000cbc00000, 0x00000000cbc00000, 0x00000000cbd00000|  0%| F|  |TAMS 0x00000000cbc00000, 0x00000000cbc00000| Untracked 
| 189|0x00000000cbd00000, 0x00000000cbd00000, 0x00000000cbe00000|  0%| F|  |TAMS 0x00000000cbd00000, 0x00000000cbd00000| Untracked 
| 190|0x00000000cbe00000, 0x00000000cbe00000, 0x00000000cbf00000|  0%| F|  |TAMS 0x00000000cbe00000, 0x00000000cbe00000| Untracked 
| 191|0x00000000cbf00000, 0x00000000cbf00000, 0x00000000cc000000|  0%| F|  |TAMS 0x00000000cbf00000, 0x00000000cbf00000| Untracked 
| 192|0x00000000cc000000, 0x00000000cc000000, 0x00000000cc100000|  0%| F|  |TAMS 0x00000000cc000000, 0x00000000cc000000| Untracked 
| 193|0x00000000cc100000, 0x00000000cc100000, 0x00000000cc200000|  0%| F|  |TAMS 0x00000000cc100000, 0x00000000cc100000| Untracked 
| 194|0x00000000cc200000, 0x00000000cc200000, 0x00000000cc300000|  0%| F|  |TAMS 0x00000000cc200000, 0x00000000cc200000| Untracked 
| 195|0x00000000cc300000, 0x00000000cc300000, 0x00000000cc400000|  0%| F|  |TAMS 0x00000000cc300000, 0x00000000cc300000| Untracked 
| 196|0x00000000cc400000, 0x00000000cc400000, 0x00000000cc500000|  0%| F|  |TAMS 0x00000000cc400000, 0x00000000cc400000| Untracked 
| 197|0x00000000cc500000, 0x00000000cc500000, 0x00000000cc600000|  0%| F|  |TAMS 0x00000000cc500000, 0x00000000cc500000| Untracked 
| 198|0x00000000cc600000, 0x00000000cc600000, 0x00000000cc700000|  0%| F|  |TAMS 0x00000000cc600000, 0x00000000cc600000| Untracked 
| 199|0x00000000cc700000, 0x00000000cc700000, 0x00000000cc800000|  0%| F|  |TAMS 0x00000000cc700000, 0x00000000cc700000| Untracked 
| 200|0x00000000cc800000, 0x00000000cc800000, 0x00000000cc900000|  0%| F|  |TAMS 0x00000000cc800000, 0x00000000cc800000| Untracked 
| 201|0x00000000cc900000, 0x00000000cc900000, 0x00000000cca00000|  0%| F|  |TAMS 0x00000000cc900000, 0x00000000cc900000| Untracked 
| 202|0x00000000cca00000, 0x00000000cca00000, 0x00000000ccb00000|  0%| F|  |TAMS 0x00000000cca00000, 0x00000000cca00000| Untracked 
| 203|0x00000000ccb00000, 0x00000000ccb00000, 0x00000000ccc00000|  0%| F|  |TAMS 0x00000000ccb00000, 0x00000000ccb00000| Untracked 
| 204|0x00000000ccc00000, 0x00000000ccc00000, 0x00000000ccd00000|  0%| F|  |TAMS 0x00000000ccc00000, 0x00000000ccc00000| Untracked 
| 205|0x00000000ccd00000, 0x00000000ccd00000, 0x00000000cce00000|  0%| F|  |TAMS 0x00000000ccd00000, 0x00000000ccd00000| Untracked 
| 206|0x00000000cce00000, 0x00000000cce00000, 0x00000000ccf00000|  0%| F|  |TAMS 0x00000000cce00000, 0x00000000cce00000| Untracked 
| 207|0x00000000ccf00000, 0x00000000ccf00000, 0x00000000cd000000|  0%| F|  |TAMS 0x00000000ccf00000, 0x00000000ccf00000| Untracked 
| 208|0x00000000cd000000, 0x00000000cd000000, 0x00000000cd100000|  0%| F|  |TAMS 0x00000000cd000000, 0x00000000cd000000| Untracked 
| 209|0x00000000cd100000, 0x00000000cd100000, 0x00000000cd200000|  0%| F|  |TAMS 0x00000000cd100000, 0x00000000cd100000| Untracked 
| 210|0x00000000cd200000, 0x00000000cd200000, 0x00000000cd300000|  0%| F|  |TAMS 0x00000000cd200000, 0x00000000cd200000| Untracked 
| 211|0x00000000cd300000, 0x00000000cd300000, 0x00000000cd400000|  0%| F|  |TAMS 0x00000000cd300000, 0x00000000cd300000| Untracked 
| 212|0x00000000cd400000, 0x00000000cd400000, 0x00000000cd500000|  0%| F|  |TAMS 0x00000000cd400000, 0x00000000cd400000| Untracked 
| 213|0x00000000cd500000, 0x00000000cd500000, 0x00000000cd600000|  0%| F|  |TAMS 0x00000000cd500000, 0x00000000cd500000| Untracked 
| 214|0x00000000cd600000, 0x00000000cd600000, 0x00000000cd700000|  0%| F|  |TAMS 0x00000000cd600000, 0x00000000cd600000| Untracked 
| 215|0x00000000cd700000, 0x00000000cd700000, 0x00000000cd800000|  0%| F|  |TAMS 0x00000000cd700000, 0x00000000cd700000| Untracked 
| 216|0x00000000cd800000, 0x00000000cd800000, 0x00000000cd900000|  0%| F|  |TAMS 0x00000000cd800000, 0x00000000cd800000| Untracked 
| 217|0x00000000cd900000, 0x00000000cd900000, 0x00000000cda00000|  0%| F|  |TAMS 0x00000000cd900000, 0x00000000cd900000| Untracked 
| 218|0x00000000cda00000, 0x00000000cda00000, 0x00000000cdb00000|  0%| F|  |TAMS 0x00000000cda00000, 0x00000000cda00000| Untracked 
| 219|0x00000000cdb00000, 0x00000000cdb00000, 0x00000000cdc00000|  0%| F|  |TAMS 0x00000000cdb00000, 0x00000000cdb00000| Untracked 
| 220|0x00000000cdc00000, 0x00000000cdc00000, 0x00000000cdd00000|  0%| F|  |TAMS 0x00000000cdc00000, 0x00000000cdc00000| Untracked 
| 221|0x00000000cdd00000, 0x00000000cdd00000, 0x00000000cde00000|  0%| F|  |TAMS 0x00000000cdd00000, 0x00000000cdd00000| Untracked 
| 222|0x00000000cde00000, 0x00000000cde00000, 0x00000000cdf00000|  0%| F|  |TAMS 0x00000000cde00000, 0x00000000cde00000| Untracked 
| 223|0x00000000cdf00000, 0x00000000cdf00000, 0x00000000ce000000|  0%| F|  |TAMS 0x00000000cdf00000, 0x00000000cdf00000| Untracked 
| 224|0x00000000ce000000, 0x00000000ce000000, 0x00000000ce100000|  0%| F|  |TAMS 0x00000000ce000000, 0x00000000ce000000| Untracked 
| 225|0x00000000ce100000, 0x00000000ce100000, 0x00000000ce200000|  0%| F|  |TAMS 0x00000000ce100000, 0x00000000ce100000| Untracked 
| 226|0x00000000ce200000, 0x00000000ce200000, 0x00000000ce300000|  0%| F|  |TAMS 0x00000000ce200000, 0x00000000ce200000| Untracked 
| 227|0x00000000ce300000, 0x00000000ce300000, 0x00000000ce400000|  0%| F|  |TAMS 0x00000000ce300000, 0x00000000ce300000| Untracked 
| 228|0x00000000ce400000, 0x00000000ce400000, 0x00000000ce500000|  0%| F|  |TAMS 0x00000000ce400000, 0x00000000ce400000| Untracked 
| 229|0x00000000ce500000, 0x00000000ce500000, 0x00000000ce600000|  0%| F|  |TAMS 0x00000000ce500000, 0x00000000ce500000| Untracked 
| 230|0x00000000ce600000, 0x00000000ce600000, 0x00000000ce700000|  0%| F|  |TAMS 0x00000000ce600000, 0x00000000ce600000| Untracked 
| 231|0x00000000ce700000, 0x00000000ce700000, 0x00000000ce800000|  0%| F|  |TAMS 0x00000000ce700000, 0x00000000ce700000| Untracked 
| 232|0x00000000ce800000, 0x00000000ce800000, 0x00000000ce900000|  0%| F|  |TAMS 0x00000000ce800000, 0x00000000ce800000| Untracked 
| 233|0x00000000ce900000, 0x00000000ce900000, 0x00000000cea00000|  0%| F|  |TAMS 0x00000000ce900000, 0x00000000ce900000| Untracked 
| 234|0x00000000cea00000, 0x00000000cea00000, 0x00000000ceb00000|  0%| F|  |TAMS 0x00000000cea00000, 0x00000000cea00000| Untracked 
| 235|0x00000000ceb00000, 0x00000000ceb00000, 0x00000000cec00000|  0%| F|  |TAMS 0x00000000ceb00000, 0x00000000ceb00000| Untracked 
| 236|0x00000000cec00000, 0x00000000cec00000, 0x00000000ced00000|  0%| F|  |TAMS 0x00000000cec00000, 0x00000000cec00000| Untracked 
| 237|0x00000000ced00000, 0x00000000ced00000, 0x00000000cee00000|  0%| F|  |TAMS 0x00000000ced00000, 0x00000000ced00000| Untracked 
| 238|0x00000000cee00000, 0x00000000cee00000, 0x00000000cef00000|  0%| F|  |TAMS 0x00000000cee00000, 0x00000000cee00000| Untracked 
| 239|0x00000000cef00000, 0x00000000cef00000, 0x00000000cf000000|  0%| F|  |TAMS 0x00000000cef00000, 0x00000000cef00000| Untracked 
| 240|0x00000000cf000000, 0x00000000cf000000, 0x00000000cf100000|  0%| F|  |TAMS 0x00000000cf000000, 0x00000000cf000000| Untracked 
| 241|0x00000000cf100000, 0x00000000cf100000, 0x00000000cf200000|  0%| F|  |TAMS 0x00000000cf100000, 0x00000000cf100000| Untracked 
| 242|0x00000000cf200000, 0x00000000cf200000, 0x00000000cf300000|  0%| F|  |TAMS 0x00000000cf200000, 0x00000000cf200000| Untracked 

Card table byte_map: [0x0000020bd2890000,0x0000020bd2a90000] _byte_map_base: 0x0000020bd2290000

Marking Bits (Prev, Next): (CMBitMap*) 0x0000020bcada64f0, (CMBitMap*) 0x0000020bcada6530
 Prev Bits: [0x0000020bd2c90000, 0x0000020bd3c90000)
 Next Bits: [0x0000020bd3c90000, 0x0000020bd4c90000)

Polling page: 0x0000020bcae30000

Metaspace:

Usage:
  Non-class:     30.21 MB used.
      Class:      4.49 MB used.
       Both:     34.71 MB used.

Virtual space:
  Non-class space:       32.00 MB reserved,      30.44 MB ( 95%) committed,  4 nodes.
      Class space:        1.00 GB reserved,       4.69 MB ( <1%) committed,  1 nodes.
             Both:        1.03 GB reserved,      35.12 MB (  3%) committed. 

Chunk freelists:
   Non-Class:  736.00 KB
       Class:  3.20 MB
        Both:  3.92 MB

MaxMetaspaceSize: unlimited
CompressedClassSpaceSize: 1.00 GB
Initial GC threshold: 21.00 MB
Current GC threshold: 58.38 MB
CDS: off
MetaspaceReclaimPolicy: balanced
 - commit_granule_bytes: 65536.
 - commit_granule_words: 8192.
 - virtual_space_node_default_size: 1048576.
 - enlarge_chunks_in_place: 1.
 - new_chunks_are_fully_committed: 0.
 - uncommit_free_chunks: 1.
 - use_allocation_guard: 0.
 - handle_deallocations: 1.


Internal statistics:

num_allocs_failed_limit: 5.
num_arena_births: 452.
num_arena_deaths: 0.
num_vsnodes_births: 5.
num_vsnodes_deaths: 0.
num_space_committed: 562.
num_space_uncommitted: 0.
num_chunks_returned_to_freelist: 5.
num_chunks_taken_from_freelist: 1491.
num_chunk_merges: 5.
num_chunk_splits: 1002.
num_chunks_enlarged: 745.
num_purges: 0.
num_inconsistent_stats: 0.

CodeCache: size=49152Kb used=7458Kb max_used=8020Kb free=41693Kb
 bounds [0x0000020bcf1f0000, 0x0000020bcf9d0000, 0x0000020bd21f0000]
 total_blobs=4306 nmethods=3769 adapters=464
 compilation: enabled
              stopped_count=0, restarted_count=0
 full_count=0

Compilation events (20 events):
Event: 13.809 Thread 0x0000020bd72885f0 3763   !   1       nonapi.io.github.classgraph.fileslice.reader.ClassfileReader::close (43 bytes)
Event: 13.809 Thread 0x0000020bd7ec5b30 3760       1       jdk.internal.module.SystemModuleFinders$SystemModuleReader::open (15 bytes)
Event: 13.816 Thread 0x0000020bd72885f0 nmethod 3763 0x0000020bcf9bf690 code [0x0000020bcf9bf840, 0x0000020bcf9bfa18]
Event: 13.818 Thread 0x0000020bd7ec5b30 nmethod 3760 0x0000020bcf9bfb10 code [0x0000020bcf9bfd20, 0x0000020bcf9c02e8]
Event: 13.818 Thread 0x0000020bd7ec5b30 3758       1       io.github.classgraph.Classfile::readBasicClassInfo (339 bytes)
Event: 13.818 Thread 0x0000020bd72885f0 3765       1       java.nio.HeapByteBuffer::get (64 bytes)
Event: 13.829 Thread 0x0000020bd72885f0 nmethod 3765 0x0000020bcf9c0610 code [0x0000020bcf9c0800, 0x0000020bcf9c0b98]
Event: 13.829 Thread 0x0000020bd72885f0 3766   !   1       jdk.internal.module.SystemModuleFinders$SystemModuleReader::toInputStream (43 bytes)
Event: 13.831 Thread 0x0000020bd7ec5b30 nmethod 3758 0x0000020bcf9c0d90 code [0x0000020bcf9c1100, 0x0000020bcf9c1f28]
Event: 13.831 Thread 0x0000020bd7ec5b30 3762       1       jdk.internal.module.SystemModuleFinders$SystemModuleReader$$Lambda$209/0x00000001001db5b8::apply (12 bytes)
Event: 13.832 Thread 0x0000020bd72885f0 nmethod 3766 0x0000020bcf9c2710 code [0x0000020bcf9c2900, 0x0000020bcf9c2e28]
Event: 13.832 Thread 0x0000020bd72885f0 3759       1       jdk.internal.module.SystemModuleFinders$SystemModuleReader$$Lambda$209/0x00000001001db5b8::<init> (10 bytes)
Event: 13.832 Thread 0x0000020bd72885f0 nmethod 3759 0x0000020bcf9c3110 code [0x0000020bcf9c32a0, 0x0000020bcf9c33b8]
Event: 13.833 Thread 0x0000020bd7ec5b30 nmethod 3762 0x0000020bcf9c3410 code [0x0000020bcf9c35a0, 0x0000020bcf9c36c8]
Event: 14.027 Thread 0x0000020bd72885f0 3767  s!   1       jdk.internal.loader.URLClassPath::getLoader (196 bytes)
Event: 14.039 Thread 0x0000020bd72885f0 nmethod 3767 0x0000020bcf9c3b10 code [0x0000020bcf9c3dc0, 0x0000020bcf9c47d8]
Event: 15.790 Thread 0x0000020bd72885f0 3768       1       java.util.concurrent.ConcurrentHashMap::resizeStamp (9 bytes)
Event: 15.792 Thread 0x0000020bd72885f0 nmethod 3768 0x0000020bcf399510 code [0x0000020bcf3996a0, 0x0000020bcf399768]
Event: 17.787 Thread 0x0000020bd72885f0 3769       1       io.github.classgraph.ModuleRef::getReference (5 bytes)
Event: 17.790 Thread 0x0000020bd72885f0 nmethod 3769 0x0000020bcf399210 code [0x0000020bcf3993a0, 0x0000020bcf399478]

GC Heap History (20 events):
Event: 13.239 GC heap after
{Heap after GC invocations=23 (full 0):
 garbage-first heap   total 156672K, used 51632K [0x00000000c0000000, 0x0000000100000000)
  region size 1024K, 3 young (3072K), 3 survivors (3072K)
 Metaspace       used 35373K, committed 35840K, reserved 1081344K
  class space    used 4575K, committed 4800K, reserved 1048576K
}
Event: 13.889 GC heap before
{Heap before GC invocations=23 (full 0):
 garbage-first heap   total 156672K, used 108976K [0x00000000c0000000, 0x0000000100000000)
  region size 1024K, 58 young (59392K), 3 survivors (3072K)
 Metaspace       used 35456K, committed 35904K, reserved 1081344K
  class space    used 4589K, committed 4800K, reserved 1048576K
}
Event: 13.946 GC heap after
{Heap after GC invocations=24 (full 0):
 garbage-first heap   total 156672K, used 67000K [0x00000000c0000000, 0x0000000100000000)
  region size 1024K, 8 young (8192K), 8 survivors (8192K)
 Metaspace       used 35456K, committed 35904K, reserved 1081344K
  class space    used 4589K, committed 4800K, reserved 1048576K
}
Event: 14.059 GC heap before
{Heap before GC invocations=24 (full 0):
 garbage-first heap   total 156672K, used 106936K [0x00000000c0000000, 0x0000000100000000)
  region size 1024K, 48 young (49152K), 8 survivors (8192K)
 Metaspace       used 35533K, committed 35968K, reserved 1081344K
  class space    used 4599K, committed 4800K, reserved 1048576K
}
Event: 14.075 GC heap after
{Heap after GC invocations=25 (full 0):
 garbage-first heap   total 156672K, used 70203K [0x00000000c0000000, 0x0000000100000000)
  region size 1024K, 3 young (3072K), 3 survivors (3072K)
 Metaspace       used 35533K, committed 35968K, reserved 1081344K
  class space    used 4599K, committed 4800K, reserved 1048576K
}
Event: 14.135 GC heap before
{Heap before GC invocations=25 (full 0):
 garbage-first heap   total 156672K, used 110139K [0x00000000c0000000, 0x0000000100000000)
  region size 1024K, 43 young (44032K), 3 survivors (3072K)
 Metaspace       used 35538K, committed 35968K, reserved 1081344K
  class space    used 4599K, committed 4800K, reserved 1048576K
}
Event: 14.141 GC heap after
{Heap after GC invocations=26 (full 0):
 garbage-first heap   total 156672K, used 71008K [0x00000000c0000000, 0x0000000100000000)
  region size 1024K, 4 young (4096K), 4 survivors (4096K)
 Metaspace       used 35538K, committed 35968K, reserved 1081344K
  class space    used 4599K, committed 4800K, reserved 1048576K
}
Event: 14.273 GC heap before
{Heap before GC invocations=26 (full 0):
 garbage-first heap   total 156672K, used 114016K [0x00000000c0000000, 0x0000000100000000)
  region size 1024K, 47 young (48128K), 4 survivors (4096K)
 Metaspace       used 35538K, committed 35968K, reserved 1081344K
  class space    used 4599K, committed 4800K, reserved 1048576K
}
Event: 14.281 GC heap after
{Heap after GC invocations=27 (full 0):
 garbage-first heap   total 248832K, used 72906K [0x00000000c0000000, 0x0000000100000000)
  region size 1024K, 4 young (4096K), 4 survivors (4096K)
 Metaspace       used 35538K, committed 35968K, reserved 1081344K
  class space    used 4599K, committed 4800K, reserved 1048576K
}
Event: 15.001 GC heap before
{Heap before GC invocations=27 (full 0):
 garbage-first heap   total 248832K, used 164042K [0x00000000c0000000, 0x0000000100000000)
  region size 1024K, 94 young (96256K), 4 survivors (4096K)
 Metaspace       used 35538K, committed 35968K, reserved 1081344K
  class space    used 4599K, committed 4800K, reserved 1048576K
}
Event: 15.029 GC heap after
{Heap after GC invocations=28 (full 0):
 garbage-first heap   total 248832K, used 77174K [0x00000000c0000000, 0x0000000100000000)
  region size 1024K, 8 young (8192K), 8 survivors (8192K)
 Metaspace       used 35538K, committed 35968K, reserved 1081344K
  class space    used 4599K, committed 4800K, reserved 1048576K
}
Event: 15.762 GC heap before
{Heap before GC invocations=28 (full 0):
 garbage-first heap   total 248832K, used 189814K [0x00000000c0000000, 0x0000000100000000)
  region size 1024K, 119 young (121856K), 8 survivors (8192K)
 Metaspace       used 35538K, committed 35968K, reserved 1081344K
  class space    used 4599K, committed 4800K, reserved 1048576K
}
Event: 15.788 GC heap after
{Heap after GC invocations=29 (full 0):
 garbage-first heap   total 248832K, used 81498K [0x00000000c0000000, 0x0000000100000000)
  region size 1024K, 12 young (12288K), 12 survivors (12288K)
 Metaspace       used 35538K, committed 35968K, reserved 1081344K
  class space    used 4599K, committed 4800K, reserved 1048576K
}
Event: 16.201 GC heap before
{Heap before GC invocations=29 (full 0):
 garbage-first heap   total 248832K, used 195162K [0x00000000c0000000, 0x0000000100000000)
  region size 1024K, 124 young (126976K), 12 survivors (12288K)
 Metaspace       used 35538K, committed 35968K, reserved 1081344K
  class space    used 4599K, committed 4800K, reserved 1048576K
}
Event: 16.325 GC heap after
{Heap after GC invocations=30 (full 0):
 garbage-first heap   total 248832K, used 85932K [0x00000000c0000000, 0x0000000100000000)
  region size 1024K, 13 young (13312K), 13 survivors (13312K)
 Metaspace       used 35538K, committed 35968K, reserved 1081344K
  class space    used 4599K, committed 4800K, reserved 1048576K
}
Event: 16.987 GC heap before
{Heap before GC invocations=30 (full 0):
 garbage-first heap   total 248832K, used 198572K [0x00000000c0000000, 0x0000000100000000)
  region size 1024K, 124 young (126976K), 13 survivors (13312K)
 Metaspace       used 35538K, committed 35968K, reserved 1081344K
  class space    used 4599K, committed 4800K, reserved 1048576K
}
Event: 17.068 GC heap after
{Heap after GC invocations=31 (full 0):
 garbage-first heap   total 248832K, used 90526K [0x00000000c0000000, 0x0000000100000000)
  region size 1024K, 10 young (10240K), 10 survivors (10240K)
 Metaspace       used 35538K, committed 35968K, reserved 1081344K
  class space    used 4599K, committed 4800K, reserved 1048576K
}
Event: 17.710 GC heap before
{Heap before GC invocations=31 (full 0):
 garbage-first heap   total 248832K, used 201118K [0x00000000c0000000, 0x0000000100000000)
  region size 1024K, 119 young (121856K), 10 survivors (10240K)
 Metaspace       used 35538K, committed 35968K, reserved 1081344K
  class space    used 4599K, committed 4800K, reserved 1048576K
}
Event: 17.746 GC heap after
{Heap after GC invocations=32 (full 0):
 garbage-first heap   total 248832K, used 95786K [0x00000000c0000000, 0x0000000100000000)
  region size 1024K, 10 young (10240K), 10 survivors (10240K)
 Metaspace       used 35538K, committed 35968K, reserved 1081344K
  class space    used 4599K, committed 4800K, reserved 1048576K
}
Event: 18.001 GC heap before
{Heap before GC invocations=32 (full 0):
 garbage-first heap   total 248832K, used 204330K [0x00000000c0000000, 0x0000000100000000)
  region size 1024K, 117 young (119808K), 10 survivors (10240K)
 Metaspace       used 35538K, committed 35968K, reserved 1081344K
  class space    used 4599K, committed 4800K, reserved 1048576K
}

Dll operation events (8 events):
Event: 0.017 Loaded shared library c:\Users\yassi\.vscode\extensions\redhat.java-1.14.0-win32-x64\jre\17.0.5-win32-x86_64\bin\java.dll
Event: 0.981 Loaded shared library C:\Users\yassi\.vscode\extensions\redhat.java-1.14.0-win32-x64\jre\17.0.5-win32-x86_64\bin\net.dll
Event: 0.989 Loaded shared library C:\Users\yassi\.vscode\extensions\redhat.java-1.14.0-win32-x64\jre\17.0.5-win32-x86_64\bin\nio.dll
Event: 1.010 Loaded shared library C:\Users\yassi\.vscode\extensions\redhat.java-1.14.0-win32-x64\jre\17.0.5-win32-x86_64\bin\zip.dll
Event: 1.743 Loaded shared library C:\Users\yassi\.vscode\extensions\redhat.java-1.14.0-win32-x64\jre\17.0.5-win32-x86_64\bin\jimage.dll
Event: 2.148 Loaded shared library c:\Users\yassi\.vscode\extensions\redhat.java-1.14.0-win32-x64\jre\17.0.5-win32-x86_64\bin\verify.dll
Event: 10.439 Loaded shared library C:\Users\yassi\.vscode\extensions\redhat.java-1.14.0-win32-x64\jre\17.0.5-win32-x86_64\bin\management.dll
Event: 10.444 Loaded shared library C:\Users\yassi\.vscode\extensions\redhat.java-1.14.0-win32-x64\jre\17.0.5-win32-x86_64\bin\management_ext.dll

Deoptimization events (12 events):
Event: 6.039 Thread 0x0000020bcad66d10 DEOPT PACKING pc=0x0000020bcf66e199 sp=0x000000ed729fd4e0
Event: 6.039 Thread 0x0000020bcad66d10 DEOPT UNPACKING pc=0x0000020bcf242b43 sp=0x000000ed729fc9c0 mode 3
Event: 11.289 Thread 0x0000020bd93b1000 DEOPT PACKING pc=0x0000020bcf86fe35 sp=0x000000ed744fd6f0
Event: 11.289 Thread 0x0000020bd93b1000 DEOPT UNPACKING pc=0x0000020bcf242b43 sp=0x000000ed744fcc18 mode 3
Event: 11.470 Thread 0x0000020bd93b14d0 DEOPT PACKING pc=0x0000020bcf887c2b sp=0x000000ed745fe3f0
Event: 11.470 Thread 0x0000020bd93b14d0 DEOPT UNPACKING pc=0x0000020bcf242b43 sp=0x000000ed745fd938 mode 3
Event: 11.954 Thread 0x0000020bd955de90 DEOPT PACKING pc=0x0000020bcf672401 sp=0x000000ed74afeac0
Event: 11.954 Thread 0x0000020bd955de90 DEOPT UNPACKING pc=0x0000020bcf242b43 sp=0x000000ed74afdf50 mode 3
Event: 13.130 Thread 0x0000020bd955e360 DEOPT PACKING pc=0x0000020bcf66cf17 sp=0x000000ed74bfef40
Event: 13.131 Thread 0x0000020bd955e360 DEOPT UNPACKING pc=0x0000020bcf242b43 sp=0x000000ed74bfe398 mode 3
Event: 13.131 Thread 0x0000020bd869e020 DEOPT PACKING pc=0x0000020bcf66cf17 sp=0x000000ed74dfee40
Event: 13.141 Thread 0x0000020bd869e020 DEOPT UNPACKING pc=0x0000020bcf242b43 sp=0x000000ed74dfe298 mode 3

Classes unloaded (0 events):
No events

Classes redefined (0 events):
No events

Internal exceptions (20 events):
Event: 11.554 Thread 0x0000020bd7d3e4c0 Exception <a 'sun/nio/fs/WindowsException'{0x00000000c2bb4df0}> (0x00000000c2bb4df0) 
thrown [s\src\hotspot\share\prims\jni.cpp, line 516]
Event: 11.554 Thread 0x0000020bd7d3e4c0 Exception <a 'sun/nio/fs/WindowsException'{0x00000000c2bb51c0}> (0x00000000c2bb51c0) 
thrown [s\src\hotspot\share\prims\jni.cpp, line 516]
Event: 11.554 Thread 0x0000020bd7d3e4c0 Exception <a 'sun/nio/fs/WindowsException'{0x00000000c2bb5bf8}> (0x00000000c2bb5bf8) 
thrown [s\src\hotspot\share\prims\jni.cpp, line 516]
Event: 11.554 Thread 0x0000020bd7d3e4c0 Exception <a 'sun/nio/fs/WindowsException'{0x00000000c2bb6000}> (0x00000000c2bb6000) 
thrown [s\src\hotspot\share\prims\jni.cpp, line 516]
Event: 11.555 Thread 0x0000020bd7d3e4c0 Exception <a 'sun/nio/fs/WindowsException'{0x00000000c2bb6a10}> (0x00000000c2bb6a10) 
thrown [s\src\hotspot\share\prims\jni.cpp, line 516]
Event: 11.555 Thread 0x0000020bd7d3e4c0 Exception <a 'sun/nio/fs/WindowsException'{0x00000000c2bb6de8}> (0x00000000c2bb6de8) 
thrown [s\src\hotspot\share\prims\jni.cpp, line 516]
Event: 11.555 Thread 0x0000020bd7d3e4c0 Exception <a 'sun/nio/fs/WindowsException'{0x00000000c2bb77d0}> (0x00000000c2bb77d0) 
thrown [s\src\hotspot\share\prims\jni.cpp, line 516]
Event: 11.555 Thread 0x0000020bd7d3e4c0 Exception <a 'sun/nio/fs/WindowsException'{0x00000000c2bb7b70}> (0x00000000c2bb7b70) 
thrown [s\src\hotspot\share\prims\jni.cpp, line 516]
Event: 11.555 Thread 0x0000020bd7d3e4c0 Exception <a 'sun/nio/fs/WindowsException'{0x00000000c2bb8568}> (0x00000000c2bb8568) 
thrown [s\src\hotspot\share\prims\jni.cpp, line 516]
Event: 11.555 Thread 0x0000020bd7d3e4c0 Exception <a 'sun/nio/fs/WindowsException'{0x00000000c2bb8920}> (0x00000000c2bb8920) 
thrown [s\src\hotspot\share\prims\jni.cpp, line 516]
Event: 11.555 Thread 0x0000020bd7d3e4c0 Exception <a 'sun/nio/fs/WindowsException'{0x00000000c2bb9308}> (0x00000000c2bb9308) 
thrown [s\src\hotspot\share\prims\jni.cpp, line 516]
Event: 11.555 Thread 0x0000020bd7d3e4c0 Exception <a 'sun/nio/fs/WindowsException'{0x00000000c2bb96b0}> (0x00000000c2bb96b0) 
thrown [s\src\hotspot\share\prims\jni.cpp, line 516]
Event: 11.556 Thread 0x0000020bd7d3e4c0 Exception <a 'sun/nio/fs/WindowsException'{0x00000000c2bba0a8}> (0x00000000c2bba0a8) 
thrown [s\src\hotspot\share\prims\jni.cpp, line 516]
Event: 11.556 Thread 0x0000020bd7d3e4c0 Exception <a 'sun/nio/fs/WindowsException'{0x00000000c2bba460}> (0x00000000c2bba460) 
thrown [s\src\hotspot\share\prims\jni.cpp, line 516]
Event: 11.556 Thread 0x0000020bd7d3e4c0 Exception <a 'sun/nio/fs/WindowsException'{0x00000000c2bbae70}> (0x00000000c2bbae70) 
thrown [s\src\hotspot\share\prims\jni.cpp, line 516]
Event: 11.556 Thread 0x0000020bd7d3e4c0 Exception <a 'sun/nio/fs/WindowsException'{0x00000000c2bbb248}> (0x00000000c2bbb248) 
thrown [s\src\hotspot\share\prims\jni.cpp, line 516]
Event: 11.556 Thread 0x0000020bd7d3e4c0 Exception <a 'sun/nio/fs/WindowsException'{0x00000000c2bbbc70}> (0x00000000c2bbbc70) 
thrown [s\src\hotspot\share\prims\jni.cpp, line 516]
Event: 11.556 Thread 0x0000020bd7d3e4c0 Exception <a 'sun/nio/fs/WindowsException'{0x00000000c2bbc060}> (0x00000000c2bbc060) 
thrown [s\src\hotspot\share\prims\jni.cpp, line 516]
Event: 11.556 Thread 0x0000020bd7d3e4c0 Exception <a 'sun/nio/fs/WindowsException'{0x00000000c2bbca80}> (0x00000000c2bbca80) 
thrown [s\src\hotspot\share\prims\jni.cpp, line 516]
Event: 11.556 Thread 0x0000020bd7d3e4c0 Exception <a 'sun/nio/fs/WindowsException'{0x00000000c2bbce68}> (0x00000000c2bbce68) 
thrown [s\src\hotspot\share\prims\jni.cpp, line 516]

VM Operations (20 events):
Event: 14.142 Executing VM operation: G1CollectForAllocation done
Event: 14.254 Executing VM operation: G1CollectForAllocation
Event: 14.287 Executing VM operation: G1CollectForAllocation done
Event: 14.964 Executing VM operation: G1CollectForAllocation
Event: 14.996 Executing VM operation: G1CollectForAllocation done
Event: 15.000 Executing VM operation: G1CollectForAllocation
Event: 15.029 Executing VM operation: G1CollectForAllocation done
Event: 15.709 Executing VM operation: G1CollectForAllocation
Event: 15.789 Executing VM operation: G1CollectForAllocation done
Event: 16.150 Executing VM operation: G1CollectForAllocation
Event: 16.194 Executing VM operation: G1CollectForAllocation done
Event: 16.199 Executing VM operation: G1CollectForAllocation
Event: 16.331 Executing VM operation: G1CollectForAllocation done
Event: 16.916 Executing VM operation: G1CollectForAllocation
Event: 17.070 Executing VM operation: G1CollectForAllocation done
Event: 17.688 Executing VM operation: G1CollectForAllocation
Event: 17.747 Executing VM operation: G1CollectForAllocation done
Event: 17.993 Executing VM operation: G1CollectForAllocation
Event: 18.000 Executing VM operation: G1CollectForAllocation done
Event: 18.000 Executing VM operation: G1CollectForAllocation

Events (20 events):
Event: 11.973 loading class java/util/stream/Collectors$1PairBox done
Event: 11.974 loading class java/util/concurrent/locks/AbstractQueuedSynchronizer$SharedNode
Event: 11.974 loading class java/util/concurrent/locks/AbstractQueuedSynchronizer$SharedNode done
Event: 11.974 loading class jdk/internal/module/SystemModuleFinders$ModuleContentSpliterator
Event: 11.974 loading class jdk/internal/module/SystemModuleFinders$ModuleContentSpliterator done
Event: 11.975 loading class jdk/internal/jimage/ImageReader$Directory
Event: 11.975 loading class jdk/internal/jimage/ImageReader$Node
Event: 11.975 loading class jdk/internal/jimage/ImageReader$Node done
Event: 11.975 loading class jdk/internal/jimage/ImageReader$Directory done
Event: 11.975 loading class jdk/internal/jimage/ImageReader$SharedImageReader$LocationVisitor
Event: 11.976 loading class jdk/internal/jimage/ImageReader$SharedImageReader$LocationVisitor done
Event: 11.976 loading class java/nio/ByteBufferAsIntBufferL
Event: 11.977 loading class java/nio/ByteBufferAsIntBufferL done
Event: 11.978 loading class jdk/internal/jimage/ImageReader$Resource
Event: 11.978 loading class jdk/internal/jimage/ImageReader$Resource done
Event: 11.979 loading class java/util/stream/LongStream
Event: 11.979 loading class java/util/stream/LongStream done
Event: 11.979 loading class java/util/stream/DoubleStream
Event: 11.980 loading class java/util/stream/DoubleStream done
Event: 15.791 Thread 0x0000020bd7ec5b30 Thread exited: 0x0000020bd7ec5b30


Dynamic libraries:
0x00007ff686550000 - 0x00007ff68655e000 	c:\Users\yassi\.vscode\extensions\redhat.java-1.14.0-win32-x64\jre\17.0.5-win32-x86_64\bin\java.exe
0x00007ffcdc090000 - 0x00007ffcdc288000 	C:\Windows\SYSTEM32\ntdll.dll
0x00007ffcdb600000 - 0x00007ffcdb6bf000 	C:\Windows\System32\KERNEL32.DLL
0x00007ffcd9920000 - 0x00007ffcd9bf2000 	C:\Windows\System32\KERNELBASE.dll
0x00007ffcd9d90000 - 0x00007ffcd9e90000 	C:\Windows\System32\ucrtbase.dll
0x00007ffc8dd20000 - 0x00007ffc8dd37000 	c:\Users\yassi\.vscode\extensions\redhat.java-1.14.0-win32-x64\jre\17.0.5-win32-x86_64\bin\jli.dll
0x00007ffcdaca0000 - 0x00007ffcdae41000 	C:\Windows\System32\USER32.dll
0x00007ffcd9ff0000 - 0x00007ffcda012000 	C:\Windows\System32\win32u.dll
0x00007ffcdb870000 - 0x00007ffcdb89b000 	C:\Windows\System32\GDI32.dll
0x00007ffcd9780000 - 0x00007ffcd988f000 	C:\Windows\System32\gdi32full.dll
0x00007ffcd9cf0000 - 0x00007ffcd9d8d000 	C:\Windows\System32\msvcp_win.dll
0x00007ffc8dd00000 - 0x00007ffc8dd19000 	c:\Users\yassi\.vscode\extensions\redhat.java-1.14.0-win32-x64\jre\17.0.5-win32-x86_64\bin\VCRUNTIME140.dll
0x00007ffcd8a50000 - 0x00007ffcd8cea000 	C:\Windows\WinSxS\amd64_microsoft.windows.common-controls_6595b64144ccf1df_6.0.19041.1110_none_60b5254171f9507e\COMCTL32.dll
0x00007ffcdae90000 - 0x00007ffcdaf2e000 	C:\Windows\System32\msvcrt.dll
0x00007ffcdae50000 - 0x00007ffcdae82000 	C:\Windows\System32\IMM32.DLL
0x00007ffca24c0000 - 0x00007ffca24cc000 	c:\Users\yassi\.vscode\extensions\redhat.java-1.14.0-win32-x64\jre\17.0.5-win32-x86_64\bin\vcruntime140_1.dll
0x00007ffc8d020000 - 0x00007ffc8d0b1000 	c:\Users\yassi\.vscode\extensions\redhat.java-1.14.0-win32-x64\jre\17.0.5-win32-x86_64\bin\msvcp140.dll
0x00007ffc322a0000 - 0x00007ffc32ee4000 	c:\Users\yassi\.vscode\extensions\redhat.java-1.14.0-win32-x64\jre\17.0.5-win32-x86_64\bin\server\jvm.dll
0x00007ffcda2f0000 - 0x00007ffcda39e000 	C:\Windows\System32\ADVAPI32.dll
0x00007ffcdb500000 - 0x00007ffcdb59c000 	C:\Windows\System32\sechost.dll
0x00007ffcdb6c0000 - 0x00007ffcdb7e5000 	C:\Windows\System32\RPCRT4.dll
0x00007ffcc3690000 - 0x00007ffcc3699000 	C:\Windows\SYSTEM32\WSOCK32.dll
0x00007ffcda680000 - 0x00007ffcda6eb000 	C:\Windows\System32\WS2_32.dll
0x00007ffcc4cf0000 - 0x00007ffcc4d17000 	C:\Windows\SYSTEM32\WINMM.dll
0x00007ffccf3a0000 - 0x00007ffccf3aa000 	C:\Windows\SYSTEM32\VERSION.dll
0x00007ffcd7290000 - 0x00007ffcd72a2000 	C:\Windows\SYSTEM32\kernel.appcore.dll
0x00007ffc8e470000 - 0x00007ffc8e47a000 	c:\Users\yassi\.vscode\extensions\redhat.java-1.14.0-win32-x64\jre\17.0.5-win32-x86_64\bin\jimage.dll
0x00007ffcd9190000 - 0x00007ffcd9374000 	C:\Windows\SYSTEM32\DBGHELP.DLL
0x00007ffcd9070000 - 0x00007ffcd90a5000 	C:\Windows\SYSTEM32\dbgcore.DLL
0x00007ffcd9890000 - 0x00007ffcd9912000 	C:\Windows\System32\bcryptPrimitives.dll
0x00007ffc8dd40000 - 0x00007ffc8dd65000 	c:\Users\yassi\.vscode\extensions\redhat.java-1.14.0-win32-x64\jre\17.0.5-win32-x86_64\bin\java.dll
0x00007ffc8dce0000 - 0x00007ffc8dcf8000 	c:\Users\yassi\.vscode\extensions\redhat.java-1.14.0-win32-x64\jre\17.0.5-win32-x86_64\bin\zip.dll
0x00007ffcdb900000 - 0x00007ffcdc044000 	C:\Windows\System32\SHELL32.dll
0x00007ffcd6ae0000 - 0x00007ffcd7272000 	C:\Windows\SYSTEM32\windows.storage.dll
0x00007ffcdaf40000 - 0x00007ffcdb295000 	C:\Windows\System32\combase.dll
0x00007ffcd89b0000 - 0x00007ffcd89e0000 	C:\Windows\SYSTEM32\Wldp.dll
0x00007ffcdb2a0000 - 0x00007ffcdb34d000 	C:\Windows\System32\SHCORE.dll
0x00007ffcdb8a0000 - 0x00007ffcdb8f5000 	C:\Windows\System32\shlwapi.dll
0x00007ffcd96c0000 - 0x00007ffcd96df000 	C:\Windows\SYSTEM32\profapi.dll
0x00007ffc8b790000 - 0x00007ffc8b7a9000 	C:\Users\yassi\.vscode\extensions\redhat.java-1.14.0-win32-x64\jre\17.0.5-win32-x86_64\bin\net.dll
0x00007ffcc93f0000 - 0x00007ffcc94fc000 	C:\Windows\SYSTEM32\WINHTTP.dll
0x00007ffcd88e0000 - 0x00007ffcd894a000 	C:\Windows\system32\mswsock.dll
0x00007ffc8a970000 - 0x00007ffc8a985000 	C:\Users\yassi\.vscode\extensions\redhat.java-1.14.0-win32-x64\jre\17.0.5-win32-x86_64\bin\nio.dll
0x00007ffc8dcd0000 - 0x00007ffc8dce0000 	c:\Users\yassi\.vscode\extensions\redhat.java-1.14.0-win32-x64\jre\17.0.5-win32-x86_64\bin\verify.dll
0x00007ffcd94a0000 - 0x00007ffcd94b8000 	C:\Windows\SYSTEM32\CRYPTSP.dll
0x00007ffcd8110000 - 0x00007ffcd8144000 	C:\Windows\system32\rsaenh.dll
0x00007ffcd9c70000 - 0x00007ffcd9c97000 	C:\Windows\System32\bcrypt.dll
0x00007ffcd9680000 - 0x00007ffcd96ae000 	C:\Windows\SYSTEM32\USERENV.dll
0x00007ffcd8970000 - 0x00007ffcd897c000 	C:\Windows\SYSTEM32\CRYPTBASE.dll
0x00007ffcd8480000 - 0x00007ffcd84bb000 	C:\Windows\SYSTEM32\IPHLPAPI.DLL
0x00007ffcda2e0000 - 0x00007ffcda2e8000 	C:\Windows\System32\NSI.dll
0x00007ffccdf60000 - 0x00007ffccdf77000 	C:\Windows\SYSTEM32\dhcpcsvc6.DLL
0x00007ffccdf40000 - 0x00007ffccdf5d000 	C:\Windows\SYSTEM32\dhcpcsvc.DLL
0x00007ffcd84c0000 - 0x00007ffcd858a000 	C:\Windows\SYSTEM32\DNSAPI.dll
0x00007ffc8ba90000 - 0x00007ffc8ba99000 	C:\Users\yassi\.vscode\extensions\redhat.java-1.14.0-win32-x64\jre\17.0.5-win32-x86_64\bin\management.dll
0x00007ffc8b0a0000 - 0x00007ffc8b0ab000 	C:\Users\yassi\.vscode\extensions\redhat.java-1.14.0-win32-x64\jre\17.0.5-win32-x86_64\bin\management_ext.dll
0x00007ffcda0d0000 - 0x00007ffcda0d8000 	C:\Windows\System32\PSAPI.DLL

dbghelp: loaded successfully - version: 4.0.5 - missing functions: none
symbol engine: initialized successfully - sym options: 0x614 - pdb path: .;c:\Users\yassi\.vscode\extensions\redhat.java-1.14.0-win32-x64\jre\17.0.5-win32-x86_64\bin;C:\Windows\SYSTEM32;C:\Windows\WinSxS\amd64_microsoft.windows.common-controls_6595b64144ccf1df_6.0.19041.1110_none_60b5254171f9507e;c:\Users\yassi\.vscode\extensions\redhat.java-1.14.0-win32-x64\jre\17.0.5-win32-x86_64\bin\server

VM Arguments:
jvm_args: -XX:+HeapDumpOnOutOfMemoryError -Xmx1024m -Dsts.lsp.client=vscode -Dsts.log.file=/dev/null -XX:TieredStopAtLevel=1 -Xlog:jni+resolve=off -Dspring.config.location=file:c:\Users\yassi\.vscode\extensions\vmware.vscode-spring-boot-1.44.0\language-server\BOOT-INF\classes\application.properties 
java_command: org.springframework.ide.vscode.boot.app.BootLanguageServerBootApp
java_class_path (initial): c:\Users\yassi\.vscode\extensions\vmware.vscode-spring-boot-1.44.0\language-server\BOOT-INF\classes;c:\Users\yassi\.vscode\extensions\vmware.vscode-spring-boot-1.44.0\language-server\BOOT-INF\lib\annotations-24.0.0.jar;c:\Users\yassi\.vscode\extensions\vmware.vscode-spring-boot-1.44.0\language-server\BOOT-INF\lib\ant-1.10.13.jar;c:\Users\yassi\.vscode\extensions\vmware.vscode-spring-boot-1.44.0\language-server\BOOT-INF\lib\ant-launcher-1.10.13.jar;c:\Users\yassi\.vscode\extensions\vmware.vscode-spring-boot-1.44.0\language-server\BOOT-INF\lib\antlr-runtime-3.5.2.jar;c:\Users\yassi\.vscode\extensions\vmware.vscode-spring-boot-1.44.0\language-server\BOOT-INF\lib\antlr4-4.9.3.jar;c:\Users\yassi\.vscode\extensions\vmware.vscode-spring-boot-1.44.0\language-server\BOOT-INF\lib\antlr4-runtime-4.9.3.jar;c:\Users\yassi\.vscode\extensions\vmware.vscode-spring-boot-1.44.0\language-server\BOOT-INF\lib\apiguardian-api-1.1.2.jar;c:\Users\yassi\.vscode\extensions\vmware.vscode-spring-boot-1.44.0\language-server\BOOT-INF\lib\asm-9.4.jar;c:\Users\yassi\.vscode\extensions\vmware.vscode-spring-boot-1.44.0\language-server\BOOT-INF\lib\asm-analysis-9.4.jar;c:\Users\yassi\.vscode\extensions\vmware.vscode-spring-boot-1.44.0\language-server\BOOT-INF\lib\asm-tree-9.4.jar;c:\Users\yassi\.vscode\extensions\vmware.vscode-spring-boot-1.44.0\language-server\BOOT-INF\lib\asm-util-9.4.jar;c:\Users\yassi\.vscode\extensions\vmware.vscode-spring-boot-1.44.0\language-server\BOOT-INF\lib\caffeine-3.1.2.jar;c:\Users\yassi\.vscode\extensions\vmware.vscode-spring-boot-1.44.0\language-server\BOOT-INF\lib\checker-qual-3.12.0.jar;c:\Users\yassi\.vscode\extensions\vmware.vscode-spring-boot-1.44.0\language-server\BOOT-INF\lib\ci-environment-9.1.0.jar;c:\Users\yassi\.vscode\extensions\vmware.vscode-spring-boot-1.44.0\language-server\BOOT-INF\lib\classgraph-4.8.149.jar;c:\Users\yassi\.vscode\extensions\vmware.vscode-spring-boot-1.44.0\language-server\BOOT-INF\lib\commons-codec-1.15.ja
Launcher Type: SUN_STANDARD

[Global flags]
     intx CICompilerCount                          = 3                                         {product} {ergonomic}
     uint ConcGCThreads                            = 1                                         {product} {ergonomic}
     uint G1ConcRefinementThreads                  = 4                                         {product} {ergonomic}
   size_t G1HeapRegionSize                         = 1048576                                   {product} {ergonomic}
    uintx GCDrainStackTargetSize                   = 64                                        {product} {ergonomic}
     bool HeapDumpOnOutOfMemoryError               = true                                   {manageable} {command line}
   size_t InitialHeapSize                          = 62914560                                  {product} {ergonomic}
   size_t MarkStackSize                            = 4194304                                   {product} {ergonomic}
   size_t MaxHeapSize                              = 1073741824                                {product} {command line}
   size_t MaxNewSize                               = 643825664                                 {product} {ergonomic}
   size_t MinHeapDeltaBytes                        = 1048576                                   {product} {ergonomic}
   size_t MinHeapSize                              = 8388608                                   {product} {ergonomic}
    uintx NonProfiledCodeHeapSize                  = 0                                      {pd product} {ergonomic}
     bool ProfileInterpreter                       = false                                  {pd product} {command line}
    uintx ProfiledCodeHeapSize                     = 0                                      {pd product} {ergonomic}
   size_t SoftMaxHeapSize                          = 1073741824                             {manageable} {ergonomic}
     intx TieredStopAtLevel                        = 1                                         {product} {command line}
     bool UseCompressedClassPointers               = true                           {product lp64_product} {ergonomic}
     bool UseCompressedOops                        = true                           {product lp64_product} {ergonomic}
     bool UseG1GC                                  = true                                      {product} {ergonomic}
     bool UseLargePagesIndividualAllocation        = false                                  {pd product} {ergonomic}

Logging:
Log output configuration:
 #0: stdout all=warning,jni+resolve=off uptime,level,tags
 #1: stderr all=off uptime,level,tags

Environment Variables:
JAVA_HOME=C:\Program Files\BellSoft\LibericaJDK-17\
PATH=C:\Program Files\BellSoft\LibericaJDK-17\bin\;C:\Windows\system32;C:\Windows;C:\Windows\System32\Wbem;C:\Windows\System32\WindowsPowerShell\v1.0\;C:\Windows\System32\OpenSSH\;C:\Program Files\Intel\WiFi\bin\;C:\Program Files\Common Files\Intel\WirelessCommon\;C:\Program Files\Git\cmd;C:\Program Files\Microsoft SQL Server\150\Tools\Binn\;C:\Program Files\Microsoft SQL Server\Client SDK\ODBC\170\Tools\Binn\;C:\Program Files\dotnet\;C:\Program Files\Azure Data Studio\bin;C:\Program Files\Docker\Docker\resources\bin;C:\Program Files (x86)\Microsoft SQL Server\150\Tools\Binn\;C:\Program Files\Microsoft SQL Server\150\DTS\Binn\;C:\Program Files (x86)\Microsoft SQL Server\150\DTS\Binn\;C:\Program Files (x86)\Microsoft SQL Server\160\DTS\Binn\;C:\Users\yassi\AppData\Local\Programs\Python\Python311\Scripts\;C:\Users\yassi\AppData\Local\Programs\Python\Python311\;C:\Users\yassi\AppData\Local\Microsoft\WindowsApps;C:\Program Files\JetBrains\IntelliJ IDEA Community Edition 2022.2\bin;;C:\src\flutter\flutter\bin;C:\Users\yassi\.dotnet\tools;C:\Program Files\JetBrains\PyCharm Community Edition 2022.2\bin;;C:\dart-sdk\bin;C:\Program Files\Azure Data Studio\bin;C:\Users\yassi\AppData\Local\Programs\Microsoft VS Code\bin;C:\Maven\apache-maven-4.0.0-alpha-4\bin;
USERNAME=yassi
OS=Windows_NT
PROCESSOR_IDENTIFIER=Intel64 Family 6 Model 142 Stepping 10, GenuineIntel
TMP=C:\Users\yassi\AppData\Local\Temp
TEMP=C:\Users\yassi\AppData\Local\Temp



---------------  S Y S T E M  ---------------

OS:
 Windows 10 , 64 bit Build 19041 (10.0.19041.2364)
OS uptime: 0 days 0:07 hours
Hyper-V role detected

CPU: total 4 (initial active 4) (2 cores per cpu, 2 threads per core) family 6 model 142 stepping 10 microcode 0xb4, cx8, cmov, fxsr, ht, mmx, 3dnowpref, sse, sse2, sse3, ssse3, sse4.1, sse4.2, popcnt, lzcnt, tsc, tscinvbit, avx, avx2, aes, erms, clmul, bmi1, bmi2, adx, fma, vzeroupper, clflush, clflushopt, hv

Memory: 4k page, system-wide physical 3718M (120M free)
TotalPageFile size 14982M (AvailPageFile size 51M)
current process WorkingSet (physical memory assigned to process): 217M, peak: 254M
current process commit charge ("private bytes"): 370M, peak: 515M

vm_info: OpenJDK 64-Bit Server VM (17.0.5+8) for windows-amd64 JRE (17.0.5+8), built on Oct 19 2022 04:48:13 by "temurin" with MS VC++ 16.7 (VS2019)

END.
